Replace Part C301 C100p-50V-0805FNPC-C0G/NP0 in C:\Users\dwegg\Desktop\Inverter\HW\Inverter_Power\[3] Gate_Drivers.SchDoc with C100p-50V-0805FNPC-C0G/NP0 from Passives.SchLib
Replace Part C302 C100p-50V-0805FNPC-C0G/NP0 in C:\Users\dwegg\Desktop\Inverter\HW\Inverter_Power\[3] Gate_Drivers.SchDoc with C100p-50V-0805FNPC-C0G/NP0 from Passives.SchLib
Replace Part C303 C100p-50V-0805FNPC-C0G/NP0 in C:\Users\dwegg\Desktop\Inverter\HW\Inverter_Power\[3] Gate_Drivers.SchDoc with C100p-50V-0805FNPC-C0G/NP0 from Passives.SchLib
Replace Part D301 LEDGS-0805-450 in C:\Users\dwegg\Desktop\Inverter\HW\Inverter_Power\[3] Gate_Drivers.SchDoc with LEDGS-0805-450 from Semiconductor.SchLib
Replace Part G1 TestPoint in C:\Users\dwegg\Desktop\Inverter\HW\Inverter_Power\[3] Gate_Drivers.SchDoc with TestPoint from Inverter_Libraries.SchLib
Replace Part G2 TestPoint in C:\Users\dwegg\Desktop\Inverter\HW\Inverter_Power\[3] Gate_Drivers.SchDoc with TestPoint from Inverter_Libraries.SchLib
Replace Part G3 TestPoint in C:\Users\dwegg\Desktop\Inverter\HW\Inverter_Power\[3] Gate_Drivers.SchDoc with TestPoint from Inverter_Libraries.SchLib
Replace Part G4 TestPoint in C:\Users\dwegg\Desktop\Inverter\HW\Inverter_Power\[3] Gate_Drivers.SchDoc with TestPoint from Inverter_Libraries.SchLib
Replace Part G5 TestPoint in C:\Users\dwegg\Desktop\Inverter\HW\Inverter_Power\[3] Gate_Drivers.SchDoc with TestPoint from Inverter_Libraries.SchLib
Replace Part G6 TestPoint in C:\Users\dwegg\Desktop\Inverter\HW\Inverter_Power\[3] Gate_Drivers.SchDoc with TestPoint from Inverter_Libraries.SchLib
Replace Part PWM1 TestPoint in C:\Users\dwegg\Desktop\Inverter\HW\Inverter_Power\[3] Gate_Drivers.SchDoc with TestPoint from Inverter_Libraries.SchLib
Replace Part PWM2 TestPoint in C:\Users\dwegg\Desktop\Inverter\HW\Inverter_Power\[3] Gate_Drivers.SchDoc with TestPoint from Inverter_Libraries.SchLib
Replace Part PWM3 TestPoint in C:\Users\dwegg\Desktop\Inverter\HW\Inverter_Power\[3] Gate_Drivers.SchDoc with TestPoint from Inverter_Libraries.SchLib
Replace Part PWM4 TestPoint in C:\Users\dwegg\Desktop\Inverter\HW\Inverter_Power\[3] Gate_Drivers.SchDoc with TestPoint from Inverter_Libraries.SchLib
Replace Part PWM5 TestPoint in C:\Users\dwegg\Desktop\Inverter\HW\Inverter_Power\[3] Gate_Drivers.SchDoc with TestPoint from Inverter_Libraries.SchLib
Replace Part PWM6 TestPoint in C:\Users\dwegg\Desktop\Inverter\HW\Inverter_Power\[3] Gate_Drivers.SchDoc with TestPoint from Inverter_Libraries.SchLib
Replace Part R301 R1k-0805FTK in C:\Users\dwegg\Desktop\Inverter\HW\Inverter_Power\[3] Gate_Drivers.SchDoc with R1k-0805FTK from Passives.SchLib
Replace Part R302 R10k-0805FTK in C:\Users\dwegg\Desktop\Inverter\HW\Inverter_Power\[3] Gate_Drivers.SchDoc with R10k-0805FTK from Passives.SchLib
Replace Part R303 R10k-0805FTK in C:\Users\dwegg\Desktop\Inverter\HW\Inverter_Power\[3] Gate_Drivers.SchDoc with R10k-0805FTK from Passives.SchLib
Replace Part R304 R10k-0805FTK in C:\Users\dwegg\Desktop\Inverter\HW\Inverter_Power\[3] Gate_Drivers.SchDoc with R10k-0805FTK from Passives.SchLib
Replace Part R305 R10k-0805FTK in C:\Users\dwegg\Desktop\Inverter\HW\Inverter_Power\[3] Gate_Drivers.SchDoc with R10k-0805FTK from Passives.SchLib
Replace Part R306 R10k-0805FTK in C:\Users\dwegg\Desktop\Inverter\HW\Inverter_Power\[3] Gate_Drivers.SchDoc with R10k-0805FTK from Passives.SchLib
Replace Part R307 R10k-0805FTK in C:\Users\dwegg\Desktop\Inverter\HW\Inverter_Power\[3] Gate_Drivers.SchDoc with R10k-0805FTK from Passives.SchLib
Replace Part S1 TestPoint in C:\Users\dwegg\Desktop\Inverter\HW\Inverter_Power\[3] Gate_Drivers.SchDoc with TestPoint from Inverter_Libraries.SchLib
Replace Part S2 TestPoint in C:\Users\dwegg\Desktop\Inverter\HW\Inverter_Power\[3] Gate_Drivers.SchDoc with TestPoint from Inverter_Libraries.SchLib
Replace Part S3 TestPoint in C:\Users\dwegg\Desktop\Inverter\HW\Inverter_Power\[3] Gate_Drivers.SchDoc with TestPoint from Inverter_Libraries.SchLib
Replace Part S4 TestPoint in C:\Users\dwegg\Desktop\Inverter\HW\Inverter_Power\[3] Gate_Drivers.SchDoc with TestPoint from Inverter_Libraries.SchLib
Replace Part S5 TestPoint in C:\Users\dwegg\Desktop\Inverter\HW\Inverter_Power\[3] Gate_Drivers.SchDoc with TestPoint from Inverter_Libraries.SchLib
Replace Part S6 TestPoint in C:\Users\dwegg\Desktop\Inverter\HW\Inverter_Power\[3] Gate_Drivers.SchDoc with TestPoint from Inverter_Libraries.SchLib
Replace Part T_A TestPoint in C:\Users\dwegg\Desktop\Inverter\HW\Inverter_Power\[3] Gate_Drivers.SchDoc with TestPoint from Inverter_Libraries.SchLib
Replace Part T_B TestPoint in C:\Users\dwegg\Desktop\Inverter\HW\Inverter_Power\[3] Gate_Drivers.SchDoc with TestPoint from Inverter_Libraries.SchLib
Replace Part T_C TestPoint in C:\Users\dwegg\Desktop\Inverter\HW\Inverter_Power\[3] Gate_Drivers.SchDoc with TestPoint from Inverter_Libraries.SchLib
Replace Part TP301 TestPoint in C:\Users\dwegg\Desktop\Inverter\HW\Inverter_Power\[3] Gate_Drivers.SchDoc with TestPoint from Inverter_Libraries.SchLib
Replace Part TP302 TestPoint in C:\Users\dwegg\Desktop\Inverter\HW\Inverter_Power\[3] Gate_Drivers.SchDoc with TestPoint from Inverter_Libraries.SchLib
