Replace Part C* C10u-50V-1210FNPMLCC-X7R in C:\Users\dwegg\Desktop\Inverter\HW\Inverter_Power\[3] Gate_Drivers.SchDoc with C10u-50V-1210FNPMLCC-X7R from Passives.SchLib
Replace Part DCDC1 MGJ2D051802BSC in C:\Users\dwegg\Desktop\Inverter\HW\Inverter_Power\[3] Gate_Drivers.SchDoc with MGJ2D051802BSC from Inverter_Libraries.SchLib
Replace Part DCDC2 MGJ2D051802BSC in C:\Users\dwegg\Desktop\Inverter\HW\Inverter_Power\[3] Gate_Drivers.SchDoc with MGJ2D051802BSC from Inverter_Libraries.SchLib
Replace Part DCDC3 MGJ2D051802BSC in C:\Users\dwegg\Desktop\Inverter\HW\Inverter_Power\[3] Gate_Drivers.SchDoc with MGJ2D051802BSC from Inverter_Libraries.SchLib
Replace Part DCDC4 MGJ2D051802BSC in C:\Users\dwegg\Desktop\Inverter\HW\Inverter_Power\[3] Gate_Drivers.SchDoc with MGJ2D051802BSC from Inverter_Libraries.SchLib
Replace Part DCDC5 MGJ2D051802BSC in C:\Users\dwegg\Desktop\Inverter\HW\Inverter_Power\[3] Gate_Drivers.SchDoc with MGJ2D051802BSC from Inverter_Libraries.SchLib
Replace Part DCDC6 MGJ2D051802BSC in C:\Users\dwegg\Desktop\Inverter\HW\Inverter_Power\[3] Gate_Drivers.SchDoc with MGJ2D051802BSC from Inverter_Libraries.SchLib
Replace Part RG_off_1 R_small in C:\Users\dwegg\Desktop\Inverter\HW\Inverter_Power\[3] Gate_Drivers.SchDoc with R_small from Inverter_Libraries.SchLib
Replace Part RG_off_2 R_small in C:\Users\dwegg\Desktop\Inverter\HW\Inverter_Power\[3] Gate_Drivers.SchDoc with R_small from Inverter_Libraries.SchLib
Replace Part RG_off_3 R_small in C:\Users\dwegg\Desktop\Inverter\HW\Inverter_Power\[3] Gate_Drivers.SchDoc with R_small from Inverter_Libraries.SchLib
Replace Part RG_off_4 R_small in C:\Users\dwegg\Desktop\Inverter\HW\Inverter_Power\[3] Gate_Drivers.SchDoc with R_small from Inverter_Libraries.SchLib
Replace Part RG_off_5 R_small in C:\Users\dwegg\Desktop\Inverter\HW\Inverter_Power\[3] Gate_Drivers.SchDoc with R_small from Inverter_Libraries.SchLib
Replace Part RG_off_6 R_small in C:\Users\dwegg\Desktop\Inverter\HW\Inverter_Power\[3] Gate_Drivers.SchDoc with R_small from Inverter_Libraries.SchLib
Replace Part RG_on_1 R_small in C:\Users\dwegg\Desktop\Inverter\HW\Inverter_Power\[3] Gate_Drivers.SchDoc with R_small from Inverter_Libraries.SchLib
Replace Part RG_on_2 R_small in C:\Users\dwegg\Desktop\Inverter\HW\Inverter_Power\[3] Gate_Drivers.SchDoc with R_small from Inverter_Libraries.SchLib
Replace Part RG_on_3 R_small in C:\Users\dwegg\Desktop\Inverter\HW\Inverter_Power\[3] Gate_Drivers.SchDoc with R_small from Inverter_Libraries.SchLib
Replace Part RG_on_4 R_small in C:\Users\dwegg\Desktop\Inverter\HW\Inverter_Power\[3] Gate_Drivers.SchDoc with R_small from Inverter_Libraries.SchLib
Replace Part RG_on_5 R_small in C:\Users\dwegg\Desktop\Inverter\HW\Inverter_Power\[3] Gate_Drivers.SchDoc with R_small from Inverter_Libraries.SchLib
Replace Part RG_on_6 R_small in C:\Users\dwegg\Desktop\Inverter\HW\Inverter_Power\[3] Gate_Drivers.SchDoc with R_small from Inverter_Libraries.SchLib
Replace Part U1 UCC21710 in C:\Users\dwegg\Desktop\Inverter\HW\Inverter_Power\[3] Gate_Drivers.SchDoc with UCC21710 from Inverter_Libraries.SchLib
Replace Part U2 UCC21710 in C:\Users\dwegg\Desktop\Inverter\HW\Inverter_Power\[3] Gate_Drivers.SchDoc with UCC21710 from Inverter_Libraries.SchLib
Replace Part U3 UCC21710 in C:\Users\dwegg\Desktop\Inverter\HW\Inverter_Power\[3] Gate_Drivers.SchDoc with UCC21710 from Inverter_Libraries.SchLib
Replace Part U4 UCC21710 in C:\Users\dwegg\Desktop\Inverter\HW\Inverter_Power\[3] Gate_Drivers.SchDoc with UCC21710 from Inverter_Libraries.SchLib
Replace Part U5 UCC21710 in C:\Users\dwegg\Desktop\Inverter\HW\Inverter_Power\[3] Gate_Drivers.SchDoc with UCC21710 from Inverter_Libraries.SchLib
Replace Part U6 UCC21710 in C:\Users\dwegg\Desktop\Inverter\HW\Inverter_Power\[3] Gate_Drivers.SchDoc with UCC21710 from Inverter_Libraries.SchLib
