Replace Part C401 C1u-50V-0805FNPC-X7R in C:\Users\dwegg\Desktop\Inverter\HW\Inverter_Power\[4] Half_Bridge.SchDoc with C1u-50V-0805FNPC-X7R from Passives.SchLib
Replace Part C402 C100n-50V-0805FNPC-X7R in C:\Users\dwegg\Desktop\Inverter\HW\Inverter_Power\[4] Half_Bridge.SchDoc with C100n-50V-0805FNPC-X7R from Passives.SchLib
Replace Part C403 C1u-50V-0805FNPC-X7R in C:\Users\dwegg\Desktop\Inverter\HW\Inverter_Power\[4] Half_Bridge.SchDoc with C1u-50V-0805FNPC-X7R from Passives.SchLib
Replace Part C404 C100n-50V-0805FNPC-X7R in C:\Users\dwegg\Desktop\Inverter\HW\Inverter_Power\[4] Half_Bridge.SchDoc with C100n-50V-0805FNPC-X7R from Passives.SchLib
Replace Part C405 C10uF-50V-0805FNPC in C:\Users\dwegg\Desktop\Inverter\HW\Inverter_Power\[4] Half_Bridge.SchDoc with C10uF-50V-0805FNPC from Passives.SchLib
Replace Part C406 C10uF-50V-0805FNPC in C:\Users\dwegg\Desktop\Inverter\HW\Inverter_Power\[4] Half_Bridge.SchDoc with C10uF-50V-0805FNPC from Passives.SchLib
Replace Part C407 C10uF-50V-0805FNPC in C:\Users\dwegg\Desktop\Inverter\HW\Inverter_Power\[4] Half_Bridge.SchDoc with C10uF-50V-0805FNPC from Passives.SchLib
Replace Part C408 C10uF-50V-0805FNPC in C:\Users\dwegg\Desktop\Inverter\HW\Inverter_Power\[4] Half_Bridge.SchDoc with C10uF-50V-0805FNPC from Passives.SchLib
Replace Part C409 C10uF-50V-0805FNPC in C:\Users\dwegg\Desktop\Inverter\HW\Inverter_Power\[4] Half_Bridge.SchDoc with C10uF-50V-0805FNPC from Passives.SchLib
Replace Part C410 C10uF-50V-0805FNPC in C:\Users\dwegg\Desktop\Inverter\HW\Inverter_Power\[4] Half_Bridge.SchDoc with C10uF-50V-0805FNPC from Passives.SchLib
Replace Part C411 C100n-50V-0805FNPC-X7R in C:\Users\dwegg\Desktop\Inverter\HW\Inverter_Power\[4] Half_Bridge.SchDoc with C100n-50V-0805FNPC-X7R from Passives.SchLib
Replace Part C412 C1u-50V-0805FNPC-X7R in C:\Users\dwegg\Desktop\Inverter\HW\Inverter_Power\[4] Half_Bridge.SchDoc with C1u-50V-0805FNPC-X7R from Passives.SchLib
Replace Part C413 C1u-50V-0805FNPC-X7R in C:\Users\dwegg\Desktop\Inverter\HW\Inverter_Power\[4] Half_Bridge.SchDoc with C1u-50V-0805FNPC-X7R from Passives.SchLib
Replace Part CGD_HS C_2220 in C:\Users\dwegg\Desktop\Inverter\HW\Inverter_Power\[4] Half_Bridge.SchDoc with C_2220 from Inverter_Libraries.SchLib
Replace Part CGD_LS C_2220 in C:\Users\dwegg\Desktop\Inverter\HW\Inverter_Power\[4] Half_Bridge.SchDoc with C_2220 from Inverter_Libraries.SchLib
Replace Part CGS_HS C100p-50V-0805FNPC-C0G/NP0 in C:\Users\dwegg\Desktop\Inverter\HW\Inverter_Power\[4] Half_Bridge.SchDoc with C100p-50V-0805FNPC-C0G/NP0 from Passives.SchLib
Replace Part CGS_LS C100p-50V-0805FNPC-C0G/NP0 in C:\Users\dwegg\Desktop\Inverter\HW\Inverter_Power\[4] Half_Bridge.SchDoc with C100p-50V-0805FNPC-C0G/NP0 from Passives.SchLib
Replace Part Csn_HS C_2220 in C:\Users\dwegg\Desktop\Inverter\HW\Inverter_Power\[4] Half_Bridge.SchDoc with C_2220 from Inverter_Libraries.SchLib
Replace Part Csn_LS C_2220 in C:\Users\dwegg\Desktop\Inverter\HW\Inverter_Power\[4] Half_Bridge.SchDoc with C_2220 from Inverter_Libraries.SchLib
Replace Part DCDC_HS MGJ2D051802BSC in C:\Users\dwegg\Desktop\Inverter\HW\Inverter_Power\[4] Half_Bridge.SchDoc with MGJ2D051802BSC from Inverter_Libraries.SchLib
Replace Part DCDC_LS MGJ2D051802BSC in C:\Users\dwegg\Desktop\Inverter\HW\Inverter_Power\[4] Half_Bridge.SchDoc with MGJ2D051802BSC from Inverter_Libraries.SchLib
Replace Part LDO_HS TPS72301 in C:\Users\dwegg\Desktop\Inverter\HW\Inverter_Power\[4] Half_Bridge.SchDoc with TPS72301 from Inverter_Libraries.SchLib
Replace Part LDO_LS TPS72301 in C:\Users\dwegg\Desktop\Inverter\HW\Inverter_Power\[4] Half_Bridge.SchDoc with TPS72301 from Inverter_Libraries.SchLib
Replace Part R401 R36k-1206FTK in C:\Users\dwegg\Desktop\Inverter\HW\Inverter_Power\[4] Half_Bridge.SchDoc with R36k-1206FTK from Inverter_Libraries.SchLib
Replace Part R402 R56k-1206FTK in C:\Users\dwegg\Desktop\Inverter\HW\Inverter_Power\[4] Half_Bridge.SchDoc with R56k-1206FTK from Inverter_Libraries.SchLib
Replace Part R403 R36k-1206FTK in C:\Users\dwegg\Desktop\Inverter\HW\Inverter_Power\[4] Half_Bridge.SchDoc with R36k-1206FTK from Inverter_Libraries.SchLib
Replace Part R404 R56k-1206FTK in C:\Users\dwegg\Desktop\Inverter\HW\Inverter_Power\[4] Half_Bridge.SchDoc with R56k-1206FTK from Inverter_Libraries.SchLib
Replace Part R405 R10k-0805FTK in C:\Users\dwegg\Desktop\Inverter\HW\Inverter_Power\[4] Half_Bridge.SchDoc with R10k-0805FTK from Passives.SchLib
Replace Part R406 R100-0805FTK in C:\Users\dwegg\Desktop\Inverter\HW\Inverter_Power\[4] Half_Bridge.SchDoc with R100-0805FTK from Passives.SchLib
Replace Part RG_OFF_HS R100-1206FTK in C:\Users\dwegg\Desktop\Inverter\HW\Inverter_Power\[4] Half_Bridge.SchDoc with R100-1206FTK from Passives.SchLib
Replace Part RG_OFF_LS R100-1206FTK in C:\Users\dwegg\Desktop\Inverter\HW\Inverter_Power\[4] Half_Bridge.SchDoc with R100-1206FTK from Passives.SchLib
Replace Part RG_ON_HS R100-1206FTK in C:\Users\dwegg\Desktop\Inverter\HW\Inverter_Power\[4] Half_Bridge.SchDoc with R100-1206FTK from Passives.SchLib
Replace Part RG_ON_LS R100-1206FTK in C:\Users\dwegg\Desktop\Inverter\HW\Inverter_Power\[4] Half_Bridge.SchDoc with R100-1206FTK from Passives.SchLib
Replace Part RGS_HS R10k-0805FTK in C:\Users\dwegg\Desktop\Inverter\HW\Inverter_Power\[4] Half_Bridge.SchDoc with R10k-0805FTK from Passives.SchLib
Replace Part RGS_LS R10k-0805FTK in C:\Users\dwegg\Desktop\Inverter\HW\Inverter_Power\[4] Half_Bridge.SchDoc with R10k-0805FTK from Passives.SchLib
Replace Part Rsn_HS R15-2512FTK in C:\Users\dwegg\Desktop\Inverter\HW\Inverter_Power\[4] Half_Bridge.SchDoc with R15-2512FTK from Passives.SchLib
Replace Part Rsn_LS R15-2512FTK in C:\Users\dwegg\Desktop\Inverter\HW\Inverter_Power\[4] Half_Bridge.SchDoc with R15-2512FTK from Passives.SchLib
Replace Part TP401 TestPoint in C:\Users\dwegg\Desktop\Inverter\HW\Inverter_Power\[4] Half_Bridge.SchDoc with TestPoint from Inverter_Libraries.SchLib
Replace Part TP402 TestPoint in C:\Users\dwegg\Desktop\Inverter\HW\Inverter_Power\[4] Half_Bridge.SchDoc with TestPoint from Inverter_Libraries.SchLib
Replace Part TP403 TestPoint in C:\Users\dwegg\Desktop\Inverter\HW\Inverter_Power\[4] Half_Bridge.SchDoc with TestPoint from Inverter_Libraries.SchLib
Replace Part TP404 TestPoint in C:\Users\dwegg\Desktop\Inverter\HW\Inverter_Power\[4] Half_Bridge.SchDoc with TestPoint from Inverter_Libraries.SchLib
Replace Part TP405 TestPoint in C:\Users\dwegg\Desktop\Inverter\HW\Inverter_Power\[4] Half_Bridge.SchDoc with TestPoint from Inverter_Libraries.SchLib
Replace Part TP406 TestPoint in C:\Users\dwegg\Desktop\Inverter\HW\Inverter_Power\[4] Half_Bridge.SchDoc with TestPoint from Inverter_Libraries.SchLib
Replace Part TP407 TestPoint in C:\Users\dwegg\Desktop\Inverter\HW\Inverter_Power\[4] Half_Bridge.SchDoc with TestPoint from Inverter_Libraries.SchLib
Replace Part TP408 TestPoint in C:\Users\dwegg\Desktop\Inverter\HW\Inverter_Power\[4] Half_Bridge.SchDoc with TestPoint from Inverter_Libraries.SchLib
Replace Part TP409 TestPoint in C:\Users\dwegg\Desktop\Inverter\HW\Inverter_Power\[4] Half_Bridge.SchDoc with TestPoint from Inverter_Libraries.SchLib
Replace Part TP410 TestPoint in C:\Users\dwegg\Desktop\Inverter\HW\Inverter_Power\[4] Half_Bridge.SchDoc with TestPoint from Inverter_Libraries.SchLib
Replace Part TP411 TestPoint in C:\Users\dwegg\Desktop\Inverter\HW\Inverter_Power\[4] Half_Bridge.SchDoc with TestPoint from Inverter_Libraries.SchLib
Replace Part U_HS UCC21710 in C:\Users\dwegg\Desktop\Inverter\HW\Inverter_Power\[4] Half_Bridge.SchDoc with UCC21710 from Inverter_Libraries.SchLib
Replace Part U_LS UCC21710 in C:\Users\dwegg\Desktop\Inverter\HW\Inverter_Power\[4] Half_Bridge.SchDoc with UCC21710 from Inverter_Libraries.SchLib
