Replace Part C501 C0.22u-0805FNPC-X5R in C:\Users\dwegg\Desktop\Inverter\HW\Inverter_Power\[5] DC.SchDoc with C0.22u-0805FNPC-X5R from Passives.SchLib
Replace Part C502 C100n-50V-0805FNPC-X7R in C:\Users\dwegg\Desktop\Inverter\HW\Inverter_Power\[5] DC.SchDoc with C100n-50V-0805FNPC-X7R from Passives.SchLib
Replace Part C503 C1u-50V-0805FNPC-X7R in C:\Users\dwegg\Desktop\Inverter\HW\Inverter_Power\[5] DC.SchDoc with C1u-50V-0805FNPC-X7R from Passives.SchLib
Replace Part C504 C100n-50V-0805FNPC-X7R in C:\Users\dwegg\Desktop\Inverter\HW\Inverter_Power\[5] DC.SchDoc with C100n-50V-0805FNPC-X7R from Passives.SchLib
Replace Part C505 C1u-50V-0805FNPC-X7R in C:\Users\dwegg\Desktop\Inverter\HW\Inverter_Power\[5] DC.SchDoc with C1u-50V-0805FNPC-X7R from Passives.SchLib
Replace Part C506 C100n-50V-0805FNPC-X7R in C:\Users\dwegg\Desktop\Inverter\HW\Inverter_Power\[5] DC.SchDoc with C100n-50V-0805FNPC-X7R from Passives.SchLib
Replace Part C507 C1u-50V-0805FNPC-X7R in C:\Users\dwegg\Desktop\Inverter\HW\Inverter_Power\[5] DC.SchDoc with C1u-50V-0805FNPC-X7R from Passives.SchLib
Replace Part C508 C10uF-50V-0805FNPC in C:\Users\dwegg\Desktop\Inverter\HW\Inverter_Power\[5] DC.SchDoc with C10uF-50V-0805FNPC from Passives.SchLib
Replace Part C509 C10uF-50V-0805FNPC in C:\Users\dwegg\Desktop\Inverter\HW\Inverter_Power\[5] DC.SchDoc with C10uF-50V-0805FNPC from Passives.SchLib
Replace Part D501 DZ-6.2V-DO-214AC in C:\Users\dwegg\Desktop\Inverter\HW\Inverter_Power\[5] DC.SchDoc with DZ-6.2V-DO-214AC from Semiconductor.SchLib
Replace Part DCDC501 1779205141 in C:\Users\dwegg\Desktop\Inverter\HW\Inverter_Power\[5] DC.SchDoc with 1779205141 from Inverter_Libraries.SchLib
Replace Part Q501 SIHB150N60E-GE3 in C:\Users\dwegg\Desktop\Inverter\HW\Inverter_Power\[5] DC.SchDoc with SIHB150N60E-GE3 from Inverter_Libraries.SchLib
Replace Part R501 R2.2K-1206FTK in C:\Users\dwegg\Desktop\Inverter\HW\Inverter_Power\[5] DC.SchDoc with R2.2K-1206FTK from Passives.SchLib
Replace Part R502 R2M-2512FTK in C:\Users\dwegg\Desktop\Inverter\HW\Inverter_Power\[5] DC.SchDoc with R2M-2512FTK from Passives.SchLib
Replace Part R503 R10k-1206FTK in C:\Users\dwegg\Desktop\Inverter\HW\Inverter_Power\[5] DC.SchDoc with R10k-1206FTK from Passives.SchLib
Replace Part R504 R68k-1206FTK in C:\Users\dwegg\Desktop\Inverter\HW\Inverter_Power\[5] DC.SchDoc with R68k-1206FTK from Passives.SchLib
Replace Part R505 R68k-1206FTK in C:\Users\dwegg\Desktop\Inverter\HW\Inverter_Power\[5] DC.SchDoc with R68k-1206FTK from Passives.SchLib
Replace Part R506 R68k-1206FTK in C:\Users\dwegg\Desktop\Inverter\HW\Inverter_Power\[5] DC.SchDoc with R68k-1206FTK from Passives.SchLib
Replace Part R507 R68k-1206FTK in C:\Users\dwegg\Desktop\Inverter\HW\Inverter_Power\[5] DC.SchDoc with R68k-1206FTK from Passives.SchLib
Replace Part R508 R68k-1206FTK in C:\Users\dwegg\Desktop\Inverter\HW\Inverter_Power\[5] DC.SchDoc with R68k-1206FTK from Passives.SchLib
Replace Part R509 R68k-1206FTK in C:\Users\dwegg\Desktop\Inverter\HW\Inverter_Power\[5] DC.SchDoc with R68k-1206FTK from Passives.SchLib
Replace Part R510 R4.7K-1206FTK in C:\Users\dwegg\Desktop\Inverter\HW\Inverter_Power\[5] DC.SchDoc with R4.7K-1206FTK from Passives.SchLib
Replace Part R511 R30k-1206FTK in C:\Users\dwegg\Desktop\Inverter\HW\Inverter_Power\[5] DC.SchDoc with R30k-1206FTK from Passives.SchLib
Replace Part R512 R4.7K-1206FTK in C:\Users\dwegg\Desktop\Inverter\HW\Inverter_Power\[5] DC.SchDoc with R4.7K-1206FTK from Passives.SchLib
Replace Part R513 R2.2K-1206FTK in C:\Users\dwegg\Desktop\Inverter\HW\Inverter_Power\[5] DC.SchDoc with R2.2K-1206FTK from Passives.SchLib
Replace Part RD1 RCV2512470KFKEG in C:\Users\dwegg\Desktop\Inverter\HW\Inverter_Power\[5] DC.SchDoc with RCV2512470KFKEG from Inverter_Libraries.SchLib
Replace Part RD2 RCV2512470KFKEG in C:\Users\dwegg\Desktop\Inverter\HW\Inverter_Power\[5] DC.SchDoc with RCV2512470KFKEG from Inverter_Libraries.SchLib
Replace Part RD3 RCV2512470KFKEG in C:\Users\dwegg\Desktop\Inverter\HW\Inverter_Power\[5] DC.SchDoc with RCV2512470KFKEG from Inverter_Libraries.SchLib
Replace Part RD4 RCV2512470KFKEG in C:\Users\dwegg\Desktop\Inverter\HW\Inverter_Power\[5] DC.SchDoc with RCV2512470KFKEG from Inverter_Libraries.SchLib
Replace Part RD5 RCV2512470KFKEG in C:\Users\dwegg\Desktop\Inverter\HW\Inverter_Power\[5] DC.SchDoc with RCV2512470KFKEG from Inverter_Libraries.SchLib
Replace Part RD6 RCV2512470KFKEG in C:\Users\dwegg\Desktop\Inverter\HW\Inverter_Power\[5] DC.SchDoc with RCV2512470KFKEG from Inverter_Libraries.SchLib
Replace Part RD7 RCV2512470KFKEG in C:\Users\dwegg\Desktop\Inverter\HW\Inverter_Power\[5] DC.SchDoc with RCV2512470KFKEG from Inverter_Libraries.SchLib
Replace Part RD8 RCV2512470KFKEG in C:\Users\dwegg\Desktop\Inverter\HW\Inverter_Power\[5] DC.SchDoc with RCV2512470KFKEG from Inverter_Libraries.SchLib
Replace Part RD9 RCV2512470KFKEG in C:\Users\dwegg\Desktop\Inverter\HW\Inverter_Power\[5] DC.SchDoc with RCV2512470KFKEG from Inverter_Libraries.SchLib
Replace Part RD10 RCV2512470KFKEG in C:\Users\dwegg\Desktop\Inverter\HW\Inverter_Power\[5] DC.SchDoc with RCV2512470KFKEG from Inverter_Libraries.SchLib
Replace Part RD11 RCV2512470KFKEG in C:\Users\dwegg\Desktop\Inverter\HW\Inverter_Power\[5] DC.SchDoc with RCV2512470KFKEG from Inverter_Libraries.SchLib
Replace Part RD12 RCV2512470KFKEG in C:\Users\dwegg\Desktop\Inverter\HW\Inverter_Power\[5] DC.SchDoc with RCV2512470KFKEG from Inverter_Libraries.SchLib
Replace Part RD13 RCV2512470KFKEG in C:\Users\dwegg\Desktop\Inverter\HW\Inverter_Power\[5] DC.SchDoc with RCV2512470KFKEG from Inverter_Libraries.SchLib
Replace Part RD14 RCV2512470KFKEG in C:\Users\dwegg\Desktop\Inverter\HW\Inverter_Power\[5] DC.SchDoc with RCV2512470KFKEG from Inverter_Libraries.SchLib
Replace Part RD15 RCV2512470KFKEG in C:\Users\dwegg\Desktop\Inverter\HW\Inverter_Power\[5] DC.SchDoc with RCV2512470KFKEG from Inverter_Libraries.SchLib
Replace Part RD16 RCV2512470KFKEG in C:\Users\dwegg\Desktop\Inverter\HW\Inverter_Power\[5] DC.SchDoc with RCV2512470KFKEG from Inverter_Libraries.SchLib
Replace Part RD17 RCV2512470KFKEG in C:\Users\dwegg\Desktop\Inverter\HW\Inverter_Power\[5] DC.SchDoc with RCV2512470KFKEG from Inverter_Libraries.SchLib
Replace Part RD18 RCV2512470KFKEG in C:\Users\dwegg\Desktop\Inverter\HW\Inverter_Power\[5] DC.SchDoc with RCV2512470KFKEG from Inverter_Libraries.SchLib
Replace Part RD19 RCV2512470KFKEG in C:\Users\dwegg\Desktop\Inverter\HW\Inverter_Power\[5] DC.SchDoc with RCV2512470KFKEG from Inverter_Libraries.SchLib
Replace Part RD20 RCV2512470KFKEG in C:\Users\dwegg\Desktop\Inverter\HW\Inverter_Power\[5] DC.SchDoc with RCV2512470KFKEG from Inverter_Libraries.SchLib
Replace Part RD21 RCV2512470KFKEG in C:\Users\dwegg\Desktop\Inverter\HW\Inverter_Power\[5] DC.SchDoc with RCV2512470KFKEG from Inverter_Libraries.SchLib
Replace Part RD22 RCV2512470KFKEG in C:\Users\dwegg\Desktop\Inverter\HW\Inverter_Power\[5] DC.SchDoc with RCV2512470KFKEG from Inverter_Libraries.SchLib
Replace Part RD23 RCV2512470KFKEG in C:\Users\dwegg\Desktop\Inverter\HW\Inverter_Power\[5] DC.SchDoc with RCV2512470KFKEG from Inverter_Libraries.SchLib
Replace Part RD24 RCV2512470KFKEG in C:\Users\dwegg\Desktop\Inverter\HW\Inverter_Power\[5] DC.SchDoc with RCV2512470KFKEG from Inverter_Libraries.SchLib
Replace Part TP501 TestPoint in C:\Users\dwegg\Desktop\Inverter\HW\Inverter_Power\[5] DC.SchDoc with TestPoint from Inverter_Libraries.SchLib
Replace Part TP502 TestPoint in C:\Users\dwegg\Desktop\Inverter\HW\Inverter_Power\[5] DC.SchDoc with TestPoint from Inverter_Libraries.SchLib
Replace Part TP503 TestPoint in C:\Users\dwegg\Desktop\Inverter\HW\Inverter_Power\[5] DC.SchDoc with TestPoint from Inverter_Libraries.SchLib
Replace Part TP504 TestPoint in C:\Users\dwegg\Desktop\Inverter\HW\Inverter_Power\[5] DC.SchDoc with TestPoint from Inverter_Libraries.SchLib
Replace Part TP505 TestPoint in C:\Users\dwegg\Desktop\Inverter\HW\Inverter_Power\[5] DC.SchDoc with TestPoint from Inverter_Libraries.SchLib
Replace Part TP506 TestPoint in C:\Users\dwegg\Desktop\Inverter\HW\Inverter_Power\[5] DC.SchDoc with TestPoint from Inverter_Libraries.SchLib
Replace Part TP507 TestPoint in C:\Users\dwegg\Desktop\Inverter\HW\Inverter_Power\[5] DC.SchDoc with TestPoint from Inverter_Libraries.SchLib
Replace Part U501 Optocoupler_4N35 in C:\Users\dwegg\Desktop\Inverter\HW\Inverter_Power\[5] DC.SchDoc with Optocoupler_4N35 from Semiconductor.SchLib
Replace Part U502 Optocoupler_4N35 in C:\Users\dwegg\Desktop\Inverter\HW\Inverter_Power\[5] DC.SchDoc with Optocoupler_4N35 from Semiconductor.SchLib
Replace Part U503 LM311DR2G in C:\Users\dwegg\Desktop\Inverter\HW\Inverter_Power\[5] DC.SchDoc with LM311DR2G from Inverter_Libraries.SchLib
Replace Part U504 ISO224 in C:\Users\dwegg\Desktop\Inverter\HW\Inverter_Power\[5] DC.SchDoc with ISO224 from Inverter_Libraries.SchLib
