Added Component: Designator=DCDC1(MGJ2D241802BSC)
Add component (AddParameter): Name = "Manufacturer 1"; Value = "Murata"; VariantName = "[No Variations]"
Add component (AddParameter): Name = "Manufacturer Part Number 1"; Value = "MGJ2D241802BSC"; VariantName = "[No Variations]"
Add component (AddParameter): Name = "Pricing 1"; Value = "25=5,1192, 30=4,9896, 60=4,86, 130=4,7304, 250=4,6008, 1300=4,4712, 2500=4,3416 (USD)"; VariantName = "[No Variations]"
Add component (AddParameter): Name = "Stock 1"; Value = "25"; VariantName = "[No Variations]"
Add component (AddParameter): Name = "Supplier 1"; Value = "Avnet"; VariantName = "[No Variations]"
Add component (AddParameter): Name = "Supplier Part Number 1"; Value = "MGJ2D241802BSC"; VariantName = "[No Variations]"
Added Component: Designator=DCDC2(MGJ2D241802BSC)
Add component (AddParameter): Name = "Manufacturer 1"; Value = "Murata"; VariantName = "[No Variations]"
Add component (AddParameter): Name = "Manufacturer Part Number 1"; Value = "MGJ2D241802BSC"; VariantName = "[No Variations]"
Add component (AddParameter): Name = "Pricing 1"; Value = "25=5,1192, 30=4,9896, 60=4,86, 130=4,7304, 250=4,6008, 1300=4,4712, 2500=4,3416 (USD)"; VariantName = "[No Variations]"
Add component (AddParameter): Name = "Stock 1"; Value = "25"; VariantName = "[No Variations]"
Add component (AddParameter): Name = "Supplier 1"; Value = "Avnet"; VariantName = "[No Variations]"
Add component (AddParameter): Name = "Supplier Part Number 1"; Value = "MGJ2D241802BSC"; VariantName = "[No Variations]"
Added Component: Designator=DCDC3(MGJ2D241802BSC)
Add component (AddParameter): Name = "Manufacturer 1"; Value = "Murata"; VariantName = "[No Variations]"
Add component (AddParameter): Name = "Manufacturer Part Number 1"; Value = "MGJ2D241802BSC"; VariantName = "[No Variations]"
Add component (AddParameter): Name = "Pricing 1"; Value = "25=5,1192, 30=4,9896, 60=4,86, 130=4,7304, 250=4,6008, 1300=4,4712, 2500=4,3416 (USD)"; VariantName = "[No Variations]"
Add component (AddParameter): Name = "Stock 1"; Value = "25"; VariantName = "[No Variations]"
Add component (AddParameter): Name = "Supplier 1"; Value = "Avnet"; VariantName = "[No Variations]"
Add component (AddParameter): Name = "Supplier Part Number 1"; Value = "MGJ2D241802BSC"; VariantName = "[No Variations]"
Added Component: Designator=DCDC4(MGJ2D241802BSC)
Add component (AddParameter): Name = "Manufacturer 1"; Value = "Murata"; VariantName = "[No Variations]"
Add component (AddParameter): Name = "Manufacturer Part Number 1"; Value = "MGJ2D241802BSC"; VariantName = "[No Variations]"
Add component (AddParameter): Name = "Pricing 1"; Value = "25=5,1192, 30=4,9896, 60=4,86, 130=4,7304, 250=4,6008, 1300=4,4712, 2500=4,3416 (USD)"; VariantName = "[No Variations]"
Add component (AddParameter): Name = "Stock 1"; Value = "25"; VariantName = "[No Variations]"
Add component (AddParameter): Name = "Supplier 1"; Value = "Avnet"; VariantName = "[No Variations]"
Add component (AddParameter): Name = "Supplier Part Number 1"; Value = "MGJ2D241802BSC"; VariantName = "[No Variations]"
Added Component: Designator=DCDC5(MGJ2D241802BSC)
Add component (AddParameter): Name = "Manufacturer 1"; Value = "Murata"; VariantName = "[No Variations]"
Add component (AddParameter): Name = "Manufacturer Part Number 1"; Value = "MGJ2D241802BSC"; VariantName = "[No Variations]"
Add component (AddParameter): Name = "Pricing 1"; Value = "25=5,1192, 30=4,9896, 60=4,86, 130=4,7304, 250=4,6008, 1300=4,4712, 2500=4,3416 (USD)"; VariantName = "[No Variations]"
Add component (AddParameter): Name = "Stock 1"; Value = "25"; VariantName = "[No Variations]"
Add component (AddParameter): Name = "Supplier 1"; Value = "Avnet"; VariantName = "[No Variations]"
Add component (AddParameter): Name = "Supplier Part Number 1"; Value = "MGJ2D241802BSC"; VariantName = "[No Variations]"
Added Component: Designator=DCDC6(MGJ2D241802BSC)
Add component (AddParameter): Name = "Manufacturer 1"; Value = "Murata"; VariantName = "[No Variations]"
Add component (AddParameter): Name = "Manufacturer Part Number 1"; Value = "MGJ2D241802BSC"; VariantName = "[No Variations]"
Add component (AddParameter): Name = "Pricing 1"; Value = "25=5,1192, 30=4,9896, 60=4,86, 130=4,7304, 250=4,6008, 1300=4,4712, 2500=4,3416 (USD)"; VariantName = "[No Variations]"
Add component (AddParameter): Name = "Stock 1"; Value = "25"; VariantName = "[No Variations]"
Add component (AddParameter): Name = "Supplier 1"; Value = "Avnet"; VariantName = "[No Variations]"
Add component (AddParameter): Name = "Supplier Part Number 1"; Value = "MGJ2D241802BSC"; VariantName = "[No Variations]"
Add Pin To Net: Unknown Pin: Pin U401-1
Add Pin To Net: Unknown Pin: Pin U401-2
Add Pin To Net: Unknown Pin: Pin U401-4
Add Pin To Net: Unknown Pin: Pin U401-5
Add Pin To Net: Unknown Pin: Pin U401-6
Add Pin To Net: Unknown Pin: Pin U401-7
Add Pin To Net: Unknown Pin: Pin U401-8
Add Pin To Net: Unknown Pin: Pin U402-1
Add Pin To Net: Unknown Pin: Pin U402-2
Add Pin To Net: Unknown Pin: Pin U402-4
Add Pin To Net: Unknown Pin: Pin U402-5
Add Pin To Net: Unknown Pin: Pin U402-6
Add Pin To Net: Unknown Pin: Pin U402-7
Add Pin To Net: Unknown Pin: Pin U402-8
Add Pin To Net: Unknown Pin: Pin U403-1
Add Pin To Net: Unknown Pin: Pin U403-2
Add Pin To Net: Unknown Pin: Pin U403-4
Add Pin To Net: Unknown Pin: Pin U403-5
Add Pin To Net: Unknown Pin: Pin U403-6
Add Pin To Net: Unknown Pin: Pin U403-7
Add Pin To Net: Unknown Pin: Pin U403-8
Added Member To Class: ClassName=Gate_Drivers Member=Component DCDC1 MGJ6-series
Added Member To Class: ClassName=Gate_Drivers Member=Component DCDC2 MGJ6-series
Added Member To Class: ClassName=Gate_Drivers Member=Component DCDC3 MGJ6-series
Added Member To Class: ClassName=Gate_Drivers Member=Component DCDC4 MGJ6-series
Added Member To Class: ClassName=Gate_Drivers Member=Component DCDC5 MGJ6-series
Added Member To Class: ClassName=Gate_Drivers Member=Component DCDC6 MGJ6-series
Add Class Member: Failed to add class member : Component U401 ISO224
Add Class Member: Failed to add class member : Component U402 ISO224
Add Class Member: Failed to add class member : Component U403 ISO224
