Removed Member From Class: ClassName=Current_Sense Member=R205
Change Component Designator: OldDesignator=R205 NewDesignator=R203
Change Component Designator: OldDesignator=TP201 NewDesignator=I_A
Change Component Designator: OldDesignator=TP202 NewDesignator=I_B
Change Component Designator: OldDesignator=TP203 NewDesignator=I_C
Change Component Designator: OldDesignator=TP204 NewDesignator=TP201
Change Component Designator: OldDesignator=TP205 NewDesignator=TP202
Change Component Designator: OldDesignator=TP301 NewDesignator=PWM1
Change Component Designator: OldDesignator=TP302 NewDesignator=PWM2
Change Component Designator: OldDesignator=TP303 NewDesignator=PWM3
Change Component Designator: OldDesignator=TP304 NewDesignator=PWM4
Change Component Designator: OldDesignator=TP305 NewDesignator=PWM5
Change Component Designator: OldDesignator=TP306 NewDesignator=PWM6
Change Component Designator: OldDesignator=TP307 NewDesignator=T_A
Change Component Designator: OldDesignator=TP308 NewDesignator=T_B
Change Component Designator: OldDesignator=TP309 NewDesignator=T_C
Change Component Designator: OldDesignator=TP310 NewDesignator=TP302
Change Component Designator: OldDesignator=TP311 NewDesignator=S1
Change Component Designator: OldDesignator=TP312 NewDesignator=S2
Change Component Designator: OldDesignator=TP313 NewDesignator=S3
Change Component Designator: OldDesignator=TP314 NewDesignator=S4
Change Component Designator: OldDesignator=TP315 NewDesignator=S5
Change Component Designator: OldDesignator=TP316 NewDesignator=S6
Change Component Designator: OldDesignator=TP317 NewDesignator=TP301
Change Component Designator: OldDesignator=TP321 NewDesignator=G1
Change Component Designator: OldDesignator=TP322 NewDesignator=G2
Change Component Designator: OldDesignator=TP323 NewDesignator=G3
Change Component Designator: OldDesignator=TP324 NewDesignator=G4
Change Component Designator: OldDesignator=TP325 NewDesignator=G5
Change Component Designator: OldDesignator=TP326 NewDesignator=G6
Change component parameters: Designator = "DCDC_HS_A" ("DCDC_HS"); Footprint = "MGJ2D051802BSC"; UniqueID = "\SWPWGXJS\ELANWSHG\CPGKUXDN" ("\SWPWGXJS\ELANWSHG\CPGKUXDN")
Change component parameters (AddParameter): Name = "Category"; Value = "Board Mount Modules"; VariantName = "[No Variations]"
Change component parameters (AddParameter): Name = "Manufacturer 1"; Value = "Murata"; VariantName = "[No Variations]"
Change component parameters (AddParameter): Name = "Manufacturer Part Number"; Value = "MGJ2D051802BSC"; VariantName = "[No Variations]"
Change component parameters (AddParameter): Name = "Manufacturer Part Number 1"; Value = "MGJ2D051802BSC"; VariantName = "[No Variations]"
Change component parameters (AddParameter): Name = "Pricing 1"; Value = "25=5,1192, 30=4,9896, 60=4,86, 130=4,7304, 250=4,6008, 1300=4,4712, 2500=4,3416 (USD)"; VariantName = "[No Variations]"
Change component parameters (AddParameter): Name = "RoHS"; Value = "No"; VariantName = "[No Variations]"
Change component parameters (AddParameter): Name = "Stock 1"; Value = "25"; VariantName = "[No Variations]"
Change component parameters (AddParameter): Name = "Supplier 1"; Value = "Avnet"; VariantName = "[No Variations]"
Change component parameters (AddParameter): Name = "Supplier Part Number 1"; Value = "MGJ2D051802BSC"; VariantName = "[No Variations]"
Change component parameters (AddParameter): Name = "Category"; Value = "Board Mount Modules"; VariantName = "[No Variations]"
Change component parameters (AddParameter): Name = "Manufacturer 1"; Value = "Murata"; VariantName = "[No Variations]"
Change component parameters (AddParameter): Name = "Manufacturer Part Number"; Value = "MGJ2D051802BSC"; VariantName = "[No Variations]"
Change component parameters (AddParameter): Name = "Manufacturer Part Number 1"; Value = "MGJ2D051802BSC"; VariantName = "[No Variations]"
Change component parameters (AddParameter): Name = "Pricing 1"; Value = "25=5,1192, 30=4,9896, 60=4,86, 130=4,7304, 250=4,6008, 1300=4,4712, 2500=4,3416 (USD)"; VariantName = "[No Variations]"
Change component parameters (AddParameter): Name = "RoHS"; Value = "No"; VariantName = "[No Variations]"
Change component parameters (AddParameter): Name = "Stock 1"; Value = "25"; VariantName = "[No Variations]"
Change component parameters (AddParameter): Name = "Supplier 1"; Value = "Avnet"; VariantName = "[No Variations]"
Change component parameters (AddParameter): Name = "Supplier Part Number 1"; Value = "MGJ2D051802BSC"; VariantName = "[No Variations]"
Change component parameters (AddParameter): Name = "Category"; Value = "Board Mount Modules"; VariantName = "[No Variations]"
Change component parameters (AddParameter): Name = "Channels"; Value = "1"; VariantName = "[No Variations]"
Change component parameters (AddParameter): Name = "ComponentLink1Description"; Value = "https://datasheet.ciiva.com:443/pdfs/VipMasterIC/IC/MUPS/MUPS-S-A0006602125/MUPS-S-A0006602125-1.pdf?src-supplier=IHS+Markit"; VariantName = "[No Variations]"
Change component parameters (AddParameter): Name = "ComponentLink1URL"; Value = "https://datasheet.ciiva.com:443/pdfs/VipMasterIC/IC/MUPS/MUPS-S-A0006602125/MUPS-S-A0006602125-1.pdf?src-supplier=IHS+Markit"; VariantName = "[No Variations]"
Change component parameters (AddParameter): Name = "ComponentLink2Description"; Value = "https://datasheet.ciiva.com/48668/kdc-mgj2-48668906.pdf?src-supplier=Avnet"; VariantName = "[No Variations]"
Change component parameters (AddParameter): Name = "ComponentLink2URL"; Value = "https://datasheet.ciiva.com/48668/kdc-mgj2-48668906.pdf?src-supplier=Avnet"; VariantName = "[No Variations]"
Change component parameters (AddParameter): Name = "Height - Seated (Max)"; Value = "12.65mm"; VariantName = "[No Variations]"
Change component parameters (AddParameter): Name = "Length"; Value = "19.65mm"; VariantName = "[No Variations]"
Change component parameters (AddParameter): Name = "Load Regulation-Max"; Value = "7%"; VariantName = "[No Variations]"
Change component parameters (AddParameter): Name = "Manufacturer"; Value = "Murata"; VariantName = "[No Variations]"
Change component parameters (AddParameter): Name = "Manufacturer Part Number"; Value = "MGJ2D051505SC"; VariantName = "[No Variations]"
Change component parameters (AddParameter): Name = "Max Operating Temperature"; Value = "95°C"; VariantName = "[No Variations]"
Change component parameters (AddParameter): Name = "Max Output Power"; Value = "2W"; VariantName = "[No Variations]"
Change component parameters (AddParameter): Name = "Max Supply Voltage"; Value = "5.5V"; VariantName = "[No Variations]"
Change component parameters (AddParameter): Name = "Min Input Voltage"; Value = "4.5V"; VariantName = "[No Variations]"
Change component parameters (AddParameter): Name = "Min Operating Temperature"; Value = "-40°C"; VariantName = "[No Variations]"
Change component parameters (AddParameter): Name = "Nominal Output Voltage"; Value = "15V"; VariantName = "[No Variations]"
Change component parameters (AddParameter): Name = "Nominal Supply Voltage"; Value = "5V"; VariantName = "[No Variations]"
Change component parameters (AddParameter): Name = "Number of Outputs"; Value = "2"; VariantName = "[No Variations]"
Change component parameters (AddParameter): Name = "Package Shape"; Value = "Rectangular"; VariantName = "[No Variations]"
Change component parameters (AddParameter): Name = "Package Style"; Value = "MICROELECTRONIC ASSEMBLYMeter"; VariantName = "[No Variations]"
Change component parameters (AddParameter): Name = "Pins"; Value = "5"; VariantName = "[No Variations]"
Change component parameters (AddParameter): Name = "Pricing"; Value = "1=7,73, 5=7,49, 10=7,27, 25=7,03, 50=6,81 (EUR)"; VariantName = "[No Variations]"
Change component parameters (AddParameter): Name = "Reach SVHC Compliant"; Value = "Yes"; VariantName = "[No Variations]"
Change component parameters (AddParameter): Name = "RoHS"; Value = "Yes"; VariantName = "[No Variations]"
Change component parameters (AddParameter): Name = "RoHS Compliant"; Value = "Yes"; VariantName = "[No Variations]"
Change component parameters (AddParameter): Name = "Stock"; Value = "3"; VariantName = "[No Variations]"
Change component parameters (AddParameter): Name = "Supplier"; Value = "Rs"; VariantName = "[No Variations]"
Change component parameters (AddParameter): Name = "Supplier Part Number"; Value = "8163493"; VariantName = "[No Variations]"
Change component parameters (AddParameter): Name = "Surface Mount"; Value = "No"; VariantName = "[No Variations]"
Change component parameters (AddParameter): Name = "Technology"; Value = "HYBRID"; VariantName = "[No Variations]"
Change component parameters (AddParameter): Name = "Temperature Grade"; Value = "INDUSTRIAL"; VariantName = "[No Variations]"
Change component parameters (AddParameter): Name = "Terminal Form"; Value = "Through Hole"; VariantName = "[No Variations]"
Change component parameters (AddParameter): Name = "Terminal Pitch"; Value = "2.54mm"; VariantName = "[No Variations]"
Change component parameters (AddParameter): Name = "Terminal Position"; Value = "SINGLE"; VariantName = "[No Variations]"
Change component parameters (AddParameter): Name = "Throw Configuration"; Value = "DC-DC REGULATED POWER SUPPLY MODULE"; VariantName = "[No Variations]"
Change component parameters (AddParameter): Name = "Trim/Adjustable Output"; Value = "No"; VariantName = "[No Variations]"
Change component parameters (AddParameter): Name = "Width"; Value = "9.95mm"; VariantName = "[No Variations]"
Change component parameters: Designator = "DCDC_HS_B" ("DCDC_HS"); Footprint = "MGJ2D051802BSC"; UniqueID = "\SWPWGXJS\VQXWHYIX\CPGKUXDN" ("\SWPWGXJS\VQXWHYIX\CPGKUXDN")
Change component parameters (AddParameter): Name = "Category"; Value = "Board Mount Modules"; VariantName = "[No Variations]"
Change component parameters (AddParameter): Name = "Manufacturer 1"; Value = "Murata"; VariantName = "[No Variations]"
Change component parameters (AddParameter): Name = "Manufacturer Part Number"; Value = "MGJ2D051802BSC"; VariantName = "[No Variations]"
Change component parameters (AddParameter): Name = "Manufacturer Part Number 1"; Value = "MGJ2D051802BSC"; VariantName = "[No Variations]"
Change component parameters (AddParameter): Name = "Pricing 1"; Value = "25=5,1192, 30=4,9896, 60=4,86, 130=4,7304, 250=4,6008, 1300=4,4712, 2500=4,3416 (USD)"; VariantName = "[No Variations]"
Change component parameters (AddParameter): Name = "RoHS"; Value = "No"; VariantName = "[No Variations]"
Change component parameters (AddParameter): Name = "Stock 1"; Value = "25"; VariantName = "[No Variations]"
Change component parameters (AddParameter): Name = "Supplier 1"; Value = "Avnet"; VariantName = "[No Variations]"
Change component parameters (AddParameter): Name = "Supplier Part Number 1"; Value = "MGJ2D051802BSC"; VariantName = "[No Variations]"
Change component parameters (AddParameter): Name = "Category"; Value = "Board Mount Modules"; VariantName = "[No Variations]"
Change component parameters (AddParameter): Name = "Manufacturer 1"; Value = "Murata"; VariantName = "[No Variations]"
Change component parameters (AddParameter): Name = "Manufacturer Part Number"; Value = "MGJ2D051802BSC"; VariantName = "[No Variations]"
Change component parameters (AddParameter): Name = "Manufacturer Part Number 1"; Value = "MGJ2D051802BSC"; VariantName = "[No Variations]"
Change component parameters (AddParameter): Name = "Pricing 1"; Value = "25=5,1192, 30=4,9896, 60=4,86, 130=4,7304, 250=4,6008, 1300=4,4712, 2500=4,3416 (USD)"; VariantName = "[No Variations]"
Change component parameters (AddParameter): Name = "RoHS"; Value = "No"; VariantName = "[No Variations]"
Change component parameters (AddParameter): Name = "Stock 1"; Value = "25"; VariantName = "[No Variations]"
Change component parameters (AddParameter): Name = "Supplier 1"; Value = "Avnet"; VariantName = "[No Variations]"
Change component parameters (AddParameter): Name = "Supplier Part Number 1"; Value = "MGJ2D051802BSC"; VariantName = "[No Variations]"
Change component parameters (AddParameter): Name = "Category"; Value = "Board Mount Modules"; VariantName = "[No Variations]"
Change component parameters (AddParameter): Name = "Channels"; Value = "1"; VariantName = "[No Variations]"
Change component parameters (AddParameter): Name = "ComponentLink1Description"; Value = "https://datasheet.ciiva.com:443/pdfs/VipMasterIC/IC/MUPS/MUPS-S-A0006602125/MUPS-S-A0006602125-1.pdf?src-supplier=IHS+Markit"; VariantName = "[No Variations]"
Change component parameters (AddParameter): Name = "ComponentLink1URL"; Value = "https://datasheet.ciiva.com:443/pdfs/VipMasterIC/IC/MUPS/MUPS-S-A0006602125/MUPS-S-A0006602125-1.pdf?src-supplier=IHS+Markit"; VariantName = "[No Variations]"
Change component parameters (AddParameter): Name = "ComponentLink2Description"; Value = "https://datasheet.ciiva.com/48668/kdc-mgj2-48668906.pdf?src-supplier=Avnet"; VariantName = "[No Variations]"
Change component parameters (AddParameter): Name = "ComponentLink2URL"; Value = "https://datasheet.ciiva.com/48668/kdc-mgj2-48668906.pdf?src-supplier=Avnet"; VariantName = "[No Variations]"
Change component parameters (AddParameter): Name = "Height - Seated (Max)"; Value = "12.65mm"; VariantName = "[No Variations]"
Change component parameters (AddParameter): Name = "Length"; Value = "19.65mm"; VariantName = "[No Variations]"
Change component parameters (AddParameter): Name = "Load Regulation-Max"; Value = "7%"; VariantName = "[No Variations]"
Change component parameters (AddParameter): Name = "Manufacturer"; Value = "Murata"; VariantName = "[No Variations]"
Change component parameters (AddParameter): Name = "Manufacturer Part Number"; Value = "MGJ2D051505SC"; VariantName = "[No Variations]"
Change component parameters (AddParameter): Name = "Max Operating Temperature"; Value = "95°C"; VariantName = "[No Variations]"
Change component parameters (AddParameter): Name = "Max Output Power"; Value = "2W"; VariantName = "[No Variations]"
Change component parameters (AddParameter): Name = "Max Supply Voltage"; Value = "5.5V"; VariantName = "[No Variations]"
Change component parameters (AddParameter): Name = "Min Input Voltage"; Value = "4.5V"; VariantName = "[No Variations]"
Change component parameters (AddParameter): Name = "Min Operating Temperature"; Value = "-40°C"; VariantName = "[No Variations]"
Change component parameters (AddParameter): Name = "Nominal Output Voltage"; Value = "15V"; VariantName = "[No Variations]"
Change component parameters (AddParameter): Name = "Nominal Supply Voltage"; Value = "5V"; VariantName = "[No Variations]"
Change component parameters (AddParameter): Name = "Number of Outputs"; Value = "2"; VariantName = "[No Variations]"
Change component parameters (AddParameter): Name = "Package Shape"; Value = "Rectangular"; VariantName = "[No Variations]"
Change component parameters (AddParameter): Name = "Package Style"; Value = "MICROELECTRONIC ASSEMBLYMeter"; VariantName = "[No Variations]"
Change component parameters (AddParameter): Name = "Pins"; Value = "5"; VariantName = "[No Variations]"
Change component parameters (AddParameter): Name = "Pricing"; Value = "1=7,73, 5=7,49, 10=7,27, 25=7,03, 50=6,81 (EUR)"; VariantName = "[No Variations]"
Change component parameters (AddParameter): Name = "Reach SVHC Compliant"; Value = "Yes"; VariantName = "[No Variations]"
Change component parameters (AddParameter): Name = "RoHS"; Value = "Yes"; VariantName = "[No Variations]"
Change component parameters (AddParameter): Name = "RoHS Compliant"; Value = "Yes"; VariantName = "[No Variations]"
Change component parameters (AddParameter): Name = "Stock"; Value = "3"; VariantName = "[No Variations]"
Change component parameters (AddParameter): Name = "Supplier"; Value = "Rs"; VariantName = "[No Variations]"
Change component parameters (AddParameter): Name = "Supplier Part Number"; Value = "8163493"; VariantName = "[No Variations]"
Change component parameters (AddParameter): Name = "Surface Mount"; Value = "No"; VariantName = "[No Variations]"
Change component parameters (AddParameter): Name = "Technology"; Value = "HYBRID"; VariantName = "[No Variations]"
Change component parameters (AddParameter): Name = "Temperature Grade"; Value = "INDUSTRIAL"; VariantName = "[No Variations]"
Change component parameters (AddParameter): Name = "Terminal Form"; Value = "Through Hole"; VariantName = "[No Variations]"
Change component parameters (AddParameter): Name = "Terminal Pitch"; Value = "2.54mm"; VariantName = "[No Variations]"
Change component parameters (AddParameter): Name = "Terminal Position"; Value = "SINGLE"; VariantName = "[No Variations]"
Change component parameters (AddParameter): Name = "Throw Configuration"; Value = "DC-DC REGULATED POWER SUPPLY MODULE"; VariantName = "[No Variations]"
Change component parameters (AddParameter): Name = "Trim/Adjustable Output"; Value = "No"; VariantName = "[No Variations]"
Change component parameters (AddParameter): Name = "Width"; Value = "9.95mm"; VariantName = "[No Variations]"
Change component parameters: Designator = "DCDC_HS_C" ("DCDC_HS"); Footprint = "MGJ2D051802BSC"; UniqueID = "\SWPWGXJS\DPQVRHBR\CPGKUXDN" ("\SWPWGXJS\DPQVRHBR\CPGKUXDN")
Change component parameters (AddParameter): Name = "Category"; Value = "Board Mount Modules"; VariantName = "[No Variations]"
Change component parameters (AddParameter): Name = "Manufacturer 1"; Value = "Murata"; VariantName = "[No Variations]"
Change component parameters (AddParameter): Name = "Manufacturer Part Number"; Value = "MGJ2D051802BSC"; VariantName = "[No Variations]"
Change component parameters (AddParameter): Name = "Manufacturer Part Number 1"; Value = "MGJ2D051802BSC"; VariantName = "[No Variations]"
Change component parameters (AddParameter): Name = "Pricing 1"; Value = "25=5,1192, 30=4,9896, 60=4,86, 130=4,7304, 250=4,6008, 1300=4,4712, 2500=4,3416 (USD)"; VariantName = "[No Variations]"
Change component parameters (AddParameter): Name = "RoHS"; Value = "No"; VariantName = "[No Variations]"
Change component parameters (AddParameter): Name = "Stock 1"; Value = "25"; VariantName = "[No Variations]"
Change component parameters (AddParameter): Name = "Supplier 1"; Value = "Avnet"; VariantName = "[No Variations]"
Change component parameters (AddParameter): Name = "Supplier Part Number 1"; Value = "MGJ2D051802BSC"; VariantName = "[No Variations]"
Change component parameters (AddParameter): Name = "Category"; Value = "Board Mount Modules"; VariantName = "[No Variations]"
Change component parameters (AddParameter): Name = "Manufacturer 1"; Value = "Murata"; VariantName = "[No Variations]"
Change component parameters (AddParameter): Name = "Manufacturer Part Number"; Value = "MGJ2D051802BSC"; VariantName = "[No Variations]"
Change component parameters (AddParameter): Name = "Manufacturer Part Number 1"; Value = "MGJ2D051802BSC"; VariantName = "[No Variations]"
Change component parameters (AddParameter): Name = "Pricing 1"; Value = "25=5,1192, 30=4,9896, 60=4,86, 130=4,7304, 250=4,6008, 1300=4,4712, 2500=4,3416 (USD)"; VariantName = "[No Variations]"
Change component parameters (AddParameter): Name = "RoHS"; Value = "No"; VariantName = "[No Variations]"
Change component parameters (AddParameter): Name = "Stock 1"; Value = "25"; VariantName = "[No Variations]"
Change component parameters (AddParameter): Name = "Supplier 1"; Value = "Avnet"; VariantName = "[No Variations]"
Change component parameters (AddParameter): Name = "Supplier Part Number 1"; Value = "MGJ2D051802BSC"; VariantName = "[No Variations]"
Change component parameters (AddParameter): Name = "Category"; Value = "Board Mount Modules"; VariantName = "[No Variations]"
Change component parameters (AddParameter): Name = "Channels"; Value = "1"; VariantName = "[No Variations]"
Change component parameters (AddParameter): Name = "ComponentLink1Description"; Value = "https://datasheet.ciiva.com:443/pdfs/VipMasterIC/IC/MUPS/MUPS-S-A0006602125/MUPS-S-A0006602125-1.pdf?src-supplier=IHS+Markit"; VariantName = "[No Variations]"
Change component parameters (AddParameter): Name = "ComponentLink1URL"; Value = "https://datasheet.ciiva.com:443/pdfs/VipMasterIC/IC/MUPS/MUPS-S-A0006602125/MUPS-S-A0006602125-1.pdf?src-supplier=IHS+Markit"; VariantName = "[No Variations]"
Change component parameters (AddParameter): Name = "ComponentLink2Description"; Value = "https://datasheet.ciiva.com/48668/kdc-mgj2-48668906.pdf?src-supplier=Avnet"; VariantName = "[No Variations]"
Change component parameters (AddParameter): Name = "ComponentLink2URL"; Value = "https://datasheet.ciiva.com/48668/kdc-mgj2-48668906.pdf?src-supplier=Avnet"; VariantName = "[No Variations]"
Change component parameters (AddParameter): Name = "Height - Seated (Max)"; Value = "12.65mm"; VariantName = "[No Variations]"
Change component parameters (AddParameter): Name = "Length"; Value = "19.65mm"; VariantName = "[No Variations]"
Change component parameters (AddParameter): Name = "Load Regulation-Max"; Value = "7%"; VariantName = "[No Variations]"
Change component parameters (AddParameter): Name = "Manufacturer"; Value = "Murata"; VariantName = "[No Variations]"
Change component parameters (AddParameter): Name = "Manufacturer Part Number"; Value = "MGJ2D051505SC"; VariantName = "[No Variations]"
Change component parameters (AddParameter): Name = "Max Operating Temperature"; Value = "95°C"; VariantName = "[No Variations]"
Change component parameters (AddParameter): Name = "Max Output Power"; Value = "2W"; VariantName = "[No Variations]"
Change component parameters (AddParameter): Name = "Max Supply Voltage"; Value = "5.5V"; VariantName = "[No Variations]"
Change component parameters (AddParameter): Name = "Min Input Voltage"; Value = "4.5V"; VariantName = "[No Variations]"
Change component parameters (AddParameter): Name = "Min Operating Temperature"; Value = "-40°C"; VariantName = "[No Variations]"
Change component parameters (AddParameter): Name = "Nominal Output Voltage"; Value = "15V"; VariantName = "[No Variations]"
Change component parameters (AddParameter): Name = "Nominal Supply Voltage"; Value = "5V"; VariantName = "[No Variations]"
Change component parameters (AddParameter): Name = "Number of Outputs"; Value = "2"; VariantName = "[No Variations]"
Change component parameters (AddParameter): Name = "Package Shape"; Value = "Rectangular"; VariantName = "[No Variations]"
Change component parameters (AddParameter): Name = "Package Style"; Value = "MICROELECTRONIC ASSEMBLYMeter"; VariantName = "[No Variations]"
Change component parameters (AddParameter): Name = "Pins"; Value = "5"; VariantName = "[No Variations]"
Change component parameters (AddParameter): Name = "Pricing"; Value = "1=7,73, 5=7,49, 10=7,27, 25=7,03, 50=6,81 (EUR)"; VariantName = "[No Variations]"
Change component parameters (AddParameter): Name = "Reach SVHC Compliant"; Value = "Yes"; VariantName = "[No Variations]"
Change component parameters (AddParameter): Name = "RoHS"; Value = "Yes"; VariantName = "[No Variations]"
Change component parameters (AddParameter): Name = "RoHS Compliant"; Value = "Yes"; VariantName = "[No Variations]"
Change component parameters (AddParameter): Name = "Stock"; Value = "3"; VariantName = "[No Variations]"
Change component parameters (AddParameter): Name = "Supplier"; Value = "Rs"; VariantName = "[No Variations]"
Change component parameters (AddParameter): Name = "Supplier Part Number"; Value = "8163493"; VariantName = "[No Variations]"
Change component parameters (AddParameter): Name = "Surface Mount"; Value = "No"; VariantName = "[No Variations]"
Change component parameters (AddParameter): Name = "Technology"; Value = "HYBRID"; VariantName = "[No Variations]"
Change component parameters (AddParameter): Name = "Temperature Grade"; Value = "INDUSTRIAL"; VariantName = "[No Variations]"
Change component parameters (AddParameter): Name = "Terminal Form"; Value = "Through Hole"; VariantName = "[No Variations]"
Change component parameters (AddParameter): Name = "Terminal Pitch"; Value = "2.54mm"; VariantName = "[No Variations]"
Change component parameters (AddParameter): Name = "Terminal Position"; Value = "SINGLE"; VariantName = "[No Variations]"
Change component parameters (AddParameter): Name = "Throw Configuration"; Value = "DC-DC REGULATED POWER SUPPLY MODULE"; VariantName = "[No Variations]"
Change component parameters (AddParameter): Name = "Trim/Adjustable Output"; Value = "No"; VariantName = "[No Variations]"
Change component parameters (AddParameter): Name = "Width"; Value = "9.95mm"; VariantName = "[No Variations]"
Change component parameters: Designator = "DCDC_LS_A" ("DCDC_LS"); Footprint = "MGJ2D051802BSC"; UniqueID = "\SWPWGXJS\ELANWSHG\VMNKJLJG" ("\SWPWGXJS\ELANWSHG\VMNKJLJG")
Change component parameters (AddParameter): Name = "Category"; Value = "Board Mount Modules"; VariantName = "[No Variations]"
Change component parameters (AddParameter): Name = "Manufacturer 1"; Value = "Murata"; VariantName = "[No Variations]"
Change component parameters (AddParameter): Name = "Manufacturer Part Number"; Value = "MGJ2D051802BSC"; VariantName = "[No Variations]"
Change component parameters (AddParameter): Name = "Manufacturer Part Number 1"; Value = "MGJ2D051802BSC"; VariantName = "[No Variations]"
Change component parameters (AddParameter): Name = "Pricing 1"; Value = "25=5,1192, 30=4,9896, 60=4,86, 130=4,7304, 250=4,6008, 1300=4,4712, 2500=4,3416 (USD)"; VariantName = "[No Variations]"
Change component parameters (AddParameter): Name = "RoHS"; Value = "No"; VariantName = "[No Variations]"
Change component parameters (AddParameter): Name = "Stock 1"; Value = "25"; VariantName = "[No Variations]"
Change component parameters (AddParameter): Name = "Supplier 1"; Value = "Avnet"; VariantName = "[No Variations]"
Change component parameters (AddParameter): Name = "Supplier Part Number 1"; Value = "MGJ2D051802BSC"; VariantName = "[No Variations]"
Change component parameters (AddParameter): Name = "Category"; Value = "Board Mount Modules"; VariantName = "[No Variations]"
Change component parameters (AddParameter): Name = "Manufacturer 1"; Value = "Murata"; VariantName = "[No Variations]"
Change component parameters (AddParameter): Name = "Manufacturer Part Number"; Value = "MGJ2D051802BSC"; VariantName = "[No Variations]"
Change component parameters (AddParameter): Name = "Manufacturer Part Number 1"; Value = "MGJ2D051802BSC"; VariantName = "[No Variations]"
Change component parameters (AddParameter): Name = "Pricing 1"; Value = "25=5,1192, 30=4,9896, 60=4,86, 130=4,7304, 250=4,6008, 1300=4,4712, 2500=4,3416 (USD)"; VariantName = "[No Variations]"
Change component parameters (AddParameter): Name = "RoHS"; Value = "No"; VariantName = "[No Variations]"
Change component parameters (AddParameter): Name = "Stock 1"; Value = "25"; VariantName = "[No Variations]"
Change component parameters (AddParameter): Name = "Supplier 1"; Value = "Avnet"; VariantName = "[No Variations]"
Change component parameters (AddParameter): Name = "Supplier Part Number 1"; Value = "MGJ2D051802BSC"; VariantName = "[No Variations]"
Change component parameters (AddParameter): Name = "Category"; Value = "Board Mount Modules"; VariantName = "[No Variations]"
Change component parameters (AddParameter): Name = "Channels"; Value = "1"; VariantName = "[No Variations]"
Change component parameters (AddParameter): Name = "ComponentLink1Description"; Value = "https://datasheet.ciiva.com:443/pdfs/VipMasterIC/IC/MUPS/MUPS-S-A0006602125/MUPS-S-A0006602125-1.pdf?src-supplier=IHS+Markit"; VariantName = "[No Variations]"
Change component parameters (AddParameter): Name = "ComponentLink1URL"; Value = "https://datasheet.ciiva.com:443/pdfs/VipMasterIC/IC/MUPS/MUPS-S-A0006602125/MUPS-S-A0006602125-1.pdf?src-supplier=IHS+Markit"; VariantName = "[No Variations]"
Change component parameters (AddParameter): Name = "ComponentLink2Description"; Value = "https://datasheet.ciiva.com/48668/kdc-mgj2-48668906.pdf?src-supplier=Avnet"; VariantName = "[No Variations]"
Change component parameters (AddParameter): Name = "ComponentLink2URL"; Value = "https://datasheet.ciiva.com/48668/kdc-mgj2-48668906.pdf?src-supplier=Avnet"; VariantName = "[No Variations]"
Change component parameters (AddParameter): Name = "Height - Seated (Max)"; Value = "12.65mm"; VariantName = "[No Variations]"
Change component parameters (AddParameter): Name = "Length"; Value = "19.65mm"; VariantName = "[No Variations]"
Change component parameters (AddParameter): Name = "Load Regulation-Max"; Value = "7%"; VariantName = "[No Variations]"
Change component parameters (AddParameter): Name = "Manufacturer"; Value = "Murata"; VariantName = "[No Variations]"
Change component parameters (AddParameter): Name = "Manufacturer Part Number"; Value = "MGJ2D051505SC"; VariantName = "[No Variations]"
Change component parameters (AddParameter): Name = "Max Operating Temperature"; Value = "95°C"; VariantName = "[No Variations]"
Change component parameters (AddParameter): Name = "Max Output Power"; Value = "2W"; VariantName = "[No Variations]"
Change component parameters (AddParameter): Name = "Max Supply Voltage"; Value = "5.5V"; VariantName = "[No Variations]"
Change component parameters (AddParameter): Name = "Min Input Voltage"; Value = "4.5V"; VariantName = "[No Variations]"
Change component parameters (AddParameter): Name = "Min Operating Temperature"; Value = "-40°C"; VariantName = "[No Variations]"
Change component parameters (AddParameter): Name = "Nominal Output Voltage"; Value = "15V"; VariantName = "[No Variations]"
Change component parameters (AddParameter): Name = "Nominal Supply Voltage"; Value = "5V"; VariantName = "[No Variations]"
Change component parameters (AddParameter): Name = "Number of Outputs"; Value = "2"; VariantName = "[No Variations]"
Change component parameters (AddParameter): Name = "Package Shape"; Value = "Rectangular"; VariantName = "[No Variations]"
Change component parameters (AddParameter): Name = "Package Style"; Value = "MICROELECTRONIC ASSEMBLYMeter"; VariantName = "[No Variations]"
Change component parameters (AddParameter): Name = "Pins"; Value = "5"; VariantName = "[No Variations]"
Change component parameters (AddParameter): Name = "Pricing"; Value = "1=7,73, 5=7,49, 10=7,27, 25=7,03, 50=6,81 (EUR)"; VariantName = "[No Variations]"
Change component parameters (AddParameter): Name = "Reach SVHC Compliant"; Value = "Yes"; VariantName = "[No Variations]"
Change component parameters (AddParameter): Name = "RoHS"; Value = "Yes"; VariantName = "[No Variations]"
Change component parameters (AddParameter): Name = "RoHS Compliant"; Value = "Yes"; VariantName = "[No Variations]"
Change component parameters (AddParameter): Name = "Stock"; Value = "3"; VariantName = "[No Variations]"
Change component parameters (AddParameter): Name = "Supplier"; Value = "Rs"; VariantName = "[No Variations]"
Change component parameters (AddParameter): Name = "Supplier Part Number"; Value = "8163493"; VariantName = "[No Variations]"
Change component parameters (AddParameter): Name = "Surface Mount"; Value = "No"; VariantName = "[No Variations]"
Change component parameters (AddParameter): Name = "Technology"; Value = "HYBRID"; VariantName = "[No Variations]"
Change component parameters (AddParameter): Name = "Temperature Grade"; Value = "INDUSTRIAL"; VariantName = "[No Variations]"
Change component parameters (AddParameter): Name = "Terminal Form"; Value = "Through Hole"; VariantName = "[No Variations]"
Change component parameters (AddParameter): Name = "Terminal Pitch"; Value = "2.54mm"; VariantName = "[No Variations]"
Change component parameters (AddParameter): Name = "Terminal Position"; Value = "SINGLE"; VariantName = "[No Variations]"
Change component parameters (AddParameter): Name = "Throw Configuration"; Value = "DC-DC REGULATED POWER SUPPLY MODULE"; VariantName = "[No Variations]"
Change component parameters (AddParameter): Name = "Trim/Adjustable Output"; Value = "No"; VariantName = "[No Variations]"
Change component parameters (AddParameter): Name = "Width"; Value = "9.95mm"; VariantName = "[No Variations]"
Change component parameters: Designator = "DCDC_LS_B" ("DCDC_LS"); Footprint = "MGJ2D051802BSC"; UniqueID = "\SWPWGXJS\VQXWHYIX\VMNKJLJG" ("\SWPWGXJS\VQXWHYIX\VMNKJLJG")
Change component parameters (AddParameter): Name = "Category"; Value = "Board Mount Modules"; VariantName = "[No Variations]"
Change component parameters (AddParameter): Name = "Manufacturer 1"; Value = "Murata"; VariantName = "[No Variations]"
Change component parameters (AddParameter): Name = "Manufacturer Part Number"; Value = "MGJ2D051802BSC"; VariantName = "[No Variations]"
Change component parameters (AddParameter): Name = "Manufacturer Part Number 1"; Value = "MGJ2D051802BSC"; VariantName = "[No Variations]"
Change component parameters (AddParameter): Name = "Pricing 1"; Value = "25=5,1192, 30=4,9896, 60=4,86, 130=4,7304, 250=4,6008, 1300=4,4712, 2500=4,3416 (USD)"; VariantName = "[No Variations]"
Change component parameters (AddParameter): Name = "RoHS"; Value = "No"; VariantName = "[No Variations]"
Change component parameters (AddParameter): Name = "Stock 1"; Value = "25"; VariantName = "[No Variations]"
Change component parameters (AddParameter): Name = "Supplier 1"; Value = "Avnet"; VariantName = "[No Variations]"
Change component parameters (AddParameter): Name = "Supplier Part Number 1"; Value = "MGJ2D051802BSC"; VariantName = "[No Variations]"
Change component parameters (AddParameter): Name = "Category"; Value = "Board Mount Modules"; VariantName = "[No Variations]"
Change component parameters (AddParameter): Name = "Manufacturer 1"; Value = "Murata"; VariantName = "[No Variations]"
Change component parameters (AddParameter): Name = "Manufacturer Part Number"; Value = "MGJ2D051802BSC"; VariantName = "[No Variations]"
Change component parameters (AddParameter): Name = "Manufacturer Part Number 1"; Value = "MGJ2D051802BSC"; VariantName = "[No Variations]"
Change component parameters (AddParameter): Name = "Pricing 1"; Value = "25=5,1192, 30=4,9896, 60=4,86, 130=4,7304, 250=4,6008, 1300=4,4712, 2500=4,3416 (USD)"; VariantName = "[No Variations]"
Change component parameters (AddParameter): Name = "RoHS"; Value = "No"; VariantName = "[No Variations]"
Change component parameters (AddParameter): Name = "Stock 1"; Value = "25"; VariantName = "[No Variations]"
Change component parameters (AddParameter): Name = "Supplier 1"; Value = "Avnet"; VariantName = "[No Variations]"
Change component parameters (AddParameter): Name = "Supplier Part Number 1"; Value = "MGJ2D051802BSC"; VariantName = "[No Variations]"
Change component parameters (AddParameter): Name = "Category"; Value = "Board Mount Modules"; VariantName = "[No Variations]"
Change component parameters (AddParameter): Name = "Channels"; Value = "1"; VariantName = "[No Variations]"
Change component parameters (AddParameter): Name = "ComponentLink1Description"; Value = "https://datasheet.ciiva.com:443/pdfs/VipMasterIC/IC/MUPS/MUPS-S-A0006602125/MUPS-S-A0006602125-1.pdf?src-supplier=IHS+Markit"; VariantName = "[No Variations]"
Change component parameters (AddParameter): Name = "ComponentLink1URL"; Value = "https://datasheet.ciiva.com:443/pdfs/VipMasterIC/IC/MUPS/MUPS-S-A0006602125/MUPS-S-A0006602125-1.pdf?src-supplier=IHS+Markit"; VariantName = "[No Variations]"
Change component parameters (AddParameter): Name = "ComponentLink2Description"; Value = "https://datasheet.ciiva.com/48668/kdc-mgj2-48668906.pdf?src-supplier=Avnet"; VariantName = "[No Variations]"
Change component parameters (AddParameter): Name = "ComponentLink2URL"; Value = "https://datasheet.ciiva.com/48668/kdc-mgj2-48668906.pdf?src-supplier=Avnet"; VariantName = "[No Variations]"
Change component parameters (AddParameter): Name = "Height - Seated (Max)"; Value = "12.65mm"; VariantName = "[No Variations]"
Change component parameters (AddParameter): Name = "Length"; Value = "19.65mm"; VariantName = "[No Variations]"
Change component parameters (AddParameter): Name = "Load Regulation-Max"; Value = "7%"; VariantName = "[No Variations]"
Change component parameters (AddParameter): Name = "Manufacturer"; Value = "Murata"; VariantName = "[No Variations]"
Change component parameters (AddParameter): Name = "Manufacturer Part Number"; Value = "MGJ2D051505SC"; VariantName = "[No Variations]"
Change component parameters (AddParameter): Name = "Max Operating Temperature"; Value = "95°C"; VariantName = "[No Variations]"
Change component parameters (AddParameter): Name = "Max Output Power"; Value = "2W"; VariantName = "[No Variations]"
Change component parameters (AddParameter): Name = "Max Supply Voltage"; Value = "5.5V"; VariantName = "[No Variations]"
Change component parameters (AddParameter): Name = "Min Input Voltage"; Value = "4.5V"; VariantName = "[No Variations]"
Change component parameters (AddParameter): Name = "Min Operating Temperature"; Value = "-40°C"; VariantName = "[No Variations]"
Change component parameters (AddParameter): Name = "Nominal Output Voltage"; Value = "15V"; VariantName = "[No Variations]"
Change component parameters (AddParameter): Name = "Nominal Supply Voltage"; Value = "5V"; VariantName = "[No Variations]"
Change component parameters (AddParameter): Name = "Number of Outputs"; Value = "2"; VariantName = "[No Variations]"
Change component parameters (AddParameter): Name = "Package Shape"; Value = "Rectangular"; VariantName = "[No Variations]"
Change component parameters (AddParameter): Name = "Package Style"; Value = "MICROELECTRONIC ASSEMBLYMeter"; VariantName = "[No Variations]"
Change component parameters (AddParameter): Name = "Pins"; Value = "5"; VariantName = "[No Variations]"
Change component parameters (AddParameter): Name = "Pricing"; Value = "1=7,73, 5=7,49, 10=7,27, 25=7,03, 50=6,81 (EUR)"; VariantName = "[No Variations]"
Change component parameters (AddParameter): Name = "Reach SVHC Compliant"; Value = "Yes"; VariantName = "[No Variations]"
Change component parameters (AddParameter): Name = "RoHS"; Value = "Yes"; VariantName = "[No Variations]"
Change component parameters (AddParameter): Name = "RoHS Compliant"; Value = "Yes"; VariantName = "[No Variations]"
Change component parameters (AddParameter): Name = "Stock"; Value = "3"; VariantName = "[No Variations]"
Change component parameters (AddParameter): Name = "Supplier"; Value = "Rs"; VariantName = "[No Variations]"
Change component parameters (AddParameter): Name = "Supplier Part Number"; Value = "8163493"; VariantName = "[No Variations]"
Change component parameters (AddParameter): Name = "Surface Mount"; Value = "No"; VariantName = "[No Variations]"
Change component parameters (AddParameter): Name = "Technology"; Value = "HYBRID"; VariantName = "[No Variations]"
Change component parameters (AddParameter): Name = "Temperature Grade"; Value = "INDUSTRIAL"; VariantName = "[No Variations]"
Change component parameters (AddParameter): Name = "Terminal Form"; Value = "Through Hole"; VariantName = "[No Variations]"
Change component parameters (AddParameter): Name = "Terminal Pitch"; Value = "2.54mm"; VariantName = "[No Variations]"
Change component parameters (AddParameter): Name = "Terminal Position"; Value = "SINGLE"; VariantName = "[No Variations]"
Change component parameters (AddParameter): Name = "Throw Configuration"; Value = "DC-DC REGULATED POWER SUPPLY MODULE"; VariantName = "[No Variations]"
Change component parameters (AddParameter): Name = "Trim/Adjustable Output"; Value = "No"; VariantName = "[No Variations]"
Change component parameters (AddParameter): Name = "Width"; Value = "9.95mm"; VariantName = "[No Variations]"
Change component parameters: Designator = "DCDC_LS_C" ("DCDC_LS"); Footprint = "MGJ2D051802BSC"; UniqueID = "\SWPWGXJS\DPQVRHBR\VMNKJLJG" ("\SWPWGXJS\DPQVRHBR\VMNKJLJG")
Change component parameters (AddParameter): Name = "Category"; Value = "Board Mount Modules"; VariantName = "[No Variations]"
Change component parameters (AddParameter): Name = "Manufacturer 1"; Value = "Murata"; VariantName = "[No Variations]"
Change component parameters (AddParameter): Name = "Manufacturer Part Number"; Value = "MGJ2D051802BSC"; VariantName = "[No Variations]"
Change component parameters (AddParameter): Name = "Manufacturer Part Number 1"; Value = "MGJ2D051802BSC"; VariantName = "[No Variations]"
Change component parameters (AddParameter): Name = "Pricing 1"; Value = "25=5,1192, 30=4,9896, 60=4,86, 130=4,7304, 250=4,6008, 1300=4,4712, 2500=4,3416 (USD)"; VariantName = "[No Variations]"
Change component parameters (AddParameter): Name = "RoHS"; Value = "No"; VariantName = "[No Variations]"
Change component parameters (AddParameter): Name = "Stock 1"; Value = "25"; VariantName = "[No Variations]"
Change component parameters (AddParameter): Name = "Supplier 1"; Value = "Avnet"; VariantName = "[No Variations]"
Change component parameters (AddParameter): Name = "Supplier Part Number 1"; Value = "MGJ2D051802BSC"; VariantName = "[No Variations]"
Change component parameters (AddParameter): Name = "Category"; Value = "Board Mount Modules"; VariantName = "[No Variations]"
Change component parameters (AddParameter): Name = "Manufacturer 1"; Value = "Murata"; VariantName = "[No Variations]"
Change component parameters (AddParameter): Name = "Manufacturer Part Number"; Value = "MGJ2D051802BSC"; VariantName = "[No Variations]"
Change component parameters (AddParameter): Name = "Manufacturer Part Number 1"; Value = "MGJ2D051802BSC"; VariantName = "[No Variations]"
Change component parameters (AddParameter): Name = "Pricing 1"; Value = "25=5,1192, 30=4,9896, 60=4,86, 130=4,7304, 250=4,6008, 1300=4,4712, 2500=4,3416 (USD)"; VariantName = "[No Variations]"
Change component parameters (AddParameter): Name = "RoHS"; Value = "No"; VariantName = "[No Variations]"
Change component parameters (AddParameter): Name = "Stock 1"; Value = "25"; VariantName = "[No Variations]"
Change component parameters (AddParameter): Name = "Supplier 1"; Value = "Avnet"; VariantName = "[No Variations]"
Change component parameters (AddParameter): Name = "Supplier Part Number 1"; Value = "MGJ2D051802BSC"; VariantName = "[No Variations]"
Change component parameters (AddParameter): Name = "Category"; Value = "Board Mount Modules"; VariantName = "[No Variations]"
Change component parameters (AddParameter): Name = "Channels"; Value = "1"; VariantName = "[No Variations]"
Change component parameters (AddParameter): Name = "ComponentLink1Description"; Value = "https://datasheet.ciiva.com:443/pdfs/VipMasterIC/IC/MUPS/MUPS-S-A0006602125/MUPS-S-A0006602125-1.pdf?src-supplier=IHS+Markit"; VariantName = "[No Variations]"
Change component parameters (AddParameter): Name = "ComponentLink1URL"; Value = "https://datasheet.ciiva.com:443/pdfs/VipMasterIC/IC/MUPS/MUPS-S-A0006602125/MUPS-S-A0006602125-1.pdf?src-supplier=IHS+Markit"; VariantName = "[No Variations]"
Change component parameters (AddParameter): Name = "ComponentLink2Description"; Value = "https://datasheet.ciiva.com/48668/kdc-mgj2-48668906.pdf?src-supplier=Avnet"; VariantName = "[No Variations]"
Change component parameters (AddParameter): Name = "ComponentLink2URL"; Value = "https://datasheet.ciiva.com/48668/kdc-mgj2-48668906.pdf?src-supplier=Avnet"; VariantName = "[No Variations]"
Change component parameters (AddParameter): Name = "Height - Seated (Max)"; Value = "12.65mm"; VariantName = "[No Variations]"
Change component parameters (AddParameter): Name = "Length"; Value = "19.65mm"; VariantName = "[No Variations]"
Change component parameters (AddParameter): Name = "Load Regulation-Max"; Value = "7%"; VariantName = "[No Variations]"
Change component parameters (AddParameter): Name = "Manufacturer"; Value = "Murata"; VariantName = "[No Variations]"
Change component parameters (AddParameter): Name = "Manufacturer Part Number"; Value = "MGJ2D051505SC"; VariantName = "[No Variations]"
Change component parameters (AddParameter): Name = "Max Operating Temperature"; Value = "95°C"; VariantName = "[No Variations]"
Change component parameters (AddParameter): Name = "Max Output Power"; Value = "2W"; VariantName = "[No Variations]"
Change component parameters (AddParameter): Name = "Max Supply Voltage"; Value = "5.5V"; VariantName = "[No Variations]"
Change component parameters (AddParameter): Name = "Min Input Voltage"; Value = "4.5V"; VariantName = "[No Variations]"
Change component parameters (AddParameter): Name = "Min Operating Temperature"; Value = "-40°C"; VariantName = "[No Variations]"
Change component parameters (AddParameter): Name = "Nominal Output Voltage"; Value = "15V"; VariantName = "[No Variations]"
Change component parameters (AddParameter): Name = "Nominal Supply Voltage"; Value = "5V"; VariantName = "[No Variations]"
Change component parameters (AddParameter): Name = "Number of Outputs"; Value = "2"; VariantName = "[No Variations]"
Change component parameters (AddParameter): Name = "Package Shape"; Value = "Rectangular"; VariantName = "[No Variations]"
Change component parameters (AddParameter): Name = "Package Style"; Value = "MICROELECTRONIC ASSEMBLYMeter"; VariantName = "[No Variations]"
Change component parameters (AddParameter): Name = "Pins"; Value = "5"; VariantName = "[No Variations]"
Change component parameters (AddParameter): Name = "Pricing"; Value = "1=7,73, 5=7,49, 10=7,27, 25=7,03, 50=6,81 (EUR)"; VariantName = "[No Variations]"
Change component parameters (AddParameter): Name = "Reach SVHC Compliant"; Value = "Yes"; VariantName = "[No Variations]"
Change component parameters (AddParameter): Name = "RoHS"; Value = "Yes"; VariantName = "[No Variations]"
Change component parameters (AddParameter): Name = "RoHS Compliant"; Value = "Yes"; VariantName = "[No Variations]"
Change component parameters (AddParameter): Name = "Stock"; Value = "3"; VariantName = "[No Variations]"
Change component parameters (AddParameter): Name = "Supplier"; Value = "Rs"; VariantName = "[No Variations]"
Change component parameters (AddParameter): Name = "Supplier Part Number"; Value = "8163493"; VariantName = "[No Variations]"
Change component parameters (AddParameter): Name = "Surface Mount"; Value = "No"; VariantName = "[No Variations]"
Change component parameters (AddParameter): Name = "Technology"; Value = "HYBRID"; VariantName = "[No Variations]"
Change component parameters (AddParameter): Name = "Temperature Grade"; Value = "INDUSTRIAL"; VariantName = "[No Variations]"
Change component parameters (AddParameter): Name = "Terminal Form"; Value = "Through Hole"; VariantName = "[No Variations]"
Change component parameters (AddParameter): Name = "Terminal Pitch"; Value = "2.54mm"; VariantName = "[No Variations]"
Change component parameters (AddParameter): Name = "Terminal Position"; Value = "SINGLE"; VariantName = "[No Variations]"
Change component parameters (AddParameter): Name = "Throw Configuration"; Value = "DC-DC REGULATED POWER SUPPLY MODULE"; VariantName = "[No Variations]"
Change component parameters (AddParameter): Name = "Trim/Adjustable Output"; Value = "No"; VariantName = "[No Variations]"
Change component parameters (AddParameter): Name = "Width"; Value = "9.95mm"; VariantName = "[No Variations]"
Added Component: Designator=TP506(TestPoint)
Add component (AddParameter): Name = ".Creator"; Value = "GP"; VariantName = "[No Variations]"
Add component (AddParameter): Name = ".PCBcheck"; Value = "GP"; VariantName = "[No Variations]"
Add component (AddParameter): Name = ".SCHcheck"; Value = "GP"; VariantName = "[No Variations]"
Add component (AddParameter): Name = "Category"; Value = "TestPoint"; VariantName = "[No Variations]"
Added Component: Designator=TP507(TestPoint)
Add component (AddParameter): Name = ".Creator"; Value = "GP"; VariantName = "[No Variations]"
Add component (AddParameter): Name = ".PCBcheck"; Value = "GP"; VariantName = "[No Variations]"
Add component (AddParameter): Name = ".SCHcheck"; Value = "GP"; VariantName = "[No Variations]"
Add component (AddParameter): Name = "Category"; Value = "TestPoint"; VariantName = "[No Variations]"
Added Pin To Net: NetName=VDC_sns+ Pin=TP506-1
Added Pin To Net: NetName=VDC_sns- Pin=TP507-1
Added Member To Class: ClassName=Current_Sense Member=Component R203 CR0805-JW-103ELF
Added Member To Class: ClassName=DC Member=Component TP506 TestPoint
Added Member To Class: ClassName=DC Member=Component TP507 TestPoint
