Replace Part AUX1 TestPoint in C:\Users\dwegg\Desktop\Inverter\HW\Inverter_Power\Inverter_Power.SchDoc with TestPoint from Inverter_Libraries.SchLib
Replace Part AUX2 TestPoint in C:\Users\dwegg\Desktop\Inverter\HW\Inverter_Power\Inverter_Power.SchDoc with TestPoint from Inverter_Libraries.SchLib
Replace Part D1 DSC-0.5/30-SOD123 in C:\Users\dwegg\Desktop\Inverter\HW\Inverter_Power\Inverter_Power.SchDoc with DSC-0.5/30-SOD123 from Filter components.SchLib
Replace Part D2 DZ-6.2V-DO-214AC in C:\Users\dwegg\Desktop\Inverter\HW\Inverter_Power\Inverter_Power.SchDoc with DZ-6.2V-DO-214AC from Semiconductor.SchLib
Replace Part F1 Fuse_1A_63V_1206 in C:\Users\dwegg\Desktop\Inverter\HW\Inverter_Power\Inverter_Power.SchDoc with Fuse_1A_63V_1206 from Filter components.SchLib
Replace Part J1 613026243121 in C:\Users\dwegg\Desktop\Inverter\HW\Inverter_Power\Inverter_Power.SchDoc with 613026243121 from Inverter_Libraries.SchLib
Replace Part MH1 Mounting_Hole_M4 in C:\Users\dwegg\Desktop\Inverter\HW\Inverter_Power\Inverter_Power.SchDoc with Mounting_Hole_M4 from Electromechanical.SchLib
Replace Part MH2 Mounting_Hole_M4 in C:\Users\dwegg\Desktop\Inverter\HW\Inverter_Power\Inverter_Power.SchDoc with Mounting_Hole_M4 from Electromechanical.SchLib
Replace Part MP+ 7461063 in C:\Users\dwegg\Desktop\Inverter\HW\Inverter_Power\Inverter_Power.SchDoc with 7461063 from Inverter_Libraries.SchLib
Replace Part MP- 7461063 in C:\Users\dwegg\Desktop\Inverter\HW\Inverter_Power\Inverter_Power.SchDoc with 7461063 from Inverter_Libraries.SchLib
Replace Part MPA 7461063 in C:\Users\dwegg\Desktop\Inverter\HW\Inverter_Power\Inverter_Power.SchDoc with 7461063 from Inverter_Libraries.SchLib
Replace Part MPB 7461063 in C:\Users\dwegg\Desktop\Inverter\HW\Inverter_Power\Inverter_Power.SchDoc with 7461063 from Inverter_Libraries.SchLib
Replace Part MPC 7461063 in C:\Users\dwegg\Desktop\Inverter\HW\Inverter_Power\Inverter_Power.SchDoc with 7461063 from Inverter_Libraries.SchLib
Replace Part TP1 TestPoint in C:\Users\dwegg\Desktop\Inverter\HW\Inverter_Power\Inverter_Power.SchDoc with TestPoint from Inverter_Libraries.SchLib
Replace Part TP2 TestPoint in C:\Users\dwegg\Desktop\Inverter\HW\Inverter_Power\Inverter_Power.SchDoc with TestPoint from Inverter_Libraries.SchLib
Replace Part TP3 TestPoint in C:\Users\dwegg\Desktop\Inverter\HW\Inverter_Power\Inverter_Power.SchDoc with TestPoint from Inverter_Libraries.SchLib
Replace Part TP4 TestPoint in C:\Users\dwegg\Desktop\Inverter\HW\Inverter_Power\Inverter_Power.SchDoc with TestPoint from Inverter_Libraries.SchLib
Replace Part TP5 TestPoint in C:\Users\dwegg\Desktop\Inverter\HW\Inverter_Power\Inverter_Power.SchDoc with TestPoint from Inverter_Libraries.SchLib
Replace Part TP6 TestPoint in C:\Users\dwegg\Desktop\Inverter\HW\Inverter_Power\Inverter_Power.SchDoc with TestPoint from Inverter_Libraries.SchLib
Replace Part TP7 TestPoint in C:\Users\dwegg\Desktop\Inverter\HW\Inverter_Power\Inverter_Power.SchDoc with TestPoint from Inverter_Libraries.SchLib
Replace Part TP8 TestPoint in C:\Users\dwegg\Desktop\Inverter\HW\Inverter_Power\Inverter_Power.SchDoc with TestPoint from Inverter_Libraries.SchLib
