Removed Pin From Net: NetName=NTC3 Pin=403-1
Removed Pin From Net: NetName=NTC1 Pin=C404-2
Removed Pin From Net: NetName=NTC2 Pin=C405-2
Removed Pin From Net: NetName=NTC3 Pin=C406-2
Removed Pin From Net: NetName=NTC1 Pin=R401-1
Removed Pin From Net: NetName=NTC2 Pin=R402-1
Change Component Footprint: Designator=J1 Old Footprint=690367292076 New Footprint=690368192072
Change Component Comment : Designator=J1 Old Comment=690367292076 New Comment=690368192072
Change component parameters: Designator = "J1" ("J1"); Footprint = "690367292076"; UniqueID = "\SRDQCNZO" ("\SRDQCNZO")
Change component parameters (AddParameter): Name = "Category"; Value = "Board-to-Board Connectors"; VariantName = "[No Variations]"
Change component parameters (AddParameter): Name = "ComponentLink1Description"; Value = "Website Link"; VariantName = "[No Variations]"
Change component parameters (AddParameter): Name = "ComponentLink1URL"; Value = "https://www.we-online.com/redexpert/article/690368192072?ad"; VariantName = "[No Variations]"
Change component parameters (AddParameter): Name = "ComponentLink2Description"; Value = "Datasheet Link"; VariantName = "[No Variations]"
Change component parameters (AddParameter): Name = "ComponentLink2URL"; Value = "https://www.we-online.com/redexpert/spec/690368192072?ad"; VariantName = "[No Variations]"
Change component parameters (AddParameter): Name = "Contact Resistance"; Value = "10mO"; VariantName = "[No Variations]"
Change component parameters (AddParameter): Name = "Gender"; Value = "Female"; VariantName = "[No Variations]"
Change component parameters (AddParameter): Name = "Insulation Resistance"; Value = "1000MO"; VariantName = "[No Variations]"
Change component parameters (AddParameter): Name = "Length"; Value = "30mm"; VariantName = "[No Variations]"
Change component parameters (AddParameter): Name = "Manufacturer"; Value = "Wurth Elektronik"; VariantName = "[No Variations]"
Change component parameters (AddParameter): Name = "Manufacturer Part Number"; Value = "690368192072"; VariantName = "[No Variations]"
Change component parameters (AddParameter): Name = "Match Code"; Value = "WR-MM"; VariantName = "[No Variations]"
Change component parameters (AddParameter): Name = "Mount"; Value = "Through Hole"; VariantName = "[No Variations]"
Change component parameters (AddParameter): Name = "Number of Pins"; Value = "20"; VariantName = "[No Variations]"
Change component parameters (AddParameter): Name = "Operating Temperature Max"; Value = "105°C"; VariantName = "[No Variations]"
Change component parameters (AddParameter): Name = "Operating Temperature Min"; Value = "-40°C"; VariantName = "[No Variations]"
Change component parameters (AddParameter): Name = "Orientation"; Value = "Angled"; VariantName = "[No Variations]"
Change component parameters (AddParameter): Name = "Packaging"; Value = "Tube"; VariantName = "[No Variations]"
Change component parameters (AddParameter): Name = "Pitch"; Value = "2.54mm"; VariantName = "[No Variations]"
Change component parameters (AddParameter): Name = "Rated Current"; Value = "1.5A"; VariantName = "[No Variations]"
Change component parameters (AddParameter): Name = "Withstanding Voltage"; Value = "500VAC"; VariantName = "[No Variations]"
Change component parameters (AddParameter): Name = "Working Voltage"; Value = "250VAC"; VariantName = "[No Variations]"
Added Component: Designator=C301(C0805FNPC-R)
Added Component: Designator=C302(C0805FNPC-R)
Added Component: Designator=C303(C0805FNPC-R)
Added Component: Designator=C304(C0805FNPC-R)
Added Component: Designator=C305(C0805FNPC-R)
Added Component: Designator=C306(C0805FNPC-R)
Added Component: Designator=C307(C0805FNPC-R)
Added Component: Designator=C308(C0805FNPC-R)
Added Component: Designator=C309(C0805FNPC-R)
Added Component: Designator=C310(C0805FNPC-R)
Added Component: Designator=C311(C0805FNPC-R)
Added Component: Designator=C312(C0805FNPC-R)
Added Component: Designator=C325(C0805FNPC-R)
Add component (AddParameter): Name = ".Creator"; Value = "GP"; VariantName = "[No Variations]"
Add component (AddParameter): Name = ".PCBcheck"; Value = ""; VariantName = "[No Variations]"
Add component (AddParameter): Name = ".SCHcheck"; Value = ""; VariantName = "[No Variations]"
Add component (AddParameter): Name = "Capacitance"; Value = "1uF"; VariantName = "[No Variations]"
Add component (AddParameter): Name = "Case Code (Imperial)"; Value = "0805"; VariantName = "[No Variations]"
Add component (AddParameter): Name = "Case Code (Metric)"; Value = "2012"; VariantName = "[No Variations]"
Add component (AddParameter): Name = "Case/Package"; Value = "0805"; VariantName = "[No Variations]"
Add component (AddParameter): Name = "Category"; Value = "Ceramic Capacitors"; VariantName = "[No Variations]"
Add component (AddParameter): Name = "ComponentLink1Description"; Value = "http://www.farnell.com/datasheets/1958501.pdf?src-supplier=Farnell"; VariantName = "[No Variations]"
Add component (AddParameter): Name = "ComponentLink1URL"; Value = "http://www.farnell.com/datasheets/1958501.pdf?src-supplier=Farnell"; VariantName = "[No Variations]"
Add component (AddParameter): Name = "ComponentLink2Description"; Value = "http://www.farnell.com/datasheets/1958501.pdf?src-supplier=Element14"; VariantName = "[No Variations]"
Add component (AddParameter): Name = "ComponentLink2URL"; Value = "http://www.farnell.com/datasheets/1958501.pdf?src-supplier=Element14"; VariantName = "[No Variations]"
Add component (AddParameter): Name = "ComponentLink3Description"; Value = "https://katalog.we-online.de/pbs/datasheet/885012107003.pdf?src-supplier=Digi-Key"; VariantName = "[No Variations]"
Add component (AddParameter): Name = "ComponentLink3URL"; Value = "https://katalog.we-online.de/pbs/datasheet/885012107003.pdf?src-supplier=Digi-Key"; VariantName = "[No Variations]"
Add component (AddParameter): Name = "ComponentLink4Description"; Value = "http://www.farnell.com/datasheets/1958501.pdf?src-supplier=Newark"; VariantName = "[No Variations]"
Add component (AddParameter): Name = "ComponentLink4URL"; Value = "http://www.farnell.com/datasheets/1958501.pdf?src-supplier=Newark"; VariantName = "[No Variations]"
Add component (AddParameter): Name = "Dielectric"; Value = "X7R"; VariantName = "[No Variations]"
Add component (AddParameter): Name = "Length"; Value = "0.079inch"; VariantName = "[No Variations]"
Add component (AddParameter): Name = "Manufacturer 1"; Value = "Wurth Electronics"; VariantName = "[No Variations]"
Add component (AddParameter): Name = "Manufacturer Part Number 1"; Value = "885012207103"; VariantName = "[No Variations]"
Add component (AddParameter): Name = "Max Operating Temperature"; Value = "85°C"; VariantName = "[No Variations]"
Add component (AddParameter): Name = "Min Operating Temperature"; Value = "-55°C"; VariantName = "[No Variations]"
Add component (AddParameter): Name = "Mount"; Value = "Surface Mount"; VariantName = "[No Variations]"
Add component (AddParameter): Name = "Packaging"; Value = "Cut Tape"; VariantName = "[No Variations]"
Add component (AddParameter): Name = "Pricing 1"; Value = "50=0,27200, 250=0,25300, 500=0,22800, 1250=0,20100, 2500=0,17100 (GBP)"; VariantName = "[No Variations]"
Add component (AddParameter): Name = "REACH SVHC"; Value = "Unknown"; VariantName = "[No Variations]"
Add component (AddParameter): Name = "RoHS"; Value = "Yes"; VariantName = "[No Variations]"
Add component (AddParameter): Name = "RoHS Compliant"; Value = "Yes"; VariantName = "[No Variations]"
Add component (AddParameter): Name = "Stock 1"; Value = "5100"; VariantName = "[No Variations]"
Add component (AddParameter): Name = "Supplier 1"; Value = "RSComponents"; VariantName = "[No Variations]"
Add component (AddParameter): Name = "Supplier Part Number 1"; Value = "1813523"; VariantName = "[No Variations]"
Add component (AddParameter): Name = "Thickness"; Value = "0.053inch"; VariantName = "[No Variations]"
Add component (AddParameter): Name = "Tolerance"; Value = "10%"; VariantName = "[No Variations]"
Add component (AddParameter): Name = "Voltage Rating"; Value = "50V"; VariantName = "[No Variations]"
Add component (AddParameter): Name = "Voltage Rating (DC)"; Value = "50V"; VariantName = "[No Variations]"
Add component (AddParameter): Name = "Width"; Value = "0.049inch"; VariantName = "[No Variations]"
Added Component: Designator=C326(C0805FNPC-R)
Add component (AddParameter): Name = ".Creator"; Value = "GP"; VariantName = "[No Variations]"
Add component (AddParameter): Name = ".PCBcheck"; Value = ""; VariantName = "[No Variations]"
Add component (AddParameter): Name = ".SCHcheck"; Value = ""; VariantName = "[No Variations]"
Add component (AddParameter): Name = "Capacitance"; Value = "1uF"; VariantName = "[No Variations]"
Add component (AddParameter): Name = "Case Code (Imperial)"; Value = "0805"; VariantName = "[No Variations]"
Add component (AddParameter): Name = "Case Code (Metric)"; Value = "2012"; VariantName = "[No Variations]"
Add component (AddParameter): Name = "Case/Package"; Value = "0805"; VariantName = "[No Variations]"
Add component (AddParameter): Name = "Category"; Value = "Ceramic Capacitors"; VariantName = "[No Variations]"
Add component (AddParameter): Name = "ComponentLink1Description"; Value = "http://www.farnell.com/datasheets/1958501.pdf?src-supplier=Farnell"; VariantName = "[No Variations]"
Add component (AddParameter): Name = "ComponentLink1URL"; Value = "http://www.farnell.com/datasheets/1958501.pdf?src-supplier=Farnell"; VariantName = "[No Variations]"
Add component (AddParameter): Name = "ComponentLink2Description"; Value = "http://www.farnell.com/datasheets/1958501.pdf?src-supplier=Element14"; VariantName = "[No Variations]"
Add component (AddParameter): Name = "ComponentLink2URL"; Value = "http://www.farnell.com/datasheets/1958501.pdf?src-supplier=Element14"; VariantName = "[No Variations]"
Add component (AddParameter): Name = "ComponentLink3Description"; Value = "https://katalog.we-online.de/pbs/datasheet/885012107003.pdf?src-supplier=Digi-Key"; VariantName = "[No Variations]"
Add component (AddParameter): Name = "ComponentLink3URL"; Value = "https://katalog.we-online.de/pbs/datasheet/885012107003.pdf?src-supplier=Digi-Key"; VariantName = "[No Variations]"
Add component (AddParameter): Name = "ComponentLink4Description"; Value = "http://www.farnell.com/datasheets/1958501.pdf?src-supplier=Newark"; VariantName = "[No Variations]"
Add component (AddParameter): Name = "ComponentLink4URL"; Value = "http://www.farnell.com/datasheets/1958501.pdf?src-supplier=Newark"; VariantName = "[No Variations]"
Add component (AddParameter): Name = "Dielectric"; Value = "X7R"; VariantName = "[No Variations]"
Add component (AddParameter): Name = "Length"; Value = "0.079inch"; VariantName = "[No Variations]"
Add component (AddParameter): Name = "Manufacturer 1"; Value = "Wurth Electronics"; VariantName = "[No Variations]"
Add component (AddParameter): Name = "Manufacturer Part Number 1"; Value = "885012207103"; VariantName = "[No Variations]"
Add component (AddParameter): Name = "Max Operating Temperature"; Value = "85°C"; VariantName = "[No Variations]"
Add component (AddParameter): Name = "Min Operating Temperature"; Value = "-55°C"; VariantName = "[No Variations]"
Add component (AddParameter): Name = "Mount"; Value = "Surface Mount"; VariantName = "[No Variations]"
Add component (AddParameter): Name = "Packaging"; Value = "Cut Tape"; VariantName = "[No Variations]"
Add component (AddParameter): Name = "Pricing 1"; Value = "50=0,27200, 250=0,25300, 500=0,22800, 1250=0,20100, 2500=0,17100 (GBP)"; VariantName = "[No Variations]"
Add component (AddParameter): Name = "REACH SVHC"; Value = "Unknown"; VariantName = "[No Variations]"
Add component (AddParameter): Name = "RoHS"; Value = "Yes"; VariantName = "[No Variations]"
Add component (AddParameter): Name = "RoHS Compliant"; Value = "Yes"; VariantName = "[No Variations]"
Add component (AddParameter): Name = "Stock 1"; Value = "5100"; VariantName = "[No Variations]"
Add component (AddParameter): Name = "Supplier 1"; Value = "RSComponents"; VariantName = "[No Variations]"
Add component (AddParameter): Name = "Supplier Part Number 1"; Value = "1813523"; VariantName = "[No Variations]"
Add component (AddParameter): Name = "Thickness"; Value = "0.053inch"; VariantName = "[No Variations]"
Add component (AddParameter): Name = "Tolerance"; Value = "10%"; VariantName = "[No Variations]"
Add component (AddParameter): Name = "Voltage Rating"; Value = "50V"; VariantName = "[No Variations]"
Add component (AddParameter): Name = "Voltage Rating (DC)"; Value = "50V"; VariantName = "[No Variations]"
Add component (AddParameter): Name = "Width"; Value = "0.049inch"; VariantName = "[No Variations]"
Added Component: Designator=C327(C0805FNPC-R)
Add component (AddParameter): Name = ".Creator"; Value = "GP"; VariantName = "[No Variations]"
Add component (AddParameter): Name = ".PCBcheck"; Value = ""; VariantName = "[No Variations]"
Add component (AddParameter): Name = ".SCHcheck"; Value = ""; VariantName = "[No Variations]"
Add component (AddParameter): Name = "Capacitance"; Value = "1uF"; VariantName = "[No Variations]"
Add component (AddParameter): Name = "Case Code (Imperial)"; Value = "0805"; VariantName = "[No Variations]"
Add component (AddParameter): Name = "Case Code (Metric)"; Value = "2012"; VariantName = "[No Variations]"
Add component (AddParameter): Name = "Case/Package"; Value = "0805"; VariantName = "[No Variations]"
Add component (AddParameter): Name = "Category"; Value = "Ceramic Capacitors"; VariantName = "[No Variations]"
Add component (AddParameter): Name = "ComponentLink1Description"; Value = "http://www.farnell.com/datasheets/1958501.pdf?src-supplier=Farnell"; VariantName = "[No Variations]"
Add component (AddParameter): Name = "ComponentLink1URL"; Value = "http://www.farnell.com/datasheets/1958501.pdf?src-supplier=Farnell"; VariantName = "[No Variations]"
Add component (AddParameter): Name = "ComponentLink2Description"; Value = "http://www.farnell.com/datasheets/1958501.pdf?src-supplier=Element14"; VariantName = "[No Variations]"
Add component (AddParameter): Name = "ComponentLink2URL"; Value = "http://www.farnell.com/datasheets/1958501.pdf?src-supplier=Element14"; VariantName = "[No Variations]"
Add component (AddParameter): Name = "ComponentLink3Description"; Value = "https://katalog.we-online.de/pbs/datasheet/885012107003.pdf?src-supplier=Digi-Key"; VariantName = "[No Variations]"
Add component (AddParameter): Name = "ComponentLink3URL"; Value = "https://katalog.we-online.de/pbs/datasheet/885012107003.pdf?src-supplier=Digi-Key"; VariantName = "[No Variations]"
Add component (AddParameter): Name = "ComponentLink4Description"; Value = "http://www.farnell.com/datasheets/1958501.pdf?src-supplier=Newark"; VariantName = "[No Variations]"
Add component (AddParameter): Name = "ComponentLink4URL"; Value = "http://www.farnell.com/datasheets/1958501.pdf?src-supplier=Newark"; VariantName = "[No Variations]"
Add component (AddParameter): Name = "Dielectric"; Value = "X7R"; VariantName = "[No Variations]"
Add component (AddParameter): Name = "Length"; Value = "0.079inch"; VariantName = "[No Variations]"
Add component (AddParameter): Name = "Manufacturer 1"; Value = "Wurth Electronics"; VariantName = "[No Variations]"
Add component (AddParameter): Name = "Manufacturer Part Number 1"; Value = "885012207103"; VariantName = "[No Variations]"
Add component (AddParameter): Name = "Max Operating Temperature"; Value = "85°C"; VariantName = "[No Variations]"
Add component (AddParameter): Name = "Min Operating Temperature"; Value = "-55°C"; VariantName = "[No Variations]"
Add component (AddParameter): Name = "Mount"; Value = "Surface Mount"; VariantName = "[No Variations]"
Add component (AddParameter): Name = "Packaging"; Value = "Cut Tape"; VariantName = "[No Variations]"
Add component (AddParameter): Name = "Pricing 1"; Value = "50=0,27200, 250=0,25300, 500=0,22800, 1250=0,20100, 2500=0,17100 (GBP)"; VariantName = "[No Variations]"
Add component (AddParameter): Name = "REACH SVHC"; Value = "Unknown"; VariantName = "[No Variations]"
Add component (AddParameter): Name = "RoHS"; Value = "Yes"; VariantName = "[No Variations]"
Add component (AddParameter): Name = "RoHS Compliant"; Value = "Yes"; VariantName = "[No Variations]"
Add component (AddParameter): Name = "Stock 1"; Value = "5100"; VariantName = "[No Variations]"
Add component (AddParameter): Name = "Supplier 1"; Value = "RSComponents"; VariantName = "[No Variations]"
Add component (AddParameter): Name = "Supplier Part Number 1"; Value = "1813523"; VariantName = "[No Variations]"
Add component (AddParameter): Name = "Thickness"; Value = "0.053inch"; VariantName = "[No Variations]"
Add component (AddParameter): Name = "Tolerance"; Value = "10%"; VariantName = "[No Variations]"
Add component (AddParameter): Name = "Voltage Rating"; Value = "50V"; VariantName = "[No Variations]"
Add component (AddParameter): Name = "Voltage Rating (DC)"; Value = "50V"; VariantName = "[No Variations]"
Add component (AddParameter): Name = "Width"; Value = "0.049inch"; VariantName = "[No Variations]"
Added Component: Designator=C328(C0805FNPC-R)
Add component (AddParameter): Name = ".Creator"; Value = "GP"; VariantName = "[No Variations]"
Add component (AddParameter): Name = ".PCBcheck"; Value = ""; VariantName = "[No Variations]"
Add component (AddParameter): Name = ".SCHcheck"; Value = ""; VariantName = "[No Variations]"
Add component (AddParameter): Name = "Capacitance"; Value = "1uF"; VariantName = "[No Variations]"
Add component (AddParameter): Name = "Case Code (Imperial)"; Value = "0805"; VariantName = "[No Variations]"
Add component (AddParameter): Name = "Case Code (Metric)"; Value = "2012"; VariantName = "[No Variations]"
Add component (AddParameter): Name = "Case/Package"; Value = "0805"; VariantName = "[No Variations]"
Add component (AddParameter): Name = "Category"; Value = "Ceramic Capacitors"; VariantName = "[No Variations]"
Add component (AddParameter): Name = "ComponentLink1Description"; Value = "http://www.farnell.com/datasheets/1958501.pdf?src-supplier=Farnell"; VariantName = "[No Variations]"
Add component (AddParameter): Name = "ComponentLink1URL"; Value = "http://www.farnell.com/datasheets/1958501.pdf?src-supplier=Farnell"; VariantName = "[No Variations]"
Add component (AddParameter): Name = "ComponentLink2Description"; Value = "http://www.farnell.com/datasheets/1958501.pdf?src-supplier=Element14"; VariantName = "[No Variations]"
Add component (AddParameter): Name = "ComponentLink2URL"; Value = "http://www.farnell.com/datasheets/1958501.pdf?src-supplier=Element14"; VariantName = "[No Variations]"
Add component (AddParameter): Name = "ComponentLink3Description"; Value = "https://katalog.we-online.de/pbs/datasheet/885012107003.pdf?src-supplier=Digi-Key"; VariantName = "[No Variations]"
Add component (AddParameter): Name = "ComponentLink3URL"; Value = "https://katalog.we-online.de/pbs/datasheet/885012107003.pdf?src-supplier=Digi-Key"; VariantName = "[No Variations]"
Add component (AddParameter): Name = "ComponentLink4Description"; Value = "http://www.farnell.com/datasheets/1958501.pdf?src-supplier=Newark"; VariantName = "[No Variations]"
Add component (AddParameter): Name = "ComponentLink4URL"; Value = "http://www.farnell.com/datasheets/1958501.pdf?src-supplier=Newark"; VariantName = "[No Variations]"
Add component (AddParameter): Name = "Dielectric"; Value = "X7R"; VariantName = "[No Variations]"
Add component (AddParameter): Name = "Length"; Value = "0.079inch"; VariantName = "[No Variations]"
Add component (AddParameter): Name = "Manufacturer 1"; Value = "Wurth Electronics"; VariantName = "[No Variations]"
Add component (AddParameter): Name = "Manufacturer Part Number 1"; Value = "885012207103"; VariantName = "[No Variations]"
Add component (AddParameter): Name = "Max Operating Temperature"; Value = "85°C"; VariantName = "[No Variations]"
Add component (AddParameter): Name = "Min Operating Temperature"; Value = "-55°C"; VariantName = "[No Variations]"
Add component (AddParameter): Name = "Mount"; Value = "Surface Mount"; VariantName = "[No Variations]"
Add component (AddParameter): Name = "Packaging"; Value = "Cut Tape"; VariantName = "[No Variations]"
Add component (AddParameter): Name = "Pricing 1"; Value = "50=0,27200, 250=0,25300, 500=0,22800, 1250=0,20100, 2500=0,17100 (GBP)"; VariantName = "[No Variations]"
Add component (AddParameter): Name = "REACH SVHC"; Value = "Unknown"; VariantName = "[No Variations]"
Add component (AddParameter): Name = "RoHS"; Value = "Yes"; VariantName = "[No Variations]"
Add component (AddParameter): Name = "RoHS Compliant"; Value = "Yes"; VariantName = "[No Variations]"
Add component (AddParameter): Name = "Stock 1"; Value = "5100"; VariantName = "[No Variations]"
Add component (AddParameter): Name = "Supplier 1"; Value = "RSComponents"; VariantName = "[No Variations]"
Add component (AddParameter): Name = "Supplier Part Number 1"; Value = "1813523"; VariantName = "[No Variations]"
Add component (AddParameter): Name = "Thickness"; Value = "0.053inch"; VariantName = "[No Variations]"
Add component (AddParameter): Name = "Tolerance"; Value = "10%"; VariantName = "[No Variations]"
Add component (AddParameter): Name = "Voltage Rating"; Value = "50V"; VariantName = "[No Variations]"
Add component (AddParameter): Name = "Voltage Rating (DC)"; Value = "50V"; VariantName = "[No Variations]"
Add component (AddParameter): Name = "Width"; Value = "0.049inch"; VariantName = "[No Variations]"
Added Component: Designator=C329(C0805FNPC-R)
Add component (AddParameter): Name = ".Creator"; Value = "GP"; VariantName = "[No Variations]"
Add component (AddParameter): Name = ".PCBcheck"; Value = ""; VariantName = "[No Variations]"
Add component (AddParameter): Name = ".SCHcheck"; Value = ""; VariantName = "[No Variations]"
Add component (AddParameter): Name = "Capacitance"; Value = "1uF"; VariantName = "[No Variations]"
Add component (AddParameter): Name = "Case Code (Imperial)"; Value = "0805"; VariantName = "[No Variations]"
Add component (AddParameter): Name = "Case Code (Metric)"; Value = "2012"; VariantName = "[No Variations]"
Add component (AddParameter): Name = "Case/Package"; Value = "0805"; VariantName = "[No Variations]"
Add component (AddParameter): Name = "Category"; Value = "Ceramic Capacitors"; VariantName = "[No Variations]"
Add component (AddParameter): Name = "ComponentLink1Description"; Value = "http://www.farnell.com/datasheets/1958501.pdf?src-supplier=Farnell"; VariantName = "[No Variations]"
Add component (AddParameter): Name = "ComponentLink1URL"; Value = "http://www.farnell.com/datasheets/1958501.pdf?src-supplier=Farnell"; VariantName = "[No Variations]"
Add component (AddParameter): Name = "ComponentLink2Description"; Value = "http://www.farnell.com/datasheets/1958501.pdf?src-supplier=Element14"; VariantName = "[No Variations]"
Add component (AddParameter): Name = "ComponentLink2URL"; Value = "http://www.farnell.com/datasheets/1958501.pdf?src-supplier=Element14"; VariantName = "[No Variations]"
Add component (AddParameter): Name = "ComponentLink3Description"; Value = "https://katalog.we-online.de/pbs/datasheet/885012107003.pdf?src-supplier=Digi-Key"; VariantName = "[No Variations]"
Add component (AddParameter): Name = "ComponentLink3URL"; Value = "https://katalog.we-online.de/pbs/datasheet/885012107003.pdf?src-supplier=Digi-Key"; VariantName = "[No Variations]"
Add component (AddParameter): Name = "ComponentLink4Description"; Value = "http://www.farnell.com/datasheets/1958501.pdf?src-supplier=Newark"; VariantName = "[No Variations]"
Add component (AddParameter): Name = "ComponentLink4URL"; Value = "http://www.farnell.com/datasheets/1958501.pdf?src-supplier=Newark"; VariantName = "[No Variations]"
Add component (AddParameter): Name = "Dielectric"; Value = "X7R"; VariantName = "[No Variations]"
Add component (AddParameter): Name = "Length"; Value = "0.079inch"; VariantName = "[No Variations]"
Add component (AddParameter): Name = "Manufacturer 1"; Value = "Wurth Electronics"; VariantName = "[No Variations]"
Add component (AddParameter): Name = "Manufacturer Part Number 1"; Value = "885012207103"; VariantName = "[No Variations]"
Add component (AddParameter): Name = "Max Operating Temperature"; Value = "85°C"; VariantName = "[No Variations]"
Add component (AddParameter): Name = "Min Operating Temperature"; Value = "-55°C"; VariantName = "[No Variations]"
Add component (AddParameter): Name = "Mount"; Value = "Surface Mount"; VariantName = "[No Variations]"
Add component (AddParameter): Name = "Packaging"; Value = "Cut Tape"; VariantName = "[No Variations]"
Add component (AddParameter): Name = "Pricing 1"; Value = "50=0,27200, 250=0,25300, 500=0,22800, 1250=0,20100, 2500=0,17100 (GBP)"; VariantName = "[No Variations]"
Add component (AddParameter): Name = "REACH SVHC"; Value = "Unknown"; VariantName = "[No Variations]"
Add component (AddParameter): Name = "RoHS"; Value = "Yes"; VariantName = "[No Variations]"
Add component (AddParameter): Name = "RoHS Compliant"; Value = "Yes"; VariantName = "[No Variations]"
Add component (AddParameter): Name = "Stock 1"; Value = "5100"; VariantName = "[No Variations]"
Add component (AddParameter): Name = "Supplier 1"; Value = "RSComponents"; VariantName = "[No Variations]"
Add component (AddParameter): Name = "Supplier Part Number 1"; Value = "1813523"; VariantName = "[No Variations]"
Add component (AddParameter): Name = "Thickness"; Value = "0.053inch"; VariantName = "[No Variations]"
Add component (AddParameter): Name = "Tolerance"; Value = "10%"; VariantName = "[No Variations]"
Add component (AddParameter): Name = "Voltage Rating"; Value = "50V"; VariantName = "[No Variations]"
Add component (AddParameter): Name = "Voltage Rating (DC)"; Value = "50V"; VariantName = "[No Variations]"
Add component (AddParameter): Name = "Width"; Value = "0.049inch"; VariantName = "[No Variations]"
Added Component: Designator=C330(C0805FNPC-R)
Add component (AddParameter): Name = ".Creator"; Value = "GP"; VariantName = "[No Variations]"
Add component (AddParameter): Name = ".PCBcheck"; Value = ""; VariantName = "[No Variations]"
Add component (AddParameter): Name = ".SCHcheck"; Value = ""; VariantName = "[No Variations]"
Add component (AddParameter): Name = "Capacitance"; Value = "1uF"; VariantName = "[No Variations]"
Add component (AddParameter): Name = "Case Code (Imperial)"; Value = "0805"; VariantName = "[No Variations]"
Add component (AddParameter): Name = "Case Code (Metric)"; Value = "2012"; VariantName = "[No Variations]"
Add component (AddParameter): Name = "Case/Package"; Value = "0805"; VariantName = "[No Variations]"
Add component (AddParameter): Name = "Category"; Value = "Ceramic Capacitors"; VariantName = "[No Variations]"
Add component (AddParameter): Name = "ComponentLink1Description"; Value = "http://www.farnell.com/datasheets/1958501.pdf?src-supplier=Farnell"; VariantName = "[No Variations]"
Add component (AddParameter): Name = "ComponentLink1URL"; Value = "http://www.farnell.com/datasheets/1958501.pdf?src-supplier=Farnell"; VariantName = "[No Variations]"
Add component (AddParameter): Name = "ComponentLink2Description"; Value = "http://www.farnell.com/datasheets/1958501.pdf?src-supplier=Element14"; VariantName = "[No Variations]"
Add component (AddParameter): Name = "ComponentLink2URL"; Value = "http://www.farnell.com/datasheets/1958501.pdf?src-supplier=Element14"; VariantName = "[No Variations]"
Add component (AddParameter): Name = "ComponentLink3Description"; Value = "https://katalog.we-online.de/pbs/datasheet/885012107003.pdf?src-supplier=Digi-Key"; VariantName = "[No Variations]"
Add component (AddParameter): Name = "ComponentLink3URL"; Value = "https://katalog.we-online.de/pbs/datasheet/885012107003.pdf?src-supplier=Digi-Key"; VariantName = "[No Variations]"
Add component (AddParameter): Name = "ComponentLink4Description"; Value = "http://www.farnell.com/datasheets/1958501.pdf?src-supplier=Newark"; VariantName = "[No Variations]"
Add component (AddParameter): Name = "ComponentLink4URL"; Value = "http://www.farnell.com/datasheets/1958501.pdf?src-supplier=Newark"; VariantName = "[No Variations]"
Add component (AddParameter): Name = "Dielectric"; Value = "X7R"; VariantName = "[No Variations]"
Add component (AddParameter): Name = "Length"; Value = "0.079inch"; VariantName = "[No Variations]"
Add component (AddParameter): Name = "Manufacturer 1"; Value = "Wurth Electronics"; VariantName = "[No Variations]"
Add component (AddParameter): Name = "Manufacturer Part Number 1"; Value = "885012207103"; VariantName = "[No Variations]"
Add component (AddParameter): Name = "Max Operating Temperature"; Value = "85°C"; VariantName = "[No Variations]"
Add component (AddParameter): Name = "Min Operating Temperature"; Value = "-55°C"; VariantName = "[No Variations]"
Add component (AddParameter): Name = "Mount"; Value = "Surface Mount"; VariantName = "[No Variations]"
Add component (AddParameter): Name = "Packaging"; Value = "Cut Tape"; VariantName = "[No Variations]"
Add component (AddParameter): Name = "Pricing 1"; Value = "50=0,27200, 250=0,25300, 500=0,22800, 1250=0,20100, 2500=0,17100 (GBP)"; VariantName = "[No Variations]"
Add component (AddParameter): Name = "REACH SVHC"; Value = "Unknown"; VariantName = "[No Variations]"
Add component (AddParameter): Name = "RoHS"; Value = "Yes"; VariantName = "[No Variations]"
Add component (AddParameter): Name = "RoHS Compliant"; Value = "Yes"; VariantName = "[No Variations]"
Add component (AddParameter): Name = "Stock 1"; Value = "5100"; VariantName = "[No Variations]"
Add component (AddParameter): Name = "Supplier 1"; Value = "RSComponents"; VariantName = "[No Variations]"
Add component (AddParameter): Name = "Supplier Part Number 1"; Value = "1813523"; VariantName = "[No Variations]"
Add component (AddParameter): Name = "Thickness"; Value = "0.053inch"; VariantName = "[No Variations]"
Add component (AddParameter): Name = "Tolerance"; Value = "10%"; VariantName = "[No Variations]"
Add component (AddParameter): Name = "Voltage Rating"; Value = "50V"; VariantName = "[No Variations]"
Add component (AddParameter): Name = "Voltage Rating (DC)"; Value = "50V"; VariantName = "[No Variations]"
Add component (AddParameter): Name = "Width"; Value = "0.049inch"; VariantName = "[No Variations]"
Added Component: Designator=C_filt_4(C0805FNPC-R)
Added Component: Designator=C_filt_5(C0805FNPC-R)
Added Component: Designator=C_filt_6(C0805FNPC-R)
Added Component: Designator=D301(LED_0805_WE)
Add component (AddParameter): Name = ".Creator"; Value = "GP"; VariantName = "[No Variations]"
Add component (AddParameter): Name = ".PCBcheck"; Value = ""; VariantName = "[No Variations]"
Add component (AddParameter): Name = ".SCHcheck"; Value = ""; VariantName = "[No Variations]"
Add component (AddParameter): Name = "Case Code (Imperial)"; Value = "0805"; VariantName = "[No Variations]"
Add component (AddParameter): Name = "Case Code (Metric)"; Value = "2012"; VariantName = "[No Variations]"
Add component (AddParameter): Name = "Case/Package"; Value = "0805"; VariantName = "[No Variations]"
Add component (AddParameter): Name = "Category"; Value = "LEDs"; VariantName = "[No Variations]"
Add component (AddParameter): Name = "Color"; Value = "Green"; VariantName = "[No Variations]"
Add component (AddParameter): Name = "ComponentLink1Description"; Value = "Datasheet"; VariantName = "[No Variations]"
Add component (AddParameter): Name = "ComponentLink1URL"; Value = "https://www.we-online.com/catalog/datasheet/150080GS75000.pdf"; VariantName = "[No Variations]"
Add component (AddParameter): Name = "ComponentLink2Description"; Value = "Where buy it"; VariantName = "[No Variations]"
Add component (AddParameter): Name = "ComponentLink2URL"; Value = "https://katalog.we-online.de/en/led/WL-SMCW/150080GS75000"; VariantName = "[No Variations]"
Add component (AddParameter): Name = "ComponentLink3Description"; Value = "https://datasheet.ciiva.com/29563/150080gs75000-29563008.pdf?src-supplier=Digi-Key"; VariantName = "[No Variations]"
Add component (AddParameter): Name = "ComponentLink3URL"; Value = "https://datasheet.ciiva.com/29563/150080gs75000-29563008.pdf?src-supplier=Digi-Key"; VariantName = "[No Variations]"
Add component (AddParameter): Name = "ComponentLink4Description"; Value = "https://datasheet.ciiva.com/29279/759434-da-01-en-chipled-0805-w-kl-gruen-150080gs75000-29279039.pdf?src-supplier=Conrad"; VariantName = "[No Variations]"
Add component (AddParameter): Name = "ComponentLink4URL"; Value = "https://datasheet.ciiva.com/29279/759434-da-01-en-chipled-0805-w-kl-gruen-150080gs75000-29279039.pdf?src-supplier=Conrad"; VariantName = "[No Variations]"
Add component (AddParameter): Name = "Dominant Wavelength"; Value = "520nm"; VariantName = "[No Variations]"
Add component (AddParameter): Name = "Forward Current"; Value = "30mA"; VariantName = "[No Variations]"
Add component (AddParameter): Name = "Forward Voltage"; Value = "3.2V"; VariantName = "[No Variations]"
Add component (AddParameter): Name = "Height"; Value = "0.7mm"; VariantName = "[No Variations]"
Add component (AddParameter): Name = "Length"; Value = "2mm"; VariantName = "[No Variations]"
Add component (AddParameter): Name = "Lens Style"; Value = "Clear,Rectangular"; VariantName = "[No Variations]"
Add component (AddParameter): Name = "Luminous Intensity"; Value = "450mcd"; VariantName = "[No Variations]"
Add component (AddParameter): Name = "Manufacturer 1"; Value = "Wurth Electronics"; VariantName = "[No Variations]"
Add component (AddParameter): Name = "Manufacturer Part Number 1"; Value = "150080GS75000"; VariantName = "[No Variations]"
Add component (AddParameter): Name = "Max Operating Temperature"; Value = "85°C"; VariantName = "[No Variations]"
Add component (AddParameter): Name = "Min Operating Temperature"; Value = "-40°C"; VariantName = "[No Variations]"
Add component (AddParameter): Name = "Mount"; Value = "Surface Mount"; VariantName = "[No Variations]"
Add component (AddParameter): Name = "Package Quantity"; Value = "4000"; VariantName = "[No Variations]"
Add component (AddParameter): Name = "Packaging"; Value = "Cut Tape"; VariantName = "[No Variations]"
Add component (AddParameter): Name = "Pricing 1"; Value = "50=0,19300, 500=0,12900, 1000=0,12300, 2000=0,11700, 4000=0,11100 (USD)"; VariantName = "[No Variations]"
Add component (AddParameter): Name = "REACH SVHC"; Value = "Unknown"; VariantName = "[No Variations]"
Add component (AddParameter): Name = "RoHS"; Value = "Yes"; VariantName = "[No Variations]"
Add component (AddParameter): Name = "RoHS Compliant"; Value = "Yes"; VariantName = "[No Variations]"
Add component (AddParameter): Name = "Stock 1"; Value = "4350"; VariantName = "[No Variations]"
Add component (AddParameter): Name = "Supplier 1"; Value = "RSComponents"; VariantName = "[No Variations]"
Add component (AddParameter): Name = "Supplier Part Number 1"; Value = "8154221"; VariantName = "[No Variations]"
Add component (AddParameter): Name = "Test Current"; Value = "20mA"; VariantName = "[No Variations]"
Add component (AddParameter): Name = "Viewing Angle"; Value = "140°"; VariantName = "[No Variations]"
Add component (AddParameter): Name = "Wavelength"; Value = "520nm"; VariantName = "[No Variations]"
Add component (AddParameter): Name = "Width"; Value = "1.25mm"; VariantName = "[No Variations]"
Added Component: Designator=LDO1(DBV0005A)
Add component (AddParameter): Name = "Category"; Value = "Voltage Regulators - Linear"; VariantName = "[No Variations]"
Add component (AddParameter): Name = "ComponentLink1Description"; Value = "https://datasheet.ciiva.com/14280/tps72325-14280848.pdf?src-supplier=Avnet"; VariantName = "[No Variations]"
Add component (AddParameter): Name = "ComponentLink1URL"; Value = "https://datasheet.ciiva.com/14280/tps72325-14280848.pdf?src-supplier=Avnet"; VariantName = "[No Variations]"
Add component (AddParameter): Name = "ComponentLink2Description"; Value = "https://datasheet.ciiva.com/34301/1117366-34301992.pdf?src-supplier=Jameco"; VariantName = "[No Variations]"
Add component (AddParameter): Name = "ComponentLink2URL"; Value = "https://datasheet.ciiva.com/34301/1117366-34301992.pdf?src-supplier=Jameco"; VariantName = "[No Variations]"
Add component (AddParameter): Name = "ComponentLink3Description"; Value = "https://datasheet.ciiva.com/46395/1882773-46395194.pdf?src-supplier=Element14"; VariantName = "[No Variations]"
Add component (AddParameter): Name = "ComponentLink3URL"; Value = "https://datasheet.ciiva.com/46395/1882773-46395194.pdf?src-supplier=Element14"; VariantName = "[No Variations]"
Add component (AddParameter): Name = "ComponentLink4Description"; Value = "https://datasheet.ciiva.com/46397/1882773-46397514.pdf?src-supplier=Element14"; VariantName = "[No Variations]"
Add component (AddParameter): Name = "ComponentLink4URL"; Value = "https://datasheet.ciiva.com/46397/1882773-46397514.pdf?src-supplier=Element14"; VariantName = "[No Variations]"
Add component (AddParameter): Name = "ComponentLink5Description"; Value = "https://datasheet.ciiva.com/7993/1854117-7993002.pdf?src-supplier=Element14"; VariantName = "[No Variations]"
Add component (AddParameter): Name = "ComponentLink5URL"; Value = "https://datasheet.ciiva.com/7993/1854117-7993002.pdf?src-supplier=Element14"; VariantName = "[No Variations]"
Add component (AddParameter): Name = "Manufacturer 1"; Value = "Texas Instruments"; VariantName = "[No Variations]"
Add component (AddParameter): Name = "Manufacturer Part Number 1"; Value = "TPS72301DBVT"; VariantName = "[No Variations]"
Add component (AddParameter): Name = "Pricing 1"; Value = "1=3,59, 10=3,05, 50=3,05, 100=2,65, 1000=1,9, 10000=1,81 (USD)"; VariantName = "[No Variations]"
Add component (AddParameter): Name = "RoHS"; Value = "Yes"; VariantName = "[No Variations]"
Add component (AddParameter): Name = "Stock 1"; Value = "23139"; VariantName = "[No Variations]"
Add component (AddParameter): Name = "Supplier 1"; Value = "Mouser"; VariantName = "[No Variations]"
Add component (AddParameter): Name = "Supplier Part Number 1"; Value = "595-TPS72301DBVT"; VariantName = "[No Variations]"
Added Component: Designator=LDO2(DBV0005A)
Add component (AddParameter): Name = "Category"; Value = "Voltage Regulators - Linear"; VariantName = "[No Variations]"
Add component (AddParameter): Name = "ComponentLink1Description"; Value = "https://datasheet.ciiva.com/14280/tps72325-14280848.pdf?src-supplier=Avnet"; VariantName = "[No Variations]"
Add component (AddParameter): Name = "ComponentLink1URL"; Value = "https://datasheet.ciiva.com/14280/tps72325-14280848.pdf?src-supplier=Avnet"; VariantName = "[No Variations]"
Add component (AddParameter): Name = "ComponentLink2Description"; Value = "https://datasheet.ciiva.com/34301/1117366-34301992.pdf?src-supplier=Jameco"; VariantName = "[No Variations]"
Add component (AddParameter): Name = "ComponentLink2URL"; Value = "https://datasheet.ciiva.com/34301/1117366-34301992.pdf?src-supplier=Jameco"; VariantName = "[No Variations]"
Add component (AddParameter): Name = "ComponentLink3Description"; Value = "https://datasheet.ciiva.com/46395/1882773-46395194.pdf?src-supplier=Element14"; VariantName = "[No Variations]"
Add component (AddParameter): Name = "ComponentLink3URL"; Value = "https://datasheet.ciiva.com/46395/1882773-46395194.pdf?src-supplier=Element14"; VariantName = "[No Variations]"
Add component (AddParameter): Name = "ComponentLink4Description"; Value = "https://datasheet.ciiva.com/46397/1882773-46397514.pdf?src-supplier=Element14"; VariantName = "[No Variations]"
Add component (AddParameter): Name = "ComponentLink4URL"; Value = "https://datasheet.ciiva.com/46397/1882773-46397514.pdf?src-supplier=Element14"; VariantName = "[No Variations]"
Add component (AddParameter): Name = "ComponentLink5Description"; Value = "https://datasheet.ciiva.com/7993/1854117-7993002.pdf?src-supplier=Element14"; VariantName = "[No Variations]"
Add component (AddParameter): Name = "ComponentLink5URL"; Value = "https://datasheet.ciiva.com/7993/1854117-7993002.pdf?src-supplier=Element14"; VariantName = "[No Variations]"
Add component (AddParameter): Name = "Manufacturer 1"; Value = "Texas Instruments"; VariantName = "[No Variations]"
Add component (AddParameter): Name = "Manufacturer Part Number 1"; Value = "TPS72301DBVT"; VariantName = "[No Variations]"
Add component (AddParameter): Name = "Pricing 1"; Value = "1=3,59, 10=3,05, 50=3,05, 100=2,65, 1000=1,9, 10000=1,81 (USD)"; VariantName = "[No Variations]"
Add component (AddParameter): Name = "RoHS"; Value = "Yes"; VariantName = "[No Variations]"
Add component (AddParameter): Name = "Stock 1"; Value = "23139"; VariantName = "[No Variations]"
Add component (AddParameter): Name = "Supplier 1"; Value = "Mouser"; VariantName = "[No Variations]"
Add component (AddParameter): Name = "Supplier Part Number 1"; Value = "595-TPS72301DBVT"; VariantName = "[No Variations]"
Added Component: Designator=LDO3(DBV0005A)
Add component (AddParameter): Name = "Category"; Value = "Voltage Regulators - Linear"; VariantName = "[No Variations]"
Add component (AddParameter): Name = "ComponentLink1Description"; Value = "https://datasheet.ciiva.com/14280/tps72325-14280848.pdf?src-supplier=Avnet"; VariantName = "[No Variations]"
Add component (AddParameter): Name = "ComponentLink1URL"; Value = "https://datasheet.ciiva.com/14280/tps72325-14280848.pdf?src-supplier=Avnet"; VariantName = "[No Variations]"
Add component (AddParameter): Name = "ComponentLink2Description"; Value = "https://datasheet.ciiva.com/34301/1117366-34301992.pdf?src-supplier=Jameco"; VariantName = "[No Variations]"
Add component (AddParameter): Name = "ComponentLink2URL"; Value = "https://datasheet.ciiva.com/34301/1117366-34301992.pdf?src-supplier=Jameco"; VariantName = "[No Variations]"
Add component (AddParameter): Name = "ComponentLink3Description"; Value = "https://datasheet.ciiva.com/46395/1882773-46395194.pdf?src-supplier=Element14"; VariantName = "[No Variations]"
Add component (AddParameter): Name = "ComponentLink3URL"; Value = "https://datasheet.ciiva.com/46395/1882773-46395194.pdf?src-supplier=Element14"; VariantName = "[No Variations]"
Add component (AddParameter): Name = "ComponentLink4Description"; Value = "https://datasheet.ciiva.com/46397/1882773-46397514.pdf?src-supplier=Element14"; VariantName = "[No Variations]"
Add component (AddParameter): Name = "ComponentLink4URL"; Value = "https://datasheet.ciiva.com/46397/1882773-46397514.pdf?src-supplier=Element14"; VariantName = "[No Variations]"
Add component (AddParameter): Name = "ComponentLink5Description"; Value = "https://datasheet.ciiva.com/7993/1854117-7993002.pdf?src-supplier=Element14"; VariantName = "[No Variations]"
Add component (AddParameter): Name = "ComponentLink5URL"; Value = "https://datasheet.ciiva.com/7993/1854117-7993002.pdf?src-supplier=Element14"; VariantName = "[No Variations]"
Add component (AddParameter): Name = "Manufacturer 1"; Value = "Texas Instruments"; VariantName = "[No Variations]"
Add component (AddParameter): Name = "Manufacturer Part Number 1"; Value = "TPS72301DBVT"; VariantName = "[No Variations]"
Add component (AddParameter): Name = "Pricing 1"; Value = "1=3,59, 10=3,05, 50=3,05, 100=2,65, 1000=1,9, 10000=1,81 (USD)"; VariantName = "[No Variations]"
Add component (AddParameter): Name = "RoHS"; Value = "Yes"; VariantName = "[No Variations]"
Add component (AddParameter): Name = "Stock 1"; Value = "23139"; VariantName = "[No Variations]"
Add component (AddParameter): Name = "Supplier 1"; Value = "Mouser"; VariantName = "[No Variations]"
Add component (AddParameter): Name = "Supplier Part Number 1"; Value = "595-TPS72301DBVT"; VariantName = "[No Variations]"
Added Component: Designator=LDO4(DBV0005A)
Add component (AddParameter): Name = "Category"; Value = "Voltage Regulators - Linear"; VariantName = "[No Variations]"
Add component (AddParameter): Name = "ComponentLink1Description"; Value = "https://datasheet.ciiva.com/14280/tps72325-14280848.pdf?src-supplier=Avnet"; VariantName = "[No Variations]"
Add component (AddParameter): Name = "ComponentLink1URL"; Value = "https://datasheet.ciiva.com/14280/tps72325-14280848.pdf?src-supplier=Avnet"; VariantName = "[No Variations]"
Add component (AddParameter): Name = "ComponentLink2Description"; Value = "https://datasheet.ciiva.com/34301/1117366-34301992.pdf?src-supplier=Jameco"; VariantName = "[No Variations]"
Add component (AddParameter): Name = "ComponentLink2URL"; Value = "https://datasheet.ciiva.com/34301/1117366-34301992.pdf?src-supplier=Jameco"; VariantName = "[No Variations]"
Add component (AddParameter): Name = "ComponentLink3Description"; Value = "https://datasheet.ciiva.com/46395/1882773-46395194.pdf?src-supplier=Element14"; VariantName = "[No Variations]"
Add component (AddParameter): Name = "ComponentLink3URL"; Value = "https://datasheet.ciiva.com/46395/1882773-46395194.pdf?src-supplier=Element14"; VariantName = "[No Variations]"
Add component (AddParameter): Name = "ComponentLink4Description"; Value = "https://datasheet.ciiva.com/46397/1882773-46397514.pdf?src-supplier=Element14"; VariantName = "[No Variations]"
Add component (AddParameter): Name = "ComponentLink4URL"; Value = "https://datasheet.ciiva.com/46397/1882773-46397514.pdf?src-supplier=Element14"; VariantName = "[No Variations]"
Add component (AddParameter): Name = "ComponentLink5Description"; Value = "https://datasheet.ciiva.com/7993/1854117-7993002.pdf?src-supplier=Element14"; VariantName = "[No Variations]"
Add component (AddParameter): Name = "ComponentLink5URL"; Value = "https://datasheet.ciiva.com/7993/1854117-7993002.pdf?src-supplier=Element14"; VariantName = "[No Variations]"
Add component (AddParameter): Name = "Manufacturer 1"; Value = "Texas Instruments"; VariantName = "[No Variations]"
Add component (AddParameter): Name = "Manufacturer Part Number 1"; Value = "TPS72301DBVT"; VariantName = "[No Variations]"
Add component (AddParameter): Name = "Pricing 1"; Value = "1=3,59, 10=3,05, 50=3,05, 100=2,65, 1000=1,9, 10000=1,81 (USD)"; VariantName = "[No Variations]"
Add component (AddParameter): Name = "RoHS"; Value = "Yes"; VariantName = "[No Variations]"
Add component (AddParameter): Name = "Stock 1"; Value = "23139"; VariantName = "[No Variations]"
Add component (AddParameter): Name = "Supplier 1"; Value = "Mouser"; VariantName = "[No Variations]"
Add component (AddParameter): Name = "Supplier Part Number 1"; Value = "595-TPS72301DBVT"; VariantName = "[No Variations]"
Added Component: Designator=LDO5(DBV0005A)
Add component (AddParameter): Name = "Category"; Value = "Voltage Regulators - Linear"; VariantName = "[No Variations]"
Add component (AddParameter): Name = "ComponentLink1Description"; Value = "https://datasheet.ciiva.com/14280/tps72325-14280848.pdf?src-supplier=Avnet"; VariantName = "[No Variations]"
Add component (AddParameter): Name = "ComponentLink1URL"; Value = "https://datasheet.ciiva.com/14280/tps72325-14280848.pdf?src-supplier=Avnet"; VariantName = "[No Variations]"
Add component (AddParameter): Name = "ComponentLink2Description"; Value = "https://datasheet.ciiva.com/34301/1117366-34301992.pdf?src-supplier=Jameco"; VariantName = "[No Variations]"
Add component (AddParameter): Name = "ComponentLink2URL"; Value = "https://datasheet.ciiva.com/34301/1117366-34301992.pdf?src-supplier=Jameco"; VariantName = "[No Variations]"
Add component (AddParameter): Name = "ComponentLink3Description"; Value = "https://datasheet.ciiva.com/46395/1882773-46395194.pdf?src-supplier=Element14"; VariantName = "[No Variations]"
Add component (AddParameter): Name = "ComponentLink3URL"; Value = "https://datasheet.ciiva.com/46395/1882773-46395194.pdf?src-supplier=Element14"; VariantName = "[No Variations]"
Add component (AddParameter): Name = "ComponentLink4Description"; Value = "https://datasheet.ciiva.com/46397/1882773-46397514.pdf?src-supplier=Element14"; VariantName = "[No Variations]"
Add component (AddParameter): Name = "ComponentLink4URL"; Value = "https://datasheet.ciiva.com/46397/1882773-46397514.pdf?src-supplier=Element14"; VariantName = "[No Variations]"
Add component (AddParameter): Name = "ComponentLink5Description"; Value = "https://datasheet.ciiva.com/7993/1854117-7993002.pdf?src-supplier=Element14"; VariantName = "[No Variations]"
Add component (AddParameter): Name = "ComponentLink5URL"; Value = "https://datasheet.ciiva.com/7993/1854117-7993002.pdf?src-supplier=Element14"; VariantName = "[No Variations]"
Add component (AddParameter): Name = "Manufacturer 1"; Value = "Texas Instruments"; VariantName = "[No Variations]"
Add component (AddParameter): Name = "Manufacturer Part Number 1"; Value = "TPS72301DBVT"; VariantName = "[No Variations]"
Add component (AddParameter): Name = "Pricing 1"; Value = "1=3,59, 10=3,05, 50=3,05, 100=2,65, 1000=1,9, 10000=1,81 (USD)"; VariantName = "[No Variations]"
Add component (AddParameter): Name = "RoHS"; Value = "Yes"; VariantName = "[No Variations]"
Add component (AddParameter): Name = "Stock 1"; Value = "23139"; VariantName = "[No Variations]"
Add component (AddParameter): Name = "Supplier 1"; Value = "Mouser"; VariantName = "[No Variations]"
Add component (AddParameter): Name = "Supplier Part Number 1"; Value = "595-TPS72301DBVT"; VariantName = "[No Variations]"
Added Component: Designator=LDO6(DBV0005A)
Add component (AddParameter): Name = "Category"; Value = "Voltage Regulators - Linear"; VariantName = "[No Variations]"
Add component (AddParameter): Name = "ComponentLink1Description"; Value = "https://datasheet.ciiva.com/14280/tps72325-14280848.pdf?src-supplier=Avnet"; VariantName = "[No Variations]"
Add component (AddParameter): Name = "ComponentLink1URL"; Value = "https://datasheet.ciiva.com/14280/tps72325-14280848.pdf?src-supplier=Avnet"; VariantName = "[No Variations]"
Add component (AddParameter): Name = "ComponentLink2Description"; Value = "https://datasheet.ciiva.com/34301/1117366-34301992.pdf?src-supplier=Jameco"; VariantName = "[No Variations]"
Add component (AddParameter): Name = "ComponentLink2URL"; Value = "https://datasheet.ciiva.com/34301/1117366-34301992.pdf?src-supplier=Jameco"; VariantName = "[No Variations]"
Add component (AddParameter): Name = "ComponentLink3Description"; Value = "https://datasheet.ciiva.com/46395/1882773-46395194.pdf?src-supplier=Element14"; VariantName = "[No Variations]"
Add component (AddParameter): Name = "ComponentLink3URL"; Value = "https://datasheet.ciiva.com/46395/1882773-46395194.pdf?src-supplier=Element14"; VariantName = "[No Variations]"
Add component (AddParameter): Name = "ComponentLink4Description"; Value = "https://datasheet.ciiva.com/46397/1882773-46397514.pdf?src-supplier=Element14"; VariantName = "[No Variations]"
Add component (AddParameter): Name = "ComponentLink4URL"; Value = "https://datasheet.ciiva.com/46397/1882773-46397514.pdf?src-supplier=Element14"; VariantName = "[No Variations]"
Add component (AddParameter): Name = "ComponentLink5Description"; Value = "https://datasheet.ciiva.com/7993/1854117-7993002.pdf?src-supplier=Element14"; VariantName = "[No Variations]"
Add component (AddParameter): Name = "ComponentLink5URL"; Value = "https://datasheet.ciiva.com/7993/1854117-7993002.pdf?src-supplier=Element14"; VariantName = "[No Variations]"
Add component (AddParameter): Name = "Manufacturer 1"; Value = "Texas Instruments"; VariantName = "[No Variations]"
Add component (AddParameter): Name = "Manufacturer Part Number 1"; Value = "TPS72301DBVT"; VariantName = "[No Variations]"
Add component (AddParameter): Name = "Pricing 1"; Value = "1=3,59, 10=3,05, 50=3,05, 100=2,65, 1000=1,9, 10000=1,81 (USD)"; VariantName = "[No Variations]"
Add component (AddParameter): Name = "RoHS"; Value = "Yes"; VariantName = "[No Variations]"
Add component (AddParameter): Name = "Stock 1"; Value = "23139"; VariantName = "[No Variations]"
Add component (AddParameter): Name = "Supplier 1"; Value = "Mouser"; VariantName = "[No Variations]"
Add component (AddParameter): Name = "Supplier Part Number 1"; Value = "595-TPS72301DBVT"; VariantName = "[No Variations]"
Added Component: Designator=R301(R0805FTK)
Add component (AddParameter): Name = ".Creator"; Value = "GP"; VariantName = "[No Variations]"
Add component (AddParameter): Name = ".PCBcheck"; Value = ""; VariantName = "[No Variations]"
Add component (AddParameter): Name = ".SCHcheck"; Value = ""; VariantName = "[No Variations]"
Add component (AddParameter): Name = "Case Code (Imperial)"; Value = "0805"; VariantName = "[No Variations]"
Add component (AddParameter): Name = "Case Code (Metric)"; Value = "2012"; VariantName = "[No Variations]"
Add component (AddParameter): Name = "Case/Package"; Value = "0805"; VariantName = "[No Variations]"
Add component (AddParameter): Name = "Category"; Value = "Chip SMD Resistors"; VariantName = "[No Variations]"
Add component (AddParameter): Name = "ComponentLink1Description"; Value = "https://datasheet.ciiva.com/11821/0900766b80fcdb72-11821134.pdf?src-supplier=RSComponents"; VariantName = "[No Variations]"
Add component (AddParameter): Name = "ComponentLink1URL"; Value = "https://datasheet.ciiva.com/11821/0900766b80fcdb72-11821134.pdf?src-supplier=RSComponents"; VariantName = "[No Variations]"
Add component (AddParameter): Name = "ComponentLink2Description"; Value = "https://datasheet.ciiva.com/15225/getdatasheetpartid-78155-15225381.pdf?src-supplier=Verical"; VariantName = "[No Variations]"
Add component (AddParameter): Name = "ComponentLink2URL"; Value = "https://datasheet.ciiva.com/15225/getdatasheetpartid-78155-15225381.pdf?src-supplier=Verical"; VariantName = "[No Variations]"
Add component (AddParameter): Name = "ComponentLink3Description"; Value = "https://datasheet.ciiva.com/22693/1902866-22693253.pdf?src-supplier=Element14"; VariantName = "[No Variations]"
Add component (AddParameter): Name = "ComponentLink3URL"; Value = "https://datasheet.ciiva.com/22693/1902866-22693253.pdf?src-supplier=Element14"; VariantName = "[No Variations]"
Add component (AddParameter): Name = "ComponentLink4Description"; Value = "https://datasheet.ciiva.com/7986/1856384-7986184.pdf?src-supplier=Element14"; VariantName = "[No Variations]"
Add component (AddParameter): Name = "ComponentLink4URL"; Value = "https://datasheet.ciiva.com/7986/1856384-7986184.pdf?src-supplier=Element14"; VariantName = "[No Variations]"
Add component (AddParameter): Name = "ComponentLink5Description"; Value = "https://datasheet.ciiva.com/7985/1856384-7985867.pdf?src-supplier=Element14"; VariantName = "[No Variations]"
Add component (AddParameter): Name = "ComponentLink5URL"; Value = "https://datasheet.ciiva.com/7985/1856384-7985867.pdf?src-supplier=Element14"; VariantName = "[No Variations]"
Add component (AddParameter): Name = "ComponentLink6Description"; Value = "https://datasheet.ciiva.com/30242/159chpreztr-30242765.pdf?src-supplier=Onlinecomponents.com"; VariantName = "[No Variations]"
Add component (AddParameter): Name = "ComponentLink6URL"; Value = "https://datasheet.ciiva.com/30242/159chpreztr-30242765.pdf?src-supplier=Onlinecomponents.com"; VariantName = "[No Variations]"
Add component (AddParameter): Name = "ComponentLink7Description"; Value = "https://datasheet.ciiva.com/6547/chpreztr-6547359.pdf?src-supplier=Digi-Key"; VariantName = "[No Variations]"
Add component (AddParameter): Name = "ComponentLink7URL"; Value = "https://datasheet.ciiva.com/6547/chpreztr-6547359.pdf?src-supplier=Digi-Key"; VariantName = "[No Variations]"
Add component (AddParameter): Name = "Contact Plating"; Value = "Tin"; VariantName = "[No Variations]"
Add component (AddParameter): Name = "Depth"; Value = "1.25mm"; VariantName = "[No Variations]"
Add component (AddParameter): Name = "Features"; Value = "Moisture Resistant"; VariantName = "[No Variations]"
Add component (AddParameter): Name = "Height"; Value = "0.5mm"; VariantName = "[No Variations]"
Add component (AddParameter): Name = "Lead Free"; Value = "Lead Free"; VariantName = "[No Variations]"
Add component (AddParameter): Name = "Length"; Value = "2mm"; VariantName = "[No Variations]"
Add component (AddParameter): Name = "Manufacturer 1"; Value = "Bourns"; VariantName = "[No Variations]"
Add component (AddParameter): Name = "Manufacturer Part Number 1"; Value = "CR0805-JW-102ELF"; VariantName = "[No Variations]"
Add component (AddParameter): Name = "Max Operating Temperature"; Value = "155°C"; VariantName = "[No Variations]"
Add component (AddParameter): Name = "Max Power Dissipation"; Value = "125mW"; VariantName = "[No Variations]"
Add component (AddParameter): Name = "Military Standard"; Value = "Not"; VariantName = "[No Variations]"
Add component (AddParameter): Name = "Min Operating Temperature"; Value = "-55°C"; VariantName = "[No Variations]"
Add component (AddParameter): Name = "Mount"; Value = "Surface Mount"; VariantName = "[No Variations]"
Add component (AddParameter): Name = "Number of Pins"; Value = "2"; VariantName = "[No Variations]"
Add component (AddParameter): Name = "Number of Terminations"; Value = "2"; VariantName = "[No Variations]"
Add component (AddParameter): Name = "Package Quantity"; Value = "1"; VariantName = "[No Variations]"
Add component (AddParameter): Name = "Packaging"; Value = "Tape and Reel"; VariantName = "[No Variations]"
Add component (AddParameter): Name = "Power Rating"; Value = "125mW"; VariantName = "[No Variations]"
Add component (AddParameter): Name = "Pricing 1"; Value = "1=0,05930, 10=0,03510, 25=0,01790, 100=0,00800, 250=0,00790, 500=0,00590, 1000=0,00360, 3000=0,00350, 6000=0,00250 (USD)"; VariantName = "[No Variations]"
Add component (AddParameter): Name = "Radiation Hardening"; Value = "No"; VariantName = "[No Variations]"
Add component (AddParameter): Name = "REACH SVHC"; Value = "No SVHC"; VariantName = "[No Variations]"
Add component (AddParameter): Name = "Resistance"; Value = "1kR"; VariantName = "[No Variations]"
Add component (AddParameter): Name = "Resistor Type"; Value = "Thick Film"; VariantName = "[No Variations]"
Add component (AddParameter): Name = "RoHS"; Value = "Yes"; VariantName = "[No Variations]"
Add component (AddParameter): Name = "Stock 1"; Value = "27510"; VariantName = "[No Variations]"
Add component (AddParameter): Name = "Supplier 1"; Value = "Arrow Electronics"; VariantName = "[No Variations]"
Add component (AddParameter): Name = "Supplier Part Number 1"; Value = "CR0805-JW-102ELF"; VariantName = "[No Variations]"
Add component (AddParameter): Name = "Temperature Coefficient"; Value = "200ppm/°C"; VariantName = "[No Variations]"
Add component (AddParameter): Name = "Termination"; Value = "SMD/SMT"; VariantName = "[No Variations]"
Add component (AddParameter): Name = "Thickness"; Value = "508um"; VariantName = "[No Variations]"
Add component (AddParameter): Name = "Tolerance"; Value = "5%"; VariantName = "[No Variations]"
Add component (AddParameter): Name = "Voltage Rating"; Value = "150V"; VariantName = "[No Variations]"
Add component (AddParameter): Name = "Voltage Rating (DC)"; Value = "150V"; VariantName = "[No Variations]"
Add component (AddParameter): Name = "Width"; Value = "1.25mm"; VariantName = "[No Variations]"
Added Component: Designator=R_FB1(R1206FTK-W)
Added Component: Designator=R_FB2(R1206FTK-W)
Added Component: Designator=R_FB3(R1206FTK-W)
Added Component: Designator=R_FB4(R1206FTK-W)
Added Component: Designator=R_FB5(R1206FTK-W)
Added Component: Designator=R_FB6(R1206FTK-W)
Added Component: Designator=R_FB7(R1206FTK-W)
Added Component: Designator=R_FB8(R1206FTK-W)
Added Component: Designator=R_FB9(R1206FTK-W)
Added Component: Designator=R_FB10(R1206FTK-W)
Added Component: Designator=R_FB11(R1206FTK-W)
Added Component: Designator=R_FB12(R1206FTK-W)
Added Component: Designator=R_filt_1(R1206FTK-W)
Added Component: Designator=R_filt_2(R1206FTK-W)
Added Component: Designator=R_filt_3(R1206FTK-W)
Added Component: Designator=R_filt_4(R1206FTK-W)
Added Component: Designator=R_filt_5(R1206FTK-W)
Added Component: Designator=R_filt_6(R1206FTK-W)
Added Component: Designator=R_PD_1(R1206FTK-W)
Added Component: Designator=R_PD_2(R1206FTK-W)
Added Component: Designator=R_PD_3(R1206FTK-W)
Added Component: Designator=R_PD_4(R1206FTK-W)
Added Component: Designator=R_PD_5(R1206FTK-W)
Added Component: Designator=R_PD_6(R1206FTK-W)
Added Component: Designator=RG_off_1(R1206FTK-W)
Added Component: Designator=RG_off_2(R1206FTK-W)
Added Component: Designator=RG_off_3(R1206FTK-W)
Added Component: Designator=RG_off_4(R1206FTK-W)
Added Component: Designator=RG_off_5(R1206FTK-W)
Added Component: Designator=RG_off_6(R1206FTK-W)
Added Component: Designator=RG_on_1(R1206FTK-W)
Added Component: Designator=RG_on_2(R1206FTK-W)
Added Component: Designator=RG_on_3(R1206FTK-W)
Added Component: Designator=RG_on_4(R1206FTK-W)
Added Component: Designator=RG_on_5(R1206FTK-W)
Added Component: Designator=RG_on_6(R1206FTK-W)
Added Pin To Net: NetName=S1 Pin=C301-1
Added Pin To Net: NetName=S1 Pin=C302-2
Added Pin To Net: NetName=S2 Pin=C303-1
Added Pin To Net: NetName=S2 Pin=C304-2
Added Pin To Net: NetName=S3 Pin=C305-1
Added Pin To Net: NetName=S3 Pin=C306-2
Added Pin To Net: NetName=S4 Pin=C307-1
Added Pin To Net: NetName=S4 Pin=C308-2
Added Pin To Net: NetName=S5 Pin=C309-1
Added Pin To Net: NetName=S5 Pin=C310-2
Added Pin To Net: NetName=S6 Pin=C311-1
Added Pin To Net: NetName=S6 Pin=C312-2
Added Pin To Net: NetName=+5 Pin=C325-1
Added Pin To Net: NetName=GND Pin=C325-2
Added Pin To Net: NetName=+5 Pin=C326-1
Added Pin To Net: NetName=GND Pin=C326-2
Added Pin To Net: NetName=+5 Pin=C327-1
Added Pin To Net: NetName=GND Pin=C327-2
Added Pin To Net: NetName=+5 Pin=C328-1
Added Pin To Net: NetName=GND Pin=C328-2
Added Pin To Net: NetName=+5 Pin=C329-1
Added Pin To Net: NetName=GND Pin=C329-2
Added Pin To Net: NetName=+5 Pin=C330-1
Added Pin To Net: NetName=GND Pin=C330-2
Added Pin To Net: NetName=T_A Pin=C_filt_4-1
Added Pin To Net: NetName=GND Pin=C_filt_4-2
Added Pin To Net: NetName=T_B Pin=C_filt_5-1
Added Pin To Net: NetName=GND Pin=C_filt_5-2
Added Pin To Net: NetName=T_C Pin=C_filt_6-1
Added Pin To Net: NetName=GND Pin=C_filt_6-2
Added Pin To Net: NetName=+5 Pin=DCDC1-1
Added Pin To Net: NetName=S1 Pin=DCDC1-6
Added Pin To Net: NetName=+5 Pin=DCDC2-1
Added Pin To Net: NetName=S2 Pin=DCDC2-6
Added Pin To Net: NetName=+5 Pin=DCDC3-1
Added Pin To Net: NetName=S3 Pin=DCDC3-6
Added Pin To Net: NetName=+5 Pin=DCDC4-1
Added Pin To Net: NetName=S4 Pin=DCDC4-6
Added Pin To Net: NetName=+5 Pin=DCDC5-1
Added Pin To Net: NetName=S5 Pin=DCDC5-6
Added Pin To Net: NetName=+5 Pin=DCDC6-1
Added Pin To Net: NetName=S6 Pin=DCDC6-6
Added Pin To Net: NetName=S2 Pin=HB_A-8
Added Pin To Net: NetName=S4 Pin=HB_B-8
Added Pin To Net: NetName=S6 Pin=HB_C-8
Added Pin To Net: NetName=+5 Pin=J1-18
Added Pin To Net: NetName=S1 Pin=LDO1-1
Added Pin To Net: NetName=S2 Pin=LDO2-1
Added Pin To Net: NetName=S3 Pin=LDO3-1
Added Pin To Net: NetName=S4 Pin=LDO4-1
Added Pin To Net: NetName=S5 Pin=LDO5-1
Added Pin To Net: NetName=S6 Pin=LDO6-1
Added Pin To Net: NetName=GND Pin=R301-2
Added Pin To Net: NetName=S1 Pin=R_FB2-1
Added Pin To Net: NetName=S2 Pin=R_FB4-1
Added Pin To Net: NetName=S3 Pin=R_FB6-1
Added Pin To Net: NetName=S4 Pin=R_FB8-1
Added Pin To Net: NetName=S5 Pin=R_FB10-1
Added Pin To Net: NetName=S6 Pin=R_FB12-1
Added Pin To Net: NetName=NTC1 Pin=R_filt_1-2
Added Pin To Net: NetName=NTC2 Pin=R_filt_2-2
Added Pin To Net: NetName=NTC3 Pin=R_filt_3-2
Added Pin To Net: NetName=T_A Pin=R_filt_4-1
Added Pin To Net: NetName=T_B Pin=R_filt_5-1
Added Pin To Net: NetName=T_C Pin=R_filt_6-1
Added Pin To Net: NetName=S1 Pin=R_PD_1-1
Added Pin To Net: NetName=G1 Pin=R_PD_1-2
Added Pin To Net: NetName=S2 Pin=R_PD_2-1
Added Pin To Net: NetName=G2 Pin=R_PD_2-2
Added Pin To Net: NetName=S3 Pin=R_PD_3-1
Added Pin To Net: NetName=G3 Pin=R_PD_3-2
Added Pin To Net: NetName=S4 Pin=R_PD_4-1
Added Pin To Net: NetName=G4 Pin=R_PD_4-2
Added Pin To Net: NetName=S5 Pin=R_PD_5-1
Added Pin To Net: NetName=G5 Pin=R_PD_5-2
Added Pin To Net: NetName=S6 Pin=R_PD_6-1
Added Pin To Net: NetName=G6 Pin=R_PD_6-2
Added Pin To Net: NetName=G1 Pin=RG_off_1-2
Added Pin To Net: NetName=G2 Pin=RG_off_2-2
Added Pin To Net: NetName=G3 Pin=RG_off_3-2
Added Pin To Net: NetName=G4 Pin=RG_off_4-2
Added Pin To Net: NetName=G5 Pin=RG_off_5-2
Added Pin To Net: NetName=G6 Pin=RG_off_6-2
Added Pin To Net: NetName=G1 Pin=RG_on_1-2
Added Pin To Net: NetName=G2 Pin=RG_on_2-2
Added Pin To Net: NetName=G3 Pin=RG_on_3-2
Added Pin To Net: NetName=G4 Pin=RG_on_4-2
Added Pin To Net: NetName=G5 Pin=RG_on_5-2
Added Pin To Net: NetName=G6 Pin=RG_on_6-2
Added Pin To Net: NetName=S1 Pin=U1-1
Added Pin To Net: NetName=S1 Pin=U1-2
Added Pin To Net: NetName=S1 Pin=U1-3
Added Pin To Net: NetName=G1 Pin=U1-7
Added Pin To Net: NetName=GND Pin=U1-11
Added Pin To Net: NetName=TRIP Pin=U1-13
Added Pin To Net: NetName=ENABLE Pin=U1-14
Added Pin To Net: NetName=+5 Pin=U1-15
Added Pin To Net: NetName=S2 Pin=U2-2
Added Pin To Net: NetName=S2 Pin=U2-3
Added Pin To Net: NetName=G2 Pin=U2-7
Added Pin To Net: NetName=GND Pin=U2-11
Added Pin To Net: NetName=TRIP Pin=U2-13
Added Pin To Net: NetName=ENABLE Pin=U2-14
Added Pin To Net: NetName=+5 Pin=U2-15
Added Pin To Net: NetName=S3 Pin=U3-1
Added Pin To Net: NetName=S3 Pin=U3-2
Added Pin To Net: NetName=S3 Pin=U3-3
Added Pin To Net: NetName=G3 Pin=U3-7
Added Pin To Net: NetName=GND Pin=U3-11
Added Pin To Net: NetName=TRIP Pin=U3-13
Added Pin To Net: NetName=ENABLE Pin=U3-14
Added Pin To Net: NetName=+5 Pin=U3-15
Added Pin To Net: NetName=S4 Pin=U4-2
Added Pin To Net: NetName=S4 Pin=U4-3
Added Pin To Net: NetName=G4 Pin=U4-7
Added Pin To Net: NetName=GND Pin=U4-11
Added Pin To Net: NetName=TRIP Pin=U4-13
Added Pin To Net: NetName=ENABLE Pin=U4-14
Added Pin To Net: NetName=+5 Pin=U4-15
Added Pin To Net: NetName=S5 Pin=U5-1
Added Pin To Net: NetName=S5 Pin=U5-2
Added Pin To Net: NetName=S5 Pin=U5-3
Added Pin To Net: NetName=G5 Pin=U5-7
Added Pin To Net: NetName=GND Pin=U5-11
Added Pin To Net: NetName=TRIP Pin=U5-13
Added Pin To Net: NetName=ENABLE Pin=U5-14
Added Pin To Net: NetName=+5 Pin=U5-15
Added Pin To Net: NetName=S6 Pin=U6-2
Added Pin To Net: NetName=S6 Pin=U6-3
Added Pin To Net: NetName=G6 Pin=U6-7
Added Pin To Net: NetName=GND Pin=U6-11
Added Pin To Net: NetName=TRIP Pin=U6-13
Added Pin To Net: NetName=ENABLE Pin=U6-14
Added Pin To Net: NetName=+5 Pin=U6-15
Added Pin To Net: NetName=NetD301_K Pin=D301-K
Added Pin To Net: NetName=NetD301_K Pin=R301-1
Added Net: Name=NetD301_K
Added Pin To Net: NetName=NetDCDC1_5 Pin=DCDC1-5
Added Pin To Net: NetName=NetDCDC1_5 Pin=LDO1-2
Added Pin To Net: NetName=NetDCDC1_5 Pin=LDO1-3
Added Net: Name=NetDCDC1_5
Added Pin To Net: NetName=NetDCDC2_5 Pin=DCDC2-5
Added Pin To Net: NetName=NetDCDC2_5 Pin=LDO2-2
Added Pin To Net: NetName=NetDCDC2_5 Pin=LDO2-3
Added Net: Name=NetDCDC2_5
Added Pin To Net: NetName=NetDCDC3_5 Pin=DCDC3-5
Added Pin To Net: NetName=NetDCDC3_5 Pin=LDO3-2
Added Pin To Net: NetName=NetDCDC3_5 Pin=LDO3-3
Added Net: Name=NetDCDC3_5
Added Pin To Net: NetName=NetDCDC4_5 Pin=DCDC4-5
Added Pin To Net: NetName=NetDCDC4_5 Pin=LDO4-2
Added Pin To Net: NetName=NetDCDC4_5 Pin=LDO4-3
Added Net: Name=NetDCDC4_5
Added Pin To Net: NetName=NetDCDC5_5 Pin=DCDC5-5
Added Pin To Net: NetName=NetDCDC5_5 Pin=LDO5-2
Added Pin To Net: NetName=NetDCDC5_5 Pin=LDO5-3
Added Net: Name=NetDCDC5_5
Added Pin To Net: NetName=NetDCDC6_5 Pin=DCDC6-5
Added Pin To Net: NetName=NetDCDC6_5 Pin=LDO6-2
Added Pin To Net: NetName=NetDCDC6_5 Pin=LDO6-3
Added Net: Name=NetDCDC6_5
Added Pin To Net: NetName=NetLDO1_5 Pin=LDO1-5
Added Pin To Net: NetName=NetLDO1_5 Pin=R_FB1-1
Added Pin To Net: NetName=NetLDO1_5 Pin=R_FB2-2
Added Net: Name=NetLDO1_5
Added Pin To Net: NetName=NetLDO2_5 Pin=LDO2-5
Added Pin To Net: NetName=NetLDO2_5 Pin=R_FB3-1
Added Pin To Net: NetName=NetLDO2_5 Pin=R_FB4-2
Added Net: Name=NetLDO2_5
Added Pin To Net: NetName=NetLDO3_5 Pin=LDO3-5
Added Pin To Net: NetName=NetLDO3_5 Pin=R_FB5-1
Added Pin To Net: NetName=NetLDO3_5 Pin=R_FB6-2
Added Net: Name=NetLDO3_5
Added Pin To Net: NetName=NetLDO4_5 Pin=LDO4-5
Added Pin To Net: NetName=NetLDO4_5 Pin=R_FB7-1
Added Pin To Net: NetName=NetLDO4_5 Pin=R_FB8-2
Added Net: Name=NetLDO4_5
Added Pin To Net: NetName=NetLDO5_5 Pin=LDO5-5
Added Pin To Net: NetName=NetLDO5_5 Pin=R_FB9-1
Added Pin To Net: NetName=NetLDO5_5 Pin=R_FB10-2
Added Net: Name=NetLDO5_5
Added Pin To Net: NetName=NetLDO6_5 Pin=LDO6-5
Added Pin To Net: NetName=NetLDO6_5 Pin=R_FB11-1
Added Pin To Net: NetName=NetLDO6_5 Pin=R_FB12-2
Added Net: Name=NetLDO6_5
Added Pin To Net: NetName=NetR_filt_1_1 Pin=R_filt_1-1
Added Pin To Net: NetName=NetR_filt_1_1 Pin=U2-1
Added Net: Name=NetR_filt_1_1
Added Pin To Net: NetName=NetR_filt_2_1 Pin=R_filt_2-1
Added Pin To Net: NetName=NetR_filt_2_1 Pin=U4-1
Added Net: Name=NetR_filt_2_1
Added Pin To Net: NetName=NetR_filt_3_1 Pin=R_filt_3-1
Added Pin To Net: NetName=NetR_filt_3_1 Pin=U6-1
Added Net: Name=NetR_filt_3_1
Added Pin To Net: NetName=NetR_filt_4_2 Pin=R_filt_4-2
Added Pin To Net: NetName=NetR_filt_4_2 Pin=U2-16
Added Net: Name=NetR_filt_4_2
Added Pin To Net: NetName=NetR_filt_5_2 Pin=R_filt_5-2
Added Pin To Net: NetName=NetR_filt_5_2 Pin=U4-16
Added Net: Name=NetR_filt_5_2
Added Pin To Net: NetName=NetR_filt_6_2 Pin=R_filt_6-2
Added Pin To Net: NetName=NetR_filt_6_2 Pin=U6-16
Added Net: Name=NetR_filt_6_2
Added Pin To Net: NetName=NetRG_off_1_1 Pin=RG_off_1-1
Added Pin To Net: NetName=NetRG_off_1_1 Pin=U1-6
Added Net: Name=NetRG_off_1_1
Added Pin To Net: NetName=NetRG_off_2_1 Pin=RG_off_2-1
Added Pin To Net: NetName=NetRG_off_2_1 Pin=U2-6
Added Net: Name=NetRG_off_2_1
Added Pin To Net: NetName=NetRG_off_3_1 Pin=RG_off_3-1
Added Pin To Net: NetName=NetRG_off_3_1 Pin=U3-6
Added Net: Name=NetRG_off_3_1
Added Pin To Net: NetName=NetRG_off_4_1 Pin=RG_off_4-1
Added Pin To Net: NetName=NetRG_off_4_1 Pin=U4-6
Added Net: Name=NetRG_off_4_1
Added Pin To Net: NetName=NetRG_off_5_1 Pin=RG_off_5-1
Added Pin To Net: NetName=NetRG_off_5_1 Pin=U5-6
Added Net: Name=NetRG_off_5_1
Added Pin To Net: NetName=NetRG_off_6_1 Pin=RG_off_6-1
Added Pin To Net: NetName=NetRG_off_6_1 Pin=U6-6
Added Net: Name=NetRG_off_6_1
Added Pin To Net: NetName=NetRG_on_1_1 Pin=RG_on_1-1
Added Pin To Net: NetName=NetRG_on_1_1 Pin=U1-4
Added Net: Name=NetRG_on_1_1
Added Pin To Net: NetName=NetRG_on_2_1 Pin=RG_on_2-1
Added Pin To Net: NetName=NetRG_on_2_1 Pin=U2-4
Added Net: Name=NetRG_on_2_1
Added Pin To Net: NetName=NetRG_on_3_1 Pin=RG_on_3-1
Added Pin To Net: NetName=NetRG_on_3_1 Pin=U3-4
Added Net: Name=NetRG_on_3_1
Added Pin To Net: NetName=NetRG_on_4_1 Pin=RG_on_4-1
Added Pin To Net: NetName=NetRG_on_4_1 Pin=U4-4
Added Net: Name=NetRG_on_4_1
Added Pin To Net: NetName=NetRG_on_5_1 Pin=RG_on_5-1
Added Pin To Net: NetName=NetRG_on_5_1 Pin=U5-4
Added Net: Name=NetRG_on_5_1
Added Pin To Net: NetName=NetRG_on_6_1 Pin=RG_on_6-1
Added Pin To Net: NetName=NetRG_on_6_1 Pin=U6-4
Added Net: Name=NetRG_on_6_1
Added Pin To Net: NetName=OK Pin=D301-A
Added Pin To Net: NetName=OK Pin=U1-12
Added Pin To Net: NetName=OK Pin=U2-12
Added Pin To Net: NetName=OK Pin=U3-12
Added Pin To Net: NetName=OK Pin=U4-12
Added Pin To Net: NetName=OK Pin=U5-12
Added Pin To Net: NetName=OK Pin=U6-12
Added Net: Name=OK
Added Pin To Net: NetName=VDD1 Pin=C301-2
Added Pin To Net: NetName=VDD1 Pin=DCDC1-7
Added Pin To Net: NetName=VDD1 Pin=U1-5
Added Net: Name=VDD1
Added Pin To Net: NetName=VDD2 Pin=C303-2
Added Pin To Net: NetName=VDD2 Pin=DCDC2-7
Added Pin To Net: NetName=VDD2 Pin=U2-5
Added Net: Name=VDD2
Added Pin To Net: NetName=VDD3 Pin=C305-2
Added Pin To Net: NetName=VDD3 Pin=DCDC3-7
Added Pin To Net: NetName=VDD3 Pin=U3-5
Added Net: Name=VDD3
Added Pin To Net: NetName=VDD4 Pin=C307-2
Added Pin To Net: NetName=VDD4 Pin=DCDC4-7
Added Pin To Net: NetName=VDD4 Pin=U4-5
Added Net: Name=VDD4
Added Pin To Net: NetName=VDD5 Pin=C309-2
Added Pin To Net: NetName=VDD5 Pin=DCDC5-7
Added Pin To Net: NetName=VDD5 Pin=U5-5
Added Net: Name=VDD5
Added Pin To Net: NetName=VDD6 Pin=C311-2
Added Pin To Net: NetName=VDD6 Pin=DCDC6-7
Added Pin To Net: NetName=VDD6 Pin=U6-5
Added Net: Name=VDD6
Added Pin To Net: NetName=VEE1 Pin=C302-1
Added Pin To Net: NetName=VEE1 Pin=LDO1-4
Added Pin To Net: NetName=VEE1 Pin=R_FB1-2
Added Pin To Net: NetName=VEE1 Pin=U1-8
Added Net: Name=VEE1
Added Pin To Net: NetName=VEE2 Pin=C304-1
Added Pin To Net: NetName=VEE2 Pin=LDO2-4
Added Pin To Net: NetName=VEE2 Pin=R_FB3-2
Added Pin To Net: NetName=VEE2 Pin=U2-8
Added Net: Name=VEE2
Added Pin To Net: NetName=VEE3 Pin=C306-1
Added Pin To Net: NetName=VEE3 Pin=LDO3-4
Added Pin To Net: NetName=VEE3 Pin=R_FB5-2
Added Pin To Net: NetName=VEE3 Pin=U3-8
Added Net: Name=VEE3
Added Pin To Net: NetName=VEE4 Pin=C308-1
Added Pin To Net: NetName=VEE4 Pin=LDO4-4
Added Pin To Net: NetName=VEE4 Pin=R_FB7-2
Added Pin To Net: NetName=VEE4 Pin=U4-8
Added Net: Name=VEE4
Added Pin To Net: NetName=VEE5 Pin=C310-1
Added Pin To Net: NetName=VEE5 Pin=LDO5-4
Added Pin To Net: NetName=VEE5 Pin=R_FB9-2
Added Pin To Net: NetName=VEE5 Pin=U5-8
Added Net: Name=VEE5
Added Pin To Net: NetName=VEE6 Pin=C312-1
Added Pin To Net: NetName=VEE6 Pin=LDO6-4
Added Pin To Net: NetName=VEE6 Pin=R_FB11-2
Added Pin To Net: NetName=VEE6 Pin=U6-8
Added Net: Name=VEE6
Added Member To Class: ClassName=Gate_Drivers Member=Component C301 10uF
Added Member To Class: ClassName=Gate_Drivers Member=Component C302 10uF
Added Member To Class: ClassName=Gate_Drivers Member=Component C303 10uF
Added Member To Class: ClassName=Gate_Drivers Member=Component C304 10uF
Added Member To Class: ClassName=Gate_Drivers Member=Component C305 10uF
Added Member To Class: ClassName=Gate_Drivers Member=Component C306 10uF
Added Member To Class: ClassName=Gate_Drivers Member=Component C307 10uF
Added Member To Class: ClassName=Gate_Drivers Member=Component C308 10uF
Added Member To Class: ClassName=Gate_Drivers Member=Component C309 10uF
Added Member To Class: ClassName=Gate_Drivers Member=Component C310 10uF
Added Member To Class: ClassName=Gate_Drivers Member=Component C311 10uF
Added Member To Class: ClassName=Gate_Drivers Member=Component C312 10uF
Added Member To Class: ClassName=Gate_Drivers Member=Component C325 885012207103
Added Member To Class: ClassName=Gate_Drivers Member=Component C326 885012207103
Added Member To Class: ClassName=Gate_Drivers Member=Component C327 885012207103
Added Member To Class: ClassName=Gate_Drivers Member=Component C328 885012207103
Added Member To Class: ClassName=Gate_Drivers Member=Component C329 885012207103
Added Member To Class: ClassName=Gate_Drivers Member=Component C330 885012207103
Added Member To Class: ClassName=Gate_Drivers Member=Component C_filt_4 100nF 0805
Added Member To Class: ClassName=Gate_Drivers Member=Component C_filt_5 100nF 0805
Added Member To Class: ClassName=Gate_Drivers Member=Component C_filt_6 100nF 0805
Added Member To Class: ClassName=Gate_Drivers Member=Component D301 150080GS75000
Added Member To Class: ClassName=Gate_Drivers Member=Component LDO1 TPS72301
Added Member To Class: ClassName=Gate_Drivers Member=Component LDO2 TPS72301
Added Member To Class: ClassName=Gate_Drivers Member=Component LDO3 TPS72301
Added Member To Class: ClassName=Gate_Drivers Member=Component LDO4 TPS72301
Added Member To Class: ClassName=Gate_Drivers Member=Component LDO5 TPS72301
Added Member To Class: ClassName=Gate_Drivers Member=Component LDO6 TPS72301
Added Member To Class: ClassName=Gate_Drivers Member=Component R301 CR0805-JW-102ELF
Added Member To Class: ClassName=Gate_Drivers Member=Component R_FB1 39kR
Added Member To Class: ClassName=Gate_Drivers Member=Component R_FB2 56kR
Added Member To Class: ClassName=Gate_Drivers Member=Component R_FB3 39kR
Added Member To Class: ClassName=Gate_Drivers Member=Component R_FB4 56kR
Added Member To Class: ClassName=Gate_Drivers Member=Component R_FB5 39kR
Added Member To Class: ClassName=Gate_Drivers Member=Component R_FB6 56kR
Added Member To Class: ClassName=Gate_Drivers Member=Component R_FB7 39kR
Added Member To Class: ClassName=Gate_Drivers Member=Component R_FB8 56kR
Added Member To Class: ClassName=Gate_Drivers Member=Component R_FB9 39kR
Added Member To Class: ClassName=Gate_Drivers Member=Component R_FB10 56kR
Added Member To Class: ClassName=Gate_Drivers Member=Component R_FB11 39kR
Added Member To Class: ClassName=Gate_Drivers Member=Component R_FB12 56kR
Added Member To Class: ClassName=Gate_Drivers Member=Component R_filt_1 10kR 1W
Added Member To Class: ClassName=Gate_Drivers Member=Component R_filt_2 10kR 1W
Added Member To Class: ClassName=Gate_Drivers Member=Component R_filt_3 10kR 1W
Added Member To Class: ClassName=Gate_Drivers Member=Component R_filt_4 100R 1W
Added Member To Class: ClassName=Gate_Drivers Member=Component R_filt_5 100R 1W
Added Member To Class: ClassName=Gate_Drivers Member=Component R_filt_6 100R 1W
Added Member To Class: ClassName=Gate_Drivers Member=Component R_PD_1 10kR 1W
Added Member To Class: ClassName=Gate_Drivers Member=Component R_PD_2 10kR 1W
Added Member To Class: ClassName=Gate_Drivers Member=Component R_PD_3 10kR 1W
Added Member To Class: ClassName=Gate_Drivers Member=Component R_PD_4 10kR 1W
Added Member To Class: ClassName=Gate_Drivers Member=Component R_PD_5 10kR 1W
Added Member To Class: ClassName=Gate_Drivers Member=Component R_PD_6 10kR 1W
Added Member To Class: ClassName=Gate_Drivers Member=Component RG_off_1 3.3R 1W
Added Member To Class: ClassName=Gate_Drivers Member=Component RG_off_2 3.3R 1W
Added Member To Class: ClassName=Gate_Drivers Member=Component RG_off_3 3.3R 1W
Added Member To Class: ClassName=Gate_Drivers Member=Component RG_off_4 3.3R 1W
Added Member To Class: ClassName=Gate_Drivers Member=Component RG_off_5 3.3R 1W
Added Member To Class: ClassName=Gate_Drivers Member=Component RG_off_6 3.3R 1W
Added Member To Class: ClassName=Gate_Drivers Member=Component RG_on_1 3.3R 1W
Added Member To Class: ClassName=Gate_Drivers Member=Component RG_on_2 3.3R 1W
Added Member To Class: ClassName=Gate_Drivers Member=Component RG_on_3 3.3R 1W
Added Member To Class: ClassName=Gate_Drivers Member=Component RG_on_4 3.3R 1W
Added Member To Class: ClassName=Gate_Drivers Member=Component RG_on_5 3.3R 1W
Added Member To Class: ClassName=Gate_Drivers Member=Component RG_on_6 3.3R 1W
