Change Physical Footprint: Designator=C1 Old Footprint=FHA85Y106KS New Footprint=FHA85Y106KS
Change Physical Footprint: Designator=C2 Old Footprint=FHA85Y106KS New Footprint=FHA85Y106KS
Change Physical Footprint: Designator=C3 Old Footprint=FHA85Y106KS New Footprint=FHA85Y106KS
Change Physical Footprint: Designator=C4 Old Footprint=FHA85Y106KS New Footprint=FHA85Y106KS
Change Physical Footprint: Designator=C5 Old Footprint=FHA85Y106KS New Footprint=FHA85Y106KS
Change Physical Footprint: Designator=C6 Old Footprint=FHA85Y106KS New Footprint=FHA85Y106KS
Change Physical Footprint: Designator=C7 Old Footprint=FHA85Y106KS New Footprint=FHA85Y106KS
Change Physical Footprint: Designator=C8 Old Footprint=FHA85Y106KS New Footprint=FHA85Y106KS
Change Physical Footprint: Designator=C9 Old Footprint=FHA85Y106KS New Footprint=FHA85Y106KS
Change Physical Footprint: Designator=C10 Old Footprint=FHA85Y106KS New Footprint=FHA85Y106KS
Change Physical Footprint: Designator=C201 Old Footprint=C0805FNPC-R New Footprint=C0805FNPC-R
Change Physical Footprint: Designator=C202 Old Footprint=C0805FNPC-R New Footprint=C0805FNPC-R
Change Physical Footprint: Designator=C203 Old Footprint=C0805FNPC-R New Footprint=C0805FNPC-R
Change Physical Footprint: Designator=C401_A Old Footprint=C0805FNPC-R New Footprint=C0805FNPC-R
Change Physical Footprint: Designator=C401_B Old Footprint=C0805FNPC-R New Footprint=C0805FNPC-R
Change Physical Footprint: Designator=C401_C Old Footprint=C0805FNPC-R New Footprint=C0805FNPC-R
Change Physical Footprint: Designator=C402_A Old Footprint=C0805FNPC-R New Footprint=C0805FNPC-R
Change Physical Footprint: Designator=C402_B Old Footprint=C0805FNPC-R New Footprint=C0805FNPC-R
Change Physical Footprint: Designator=C402_C Old Footprint=C0805FNPC-R New Footprint=C0805FNPC-R
Change Physical Footprint: Designator=C403_A Old Footprint=C0805FNPC-R New Footprint=C0805FNPC-R
Change Physical Footprint: Designator=C403_B Old Footprint=C0805FNPC-R New Footprint=C0805FNPC-R
Change Physical Footprint: Designator=C403_C Old Footprint=C0805FNPC-R New Footprint=C0805FNPC-R
Change Physical Footprint: Designator=C404_A Old Footprint=C0805FNPC-R New Footprint=C0805FNPC-R
Change Physical Footprint: Designator=C404_B Old Footprint=C0805FNPC-R New Footprint=C0805FNPC-R
Change Physical Footprint: Designator=C404_C Old Footprint=C0805FNPC-R New Footprint=C0805FNPC-R
Change Physical Footprint: Designator=C405_A Old Footprint=C0805FNPC-W New Footprint=C0805FNPC-W
Change Physical Footprint: Designator=C405_B Old Footprint=C0805FNPC-W New Footprint=C0805FNPC-W
Change Physical Footprint: Designator=C405_C Old Footprint=C0805FNPC-W New Footprint=C0805FNPC-W
Change Physical Footprint: Designator=C406_A Old Footprint=C0805FNPC-W New Footprint=C0805FNPC-W
Change Physical Footprint: Designator=C406_B Old Footprint=C0805FNPC-W New Footprint=C0805FNPC-W
Change Physical Footprint: Designator=C406_C Old Footprint=C0805FNPC-W New Footprint=C0805FNPC-W
Change Physical Footprint: Designator=C407_A Old Footprint=C0805FNPC-W New Footprint=C0805FNPC-W
Change Physical Footprint: Designator=C407_B Old Footprint=C0805FNPC-W New Footprint=C0805FNPC-W
Change Physical Footprint: Designator=C407_C Old Footprint=C0805FNPC-W New Footprint=C0805FNPC-W
Change Physical Footprint: Designator=C408_A Old Footprint=C0805FNPC-W New Footprint=C0805FNPC-W
Change Physical Footprint: Designator=C408_B Old Footprint=C0805FNPC-W New Footprint=C0805FNPC-W
Change Physical Footprint: Designator=C408_C Old Footprint=C0805FNPC-W New Footprint=C0805FNPC-W
Change Physical Footprint: Designator=C409_A Old Footprint=C0805FNPC-W New Footprint=C0805FNPC-W
Change Physical Footprint: Designator=C409_B Old Footprint=C0805FNPC-W New Footprint=C0805FNPC-W
Change Physical Footprint: Designator=C409_C Old Footprint=C0805FNPC-W New Footprint=C0805FNPC-W
Change Physical Footprint: Designator=C410_A Old Footprint=C0805FNPC-W New Footprint=C0805FNPC-W
Change Physical Footprint: Designator=C410_B Old Footprint=C0805FNPC-W New Footprint=C0805FNPC-W
Change Physical Footprint: Designator=C410_C Old Footprint=C0805FNPC-W New Footprint=C0805FNPC-W
Change Physical Footprint: Designator=C411_A Old Footprint=C0805FNPC-R New Footprint=C0805FNPC-R
Change Physical Footprint: Designator=C411_B Old Footprint=C0805FNPC-R New Footprint=C0805FNPC-R
Change Physical Footprint: Designator=C411_C Old Footprint=C0805FNPC-R New Footprint=C0805FNPC-R
Change Physical Footprint: Designator=C412_A Old Footprint=C0805FNPC-R New Footprint=C0805FNPC-R
Change Physical Footprint: Designator=C412_B Old Footprint=C0805FNPC-R New Footprint=C0805FNPC-R
Change Physical Footprint: Designator=C412_C Old Footprint=C0805FNPC-R New Footprint=C0805FNPC-R
Change Physical Footprint: Designator=C413_A Old Footprint=C0805FNPC-R New Footprint=C0805FNPC-R
Change Physical Footprint: Designator=C413_B Old Footprint=C0805FNPC-R New Footprint=C0805FNPC-R
Change Physical Footprint: Designator=C413_C Old Footprint=C0805FNPC-R New Footprint=C0805FNPC-R
Change Physical Footprint: Designator=CGD_HS_A Old Footprint=C0805FNPC-R New Footprint=C0805FNPC-R
Change Physical Footprint: Designator=CGD_HS_B Old Footprint=C0805FNPC-R New Footprint=C0805FNPC-R
Change Physical Footprint: Designator=CGD_HS_C Old Footprint=C0805FNPC-R New Footprint=C0805FNPC-R
Change Physical Footprint: Designator=CGD_LS_A Old Footprint=C0805FNPC-R New Footprint=C0805FNPC-R
Change Physical Footprint: Designator=CGD_LS_B Old Footprint=C0805FNPC-R New Footprint=C0805FNPC-R
Change Physical Footprint: Designator=CGD_LS_C Old Footprint=C0805FNPC-R New Footprint=C0805FNPC-R
Change Physical Footprint: Designator=CGS_HS_A Old Footprint=C0805FNPC-R New Footprint=C0805FNPC-R
Change Physical Footprint: Designator=CGS_HS_B Old Footprint=C0805FNPC-R New Footprint=C0805FNPC-R
Change Physical Footprint: Designator=CGS_HS_C Old Footprint=C0805FNPC-R New Footprint=C0805FNPC-R
Change Physical Footprint: Designator=CGS_LS_A Old Footprint=C0805FNPC-R New Footprint=C0805FNPC-R
Change Physical Footprint: Designator=CGS_LS_B Old Footprint=C0805FNPC-R New Footprint=C0805FNPC-R
Change Physical Footprint: Designator=CGS_LS_C Old Footprint=C0805FNPC-R New Footprint=C0805FNPC-R
Change Physical Footprint: Designator=CSA Old Footprint=CKSR 50-NP New Footprint=CKSR 50-NP
Change Physical Footprint: Designator=CSB Old Footprint=CKSR 50-NP New Footprint=CKSR 50-NP
Change Physical Footprint: Designator=CSC Old Footprint=CKSR 50-NP New Footprint=CKSR 50-NP
Change Physical Footprint: Designator=Csn_HS_A Old Footprint=C0805FNPC-R New Footprint=C0805FNPC-R
Change Physical Footprint: Designator=Csn_HS_B Old Footprint=C0805FNPC-R New Footprint=C0805FNPC-R
Change Physical Footprint: Designator=Csn_HS_C Old Footprint=C0805FNPC-R New Footprint=C0805FNPC-R
Change Physical Footprint: Designator=Csn_LS_A Old Footprint=C0805FNPC-R New Footprint=C0805FNPC-R
Change Physical Footprint: Designator=Csn_LS_B Old Footprint=C0805FNPC-R New Footprint=C0805FNPC-R
Change Physical Footprint: Designator=Csn_LS_C Old Footprint=C0805FNPC-R New Footprint=C0805FNPC-R
Change Physical Footprint: Designator=D301 Old Footprint=LED_0805_WE New Footprint=LED_0805_WE
Change Physical Footprint: Designator=DCDC_HS_A Old Footprint=MGJ2D051802BSC New Footprint=MGJ2D051802BSC
Change Physical Footprint: Designator=DCDC_HS_B Old Footprint=MGJ2D051802BSC New Footprint=MGJ2D051802BSC
Change Physical Footprint: Designator=DCDC_HS_C Old Footprint=MGJ2D051802BSC New Footprint=MGJ2D051802BSC
Change Physical Footprint: Designator=DCDC_LS_A Old Footprint=MGJ2D051802BSC New Footprint=MGJ2D051802BSC
Change Physical Footprint: Designator=DCDC_LS_B Old Footprint=MGJ2D051802BSC New Footprint=MGJ2D051802BSC
Change Physical Footprint: Designator=DCDC_LS_C Old Footprint=MGJ2D051802BSC New Footprint=MGJ2D051802BSC
Change Physical Footprint: Designator=HB_A Old Footprint=DFS05HF12EYR1 New Footprint=DFS05HF12EYR1
Change Physical Footprint: Designator=HB_B Old Footprint=DFS05HF12EYR1 New Footprint=DFS05HF12EYR1
Change Physical Footprint: Designator=HB_C Old Footprint=DFS05HF12EYR1 New Footprint=DFS05HF12EYR1
Change Physical Footprint: Designator=J1 Old Footprint=690368192072 New Footprint=690368192072
Change Physical Footprint: Designator=LDO_HS_A Old Footprint=DBV0005A New Footprint=DBV0005A
Change Physical Footprint: Designator=LDO_HS_B Old Footprint=DBV0005A New Footprint=DBV0005A
Change Physical Footprint: Designator=LDO_HS_C Old Footprint=DBV0005A New Footprint=DBV0005A
Change Physical Footprint: Designator=LDO_LS_A Old Footprint=DBV0005A New Footprint=DBV0005A
Change Physical Footprint: Designator=LDO_LS_B Old Footprint=DBV0005A New Footprint=DBV0005A
Change Physical Footprint: Designator=LDO_LS_C Old Footprint=DBV0005A New Footprint=DBV0005A
Change Physical Footprint: Designator=MP+ Old Footprint=7461096_HAL New Footprint=7461096_HAL
Change Physical Footprint: Designator=MP- Old Footprint=7461096_HAL New Footprint=7461096_HAL
Change Physical Footprint: Designator=MP_A Old Footprint=7461096_HAL New Footprint=7461096_HAL
Change Physical Footprint: Designator=MP_B Old Footprint=7461096_HAL New Footprint=7461096_HAL
Change Physical Footprint: Designator=MP_C Old Footprint=7461096_HAL New Footprint=7461096_HAL
Change Physical Footprint: Designator=R201 Old Footprint=R0805FTK New Footprint=R0805FTK
Change Physical Footprint: Designator=R202 Old Footprint=R0805FTK New Footprint=R0805FTK
Change Physical Footprint: Designator=R203 Old Footprint=R0805FTK New Footprint=R0805FTK
Change Physical Footprint: Designator=R204 Old Footprint=R0805FTK New Footprint=R0805FTK
Change Physical Footprint: Designator=R205 Old Footprint=R0805FTK New Footprint=R0805FTK
Change Physical Footprint: Designator=R206 Old Footprint=R0805FTK New Footprint=R0805FTK
Change Physical Footprint: Designator=R301 Old Footprint=R0805FTK New Footprint=R0805FTK
Change Physical Footprint: Designator=R401_A Old Footprint=R1206FTK-W New Footprint=R1206FTK-W
Change Physical Footprint: Designator=R401_B Old Footprint=R1206FTK-W New Footprint=R1206FTK-W
Change Physical Footprint: Designator=R401_C Old Footprint=R1206FTK-W New Footprint=R1206FTK-W
Change Physical Footprint: Designator=R402_A Old Footprint=R1206FTK-W New Footprint=R1206FTK-W
Change Physical Footprint: Designator=R402_B Old Footprint=R1206FTK-W New Footprint=R1206FTK-W
Change Physical Footprint: Designator=R402_C Old Footprint=R1206FTK-W New Footprint=R1206FTK-W
Change Physical Footprint: Designator=R403_A Old Footprint=R1206FTK-W New Footprint=R1206FTK-W
Change Physical Footprint: Designator=R403_B Old Footprint=R1206FTK-W New Footprint=R1206FTK-W
Change Physical Footprint: Designator=R403_C Old Footprint=R1206FTK-W New Footprint=R1206FTK-W
Change Physical Footprint: Designator=R404_A Old Footprint=R1206FTK-W New Footprint=R1206FTK-W
Change Physical Footprint: Designator=R404_B Old Footprint=R1206FTK-W New Footprint=R1206FTK-W
Change Physical Footprint: Designator=R404_C Old Footprint=R1206FTK-W New Footprint=R1206FTK-W
Change Physical Footprint: Designator=R405_A Old Footprint=R0805FTK New Footprint=R0805FTK
Change Physical Footprint: Designator=R405_B Old Footprint=R0805FTK New Footprint=R0805FTK
Change Physical Footprint: Designator=R405_C Old Footprint=R0805FTK New Footprint=R0805FTK
Change Physical Footprint: Designator=R406_A Old Footprint=R0805FTK New Footprint=R0805FTK
Change Physical Footprint: Designator=R406_B Old Footprint=R0805FTK New Footprint=R0805FTK
Change Physical Footprint: Designator=R406_C Old Footprint=R0805FTK New Footprint=R0805FTK
Change Physical Footprint: Designator=R_dis Old Footprint=R2512FTK New Footprint=R2512FTK
Change Physical Footprint: Designator=RG_OFF_HS_A Old Footprint=R1206FTK-W New Footprint=R1206FTK-W
Change Physical Footprint: Designator=RG_OFF_HS_B Old Footprint=R1206FTK-W New Footprint=R1206FTK-W
Change Physical Footprint: Designator=RG_OFF_HS_C Old Footprint=R1206FTK-W New Footprint=R1206FTK-W
Change Physical Footprint: Designator=RG_OFF_LS_A Old Footprint=R1206FTK-W New Footprint=R1206FTK-W
Change Physical Footprint: Designator=RG_OFF_LS_B Old Footprint=R1206FTK-W New Footprint=R1206FTK-W
Change Physical Footprint: Designator=RG_OFF_LS_C Old Footprint=R1206FTK-W New Footprint=R1206FTK-W
Change Physical Footprint: Designator=RG_ON_HS_A Old Footprint=R1206FTK-W New Footprint=R1206FTK-W
Change Physical Footprint: Designator=RG_ON_HS_B Old Footprint=R1206FTK-W New Footprint=R1206FTK-W
Change Physical Footprint: Designator=RG_ON_HS_C Old Footprint=R1206FTK-W New Footprint=R1206FTK-W
Change Physical Footprint: Designator=RG_ON_LS_A Old Footprint=R1206FTK-W New Footprint=R1206FTK-W
Change Physical Footprint: Designator=RG_ON_LS_B Old Footprint=R1206FTK-W New Footprint=R1206FTK-W
Change Physical Footprint: Designator=RG_ON_LS_C Old Footprint=R1206FTK-W New Footprint=R1206FTK-W
Change Physical Footprint: Designator=RGS_HS_A Old Footprint=R0805FTK New Footprint=R0805FTK
Change Physical Footprint: Designator=RGS_HS_B Old Footprint=R0805FTK New Footprint=R0805FTK
Change Physical Footprint: Designator=RGS_HS_C Old Footprint=R0805FTK New Footprint=R0805FTK
Change Physical Footprint: Designator=RGS_LS_A Old Footprint=R0805FTK New Footprint=R0805FTK
Change Physical Footprint: Designator=RGS_LS_B Old Footprint=R0805FTK New Footprint=R0805FTK
Change Physical Footprint: Designator=RGS_LS_C Old Footprint=R0805FTK New Footprint=R0805FTK
Change Physical Footprint: Designator=Rsn_HS_A Old Footprint=R2512FTK New Footprint=R2512FTK
Change Physical Footprint: Designator=Rsn_HS_B Old Footprint=R2512FTK New Footprint=R2512FTK
Change Physical Footprint: Designator=Rsn_HS_C Old Footprint=R2512FTK New Footprint=R2512FTK
Change Physical Footprint: Designator=Rsn_LS_A Old Footprint=R2512FTK New Footprint=R2512FTK
Change Physical Footprint: Designator=Rsn_LS_B Old Footprint=R2512FTK New Footprint=R2512FTK
Change Physical Footprint: Designator=Rsn_LS_C Old Footprint=R2512FTK New Footprint=R2512FTK
Change Physical Footprint: Designator=TP1 Old Footprint=TestPoint New Footprint=TestPoint
Change Physical Footprint: Designator=TP2 Old Footprint=TestPoint New Footprint=TestPoint
Change Physical Footprint: Designator=TP3 Old Footprint=TestPoint New Footprint=TestPoint
Change Physical Footprint: Designator=TP4 Old Footprint=TestPoint New Footprint=TestPoint
Change Physical Footprint: Designator=TP5 Old Footprint=TestPoint New Footprint=TestPoint
Change Physical Footprint: Designator=TP6 Old Footprint=TestPoint New Footprint=TestPoint
Change Physical Footprint: Designator=TP101 Old Footprint=TestPoint New Footprint=TestPoint
Change Physical Footprint: Designator=TP102 Old Footprint=TestPoint New Footprint=TestPoint
Change Physical Footprint: Designator=TP103 Old Footprint=TestPoint New Footprint=TestPoint
Change Physical Footprint: Designator=TP104 Old Footprint=TestPoint New Footprint=TestPoint
Change Physical Footprint: Designator=TP105 Old Footprint=TestPoint New Footprint=TestPoint
Change Physical Footprint: Designator=TP201 Old Footprint=TestPoint New Footprint=TestPoint
Change Physical Footprint: Designator=TP202 Old Footprint=TestPoint New Footprint=TestPoint
Change Physical Footprint: Designator=TP203 Old Footprint=TestPoint New Footprint=TestPoint
Change Physical Footprint: Designator=TP301 Old Footprint=TestPoint New Footprint=TestPoint
Change Physical Footprint: Designator=TP302 Old Footprint=TestPoint New Footprint=TestPoint
Change Physical Footprint: Designator=TP303 Old Footprint=TestPoint New Footprint=TestPoint
Change Physical Footprint: Designator=TP304 Old Footprint=TestPoint New Footprint=TestPoint
Change Physical Footprint: Designator=TP305 Old Footprint=TestPoint New Footprint=TestPoint
Change Physical Footprint: Designator=TP306 Old Footprint=TestPoint New Footprint=TestPoint
Change Physical Footprint: Designator=TP307 Old Footprint=TestPoint New Footprint=TestPoint
Change Physical Footprint: Designator=TP308 Old Footprint=TestPoint New Footprint=TestPoint
Change Physical Footprint: Designator=TP309 Old Footprint=TestPoint New Footprint=TestPoint
Change Physical Footprint: Designator=TP310 Old Footprint=TestPoint New Footprint=TestPoint
Change Physical Footprint: Designator=TP311 Old Footprint=TestPoint New Footprint=TestPoint
Change Physical Footprint: Designator=TP312 Old Footprint=TestPoint New Footprint=TestPoint
Change Physical Footprint: Designator=TP313 Old Footprint=TestPoint New Footprint=TestPoint
Change Physical Footprint: Designator=TP314 Old Footprint=TestPoint New Footprint=TestPoint
Change Physical Footprint: Designator=TP315 Old Footprint=TestPoint New Footprint=TestPoint
Change Physical Footprint: Designator=TP316 Old Footprint=TestPoint New Footprint=TestPoint
Change Physical Footprint: Designator=TP317 Old Footprint=TestPoint New Footprint=TestPoint
Change Physical Footprint: Designator=TP318 Old Footprint=TestPoint New Footprint=TestPoint
Change Physical Footprint: Designator=TP319 Old Footprint=TestPoint New Footprint=TestPoint
Change Physical Footprint: Designator=TP320 Old Footprint=TestPoint New Footprint=TestPoint
Change Physical Footprint: Designator=TP321 Old Footprint=TestPoint New Footprint=TestPoint
Change Physical Footprint: Designator=TP322 Old Footprint=TestPoint New Footprint=TestPoint
Change Physical Footprint: Designator=TP323 Old Footprint=TestPoint New Footprint=TestPoint
Change Physical Footprint: Designator=TP324 Old Footprint=TestPoint New Footprint=TestPoint
Change Physical Footprint: Designator=TP325 Old Footprint=TestPoint New Footprint=TestPoint
Change Physical Footprint: Designator=TP326 Old Footprint=TestPoint New Footprint=TestPoint
Change Physical Footprint: Designator=TP401_A Old Footprint=TestPoint New Footprint=TestPoint
Change Physical Footprint: Designator=TP401_B Old Footprint=TestPoint New Footprint=TestPoint
Change Physical Footprint: Designator=TP401_C Old Footprint=TestPoint New Footprint=TestPoint
Change Physical Footprint: Designator=TP402_A Old Footprint=TestPoint New Footprint=TestPoint
Change Physical Footprint: Designator=TP402_B Old Footprint=TestPoint New Footprint=TestPoint
Change Physical Footprint: Designator=TP402_C Old Footprint=TestPoint New Footprint=TestPoint
Change Physical Footprint: Designator=TP403_A Old Footprint=TestPoint New Footprint=TestPoint
Change Physical Footprint: Designator=TP403_B Old Footprint=TestPoint New Footprint=TestPoint
Change Physical Footprint: Designator=TP403_C Old Footprint=TestPoint New Footprint=TestPoint
Change Physical Footprint: Designator=TP404_A Old Footprint=TestPoint New Footprint=TestPoint
Change Physical Footprint: Designator=TP404_B Old Footprint=TestPoint New Footprint=TestPoint
Change Physical Footprint: Designator=TP404_C Old Footprint=TestPoint New Footprint=TestPoint
Change Physical Footprint: Designator=TP405_A Old Footprint=TestPoint New Footprint=TestPoint
Change Physical Footprint: Designator=TP405_B Old Footprint=TestPoint New Footprint=TestPoint
Change Physical Footprint: Designator=TP405_C Old Footprint=TestPoint New Footprint=TestPoint
Change Physical Footprint: Designator=TP406_A Old Footprint=TestPoint New Footprint=TestPoint
Change Physical Footprint: Designator=TP406_B Old Footprint=TestPoint New Footprint=TestPoint
Change Physical Footprint: Designator=TP406_C Old Footprint=TestPoint New Footprint=TestPoint
Change Physical Footprint: Designator=TP407_A Old Footprint=TestPoint New Footprint=TestPoint
Change Physical Footprint: Designator=TP407_B Old Footprint=TestPoint New Footprint=TestPoint
Change Physical Footprint: Designator=TP407_C Old Footprint=TestPoint New Footprint=TestPoint
Change Physical Footprint: Designator=TP408_A Old Footprint=TestPoint New Footprint=TestPoint
Change Physical Footprint: Designator=TP408_B Old Footprint=TestPoint New Footprint=TestPoint
Change Physical Footprint: Designator=TP408_C Old Footprint=TestPoint New Footprint=TestPoint
Change Physical Footprint: Designator=TP409_A Old Footprint=TestPoint New Footprint=TestPoint
Change Physical Footprint: Designator=TP409_B Old Footprint=TestPoint New Footprint=TestPoint
Change Physical Footprint: Designator=TP409_C Old Footprint=TestPoint New Footprint=TestPoint
Change Physical Footprint: Designator=TP410_A Old Footprint=TestPoint New Footprint=TestPoint
Change Physical Footprint: Designator=TP410_B Old Footprint=TestPoint New Footprint=TestPoint
Change Physical Footprint: Designator=TP410_C Old Footprint=TestPoint New Footprint=TestPoint
Change Physical Footprint: Designator=TP411_A Old Footprint=TestPoint New Footprint=TestPoint
Change Physical Footprint: Designator=TP411_B Old Footprint=TestPoint New Footprint=TestPoint
Change Physical Footprint: Designator=TP411_C Old Footprint=TestPoint New Footprint=TestPoint
Change Physical Footprint: Designator=U_HS_A Old Footprint=FP-DW0016B-IPC_A New Footprint=FP-DW0016B-IPC_A
Change Physical Footprint: Designator=U_HS_B Old Footprint=FP-DW0016B-IPC_A New Footprint=FP-DW0016B-IPC_A
Change Physical Footprint: Designator=U_HS_C Old Footprint=FP-DW0016B-IPC_A New Footprint=FP-DW0016B-IPC_A
Change Physical Footprint: Designator=U_LS_A Old Footprint=FP-DW0016B-IPC_A New Footprint=FP-DW0016B-IPC_A
Change Physical Footprint: Designator=U_LS_B Old Footprint=FP-DW0016B-IPC_A New Footprint=FP-DW0016B-IPC_A
Change Physical Footprint: Designator=U_LS_C Old Footprint=FP-DW0016B-IPC_A New Footprint=FP-DW0016B-IPC_A
