Added Component: Designator=MP+(7461096_HAL)
Add component (AddParameter): Name = "Category"; Value = "REDCUBE PRESS-FIT"; VariantName = "[No Variations]"
Add component (AddParameter): Name = "ComponentLink1Description"; Value = "Website Link"; VariantName = "[No Variations]"
Add component (AddParameter): Name = "ComponentLink1URL"; Value = "https://www.we-online.com/redexpert/article/7461096?ad"; VariantName = "[No Variations]"
Add component (AddParameter): Name = "ComponentLink2Description"; Value = "Datasheet Link"; VariantName = "[No Variations]"
Add component (AddParameter): Name = "ComponentLink2URL"; Value = "https://www.we-online.com/redexpert/spec/7461096?ad"; VariantName = "[No Variations]"
Add component (AddParameter): Name = "Height"; Value = "9mm"; VariantName = "[No Variations]"
Add component (AddParameter): Name = "Length"; Value = "7mm"; VariantName = "[No Variations]"
Add component (AddParameter): Name = "Manufacturer"; Value = "Wurth Elektronik"; VariantName = "[No Variations]"
Add component (AddParameter): Name = "Manufacturer Part Number"; Value = "7461096"; VariantName = "[No Variations]"
Add component (AddParameter): Name = "Match Code"; Value = "WP-SHFU"; VariantName = "[No Variations]"
Add component (AddParameter): Name = "Material"; Value = "Brass"; VariantName = "[No Variations]"
Add component (AddParameter): Name = "Mount"; Value = "Press Fit"; VariantName = "[No Variations]"
Add component (AddParameter): Name = "Number of Pins"; Value = "9"; VariantName = "[No Variations]"
Add component (AddParameter): Name = "Operating Temperature Max"; Value = "150°C"; VariantName = "[No Variations]"
Add component (AddParameter): Name = "Operating Temperature Min"; Value = "-55°C"; VariantName = "[No Variations]"
Add component (AddParameter): Name = "Packaging"; Value = "Bulk"; VariantName = "[No Variations]"
Add component (AddParameter): Name = "Rated Current"; Value = "130A"; VariantName = "[No Variations]"
Add component (AddParameter): Name = "Surface"; Value = "Tin"; VariantName = "[No Variations]"
Add component (AddParameter): Name = "Thread Length"; Value = "6mm"; VariantName = "[No Variations]"
Add component (AddParameter): Name = "Thread Size"; Value = "M4"; VariantName = "[No Variations]"
Add component (AddParameter): Name = "Width"; Value = "7mm"; VariantName = "[No Variations]"
Added Component: Designator=MP-(7461096_HAL)
Add component (AddParameter): Name = "Category"; Value = "REDCUBE PRESS-FIT"; VariantName = "[No Variations]"
Add component (AddParameter): Name = "ComponentLink1Description"; Value = "Website Link"; VariantName = "[No Variations]"
Add component (AddParameter): Name = "ComponentLink1URL"; Value = "https://www.we-online.com/redexpert/article/7461096?ad"; VariantName = "[No Variations]"
Add component (AddParameter): Name = "ComponentLink2Description"; Value = "Datasheet Link"; VariantName = "[No Variations]"
Add component (AddParameter): Name = "ComponentLink2URL"; Value = "https://www.we-online.com/redexpert/spec/7461096?ad"; VariantName = "[No Variations]"
Add component (AddParameter): Name = "Height"; Value = "9mm"; VariantName = "[No Variations]"
Add component (AddParameter): Name = "Length"; Value = "7mm"; VariantName = "[No Variations]"
Add component (AddParameter): Name = "Manufacturer"; Value = "Wurth Elektronik"; VariantName = "[No Variations]"
Add component (AddParameter): Name = "Manufacturer Part Number"; Value = "7461096"; VariantName = "[No Variations]"
Add component (AddParameter): Name = "Match Code"; Value = "WP-SHFU"; VariantName = "[No Variations]"
Add component (AddParameter): Name = "Material"; Value = "Brass"; VariantName = "[No Variations]"
Add component (AddParameter): Name = "Mount"; Value = "Press Fit"; VariantName = "[No Variations]"
Add component (AddParameter): Name = "Number of Pins"; Value = "9"; VariantName = "[No Variations]"
Add component (AddParameter): Name = "Operating Temperature Max"; Value = "150°C"; VariantName = "[No Variations]"
Add component (AddParameter): Name = "Operating Temperature Min"; Value = "-55°C"; VariantName = "[No Variations]"
Add component (AddParameter): Name = "Packaging"; Value = "Bulk"; VariantName = "[No Variations]"
Add component (AddParameter): Name = "Rated Current"; Value = "130A"; VariantName = "[No Variations]"
Add component (AddParameter): Name = "Surface"; Value = "Tin"; VariantName = "[No Variations]"
Add component (AddParameter): Name = "Thread Length"; Value = "6mm"; VariantName = "[No Variations]"
Add component (AddParameter): Name = "Thread Size"; Value = "M4"; VariantName = "[No Variations]"
Add component (AddParameter): Name = "Width"; Value = "7mm"; VariantName = "[No Variations]"
Added Component: Designator=MP_A(7461096_HAL)
Add component (AddParameter): Name = "Category"; Value = "REDCUBE PRESS-FIT"; VariantName = "[No Variations]"
Add component (AddParameter): Name = "ComponentLink1Description"; Value = "Website Link"; VariantName = "[No Variations]"
Add component (AddParameter): Name = "ComponentLink1URL"; Value = "https://www.we-online.com/redexpert/article/7461096?ad"; VariantName = "[No Variations]"
Add component (AddParameter): Name = "ComponentLink2Description"; Value = "Datasheet Link"; VariantName = "[No Variations]"
Add component (AddParameter): Name = "ComponentLink2URL"; Value = "https://www.we-online.com/redexpert/spec/7461096?ad"; VariantName = "[No Variations]"
Add component (AddParameter): Name = "Height"; Value = "9mm"; VariantName = "[No Variations]"
Add component (AddParameter): Name = "Length"; Value = "7mm"; VariantName = "[No Variations]"
Add component (AddParameter): Name = "Manufacturer"; Value = "Wurth Elektronik"; VariantName = "[No Variations]"
Add component (AddParameter): Name = "Manufacturer Part Number"; Value = "7461096"; VariantName = "[No Variations]"
Add component (AddParameter): Name = "Match Code"; Value = "WP-SHFU"; VariantName = "[No Variations]"
Add component (AddParameter): Name = "Material"; Value = "Brass"; VariantName = "[No Variations]"
Add component (AddParameter): Name = "Mount"; Value = "Press Fit"; VariantName = "[No Variations]"
Add component (AddParameter): Name = "Number of Pins"; Value = "9"; VariantName = "[No Variations]"
Add component (AddParameter): Name = "Operating Temperature Max"; Value = "150°C"; VariantName = "[No Variations]"
Add component (AddParameter): Name = "Operating Temperature Min"; Value = "-55°C"; VariantName = "[No Variations]"
Add component (AddParameter): Name = "Packaging"; Value = "Bulk"; VariantName = "[No Variations]"
Add component (AddParameter): Name = "Rated Current"; Value = "130A"; VariantName = "[No Variations]"
Add component (AddParameter): Name = "Surface"; Value = "Tin"; VariantName = "[No Variations]"
Add component (AddParameter): Name = "Thread Length"; Value = "6mm"; VariantName = "[No Variations]"
Add component (AddParameter): Name = "Thread Size"; Value = "M4"; VariantName = "[No Variations]"
Add component (AddParameter): Name = "Width"; Value = "7mm"; VariantName = "[No Variations]"
Added Component: Designator=MP_B(7461096_HAL)
Add component (AddParameter): Name = "Category"; Value = "REDCUBE PRESS-FIT"; VariantName = "[No Variations]"
Add component (AddParameter): Name = "ComponentLink1Description"; Value = "Website Link"; VariantName = "[No Variations]"
Add component (AddParameter): Name = "ComponentLink1URL"; Value = "https://www.we-online.com/redexpert/article/7461096?ad"; VariantName = "[No Variations]"
Add component (AddParameter): Name = "ComponentLink2Description"; Value = "Datasheet Link"; VariantName = "[No Variations]"
Add component (AddParameter): Name = "ComponentLink2URL"; Value = "https://www.we-online.com/redexpert/spec/7461096?ad"; VariantName = "[No Variations]"
Add component (AddParameter): Name = "Height"; Value = "9mm"; VariantName = "[No Variations]"
Add component (AddParameter): Name = "Length"; Value = "7mm"; VariantName = "[No Variations]"
Add component (AddParameter): Name = "Manufacturer"; Value = "Wurth Elektronik"; VariantName = "[No Variations]"
Add component (AddParameter): Name = "Manufacturer Part Number"; Value = "7461096"; VariantName = "[No Variations]"
Add component (AddParameter): Name = "Match Code"; Value = "WP-SHFU"; VariantName = "[No Variations]"
Add component (AddParameter): Name = "Material"; Value = "Brass"; VariantName = "[No Variations]"
Add component (AddParameter): Name = "Mount"; Value = "Press Fit"; VariantName = "[No Variations]"
Add component (AddParameter): Name = "Number of Pins"; Value = "9"; VariantName = "[No Variations]"
Add component (AddParameter): Name = "Operating Temperature Max"; Value = "150°C"; VariantName = "[No Variations]"
Add component (AddParameter): Name = "Operating Temperature Min"; Value = "-55°C"; VariantName = "[No Variations]"
Add component (AddParameter): Name = "Packaging"; Value = "Bulk"; VariantName = "[No Variations]"
Add component (AddParameter): Name = "Rated Current"; Value = "130A"; VariantName = "[No Variations]"
Add component (AddParameter): Name = "Surface"; Value = "Tin"; VariantName = "[No Variations]"
Add component (AddParameter): Name = "Thread Length"; Value = "6mm"; VariantName = "[No Variations]"
Add component (AddParameter): Name = "Thread Size"; Value = "M4"; VariantName = "[No Variations]"
Add component (AddParameter): Name = "Width"; Value = "7mm"; VariantName = "[No Variations]"
Added Component: Designator=MP_C(7461096_HAL)
Add component (AddParameter): Name = "Category"; Value = "REDCUBE PRESS-FIT"; VariantName = "[No Variations]"
Add component (AddParameter): Name = "ComponentLink1Description"; Value = "Website Link"; VariantName = "[No Variations]"
Add component (AddParameter): Name = "ComponentLink1URL"; Value = "https://www.we-online.com/redexpert/article/7461096?ad"; VariantName = "[No Variations]"
Add component (AddParameter): Name = "ComponentLink2Description"; Value = "Datasheet Link"; VariantName = "[No Variations]"
Add component (AddParameter): Name = "ComponentLink2URL"; Value = "https://www.we-online.com/redexpert/spec/7461096?ad"; VariantName = "[No Variations]"
Add component (AddParameter): Name = "Height"; Value = "9mm"; VariantName = "[No Variations]"
Add component (AddParameter): Name = "Length"; Value = "7mm"; VariantName = "[No Variations]"
Add component (AddParameter): Name = "Manufacturer"; Value = "Wurth Elektronik"; VariantName = "[No Variations]"
Add component (AddParameter): Name = "Manufacturer Part Number"; Value = "7461096"; VariantName = "[No Variations]"
Add component (AddParameter): Name = "Match Code"; Value = "WP-SHFU"; VariantName = "[No Variations]"
Add component (AddParameter): Name = "Material"; Value = "Brass"; VariantName = "[No Variations]"
Add component (AddParameter): Name = "Mount"; Value = "Press Fit"; VariantName = "[No Variations]"
Add component (AddParameter): Name = "Number of Pins"; Value = "9"; VariantName = "[No Variations]"
Add component (AddParameter): Name = "Operating Temperature Max"; Value = "150°C"; VariantName = "[No Variations]"
Add component (AddParameter): Name = "Operating Temperature Min"; Value = "-55°C"; VariantName = "[No Variations]"
Add component (AddParameter): Name = "Packaging"; Value = "Bulk"; VariantName = "[No Variations]"
Add component (AddParameter): Name = "Rated Current"; Value = "130A"; VariantName = "[No Variations]"
Add component (AddParameter): Name = "Surface"; Value = "Tin"; VariantName = "[No Variations]"
Add component (AddParameter): Name = "Thread Length"; Value = "6mm"; VariantName = "[No Variations]"
Add component (AddParameter): Name = "Thread Size"; Value = "M4"; VariantName = "[No Variations]"
Add component (AddParameter): Name = "Width"; Value = "7mm"; VariantName = "[No Variations]"
Add Pin To Net: Unknown Pin: Pin C1-2
Add Pin To Net: Unknown Pin: Pin C2-2
Add Pin To Net: Unknown Pin: Pin C3-2
Add Pin To Net: Unknown Pin: Pin C4-2
Add Pin To Net: Unknown Pin: Pin C5-2
Add Pin To Net: Unknown Pin: Pin C6-2
Add Pin To Net: Unknown Pin: Pin C7-2
Add Pin To Net: Unknown Pin: Pin C8-2
Add Pin To Net: Unknown Pin: Pin C9-2
Add Pin To Net: Unknown Pin: Pin C10-2
Add Pin To Net: Unknown Pin: Pin C11-2
Add Pin To Net: Unknown Pin: Pin C12-2
Added Pin To Net: NetName=DC+ Pin=MP+-1
Added Pin To Net: NetName=DC+ Pin=MP+-1
Added Pin To Net: NetName=DC+ Pin=MP+-1
Added Pin To Net: NetName=DC+ Pin=MP+-1
Added Pin To Net: NetName=DC+ Pin=MP+-1
Added Pin To Net: NetName=DC+ Pin=MP+-1
Added Pin To Net: NetName=DC+ Pin=MP+-1
Added Pin To Net: NetName=DC+ Pin=MP+-1
Added Pin To Net: NetName=DC+ Pin=MP+-1
Added Pin To Net: NetName=DC- Pin=MP--1
Added Pin To Net: NetName=DC- Pin=MP--1
Added Pin To Net: NetName=DC- Pin=MP--1
Added Pin To Net: NetName=DC- Pin=MP--1
Added Pin To Net: NetName=DC- Pin=MP--1
Added Pin To Net: NetName=DC- Pin=MP--1
Added Pin To Net: NetName=DC- Pin=MP--1
Added Pin To Net: NetName=DC- Pin=MP--1
Added Pin To Net: NetName=DC- Pin=MP--1
Added Pin To Net: NetName=Phase_A Pin=MP_A-1
Added Pin To Net: NetName=Phase_A Pin=MP_A-1
Added Pin To Net: NetName=Phase_A Pin=MP_A-1
Added Pin To Net: NetName=Phase_A Pin=MP_A-1
Added Pin To Net: NetName=Phase_A Pin=MP_A-1
Added Pin To Net: NetName=Phase_A Pin=MP_A-1
Added Pin To Net: NetName=Phase_A Pin=MP_A-1
Added Pin To Net: NetName=Phase_A Pin=MP_A-1
Added Pin To Net: NetName=Phase_A Pin=MP_A-1
Added Pin To Net: NetName=Phase_B Pin=MP_B-1
Added Pin To Net: NetName=Phase_B Pin=MP_B-1
Added Pin To Net: NetName=Phase_B Pin=MP_B-1
Added Pin To Net: NetName=Phase_B Pin=MP_B-1
Added Pin To Net: NetName=Phase_B Pin=MP_B-1
Added Pin To Net: NetName=Phase_B Pin=MP_B-1
Added Pin To Net: NetName=Phase_B Pin=MP_B-1
Added Pin To Net: NetName=Phase_B Pin=MP_B-1
Added Pin To Net: NetName=Phase_B Pin=MP_B-1
Added Pin To Net: NetName=Phase_C Pin=MP_C-1
Added Pin To Net: NetName=Phase_C Pin=MP_C-1
Added Pin To Net: NetName=Phase_C Pin=MP_C-1
Added Pin To Net: NetName=Phase_C Pin=MP_C-1
Added Pin To Net: NetName=Phase_C Pin=MP_C-1
Added Pin To Net: NetName=Phase_C Pin=MP_C-1
Added Pin To Net: NetName=Phase_C Pin=MP_C-1
Added Pin To Net: NetName=Phase_C Pin=MP_C-1
Added Pin To Net: NetName=Phase_C Pin=MP_C-1
Added Member To Class: ClassName=[1] Power_Stage Member=Component MP+ M4 x 6mm
Added Member To Class: ClassName=[1] Power_Stage Member=Component MP- M4 x 6mm
Added Member To Class: ClassName=[1] Power_Stage Member=Component MP_A M4 x 6mm
Added Member To Class: ClassName=[1] Power_Stage Member=Component MP_B M4 x 6mm
Added Member To Class: ClassName=[1] Power_Stage Member=Component MP_C M4 x 6mm
