Added Component: Designator=MPA(7461063_HAL)
Add component (AddParameter): Name = "Category"; Value = "REDCUBE PRESS-FIT"; VariantName = "[No Variations]"
Add component (AddParameter): Name = "ComponentLink1Description"; Value = "Website Link"; VariantName = "[No Variations]"
Add component (AddParameter): Name = "ComponentLink1URL"; Value = "https://www.we-online.com/redexpert/article/7461063?ad"; VariantName = "[No Variations]"
Add component (AddParameter): Name = "ComponentLink2Description"; Value = "Datasheet Link"; VariantName = "[No Variations]"
Add component (AddParameter): Name = "ComponentLink2URL"; Value = "https://www.we-online.com/redexpert/spec/7461063?ad"; VariantName = "[No Variations]"
Add component (AddParameter): Name = "Height"; Value = "14mm"; VariantName = "[No Variations]"
Add component (AddParameter): Name = "Length"; Value = "9mm"; VariantName = "[No Variations]"
Add component (AddParameter): Name = "Manufacturer"; Value = "Wurth Elektronik"; VariantName = "[No Variations]"
Add component (AddParameter): Name = "Manufacturer Part Number"; Value = "7461063"; VariantName = "[No Variations]"
Add component (AddParameter): Name = "Match Code"; Value = "WP-RATR"; VariantName = "[No Variations]"
Add component (AddParameter): Name = "Material"; Value = "Brass"; VariantName = "[No Variations]"
Add component (AddParameter): Name = "Mount"; Value = "Press Fit"; VariantName = "[No Variations]"
Add component (AddParameter): Name = "Number of Pins"; Value = "8"; VariantName = "[No Variations]"
Add component (AddParameter): Name = "Operating Temperature Max"; Value = "150°C"; VariantName = "[No Variations]"
Add component (AddParameter): Name = "Operating Temperature Min"; Value = "-55°C"; VariantName = "[No Variations]"
Add component (AddParameter): Name = "Packaging"; Value = "Bulk"; VariantName = "[No Variations]"
Add component (AddParameter): Name = "Rated Current"; Value = "160A"; VariantName = "[No Variations]"
Add component (AddParameter): Name = "Surface"; Value = "Tin"; VariantName = "[No Variations]"
Add component (AddParameter): Name = "Thread Size"; Value = "M4"; VariantName = "[No Variations]"
Add component (AddParameter): Name = "Width"; Value = "9mm"; VariantName = "[No Variations]"
Added Component: Designator=MPB(7461063_HAL)
Add component (AddParameter): Name = "Category"; Value = "REDCUBE PRESS-FIT"; VariantName = "[No Variations]"
Add component (AddParameter): Name = "ComponentLink1Description"; Value = "Website Link"; VariantName = "[No Variations]"
Add component (AddParameter): Name = "ComponentLink1URL"; Value = "https://www.we-online.com/redexpert/article/7461063?ad"; VariantName = "[No Variations]"
Add component (AddParameter): Name = "ComponentLink2Description"; Value = "Datasheet Link"; VariantName = "[No Variations]"
Add component (AddParameter): Name = "ComponentLink2URL"; Value = "https://www.we-online.com/redexpert/spec/7461063?ad"; VariantName = "[No Variations]"
Add component (AddParameter): Name = "Height"; Value = "14mm"; VariantName = "[No Variations]"
Add component (AddParameter): Name = "Length"; Value = "9mm"; VariantName = "[No Variations]"
Add component (AddParameter): Name = "Manufacturer"; Value = "Wurth Elektronik"; VariantName = "[No Variations]"
Add component (AddParameter): Name = "Manufacturer Part Number"; Value = "7461063"; VariantName = "[No Variations]"
Add component (AddParameter): Name = "Match Code"; Value = "WP-RATR"; VariantName = "[No Variations]"
Add component (AddParameter): Name = "Material"; Value = "Brass"; VariantName = "[No Variations]"
Add component (AddParameter): Name = "Mount"; Value = "Press Fit"; VariantName = "[No Variations]"
Add component (AddParameter): Name = "Number of Pins"; Value = "8"; VariantName = "[No Variations]"
Add component (AddParameter): Name = "Operating Temperature Max"; Value = "150°C"; VariantName = "[No Variations]"
Add component (AddParameter): Name = "Operating Temperature Min"; Value = "-55°C"; VariantName = "[No Variations]"
Add component (AddParameter): Name = "Packaging"; Value = "Bulk"; VariantName = "[No Variations]"
Add component (AddParameter): Name = "Rated Current"; Value = "160A"; VariantName = "[No Variations]"
Add component (AddParameter): Name = "Surface"; Value = "Tin"; VariantName = "[No Variations]"
Add component (AddParameter): Name = "Thread Size"; Value = "M4"; VariantName = "[No Variations]"
Add component (AddParameter): Name = "Width"; Value = "9mm"; VariantName = "[No Variations]"
Added Component: Designator=MPC(7461063_HAL)
Add component (AddParameter): Name = "Category"; Value = "REDCUBE PRESS-FIT"; VariantName = "[No Variations]"
Add component (AddParameter): Name = "ComponentLink1Description"; Value = "Website Link"; VariantName = "[No Variations]"
Add component (AddParameter): Name = "ComponentLink1URL"; Value = "https://www.we-online.com/redexpert/article/7461063?ad"; VariantName = "[No Variations]"
Add component (AddParameter): Name = "ComponentLink2Description"; Value = "Datasheet Link"; VariantName = "[No Variations]"
Add component (AddParameter): Name = "ComponentLink2URL"; Value = "https://www.we-online.com/redexpert/spec/7461063?ad"; VariantName = "[No Variations]"
Add component (AddParameter): Name = "Height"; Value = "14mm"; VariantName = "[No Variations]"
Add component (AddParameter): Name = "Length"; Value = "9mm"; VariantName = "[No Variations]"
Add component (AddParameter): Name = "Manufacturer"; Value = "Wurth Elektronik"; VariantName = "[No Variations]"
Add component (AddParameter): Name = "Manufacturer Part Number"; Value = "7461063"; VariantName = "[No Variations]"
Add component (AddParameter): Name = "Match Code"; Value = "WP-RATR"; VariantName = "[No Variations]"
Add component (AddParameter): Name = "Material"; Value = "Brass"; VariantName = "[No Variations]"
Add component (AddParameter): Name = "Mount"; Value = "Press Fit"; VariantName = "[No Variations]"
Add component (AddParameter): Name = "Number of Pins"; Value = "8"; VariantName = "[No Variations]"
Add component (AddParameter): Name = "Operating Temperature Max"; Value = "150°C"; VariantName = "[No Variations]"
Add component (AddParameter): Name = "Operating Temperature Min"; Value = "-55°C"; VariantName = "[No Variations]"
Add component (AddParameter): Name = "Packaging"; Value = "Bulk"; VariantName = "[No Variations]"
Add component (AddParameter): Name = "Rated Current"; Value = "160A"; VariantName = "[No Variations]"
Add component (AddParameter): Name = "Surface"; Value = "Tin"; VariantName = "[No Variations]"
Add component (AddParameter): Name = "Thread Size"; Value = "M4"; VariantName = "[No Variations]"
Add component (AddParameter): Name = "Width"; Value = "9mm"; VariantName = "[No Variations]"
Added Pin To Net: NetName=A_OUT Pin=MPA-1
Added Pin To Net: NetName=A_OUT Pin=MPA-1
Added Pin To Net: NetName=A_OUT Pin=MPA-1
Added Pin To Net: NetName=A_OUT Pin=MPA-1
Added Pin To Net: NetName=A_OUT Pin=MPA-1
Added Pin To Net: NetName=A_OUT Pin=MPA-1
Added Pin To Net: NetName=A_OUT Pin=MPA-1
Added Pin To Net: NetName=A_OUT Pin=MPA-1
Added Pin To Net: NetName=B_OUT Pin=MPB-1
Added Pin To Net: NetName=B_OUT Pin=MPB-1
Added Pin To Net: NetName=B_OUT Pin=MPB-1
Added Pin To Net: NetName=B_OUT Pin=MPB-1
Added Pin To Net: NetName=B_OUT Pin=MPB-1
Added Pin To Net: NetName=B_OUT Pin=MPB-1
Added Pin To Net: NetName=B_OUT Pin=MPB-1
Added Pin To Net: NetName=B_OUT Pin=MPB-1
Added Pin To Net: NetName=C_OUT Pin=MPC-1
Added Pin To Net: NetName=C_OUT Pin=MPC-1
Added Pin To Net: NetName=C_OUT Pin=MPC-1
Added Pin To Net: NetName=C_OUT Pin=MPC-1
Added Pin To Net: NetName=C_OUT Pin=MPC-1
Added Pin To Net: NetName=C_OUT Pin=MPC-1
Added Pin To Net: NetName=C_OUT Pin=MPC-1
Added Pin To Net: NetName=C_OUT Pin=MPC-1
Added Member To Class: ClassName=Inverter_Power Member=Component MPA M4
Added Member To Class: ClassName=Inverter_Power Member=Component MPB M4
Added Member To Class: ClassName=Inverter_Power Member=Component MPC M4
