Removed Pin From Net: NetName=I_B Pin=R204-1
Removed Pin From Net: NetName=I_B Pin=R205-2
Removed Member From Class: ClassName=[1] Power_Stage Member=MP+
Removed Member From Class: ClassName=[1] Power_Stage Member=MP-
Removed Member From Class: ClassName=[2] Current_Sense Member=MP_A
Removed Member From Class: ClassName=[2] Current_Sense Member=MP_B
Removed Member From Class: ClassName=[2] Current_Sense Member=MP_C
Removed Member From Class: ClassName=[2] Current_Sense Member=R204
Removed Member From Class: ClassName=[2] Current_Sense Member=R205
Removed Member From Class: ClassName=[2] Current_Sense Member=R206
Added Component: Designator=J1(690367292076)
Add component (AddParameter): Name = "Category"; Value = "Connectors"; VariantName = "[No Variations]"
Add component (AddParameter): Name = "ComponentLink1Description"; Value = "https://datasheet.ciiva.com/25617/0900766b811917f0-25617511.pdf?src-supplier=Rs"; VariantName = "[No Variations]"
Add component (AddParameter): Name = "ComponentLink1URL"; Value = "https://datasheet.ciiva.com/25617/0900766b811917f0-25617511.pdf?src-supplier=Rs"; VariantName = "[No Variations]"
Add component (AddParameter): Name = "ComponentLink2Description"; Value = "https://datasheet.ciiva.com/29130/69036729xx76-29130464.pdf?src-supplier=Digi-Key"; VariantName = "[No Variations]"
Add component (AddParameter): Name = "ComponentLink2URL"; Value = "https://datasheet.ciiva.com/29130/69036729xx76-29130464.pdf?src-supplier=Digi-Key"; VariantName = "[No Variations]"
Add component (AddParameter): Name = "Manufacturer 1"; Value = "Wurth Electronics"; VariantName = "[No Variations]"
Add component (AddParameter): Name = "Manufacturer Part Number 1"; Value = "690367292076"; VariantName = "[No Variations]"
Add component (AddParameter): Name = "Pricing 1"; Value = "5=2,326, 50=2,162, 250=2, 500=1,742, 1000=1,582 (EUR)"; VariantName = "[No Variations]"
Add component (AddParameter): Name = "RoHS"; Value = "Yes"; VariantName = "[No Variations]"
Add component (AddParameter): Name = "Stock 1"; Value = "2285"; VariantName = "[No Variations]"
Add component (AddParameter): Name = "Supplier 1"; Value = "Rs"; VariantName = "[No Variations]"
Add component (AddParameter): Name = "Supplier Part Number 1"; Value = "7718102"; VariantName = "[No Variations]"
Added Pin To Net: NetName=I_B Pin=CSB-12
Added Pin To Net: NetName=I_B Pin=J1-6
Change Net Name : Old Net Name=NTC_A+ New Net Name=NTC+1
Change Net Name : Old Net Name=NTC_A- New Net Name=NTC-1
Change Net Name : Old Net Name=NTC_B+ New Net Name=NTC+2
Change Net Name : Old Net Name=NTC_B- New Net Name=NTC-2
Change Net Name : Old Net Name=NTC_C+ New Net Name=NTC+3
Change Net Name : Old Net Name=NTC_C- New Net Name=NTC-3
Change Net Color : Old Net Color=RGB(255, 110, 110) New Net Color=Default
Change Net Color : Old Net Color=RGB(255, 110, 110) New Net Color=Default
Change Net Color : Old Net Color=RGB(110, 110, 255) New Net Color=Default
Change Net Color : Old Net Color=RGB(110, 110, 255) New Net Color=Default
Change Net Color : Old Net Color=Yellow New Net Color=Default
Change Net Color : Old Net Color=Yellow New Net Color=Default
Change Net Color : Old Net Color=RGB(255, 110, 110) New Net Color=Default
Change Net Color : Old Net Color=RGB(255, 110, 110) New Net Color=Default
Change Net Color : Old Net Color=RGB(110, 110, 255) New Net Color=Default
Change Net Color : Old Net Color=RGB(110, 110, 255) New Net Color=Default
Change Net Color : Old Net Color=Yellow New Net Color=Default
Change Net Color : Old Net Color=Yellow New Net Color=Default
Change Net Color : Old Net Color=RGB(255, 110, 110) New Net Color=Default
Change Net Color : Old Net Color=RGB(255, 110, 110) New Net Color=Default
Change Net Color : Old Net Color=RGB(110, 110, 255) New Net Color=Default
Change Net Color : Old Net Color=RGB(110, 110, 255) New Net Color=Default
Change Net Color : Old Net Color=Yellow New Net Color=Default
Change Net Color : Old Net Color=Yellow New Net Color=Default
Added Pin To Net: NetName=+5 Pin=CSA-14
Added Pin To Net: NetName=+5 Pin=CSB-14
Added Pin To Net: NetName=+5 Pin=CSC-14
Added Pin To Net: NetName=+5 Pin=J1-1
Added Pin To Net: NetName=+5 Pin=J1-2
Added Net: Name=+5
Added Pin To Net: NetName=GND Pin=CSA-13
Added Pin To Net: NetName=GND Pin=CSB-13
Added Pin To Net: NetName=GND Pin=CSC-13
Added Pin To Net: NetName=GND Pin=J1-3
Added Pin To Net: NetName=GND Pin=J1-4
Added Net: Name=GND
Added Pin To Net: NetName=I_A Pin=CSA-12
Added Pin To Net: NetName=I_A Pin=J1-5
Added Net: Name=I_A
Added Pin To Net: NetName=I_C Pin=CSC-12
Added Pin To Net: NetName=I_C Pin=J1-7
Added Net: Name=I_C
Change Class Name : Old Net Name=[1] Power_Stage New Net Name=Power_Stage
Change Class Name : Old Net Name=[2] Current_Sense New Net Name=Current_Sense
Added Class: Name=Inverter_Power
Added Class: Name=N000-1_[1..6]
Added Class: Name=N000-2_[1..6]
Added Class: Name=N000-3_[1..6]
Added Class: Name=N000-4_[1..3]
Added Class: Name=N000-5_[1..6]
