Added Component: Designator=HB_A(DFS05HF12EYR1)
Add component (AddParameter): Name = "Blocking voltage"; Value = "1200 V"; VariantName = "[No Variations]"
Add component (AddParameter): Name = "ComponentLink1Description"; Value = "Datasheet"; VariantName = "[No Variations]"
Add component (AddParameter): Name = "ComponentLink1URL"; Value = "https://www.leapers-power.com/action/download?file=/web/uploads/file/20230309/E66B0Y1w3x716fyKzgl84X9Kg38sCV40.pdf"; VariantName = "[No Variations]"
Add component (AddParameter): Name = "Isolation voltage"; Value = "3.4 kV"; VariantName = "[No Variations]"
Add component (AddParameter): Name = "Maximum IDS-ISD"; Value = "150 A"; VariantName = "[No Variations]"
Add component (AddParameter): Name = "Maximum junction temperature"; Value = "175 °C"; VariantName = "[No Variations]"
Add component (AddParameter): Name = "Maximum VGSS"; Value = "+21 V / -2 V"; VariantName = "[No Variations]"
Add component (AddParameter): Name = "NTC B-value @50 ºC"; Value = "3375 K"; VariantName = "[No Variations]"
Add component (AddParameter): Name = "NTC resistance @25 ºC"; Value = "5 kOhm"; VariantName = "[No Variations]"
Add component (AddParameter): Name = "QG"; Value = "520 nC"; VariantName = "[No Variations]"
Add component (AddParameter): Name = "Rds(on)"; Value = "5.5 mOhm .. 13 mOhm"; VariantName = "[No Variations]"
Add component (AddParameter): Name = "RGint"; Value = "1.9 Ohm"; VariantName = "[No Variations]"
Add component (AddParameter): Name = "Rth(j-c)"; Value = "0.12 K/W"; VariantName = "[No Variations]"
Add component (AddParameter): Name = "Vf_diode"; Value = "3.3 V .. 4.0 V"; VariantName = "[No Variations]"
Add component (AddParameter): Name = "VGS(th)"; Value = "2.8 V .. 4.8 V"; VariantName = "[No Variations]"
Added Component: Designator=HB_B(DFS05HF12EYR1)
Add component (AddParameter): Name = "Blocking voltage"; Value = "1200 V"; VariantName = "[No Variations]"
Add component (AddParameter): Name = "ComponentLink1Description"; Value = "Datasheet"; VariantName = "[No Variations]"
Add component (AddParameter): Name = "ComponentLink1URL"; Value = "https://www.leapers-power.com/action/download?file=/web/uploads/file/20230309/E66B0Y1w3x716fyKzgl84X9Kg38sCV40.pdf"; VariantName = "[No Variations]"
Add component (AddParameter): Name = "Isolation voltage"; Value = "3.4 kV"; VariantName = "[No Variations]"
Add component (AddParameter): Name = "Maximum IDS-ISD"; Value = "150 A"; VariantName = "[No Variations]"
Add component (AddParameter): Name = "Maximum junction temperature"; Value = "175 °C"; VariantName = "[No Variations]"
Add component (AddParameter): Name = "Maximum VGSS"; Value = "+21 V / -2 V"; VariantName = "[No Variations]"
Add component (AddParameter): Name = "NTC B-value @50 ºC"; Value = "3375 K"; VariantName = "[No Variations]"
Add component (AddParameter): Name = "NTC resistance @25 ºC"; Value = "5 kOhm"; VariantName = "[No Variations]"
Add component (AddParameter): Name = "QG"; Value = "520 nC"; VariantName = "[No Variations]"
Add component (AddParameter): Name = "Rds(on)"; Value = "5.5 mOhm .. 13 mOhm"; VariantName = "[No Variations]"
Add component (AddParameter): Name = "RGint"; Value = "1.9 Ohm"; VariantName = "[No Variations]"
Add component (AddParameter): Name = "Rth(j-c)"; Value = "0.12 K/W"; VariantName = "[No Variations]"
Add component (AddParameter): Name = "Vf_diode"; Value = "3.3 V .. 4.0 V"; VariantName = "[No Variations]"
Add component (AddParameter): Name = "VGS(th)"; Value = "2.8 V .. 4.8 V"; VariantName = "[No Variations]"
Added Component: Designator=HB_C(DFS05HF12EYR1)
Add component (AddParameter): Name = "Blocking voltage"; Value = "1200 V"; VariantName = "[No Variations]"
Add component (AddParameter): Name = "ComponentLink1Description"; Value = "Datasheet"; VariantName = "[No Variations]"
Add component (AddParameter): Name = "ComponentLink1URL"; Value = "https://www.leapers-power.com/action/download?file=/web/uploads/file/20230309/E66B0Y1w3x716fyKzgl84X9Kg38sCV40.pdf"; VariantName = "[No Variations]"
Add component (AddParameter): Name = "Isolation voltage"; Value = "3.4 kV"; VariantName = "[No Variations]"
Add component (AddParameter): Name = "Maximum IDS-ISD"; Value = "150 A"; VariantName = "[No Variations]"
Add component (AddParameter): Name = "Maximum junction temperature"; Value = "175 °C"; VariantName = "[No Variations]"
Add component (AddParameter): Name = "Maximum VGSS"; Value = "+21 V / -2 V"; VariantName = "[No Variations]"
Add component (AddParameter): Name = "NTC B-value @50 ºC"; Value = "3375 K"; VariantName = "[No Variations]"
Add component (AddParameter): Name = "NTC resistance @25 ºC"; Value = "5 kOhm"; VariantName = "[No Variations]"
Add component (AddParameter): Name = "QG"; Value = "520 nC"; VariantName = "[No Variations]"
Add component (AddParameter): Name = "Rds(on)"; Value = "5.5 mOhm .. 13 mOhm"; VariantName = "[No Variations]"
Add component (AddParameter): Name = "RGint"; Value = "1.9 Ohm"; VariantName = "[No Variations]"
Add component (AddParameter): Name = "Rth(j-c)"; Value = "0.12 K/W"; VariantName = "[No Variations]"
Add component (AddParameter): Name = "Vf_diode"; Value = "3.3 V .. 4.0 V"; VariantName = "[No Variations]"
Add component (AddParameter): Name = "VGS(th)"; Value = "2.8 V .. 4.8 V"; VariantName = "[No Variations]"
Added Pin To Net: NetName=NetHB_A_4 Pin=HB_A-4
Added Pin To Net: NetName=NetHB_A_4 Pin=HB_A-4
Added Pin To Net: NetName=NetHB_A_4 Pin=HB_A-4
Added Pin To Net: NetName=NetHB_A_4 Pin=HB_A-4
Added Pin To Net: NetName=NetHB_A_4 Pin=HB_A-4
Added Pin To Net: NetName=NetHB_A_4 Pin=HB_A-4
Added Pin To Net: NetName=NetHB_A_4 Pin=HB_B-4
Added Pin To Net: NetName=NetHB_A_4 Pin=HB_B-4
Added Pin To Net: NetName=NetHB_A_4 Pin=HB_B-4
Added Pin To Net: NetName=NetHB_A_4 Pin=HB_B-4
Added Pin To Net: NetName=NetHB_A_4 Pin=HB_B-4
Added Pin To Net: NetName=NetHB_A_4 Pin=HB_B-4
Added Pin To Net: NetName=NetHB_A_4 Pin=HB_C-4
Added Pin To Net: NetName=NetHB_A_4 Pin=HB_C-4
Added Pin To Net: NetName=NetHB_A_4 Pin=HB_C-4
Added Pin To Net: NetName=NetHB_A_4 Pin=HB_C-4
Added Pin To Net: NetName=NetHB_A_4 Pin=HB_C-4
Added Pin To Net: NetName=NetHB_A_4 Pin=HB_C-4
Added Net: Name=NetHB_A_4
Added Pin To Net: NetName=NetHB_A_5 Pin=HB_A-5
Added Pin To Net: NetName=NetHB_A_5 Pin=HB_A-5
Added Pin To Net: NetName=NetHB_A_5 Pin=HB_A-5
Added Pin To Net: NetName=NetHB_A_5 Pin=HB_A-5
Added Pin To Net: NetName=NetHB_A_5 Pin=HB_A-5
Added Pin To Net: NetName=NetHB_A_5 Pin=HB_A-5
Added Pin To Net: NetName=NetHB_A_5 Pin=HB_B-5
Added Pin To Net: NetName=NetHB_A_5 Pin=HB_B-5
Added Pin To Net: NetName=NetHB_A_5 Pin=HB_B-5
Added Pin To Net: NetName=NetHB_A_5 Pin=HB_B-5
Added Pin To Net: NetName=NetHB_A_5 Pin=HB_B-5
Added Pin To Net: NetName=NetHB_A_5 Pin=HB_B-5
Added Pin To Net: NetName=NetHB_A_5 Pin=HB_C-5
Added Pin To Net: NetName=NetHB_A_5 Pin=HB_C-5
Added Pin To Net: NetName=NetHB_A_5 Pin=HB_C-5
Added Pin To Net: NetName=NetHB_A_5 Pin=HB_C-5
Added Pin To Net: NetName=NetHB_A_5 Pin=HB_C-5
Added Pin To Net: NetName=NetHB_A_5 Pin=HB_C-5
Added Net: Name=NetHB_A_5
Added Class: Name=[1] Power_Stage
