Change Component Footprint: Designator=DCDC1 Old Footprint=MGJ2D241802BSC New Footprint=MGJ2D051802BSC
Change Component Footprint: Designator=DCDC2 Old Footprint=MGJ2D241802BSC New Footprint=MGJ2D051802BSC
Change Component Footprint: Designator=DCDC3 Old Footprint=MGJ2D241802BSC New Footprint=MGJ2D051802BSC
Change Component Footprint: Designator=DCDC4 Old Footprint=MGJ2D241802BSC New Footprint=MGJ2D051802BSC
Change Component Footprint: Designator=DCDC5 Old Footprint=MGJ2D241802BSC New Footprint=MGJ2D051802BSC
Change Component Footprint: Designator=DCDC6 Old Footprint=MGJ2D241802BSC New Footprint=MGJ2D051802BSC
Change component parameters: Designator = "DCDC1" ("DCDC1"); Footprint = "MGJ2D241802BSC"; UniqueID = "\SWPWGXJS\UINYVHPV" ("\SWPWGXJS\UINYVHPV")
Change component parameters (AddParameter): Name = "Category"; Value = "Board Mount Modules"; VariantName = "[No Variations]"
Change component parameters (AddParameter): Name = "Manufacturer 1"; Value = "Murata"; VariantName = "[No Variations]"
Change component parameters (AddParameter): Name = "Manufacturer Part Number 1"; Value = "MGJ2D051802BSC"; VariantName = "[No Variations]"
Change component parameters (AddParameter): Name = "Pricing 1"; Value = "25=5,1192, 30=4,9896, 60=4,86, 130=4,7304, 250=4,6008, 1300=4,4712, 2500=4,3416 (USD)"; VariantName = "[No Variations]"
Change component parameters (AddParameter): Name = "RoHS"; Value = "No"; VariantName = "[No Variations]"
Change component parameters (AddParameter): Name = "Stock 1"; Value = "25"; VariantName = "[No Variations]"
Change component parameters (AddParameter): Name = "Supplier 1"; Value = "Avnet"; VariantName = "[No Variations]"
Change component parameters (AddParameter): Name = "Supplier Part Number 1"; Value = "MGJ2D051802BSC"; VariantName = "[No Variations]"
Change component parameters: Designator = "DCDC2" ("DCDC2"); Footprint = "MGJ2D241802BSC"; UniqueID = "\SWPWGXJS\BILHHMYI" ("\SWPWGXJS\BILHHMYI")
Change component parameters (AddParameter): Name = "Category"; Value = "Board Mount Modules"; VariantName = "[No Variations]"
Change component parameters (AddParameter): Name = "Manufacturer 1"; Value = "Murata"; VariantName = "[No Variations]"
Change component parameters (AddParameter): Name = "Manufacturer Part Number 1"; Value = "MGJ2D051802BSC"; VariantName = "[No Variations]"
Change component parameters (AddParameter): Name = "Pricing 1"; Value = "25=5,1192, 30=4,9896, 60=4,86, 130=4,7304, 250=4,6008, 1300=4,4712, 2500=4,3416 (USD)"; VariantName = "[No Variations]"
Change component parameters (AddParameter): Name = "RoHS"; Value = "No"; VariantName = "[No Variations]"
Change component parameters (AddParameter): Name = "Stock 1"; Value = "25"; VariantName = "[No Variations]"
Change component parameters (AddParameter): Name = "Supplier 1"; Value = "Avnet"; VariantName = "[No Variations]"
Change component parameters (AddParameter): Name = "Supplier Part Number 1"; Value = "MGJ2D051802BSC"; VariantName = "[No Variations]"
Change component parameters: Designator = "DCDC3" ("DCDC3"); Footprint = "MGJ2D241802BSC"; UniqueID = "\SWPWGXJS\AUUIMYYX" ("\SWPWGXJS\AUUIMYYX")
Change component parameters (AddParameter): Name = "Category"; Value = "Board Mount Modules"; VariantName = "[No Variations]"
Change component parameters (AddParameter): Name = "Manufacturer 1"; Value = "Murata"; VariantName = "[No Variations]"
Change component parameters (AddParameter): Name = "Manufacturer Part Number 1"; Value = "MGJ2D051802BSC"; VariantName = "[No Variations]"
Change component parameters (AddParameter): Name = "Pricing 1"; Value = "25=5,1192, 30=4,9896, 60=4,86, 130=4,7304, 250=4,6008, 1300=4,4712, 2500=4,3416 (USD)"; VariantName = "[No Variations]"
Change component parameters (AddParameter): Name = "RoHS"; Value = "No"; VariantName = "[No Variations]"
Change component parameters (AddParameter): Name = "Stock 1"; Value = "25"; VariantName = "[No Variations]"
Change component parameters (AddParameter): Name = "Supplier 1"; Value = "Avnet"; VariantName = "[No Variations]"
Change component parameters (AddParameter): Name = "Supplier Part Number 1"; Value = "MGJ2D051802BSC"; VariantName = "[No Variations]"
Change component parameters: Designator = "DCDC4" ("DCDC4"); Footprint = "MGJ2D241802BSC"; UniqueID = "\SWPWGXJS\QDBQZDUP" ("\SWPWGXJS\QDBQZDUP")
Change component parameters (AddParameter): Name = "Category"; Value = "Board Mount Modules"; VariantName = "[No Variations]"
Change component parameters (AddParameter): Name = "Manufacturer 1"; Value = "Murata"; VariantName = "[No Variations]"
Change component parameters (AddParameter): Name = "Manufacturer Part Number 1"; Value = "MGJ2D051802BSC"; VariantName = "[No Variations]"
Change component parameters (AddParameter): Name = "Pricing 1"; Value = "25=5,1192, 30=4,9896, 60=4,86, 130=4,7304, 250=4,6008, 1300=4,4712, 2500=4,3416 (USD)"; VariantName = "[No Variations]"
Change component parameters (AddParameter): Name = "RoHS"; Value = "No"; VariantName = "[No Variations]"
Change component parameters (AddParameter): Name = "Stock 1"; Value = "25"; VariantName = "[No Variations]"
Change component parameters (AddParameter): Name = "Supplier 1"; Value = "Avnet"; VariantName = "[No Variations]"
Change component parameters (AddParameter): Name = "Supplier Part Number 1"; Value = "MGJ2D051802BSC"; VariantName = "[No Variations]"
Change component parameters: Designator = "DCDC5" ("DCDC5"); Footprint = "MGJ2D241802BSC"; UniqueID = "\SWPWGXJS\AYSKUHKW" ("\SWPWGXJS\AYSKUHKW")
Change component parameters (AddParameter): Name = "Category"; Value = "Board Mount Modules"; VariantName = "[No Variations]"
Change component parameters (AddParameter): Name = "Manufacturer 1"; Value = "Murata"; VariantName = "[No Variations]"
Change component parameters (AddParameter): Name = "Manufacturer Part Number 1"; Value = "MGJ2D051802BSC"; VariantName = "[No Variations]"
Change component parameters (AddParameter): Name = "Pricing 1"; Value = "25=5,1192, 30=4,9896, 60=4,86, 130=4,7304, 250=4,6008, 1300=4,4712, 2500=4,3416 (USD)"; VariantName = "[No Variations]"
Change component parameters (AddParameter): Name = "RoHS"; Value = "No"; VariantName = "[No Variations]"
Change component parameters (AddParameter): Name = "Stock 1"; Value = "25"; VariantName = "[No Variations]"
Change component parameters (AddParameter): Name = "Supplier 1"; Value = "Avnet"; VariantName = "[No Variations]"
Change component parameters (AddParameter): Name = "Supplier Part Number 1"; Value = "MGJ2D051802BSC"; VariantName = "[No Variations]"
Change component parameters: Designator = "DCDC6" ("DCDC6"); Footprint = "MGJ2D241802BSC"; UniqueID = "\SWPWGXJS\XVJHGIGW" ("\SWPWGXJS\XVJHGIGW")
Change component parameters (AddParameter): Name = "Category"; Value = "Board Mount Modules"; VariantName = "[No Variations]"
Change component parameters (AddParameter): Name = "Manufacturer 1"; Value = "Murata"; VariantName = "[No Variations]"
Change component parameters (AddParameter): Name = "Manufacturer Part Number 1"; Value = "MGJ2D051802BSC"; VariantName = "[No Variations]"
Change component parameters (AddParameter): Name = "Pricing 1"; Value = "25=5,1192, 30=4,9896, 60=4,86, 130=4,7304, 250=4,6008, 1300=4,4712, 2500=4,3416 (USD)"; VariantName = "[No Variations]"
Change component parameters (AddParameter): Name = "RoHS"; Value = "No"; VariantName = "[No Variations]"
Change component parameters (AddParameter): Name = "Stock 1"; Value = "25"; VariantName = "[No Variations]"
Change component parameters (AddParameter): Name = "Supplier 1"; Value = "Avnet"; VariantName = "[No Variations]"
Change component parameters (AddParameter): Name = "Supplier Part Number 1"; Value = "MGJ2D051802BSC"; VariantName = "[No Variations]"
Added Pin To Net: NetName=LV+in Pin=DCDC1-1
Added Pin To Net: NetName=GND Pin=DCDC1-2
Added Pin To Net: NetName=LV+in Pin=DCDC2-1
Added Pin To Net: NetName=GND Pin=DCDC2-2
Added Pin To Net: NetName=LV+in Pin=DCDC3-1
Added Pin To Net: NetName=GND Pin=DCDC3-2
Added Pin To Net: NetName=LV+in Pin=DCDC4-1
Added Pin To Net: NetName=GND Pin=DCDC4-2
Added Pin To Net: NetName=LV+in Pin=DCDC5-1
Added Pin To Net: NetName=GND Pin=DCDC5-2
Added Pin To Net: NetName=LV+in Pin=DCDC6-1
Added Pin To Net: NetName=GND Pin=DCDC6-2
Added Pin To Net: NetName=GND Pin=U1-9
Added Pin To Net: NetName=PWM1 Pin=U1-10
Added Pin To Net: NetName=GND Pin=U2-9
Added Pin To Net: NetName=PWM2 Pin=U2-10
Added Pin To Net: NetName=GND Pin=U3-9
Added Pin To Net: NetName=PWM3 Pin=U3-10
Added Pin To Net: NetName=GND Pin=U4-9
Added Pin To Net: NetName=PWM4 Pin=U4-10
Added Pin To Net: NetName=GND Pin=U5-9
Added Pin To Net: NetName=PWM5 Pin=U5-10
Added Pin To Net: NetName=GND Pin=U6-9
Added Pin To Net: NetName=PWM6 Pin=U6-10
Add Pin To Net: Unknown Pin: Pin U401-1
Add Pin To Net: Unknown Pin: Pin U401-2
Add Pin To Net: Unknown Pin: Pin U401-4
Add Pin To Net: Unknown Pin: Pin U401-5
Add Pin To Net: Unknown Pin: Pin U401-6
Add Pin To Net: Unknown Pin: Pin U401-7
Add Pin To Net: Unknown Pin: Pin U401-8
Add Pin To Net: Unknown Pin: Pin U402-1
Add Pin To Net: Unknown Pin: Pin U402-2
Add Pin To Net: Unknown Pin: Pin U402-4
Add Pin To Net: Unknown Pin: Pin U402-5
Add Pin To Net: Unknown Pin: Pin U402-6
Add Pin To Net: Unknown Pin: Pin U402-7
Add Pin To Net: Unknown Pin: Pin U402-8
Add Pin To Net: Unknown Pin: Pin U403-1
Add Pin To Net: Unknown Pin: Pin U403-2
Add Pin To Net: Unknown Pin: Pin U403-4
Add Pin To Net: Unknown Pin: Pin U403-5
Add Pin To Net: Unknown Pin: Pin U403-6
Add Pin To Net: Unknown Pin: Pin U403-7
Add Pin To Net: Unknown Pin: Pin U403-8
Add Class Member: Failed to add class member : Component U401 ISO224
Add Class Member: Failed to add class member : Component U402 ISO224
Add Class Member: Failed to add class member : Component U403 ISO224
