Added Component: Designator=C1(FHA85Y106KS)
Added Component: Designator=C2(FHA85Y106KS)
Added Component: Designator=C3(FHA85Y106KS)
Added Component: Designator=C4(FHA85Y106KS)
Added Component: Designator=C5(FHA85Y106KS)
Added Component: Designator=C6(FHA85Y106KS)
Added Component: Designator=C7(FHA85Y106KS)
Added Component: Designator=C8(FHA85Y106KS)
Added Component: Designator=C9(FHA85Y106KS)
Added Component: Designator=C10(FHA85Y106KS)
Added Component: Designator=C11(FHA85Y106KS)
Added Component: Designator=C12(FHA85Y106KS)
Added Pin To Net: NetName=NetHB_A_5 Pin=C1-1
Added Pin To Net: NetName=NetHB_A_5 Pin=C1-1
Add Pin To Net: Unknown Pin: Pin C1-2
Added Pin To Net: NetName=NetHB_A_5 Pin=C2-1
Added Pin To Net: NetName=NetHB_A_5 Pin=C2-1
Add Pin To Net: Unknown Pin: Pin C2-2
Added Pin To Net: NetName=NetHB_A_5 Pin=C3-1
Added Pin To Net: NetName=NetHB_A_5 Pin=C3-1
Add Pin To Net: Unknown Pin: Pin C3-2
Added Pin To Net: NetName=NetHB_A_5 Pin=C4-1
Added Pin To Net: NetName=NetHB_A_5 Pin=C4-1
Add Pin To Net: Unknown Pin: Pin C4-2
Added Pin To Net: NetName=NetHB_A_5 Pin=C5-1
Added Pin To Net: NetName=NetHB_A_5 Pin=C5-1
Add Pin To Net: Unknown Pin: Pin C5-2
Added Pin To Net: NetName=NetHB_A_5 Pin=C6-1
Added Pin To Net: NetName=NetHB_A_5 Pin=C6-1
Add Pin To Net: Unknown Pin: Pin C6-2
Added Pin To Net: NetName=NetHB_A_5 Pin=C7-1
Added Pin To Net: NetName=NetHB_A_5 Pin=C7-1
Add Pin To Net: Unknown Pin: Pin C7-2
Added Pin To Net: NetName=NetHB_A_5 Pin=C8-1
Added Pin To Net: NetName=NetHB_A_5 Pin=C8-1
Add Pin To Net: Unknown Pin: Pin C8-2
Added Pin To Net: NetName=NetHB_A_5 Pin=C9-1
Added Pin To Net: NetName=NetHB_A_5 Pin=C9-1
Add Pin To Net: Unknown Pin: Pin C9-2
Added Pin To Net: NetName=NetHB_A_5 Pin=C10-1
Added Pin To Net: NetName=NetHB_A_5 Pin=C10-1
Add Pin To Net: Unknown Pin: Pin C10-2
Added Pin To Net: NetName=NetHB_A_5 Pin=C11-1
Added Pin To Net: NetName=NetHB_A_5 Pin=C11-1
Add Pin To Net: Unknown Pin: Pin C11-2
Added Pin To Net: NetName=NetHB_A_5 Pin=C12-1
Added Pin To Net: NetName=NetHB_A_5 Pin=C12-1
Add Pin To Net: Unknown Pin: Pin C12-2
Change Net Name : Old Net Name=NetHB_A_4 New Net Name=DC+
Change Net Name : Old Net Name=NetHB_A_5 New Net Name=DC-
Added Pin To Net: NetName=Gate_A_H Pin=HB_A-6
Added Net: Name=Gate_A_H
Added Pin To Net: NetName=Gate_A_L Pin=HB_A-3
Added Net: Name=Gate_A_L
Added Pin To Net: NetName=Gate_B_H Pin=HB_B-6
Added Net: Name=Gate_B_H
Added Pin To Net: NetName=Gate_B_L Pin=HB_B-3
Added Net: Name=Gate_B_L
Added Pin To Net: NetName=Gate_C_H Pin=HB_C-6
Added Net: Name=Gate_C_H
Added Pin To Net: NetName=Gate_C_L Pin=HB_C-3
Added Net: Name=Gate_C_L
Added Pin To Net: NetName=NTC_A_n Pin=HB_A-8
Added Net: Name=NTC_A_n
Added Pin To Net: NetName=NTC_A_p Pin=HB_A-9
Added Net: Name=NTC_A_p
Added Pin To Net: NetName=NTC_B_n Pin=HB_B-8
Added Net: Name=NTC_B_n
Added Pin To Net: NetName=NTC_B_p Pin=HB_B-9
Added Net: Name=NTC_B_p
Added Pin To Net: NetName=NTC_C_n Pin=HB_C-8
Added Net: Name=NTC_C_n
Added Pin To Net: NetName=NTC_C_p Pin=HB_C-9
Added Net: Name=NTC_C_p
Added Pin To Net: NetName=Phase_A Pin=HB_A-1
Added Pin To Net: NetName=Phase_A Pin=HB_A-1
Added Pin To Net: NetName=Phase_A Pin=HB_A-1
Added Pin To Net: NetName=Phase_A Pin=HB_A-1
Added Pin To Net: NetName=Phase_A Pin=HB_A-1
Added Pin To Net: NetName=Phase_A Pin=HB_A-1
Added Net: Name=Phase_A
Added Pin To Net: NetName=Phase_B Pin=HB_B-1
Added Pin To Net: NetName=Phase_B Pin=HB_B-1
Added Pin To Net: NetName=Phase_B Pin=HB_B-1
Added Pin To Net: NetName=Phase_B Pin=HB_B-1
Added Pin To Net: NetName=Phase_B Pin=HB_B-1
Added Pin To Net: NetName=Phase_B Pin=HB_B-1
Added Net: Name=Phase_B
Added Pin To Net: NetName=Phase_C Pin=HB_C-1
Added Pin To Net: NetName=Phase_C Pin=HB_C-1
Added Pin To Net: NetName=Phase_C Pin=HB_C-1
Added Pin To Net: NetName=Phase_C Pin=HB_C-1
Added Pin To Net: NetName=Phase_C Pin=HB_C-1
Added Pin To Net: NetName=Phase_C Pin=HB_C-1
Added Net: Name=Phase_C
Added Pin To Net: NetName=Source_A_H Pin=HB_A-7
Added Net: Name=Source_A_H
Added Pin To Net: NetName=Source_A_L Pin=HB_A-2
Added Net: Name=Source_A_L
Added Pin To Net: NetName=Source_B_H Pin=HB_B-7
Added Net: Name=Source_B_H
Added Pin To Net: NetName=Source_B_L Pin=HB_B-2
Added Net: Name=Source_B_L
Added Pin To Net: NetName=Source_C_H Pin=HB_C-7
Added Net: Name=Source_C_H
Added Pin To Net: NetName=Source_C_L Pin=HB_C-2
Added Net: Name=Source_C_L
Added Member To Class: ClassName=[1] Power_Stage Member=Component C1 10uF 850V
Added Member To Class: ClassName=[1] Power_Stage Member=Component C2 10uF 850V
Added Member To Class: ClassName=[1] Power_Stage Member=Component C3 10uF 850V
Added Member To Class: ClassName=[1] Power_Stage Member=Component C4 10uF 850V
Added Member To Class: ClassName=[1] Power_Stage Member=Component C5 10uF 850V
Added Member To Class: ClassName=[1] Power_Stage Member=Component C6 10uF 850V
Added Member To Class: ClassName=[1] Power_Stage Member=Component C7 10uF 850V
Added Member To Class: ClassName=[1] Power_Stage Member=Component C8 10uF 850V
Added Member To Class: ClassName=[1] Power_Stage Member=Component C9 10uF 850V
Added Member To Class: ClassName=[1] Power_Stage Member=Component C10 10uF 850V
Added Member To Class: ClassName=[1] Power_Stage Member=Component C11 10uF 850V
Added Member To Class: ClassName=[1] Power_Stage Member=Component C12 10uF 850V
