Removed Pin From Net: NetName=TS+ Pin=Csn_HS_A-1
Removed Pin From Net: NetName=TS+ Pin=Csn_HS_B-1
Removed Pin From Net: NetName=TS+ Pin=Csn_HS_C-1
Removed Pin From Net: NetName=A_in Pin=Csn_LS_A-1
Removed Pin From Net: NetName=B_in Pin=Csn_LS_B-1
Removed Pin From Net: NetName=C_in Pin=Csn_LS_C-1
Change Component Footprint: Designator=CGD_HS_A Old Footprint=C0805FNPC-R New Footprint=CAP_2220
Change Component Footprint: Designator=CGD_HS_B Old Footprint=C0805FNPC-R New Footprint=CAP_2220
Change Component Footprint: Designator=CGD_HS_C Old Footprint=C0805FNPC-R New Footprint=CAP_2220
Change Component Footprint: Designator=CGD_LS_A Old Footprint=C0805FNPC-R New Footprint=CAP_2220
Change Component Footprint: Designator=CGD_LS_B Old Footprint=C0805FNPC-R New Footprint=CAP_2220
Change Component Footprint: Designator=CGD_LS_C Old Footprint=C0805FNPC-R New Footprint=CAP_2220
Change Component Footprint: Designator=Csn_HS_A Old Footprint=C0805FNPC-R New Footprint=CAP_2220
Change Component Footprint: Designator=Csn_HS_B Old Footprint=C0805FNPC-R New Footprint=CAP_2220
Change Component Footprint: Designator=Csn_HS_C Old Footprint=C0805FNPC-R New Footprint=CAP_2220
Change Component Footprint: Designator=Csn_LS_A Old Footprint=C0805FNPC-R New Footprint=CAP_2220
Change Component Footprint: Designator=Csn_LS_B Old Footprint=C0805FNPC-R New Footprint=CAP_2220
Change Component Footprint: Designator=Csn_LS_C Old Footprint=C0805FNPC-R New Footprint=CAP_2220
Change Component Comment : Designator=CGD_HS_A Old Comment=885012007057 New Comment=C_2220
Change Component Comment : Designator=CGD_HS_B Old Comment=885012007057 New Comment=C_2220
Change Component Comment : Designator=CGD_HS_C Old Comment=885012007057 New Comment=C_2220
Change Component Comment : Designator=CGD_LS_A Old Comment=885012007057 New Comment=C_2220
Change Component Comment : Designator=CGD_LS_B Old Comment=885012007057 New Comment=C_2220
Change Component Comment : Designator=CGD_LS_C Old Comment=885012007057 New Comment=C_2220
Change Component Comment : Designator=Csn_HS_A Old Comment=885012007057 New Comment=C_2220
Change Component Comment : Designator=Csn_HS_B Old Comment=885012007057 New Comment=C_2220
Change Component Comment : Designator=Csn_HS_C Old Comment=885012007057 New Comment=C_2220
Change Component Comment : Designator=Csn_LS_A Old Comment=885012007057 New Comment=C_2220
Change Component Comment : Designator=Csn_LS_B Old Comment=885012007057 New Comment=C_2220
Change Component Comment : Designator=Csn_LS_C Old Comment=885012007057 New Comment=C_2220
Change component parameters: Designator = "CGD_HS_A" ("CGD_HS"); Footprint = "C0805FNPC-R"; UniqueID = "\SWPWGXJS\ELANWSHG\KJRZLBIA" ("\SWPWGXJS\ELANWSHG\KJRZLBIA")
Change component parameters (AddParameter): Name = "Voltage rating"; Value = "1.2 kV"; VariantName = "[No Variations]"
Change component parameters: Designator = "CGD_HS_B" ("CGD_HS"); Footprint = "C0805FNPC-R"; UniqueID = "\SWPWGXJS\VQXWHYIX\KJRZLBIA" ("\SWPWGXJS\VQXWHYIX\KJRZLBIA")
Change component parameters (AddParameter): Name = "Voltage rating"; Value = "1.2 kV"; VariantName = "[No Variations]"
Change component parameters: Designator = "CGD_HS_C" ("CGD_HS"); Footprint = "C0805FNPC-R"; UniqueID = "\SWPWGXJS\DPQVRHBR\KJRZLBIA" ("\SWPWGXJS\DPQVRHBR\KJRZLBIA")
Change component parameters (AddParameter): Name = "Voltage rating"; Value = "1.2 kV"; VariantName = "[No Variations]"
Change component parameters: Designator = "CGD_LS_A" ("CGD_LS"); Footprint = "C0805FNPC-R"; UniqueID = "\SWPWGXJS\ELANWSHG\LUDFKHOS" ("\SWPWGXJS\ELANWSHG\LUDFKHOS")
Change component parameters (AddParameter): Name = "Voltage rating"; Value = "1.2 kV"; VariantName = "[No Variations]"
Change component parameters: Designator = "CGD_LS_B" ("CGD_LS"); Footprint = "C0805FNPC-R"; UniqueID = "\SWPWGXJS\VQXWHYIX\LUDFKHOS" ("\SWPWGXJS\VQXWHYIX\LUDFKHOS")
Change component parameters (AddParameter): Name = "Voltage rating"; Value = "1.2 kV"; VariantName = "[No Variations]"
Change component parameters: Designator = "CGD_LS_C" ("CGD_LS"); Footprint = "C0805FNPC-R"; UniqueID = "\SWPWGXJS\DPQVRHBR\LUDFKHOS" ("\SWPWGXJS\DPQVRHBR\LUDFKHOS")
Change component parameters (AddParameter): Name = "Voltage rating"; Value = "1.2 kV"; VariantName = "[No Variations]"
Change component parameters: Designator = "Csn_HS_A" ("Csn_HS"); Footprint = "C0805FNPC-R"; UniqueID = "\SWPWGXJS\ELANWSHG\NUJRNCMA" ("\SWPWGXJS\ELANWSHG\NUJRNCMA")
Change component parameters (AddParameter): Name = "Voltage rating"; Value = "1.2 kV"; VariantName = "[No Variations]"
Change component parameters: Designator = "Csn_HS_B" ("Csn_HS"); Footprint = "C0805FNPC-R"; UniqueID = "\SWPWGXJS\VQXWHYIX\NUJRNCMA" ("\SWPWGXJS\VQXWHYIX\NUJRNCMA")
Change component parameters (AddParameter): Name = "Voltage rating"; Value = "1.2 kV"; VariantName = "[No Variations]"
Change component parameters: Designator = "Csn_HS_C" ("Csn_HS"); Footprint = "C0805FNPC-R"; UniqueID = "\SWPWGXJS\DPQVRHBR\NUJRNCMA" ("\SWPWGXJS\DPQVRHBR\NUJRNCMA")
Change component parameters (AddParameter): Name = "Voltage rating"; Value = "1.2 kV"; VariantName = "[No Variations]"
Change component parameters: Designator = "Csn_LS_A" ("Csn_LS"); Footprint = "C0805FNPC-R"; UniqueID = "\SWPWGXJS\ELANWSHG\MJKHNCUO" ("\SWPWGXJS\ELANWSHG\MJKHNCUO")
Change component parameters (AddParameter): Name = "Voltage rating"; Value = "1.2 kV"; VariantName = "[No Variations]"
Change component parameters: Designator = "Csn_LS_B" ("Csn_LS"); Footprint = "C0805FNPC-R"; UniqueID = "\SWPWGXJS\VQXWHYIX\MJKHNCUO" ("\SWPWGXJS\VQXWHYIX\MJKHNCUO")
Change component parameters (AddParameter): Name = "Voltage rating"; Value = "1.2 kV"; VariantName = "[No Variations]"
Change component parameters: Designator = "Csn_LS_C" ("Csn_LS"); Footprint = "C0805FNPC-R"; UniqueID = "\SWPWGXJS\DPQVRHBR\MJKHNCUO" ("\SWPWGXJS\DPQVRHBR\MJKHNCUO")
Change component parameters (AddParameter): Name = "Voltage rating"; Value = "1.2 kV"; VariantName = "[No Variations]"
Added Pin To Net: NetName=TS+ Pin=Csn_HS_A-2
Added Pin To Net: NetName=TS+ Pin=Csn_HS_B-2
Added Pin To Net: NetName=TS+ Pin=Csn_HS_C-2
Added Pin To Net: NetName=A_in Pin=Csn_LS_A-2
Added Pin To Net: NetName=B_in Pin=Csn_LS_B-2
Added Pin To Net: NetName=C_in Pin=Csn_LS_C-2
Added Pin To Net: NetName=NetCsn_HS_A_1 Pin=Csn_HS_A-1
Added Pin To Net: NetName=NetCsn_HS_A_1 Pin=Rsn_HS_A-2
Added Net: Name=NetCsn_HS_A_1
Added Pin To Net: NetName=NetCsn_HS_B_1 Pin=Csn_HS_B-1
Added Pin To Net: NetName=NetCsn_HS_B_1 Pin=Rsn_HS_B-2
Added Net: Name=NetCsn_HS_B_1
Added Pin To Net: NetName=NetCsn_HS_C_1 Pin=Csn_HS_C-1
Added Pin To Net: NetName=NetCsn_HS_C_1 Pin=Rsn_HS_C-2
Added Net: Name=NetCsn_HS_C_1
Added Pin To Net: NetName=NetCsn_LS_A_1 Pin=Csn_LS_A-1
Added Pin To Net: NetName=NetCsn_LS_A_1 Pin=Rsn_LS_A-2
Added Net: Name=NetCsn_LS_A_1
Added Pin To Net: NetName=NetCsn_LS_B_1 Pin=Csn_LS_B-1
Added Pin To Net: NetName=NetCsn_LS_B_1 Pin=Rsn_LS_B-2
Added Net: Name=NetCsn_LS_B_1
Added Pin To Net: NetName=NetCsn_LS_C_1 Pin=Csn_LS_C-1
Added Pin To Net: NetName=NetCsn_LS_C_1 Pin=Rsn_LS_C-2
Added Net: Name=NetCsn_LS_C_1
