Removed Pin From Net: NetName=NetQ501_D Pin=RDis1-1
Removed Pin From Net: NetName=TS+ Pin=RDis1-2
Removed Pin From Net: NetName=NetQ501_D Pin=RDis2-1
Removed Pin From Net: NetName=TS+ Pin=RDis2-2
Removed Pin From Net: NetName=NetQ501_D Pin=RDis3-1
Removed Pin From Net: NetName=TS+ Pin=RDis3-2
Removed Pin From Net: NetName=NetQ501_D Pin=RDis4-1
Removed Pin From Net: NetName=TS+ Pin=RDis4-2
Removed Pin From Net: NetName=NetQ501_D Pin=RDis5-1
Removed Pin From Net: NetName=TS+ Pin=RDis5-2
Removed Pin From Net: NetName=NetQ501_D Pin=RDis6-1
Removed Pin From Net: NetName=TS+ Pin=RDis6-2
Removed Member From Class: ClassName=DC Member=RDis1
Removed Member From Class: ClassName=DC Member=RDis2
Removed Member From Class: ClassName=DC Member=RDis3
Removed Member From Class: ClassName=DC Member=RDis4
Removed Member From Class: ClassName=DC Member=RDis5
Removed Member From Class: ClassName=DC Member=RDis6
Added Component: Designator=RD1(R2512FTK)
Add component (AddParameter): Name = "Category"; Value = "Chip SMD Resistors"; VariantName = "[No Variations]"
Add component (AddParameter): Name = "Manufacturer"; Value = "Vishay Dale"; VariantName = "[No Variations]"
Add component (AddParameter): Name = "Manufacturer Part Number"; Value = "RCV2512470KFKEG"; VariantName = "[No Variations]"
Add component (AddParameter): Name = "Maximum voltage"; Value = "3 kV"; VariantName = "[No Variations]"
Add component (AddParameter): Name = "Power rating"; Value = "1 W"; VariantName = "[No Variations]"
Add component (AddParameter): Name = "Pricing"; Value = "1=0,89, 10=0,732, 50=0,732, 100=0,54, 1000=0,317, 10000=0,287 (USD)"; VariantName = "[No Variations]"
Add component (AddParameter): Name = "RoHS"; Value = "No"; VariantName = "[No Variations]"
Add component (AddParameter): Name = "Stock"; Value = "1093"; VariantName = "[No Variations]"
Add component (AddParameter): Name = "Supplier"; Value = "Mouser"; VariantName = "[No Variations]"
Add component (AddParameter): Name = "Supplier Part Number"; Value = "71-RCV2512470KFKEG"; VariantName = "[No Variations]"
Added Component: Designator=RD2(R2512FTK)
Add component (AddParameter): Name = "Category"; Value = "Chip SMD Resistors"; VariantName = "[No Variations]"
Add component (AddParameter): Name = "Manufacturer"; Value = "Vishay Dale"; VariantName = "[No Variations]"
Add component (AddParameter): Name = "Manufacturer Part Number"; Value = "RCV2512470KFKEG"; VariantName = "[No Variations]"
Add component (AddParameter): Name = "Maximum voltage"; Value = "3 kV"; VariantName = "[No Variations]"
Add component (AddParameter): Name = "Power rating"; Value = "1 W"; VariantName = "[No Variations]"
Add component (AddParameter): Name = "Pricing"; Value = "1=0,89, 10=0,732, 50=0,732, 100=0,54, 1000=0,317, 10000=0,287 (USD)"; VariantName = "[No Variations]"
Add component (AddParameter): Name = "RoHS"; Value = "No"; VariantName = "[No Variations]"
Add component (AddParameter): Name = "Stock"; Value = "1093"; VariantName = "[No Variations]"
Add component (AddParameter): Name = "Supplier"; Value = "Mouser"; VariantName = "[No Variations]"
Add component (AddParameter): Name = "Supplier Part Number"; Value = "71-RCV2512470KFKEG"; VariantName = "[No Variations]"
Added Component: Designator=RD3(R2512FTK)
Add component (AddParameter): Name = "Category"; Value = "Chip SMD Resistors"; VariantName = "[No Variations]"
Add component (AddParameter): Name = "Manufacturer"; Value = "Vishay Dale"; VariantName = "[No Variations]"
Add component (AddParameter): Name = "Manufacturer Part Number"; Value = "RCV2512470KFKEG"; VariantName = "[No Variations]"
Add component (AddParameter): Name = "Maximum voltage"; Value = "3 kV"; VariantName = "[No Variations]"
Add component (AddParameter): Name = "Power rating"; Value = "1 W"; VariantName = "[No Variations]"
Add component (AddParameter): Name = "Pricing"; Value = "1=0,89, 10=0,732, 50=0,732, 100=0,54, 1000=0,317, 10000=0,287 (USD)"; VariantName = "[No Variations]"
Add component (AddParameter): Name = "RoHS"; Value = "No"; VariantName = "[No Variations]"
Add component (AddParameter): Name = "Stock"; Value = "1093"; VariantName = "[No Variations]"
Add component (AddParameter): Name = "Supplier"; Value = "Mouser"; VariantName = "[No Variations]"
Add component (AddParameter): Name = "Supplier Part Number"; Value = "71-RCV2512470KFKEG"; VariantName = "[No Variations]"
Added Component: Designator=RD4(R2512FTK)
Add component (AddParameter): Name = "Category"; Value = "Chip SMD Resistors"; VariantName = "[No Variations]"
Add component (AddParameter): Name = "Manufacturer"; Value = "Vishay Dale"; VariantName = "[No Variations]"
Add component (AddParameter): Name = "Manufacturer Part Number"; Value = "RCV2512470KFKEG"; VariantName = "[No Variations]"
Add component (AddParameter): Name = "Maximum voltage"; Value = "3 kV"; VariantName = "[No Variations]"
Add component (AddParameter): Name = "Power rating"; Value = "1 W"; VariantName = "[No Variations]"
Add component (AddParameter): Name = "Pricing"; Value = "1=0,89, 10=0,732, 50=0,732, 100=0,54, 1000=0,317, 10000=0,287 (USD)"; VariantName = "[No Variations]"
Add component (AddParameter): Name = "RoHS"; Value = "No"; VariantName = "[No Variations]"
Add component (AddParameter): Name = "Stock"; Value = "1093"; VariantName = "[No Variations]"
Add component (AddParameter): Name = "Supplier"; Value = "Mouser"; VariantName = "[No Variations]"
Add component (AddParameter): Name = "Supplier Part Number"; Value = "71-RCV2512470KFKEG"; VariantName = "[No Variations]"
Added Component: Designator=RD5(R2512FTK)
Add component (AddParameter): Name = "Category"; Value = "Chip SMD Resistors"; VariantName = "[No Variations]"
Add component (AddParameter): Name = "Manufacturer"; Value = "Vishay Dale"; VariantName = "[No Variations]"
Add component (AddParameter): Name = "Manufacturer Part Number"; Value = "RCV2512470KFKEG"; VariantName = "[No Variations]"
Add component (AddParameter): Name = "Maximum voltage"; Value = "3 kV"; VariantName = "[No Variations]"
Add component (AddParameter): Name = "Power rating"; Value = "1 W"; VariantName = "[No Variations]"
Add component (AddParameter): Name = "Pricing"; Value = "1=0,89, 10=0,732, 50=0,732, 100=0,54, 1000=0,317, 10000=0,287 (USD)"; VariantName = "[No Variations]"
Add component (AddParameter): Name = "RoHS"; Value = "No"; VariantName = "[No Variations]"
Add component (AddParameter): Name = "Stock"; Value = "1093"; VariantName = "[No Variations]"
Add component (AddParameter): Name = "Supplier"; Value = "Mouser"; VariantName = "[No Variations]"
Add component (AddParameter): Name = "Supplier Part Number"; Value = "71-RCV2512470KFKEG"; VariantName = "[No Variations]"
Added Component: Designator=RD6(R2512FTK)
Add component (AddParameter): Name = "Category"; Value = "Chip SMD Resistors"; VariantName = "[No Variations]"
Add component (AddParameter): Name = "Manufacturer"; Value = "Vishay Dale"; VariantName = "[No Variations]"
Add component (AddParameter): Name = "Manufacturer Part Number"; Value = "RCV2512470KFKEG"; VariantName = "[No Variations]"
Add component (AddParameter): Name = "Maximum voltage"; Value = "3 kV"; VariantName = "[No Variations]"
Add component (AddParameter): Name = "Power rating"; Value = "1 W"; VariantName = "[No Variations]"
Add component (AddParameter): Name = "Pricing"; Value = "1=0,89, 10=0,732, 50=0,732, 100=0,54, 1000=0,317, 10000=0,287 (USD)"; VariantName = "[No Variations]"
Add component (AddParameter): Name = "RoHS"; Value = "No"; VariantName = "[No Variations]"
Add component (AddParameter): Name = "Stock"; Value = "1093"; VariantName = "[No Variations]"
Add component (AddParameter): Name = "Supplier"; Value = "Mouser"; VariantName = "[No Variations]"
Add component (AddParameter): Name = "Supplier Part Number"; Value = "71-RCV2512470KFKEG"; VariantName = "[No Variations]"
Added Component: Designator=RD7(R2512FTK)
Add component (AddParameter): Name = "Category"; Value = "Chip SMD Resistors"; VariantName = "[No Variations]"
Add component (AddParameter): Name = "Manufacturer"; Value = "Vishay Dale"; VariantName = "[No Variations]"
Add component (AddParameter): Name = "Manufacturer Part Number"; Value = "RCV2512470KFKEG"; VariantName = "[No Variations]"
Add component (AddParameter): Name = "Maximum voltage"; Value = "3 kV"; VariantName = "[No Variations]"
Add component (AddParameter): Name = "Power rating"; Value = "1 W"; VariantName = "[No Variations]"
Add component (AddParameter): Name = "Pricing"; Value = "1=0,89, 10=0,732, 50=0,732, 100=0,54, 1000=0,317, 10000=0,287 (USD)"; VariantName = "[No Variations]"
Add component (AddParameter): Name = "RoHS"; Value = "No"; VariantName = "[No Variations]"
Add component (AddParameter): Name = "Stock"; Value = "1093"; VariantName = "[No Variations]"
Add component (AddParameter): Name = "Supplier"; Value = "Mouser"; VariantName = "[No Variations]"
Add component (AddParameter): Name = "Supplier Part Number"; Value = "71-RCV2512470KFKEG"; VariantName = "[No Variations]"
Added Component: Designator=RD8(R2512FTK)
Add component (AddParameter): Name = "Category"; Value = "Chip SMD Resistors"; VariantName = "[No Variations]"
Add component (AddParameter): Name = "Manufacturer"; Value = "Vishay Dale"; VariantName = "[No Variations]"
Add component (AddParameter): Name = "Manufacturer Part Number"; Value = "RCV2512470KFKEG"; VariantName = "[No Variations]"
Add component (AddParameter): Name = "Maximum voltage"; Value = "3 kV"; VariantName = "[No Variations]"
Add component (AddParameter): Name = "Power rating"; Value = "1 W"; VariantName = "[No Variations]"
Add component (AddParameter): Name = "Pricing"; Value = "1=0,89, 10=0,732, 50=0,732, 100=0,54, 1000=0,317, 10000=0,287 (USD)"; VariantName = "[No Variations]"
Add component (AddParameter): Name = "RoHS"; Value = "No"; VariantName = "[No Variations]"
Add component (AddParameter): Name = "Stock"; Value = "1093"; VariantName = "[No Variations]"
Add component (AddParameter): Name = "Supplier"; Value = "Mouser"; VariantName = "[No Variations]"
Add component (AddParameter): Name = "Supplier Part Number"; Value = "71-RCV2512470KFKEG"; VariantName = "[No Variations]"
Added Component: Designator=RD9(R2512FTK)
Add component (AddParameter): Name = "Category"; Value = "Chip SMD Resistors"; VariantName = "[No Variations]"
Add component (AddParameter): Name = "Manufacturer"; Value = "Vishay Dale"; VariantName = "[No Variations]"
Add component (AddParameter): Name = "Manufacturer Part Number"; Value = "RCV2512470KFKEG"; VariantName = "[No Variations]"
Add component (AddParameter): Name = "Maximum voltage"; Value = "3 kV"; VariantName = "[No Variations]"
Add component (AddParameter): Name = "Power rating"; Value = "1 W"; VariantName = "[No Variations]"
Add component (AddParameter): Name = "Pricing"; Value = "1=0,89, 10=0,732, 50=0,732, 100=0,54, 1000=0,317, 10000=0,287 (USD)"; VariantName = "[No Variations]"
Add component (AddParameter): Name = "RoHS"; Value = "No"; VariantName = "[No Variations]"
Add component (AddParameter): Name = "Stock"; Value = "1093"; VariantName = "[No Variations]"
Add component (AddParameter): Name = "Supplier"; Value = "Mouser"; VariantName = "[No Variations]"
Add component (AddParameter): Name = "Supplier Part Number"; Value = "71-RCV2512470KFKEG"; VariantName = "[No Variations]"
Added Component: Designator=RD10(R2512FTK)
Add component (AddParameter): Name = "Category"; Value = "Chip SMD Resistors"; VariantName = "[No Variations]"
Add component (AddParameter): Name = "Manufacturer"; Value = "Vishay Dale"; VariantName = "[No Variations]"
Add component (AddParameter): Name = "Manufacturer Part Number"; Value = "RCV2512470KFKEG"; VariantName = "[No Variations]"
Add component (AddParameter): Name = "Maximum voltage"; Value = "3 kV"; VariantName = "[No Variations]"
Add component (AddParameter): Name = "Power rating"; Value = "1 W"; VariantName = "[No Variations]"
Add component (AddParameter): Name = "Pricing"; Value = "1=0,89, 10=0,732, 50=0,732, 100=0,54, 1000=0,317, 10000=0,287 (USD)"; VariantName = "[No Variations]"
Add component (AddParameter): Name = "RoHS"; Value = "No"; VariantName = "[No Variations]"
Add component (AddParameter): Name = "Stock"; Value = "1093"; VariantName = "[No Variations]"
Add component (AddParameter): Name = "Supplier"; Value = "Mouser"; VariantName = "[No Variations]"
Add component (AddParameter): Name = "Supplier Part Number"; Value = "71-RCV2512470KFKEG"; VariantName = "[No Variations]"
Added Component: Designator=RD11(R2512FTK)
Add component (AddParameter): Name = "Category"; Value = "Chip SMD Resistors"; VariantName = "[No Variations]"
Add component (AddParameter): Name = "Manufacturer"; Value = "Vishay Dale"; VariantName = "[No Variations]"
Add component (AddParameter): Name = "Manufacturer Part Number"; Value = "RCV2512470KFKEG"; VariantName = "[No Variations]"
Add component (AddParameter): Name = "Maximum voltage"; Value = "3 kV"; VariantName = "[No Variations]"
Add component (AddParameter): Name = "Power rating"; Value = "1 W"; VariantName = "[No Variations]"
Add component (AddParameter): Name = "Pricing"; Value = "1=0,89, 10=0,732, 50=0,732, 100=0,54, 1000=0,317, 10000=0,287 (USD)"; VariantName = "[No Variations]"
Add component (AddParameter): Name = "RoHS"; Value = "No"; VariantName = "[No Variations]"
Add component (AddParameter): Name = "Stock"; Value = "1093"; VariantName = "[No Variations]"
Add component (AddParameter): Name = "Supplier"; Value = "Mouser"; VariantName = "[No Variations]"
Add component (AddParameter): Name = "Supplier Part Number"; Value = "71-RCV2512470KFKEG"; VariantName = "[No Variations]"
Added Component: Designator=RD12(R2512FTK)
Add component (AddParameter): Name = "Category"; Value = "Chip SMD Resistors"; VariantName = "[No Variations]"
Add component (AddParameter): Name = "Manufacturer"; Value = "Vishay Dale"; VariantName = "[No Variations]"
Add component (AddParameter): Name = "Manufacturer Part Number"; Value = "RCV2512470KFKEG"; VariantName = "[No Variations]"
Add component (AddParameter): Name = "Maximum voltage"; Value = "3 kV"; VariantName = "[No Variations]"
Add component (AddParameter): Name = "Power rating"; Value = "1 W"; VariantName = "[No Variations]"
Add component (AddParameter): Name = "Pricing"; Value = "1=0,89, 10=0,732, 50=0,732, 100=0,54, 1000=0,317, 10000=0,287 (USD)"; VariantName = "[No Variations]"
Add component (AddParameter): Name = "RoHS"; Value = "No"; VariantName = "[No Variations]"
Add component (AddParameter): Name = "Stock"; Value = "1093"; VariantName = "[No Variations]"
Add component (AddParameter): Name = "Supplier"; Value = "Mouser"; VariantName = "[No Variations]"
Add component (AddParameter): Name = "Supplier Part Number"; Value = "71-RCV2512470KFKEG"; VariantName = "[No Variations]"
Added Component: Designator=RD13(R2512FTK)
Add component (AddParameter): Name = "Category"; Value = "Chip SMD Resistors"; VariantName = "[No Variations]"
Add component (AddParameter): Name = "Manufacturer"; Value = "Vishay Dale"; VariantName = "[No Variations]"
Add component (AddParameter): Name = "Manufacturer Part Number"; Value = "RCV2512470KFKEG"; VariantName = "[No Variations]"
Add component (AddParameter): Name = "Maximum voltage"; Value = "3 kV"; VariantName = "[No Variations]"
Add component (AddParameter): Name = "Power rating"; Value = "1 W"; VariantName = "[No Variations]"
Add component (AddParameter): Name = "Pricing"; Value = "1=0,89, 10=0,732, 50=0,732, 100=0,54, 1000=0,317, 10000=0,287 (USD)"; VariantName = "[No Variations]"
Add component (AddParameter): Name = "RoHS"; Value = "No"; VariantName = "[No Variations]"
Add component (AddParameter): Name = "Stock"; Value = "1093"; VariantName = "[No Variations]"
Add component (AddParameter): Name = "Supplier"; Value = "Mouser"; VariantName = "[No Variations]"
Add component (AddParameter): Name = "Supplier Part Number"; Value = "71-RCV2512470KFKEG"; VariantName = "[No Variations]"
Added Component: Designator=RD14(R2512FTK)
Add component (AddParameter): Name = "Category"; Value = "Chip SMD Resistors"; VariantName = "[No Variations]"
Add component (AddParameter): Name = "Manufacturer"; Value = "Vishay Dale"; VariantName = "[No Variations]"
Add component (AddParameter): Name = "Manufacturer Part Number"; Value = "RCV2512470KFKEG"; VariantName = "[No Variations]"
Add component (AddParameter): Name = "Maximum voltage"; Value = "3 kV"; VariantName = "[No Variations]"
Add component (AddParameter): Name = "Power rating"; Value = "1 W"; VariantName = "[No Variations]"
Add component (AddParameter): Name = "Pricing"; Value = "1=0,89, 10=0,732, 50=0,732, 100=0,54, 1000=0,317, 10000=0,287 (USD)"; VariantName = "[No Variations]"
Add component (AddParameter): Name = "RoHS"; Value = "No"; VariantName = "[No Variations]"
Add component (AddParameter): Name = "Stock"; Value = "1093"; VariantName = "[No Variations]"
Add component (AddParameter): Name = "Supplier"; Value = "Mouser"; VariantName = "[No Variations]"
Add component (AddParameter): Name = "Supplier Part Number"; Value = "71-RCV2512470KFKEG"; VariantName = "[No Variations]"
Added Component: Designator=RD15(R2512FTK)
Add component (AddParameter): Name = "Category"; Value = "Chip SMD Resistors"; VariantName = "[No Variations]"
Add component (AddParameter): Name = "Manufacturer"; Value = "Vishay Dale"; VariantName = "[No Variations]"
Add component (AddParameter): Name = "Manufacturer Part Number"; Value = "RCV2512470KFKEG"; VariantName = "[No Variations]"
Add component (AddParameter): Name = "Maximum voltage"; Value = "3 kV"; VariantName = "[No Variations]"
Add component (AddParameter): Name = "Power rating"; Value = "1 W"; VariantName = "[No Variations]"
Add component (AddParameter): Name = "Pricing"; Value = "1=0,89, 10=0,732, 50=0,732, 100=0,54, 1000=0,317, 10000=0,287 (USD)"; VariantName = "[No Variations]"
Add component (AddParameter): Name = "RoHS"; Value = "No"; VariantName = "[No Variations]"
Add component (AddParameter): Name = "Stock"; Value = "1093"; VariantName = "[No Variations]"
Add component (AddParameter): Name = "Supplier"; Value = "Mouser"; VariantName = "[No Variations]"
Add component (AddParameter): Name = "Supplier Part Number"; Value = "71-RCV2512470KFKEG"; VariantName = "[No Variations]"
Added Component: Designator=RD16(R2512FTK)
Add component (AddParameter): Name = "Category"; Value = "Chip SMD Resistors"; VariantName = "[No Variations]"
Add component (AddParameter): Name = "Manufacturer"; Value = "Vishay Dale"; VariantName = "[No Variations]"
Add component (AddParameter): Name = "Manufacturer Part Number"; Value = "RCV2512470KFKEG"; VariantName = "[No Variations]"
Add component (AddParameter): Name = "Maximum voltage"; Value = "3 kV"; VariantName = "[No Variations]"
Add component (AddParameter): Name = "Power rating"; Value = "1 W"; VariantName = "[No Variations]"
Add component (AddParameter): Name = "Pricing"; Value = "1=0,89, 10=0,732, 50=0,732, 100=0,54, 1000=0,317, 10000=0,287 (USD)"; VariantName = "[No Variations]"
Add component (AddParameter): Name = "RoHS"; Value = "No"; VariantName = "[No Variations]"
Add component (AddParameter): Name = "Stock"; Value = "1093"; VariantName = "[No Variations]"
Add component (AddParameter): Name = "Supplier"; Value = "Mouser"; VariantName = "[No Variations]"
Add component (AddParameter): Name = "Supplier Part Number"; Value = "71-RCV2512470KFKEG"; VariantName = "[No Variations]"
Added Component: Designator=RD17(R2512FTK)
Add component (AddParameter): Name = "Category"; Value = "Chip SMD Resistors"; VariantName = "[No Variations]"
Add component (AddParameter): Name = "Manufacturer"; Value = "Vishay Dale"; VariantName = "[No Variations]"
Add component (AddParameter): Name = "Manufacturer Part Number"; Value = "RCV2512470KFKEG"; VariantName = "[No Variations]"
Add component (AddParameter): Name = "Maximum voltage"; Value = "3 kV"; VariantName = "[No Variations]"
Add component (AddParameter): Name = "Power rating"; Value = "1 W"; VariantName = "[No Variations]"
Add component (AddParameter): Name = "Pricing"; Value = "1=0,89, 10=0,732, 50=0,732, 100=0,54, 1000=0,317, 10000=0,287 (USD)"; VariantName = "[No Variations]"
Add component (AddParameter): Name = "RoHS"; Value = "No"; VariantName = "[No Variations]"
Add component (AddParameter): Name = "Stock"; Value = "1093"; VariantName = "[No Variations]"
Add component (AddParameter): Name = "Supplier"; Value = "Mouser"; VariantName = "[No Variations]"
Add component (AddParameter): Name = "Supplier Part Number"; Value = "71-RCV2512470KFKEG"; VariantName = "[No Variations]"
Added Component: Designator=RD18(R2512FTK)
Add component (AddParameter): Name = "Category"; Value = "Chip SMD Resistors"; VariantName = "[No Variations]"
Add component (AddParameter): Name = "Manufacturer"; Value = "Vishay Dale"; VariantName = "[No Variations]"
Add component (AddParameter): Name = "Manufacturer Part Number"; Value = "RCV2512470KFKEG"; VariantName = "[No Variations]"
Add component (AddParameter): Name = "Maximum voltage"; Value = "3 kV"; VariantName = "[No Variations]"
Add component (AddParameter): Name = "Power rating"; Value = "1 W"; VariantName = "[No Variations]"
Add component (AddParameter): Name = "Pricing"; Value = "1=0,89, 10=0,732, 50=0,732, 100=0,54, 1000=0,317, 10000=0,287 (USD)"; VariantName = "[No Variations]"
Add component (AddParameter): Name = "RoHS"; Value = "No"; VariantName = "[No Variations]"
Add component (AddParameter): Name = "Stock"; Value = "1093"; VariantName = "[No Variations]"
Add component (AddParameter): Name = "Supplier"; Value = "Mouser"; VariantName = "[No Variations]"
Add component (AddParameter): Name = "Supplier Part Number"; Value = "71-RCV2512470KFKEG"; VariantName = "[No Variations]"
Added Component: Designator=RD19(R2512FTK)
Add component (AddParameter): Name = "Category"; Value = "Chip SMD Resistors"; VariantName = "[No Variations]"
Add component (AddParameter): Name = "Manufacturer"; Value = "Vishay Dale"; VariantName = "[No Variations]"
Add component (AddParameter): Name = "Manufacturer Part Number"; Value = "RCV2512470KFKEG"; VariantName = "[No Variations]"
Add component (AddParameter): Name = "Maximum voltage"; Value = "3 kV"; VariantName = "[No Variations]"
Add component (AddParameter): Name = "Power rating"; Value = "1 W"; VariantName = "[No Variations]"
Add component (AddParameter): Name = "Pricing"; Value = "1=0,89, 10=0,732, 50=0,732, 100=0,54, 1000=0,317, 10000=0,287 (USD)"; VariantName = "[No Variations]"
Add component (AddParameter): Name = "RoHS"; Value = "No"; VariantName = "[No Variations]"
Add component (AddParameter): Name = "Stock"; Value = "1093"; VariantName = "[No Variations]"
Add component (AddParameter): Name = "Supplier"; Value = "Mouser"; VariantName = "[No Variations]"
Add component (AddParameter): Name = "Supplier Part Number"; Value = "71-RCV2512470KFKEG"; VariantName = "[No Variations]"
Added Component: Designator=RD20(R2512FTK)
Add component (AddParameter): Name = "Category"; Value = "Chip SMD Resistors"; VariantName = "[No Variations]"
Add component (AddParameter): Name = "Manufacturer"; Value = "Vishay Dale"; VariantName = "[No Variations]"
Add component (AddParameter): Name = "Manufacturer Part Number"; Value = "RCV2512470KFKEG"; VariantName = "[No Variations]"
Add component (AddParameter): Name = "Maximum voltage"; Value = "3 kV"; VariantName = "[No Variations]"
Add component (AddParameter): Name = "Power rating"; Value = "1 W"; VariantName = "[No Variations]"
Add component (AddParameter): Name = "Pricing"; Value = "1=0,89, 10=0,732, 50=0,732, 100=0,54, 1000=0,317, 10000=0,287 (USD)"; VariantName = "[No Variations]"
Add component (AddParameter): Name = "RoHS"; Value = "No"; VariantName = "[No Variations]"
Add component (AddParameter): Name = "Stock"; Value = "1093"; VariantName = "[No Variations]"
Add component (AddParameter): Name = "Supplier"; Value = "Mouser"; VariantName = "[No Variations]"
Add component (AddParameter): Name = "Supplier Part Number"; Value = "71-RCV2512470KFKEG"; VariantName = "[No Variations]"
Added Component: Designator=RD21(R2512FTK)
Add component (AddParameter): Name = "Category"; Value = "Chip SMD Resistors"; VariantName = "[No Variations]"
Add component (AddParameter): Name = "Manufacturer"; Value = "Vishay Dale"; VariantName = "[No Variations]"
Add component (AddParameter): Name = "Manufacturer Part Number"; Value = "RCV2512470KFKEG"; VariantName = "[No Variations]"
Add component (AddParameter): Name = "Maximum voltage"; Value = "3 kV"; VariantName = "[No Variations]"
Add component (AddParameter): Name = "Power rating"; Value = "1 W"; VariantName = "[No Variations]"
Add component (AddParameter): Name = "Pricing"; Value = "1=0,89, 10=0,732, 50=0,732, 100=0,54, 1000=0,317, 10000=0,287 (USD)"; VariantName = "[No Variations]"
Add component (AddParameter): Name = "RoHS"; Value = "No"; VariantName = "[No Variations]"
Add component (AddParameter): Name = "Stock"; Value = "1093"; VariantName = "[No Variations]"
Add component (AddParameter): Name = "Supplier"; Value = "Mouser"; VariantName = "[No Variations]"
Add component (AddParameter): Name = "Supplier Part Number"; Value = "71-RCV2512470KFKEG"; VariantName = "[No Variations]"
Added Component: Designator=RD22(R2512FTK)
Add component (AddParameter): Name = "Category"; Value = "Chip SMD Resistors"; VariantName = "[No Variations]"
Add component (AddParameter): Name = "Manufacturer"; Value = "Vishay Dale"; VariantName = "[No Variations]"
Add component (AddParameter): Name = "Manufacturer Part Number"; Value = "RCV2512470KFKEG"; VariantName = "[No Variations]"
Add component (AddParameter): Name = "Maximum voltage"; Value = "3 kV"; VariantName = "[No Variations]"
Add component (AddParameter): Name = "Power rating"; Value = "1 W"; VariantName = "[No Variations]"
Add component (AddParameter): Name = "Pricing"; Value = "1=0,89, 10=0,732, 50=0,732, 100=0,54, 1000=0,317, 10000=0,287 (USD)"; VariantName = "[No Variations]"
Add component (AddParameter): Name = "RoHS"; Value = "No"; VariantName = "[No Variations]"
Add component (AddParameter): Name = "Stock"; Value = "1093"; VariantName = "[No Variations]"
Add component (AddParameter): Name = "Supplier"; Value = "Mouser"; VariantName = "[No Variations]"
Add component (AddParameter): Name = "Supplier Part Number"; Value = "71-RCV2512470KFKEG"; VariantName = "[No Variations]"
Added Component: Designator=RD23(R2512FTK)
Add component (AddParameter): Name = "Category"; Value = "Chip SMD Resistors"; VariantName = "[No Variations]"
Add component (AddParameter): Name = "Manufacturer"; Value = "Vishay Dale"; VariantName = "[No Variations]"
Add component (AddParameter): Name = "Manufacturer Part Number"; Value = "RCV2512470KFKEG"; VariantName = "[No Variations]"
Add component (AddParameter): Name = "Maximum voltage"; Value = "3 kV"; VariantName = "[No Variations]"
Add component (AddParameter): Name = "Power rating"; Value = "1 W"; VariantName = "[No Variations]"
Add component (AddParameter): Name = "Pricing"; Value = "1=0,89, 10=0,732, 50=0,732, 100=0,54, 1000=0,317, 10000=0,287 (USD)"; VariantName = "[No Variations]"
Add component (AddParameter): Name = "RoHS"; Value = "No"; VariantName = "[No Variations]"
Add component (AddParameter): Name = "Stock"; Value = "1093"; VariantName = "[No Variations]"
Add component (AddParameter): Name = "Supplier"; Value = "Mouser"; VariantName = "[No Variations]"
Add component (AddParameter): Name = "Supplier Part Number"; Value = "71-RCV2512470KFKEG"; VariantName = "[No Variations]"
Added Component: Designator=RD24(R2512FTK)
Add component (AddParameter): Name = "Category"; Value = "Chip SMD Resistors"; VariantName = "[No Variations]"
Add component (AddParameter): Name = "Manufacturer"; Value = "Vishay Dale"; VariantName = "[No Variations]"
Add component (AddParameter): Name = "Manufacturer Part Number"; Value = "RCV2512470KFKEG"; VariantName = "[No Variations]"
Add component (AddParameter): Name = "Maximum voltage"; Value = "3 kV"; VariantName = "[No Variations]"
Add component (AddParameter): Name = "Power rating"; Value = "1 W"; VariantName = "[No Variations]"
Add component (AddParameter): Name = "Pricing"; Value = "1=0,89, 10=0,732, 50=0,732, 100=0,54, 1000=0,317, 10000=0,287 (USD)"; VariantName = "[No Variations]"
Add component (AddParameter): Name = "RoHS"; Value = "No"; VariantName = "[No Variations]"
Add component (AddParameter): Name = "Stock"; Value = "1093"; VariantName = "[No Variations]"
Add component (AddParameter): Name = "Supplier"; Value = "Mouser"; VariantName = "[No Variations]"
Add component (AddParameter): Name = "Supplier Part Number"; Value = "71-RCV2512470KFKEG"; VariantName = "[No Variations]"
Added Pin To Net: NetName=NetQ501_D Pin=RD1-1
Added Pin To Net: NetName=TS+ Pin=RD1-2
Added Pin To Net: NetName=NetQ501_D Pin=RD2-1
Added Pin To Net: NetName=TS+ Pin=RD2-2
Added Pin To Net: NetName=NetQ501_D Pin=RD3-1
Added Pin To Net: NetName=TS+ Pin=RD3-2
Added Pin To Net: NetName=NetQ501_D Pin=RD4-1
Added Pin To Net: NetName=TS+ Pin=RD4-2
Added Pin To Net: NetName=NetQ501_D Pin=RD5-1
Added Pin To Net: NetName=TS+ Pin=RD5-2
Added Pin To Net: NetName=NetQ501_D Pin=RD6-1
Added Pin To Net: NetName=TS+ Pin=RD6-2
Added Pin To Net: NetName=NetQ501_D Pin=RD7-1
Added Pin To Net: NetName=TS+ Pin=RD7-2
Added Pin To Net: NetName=NetQ501_D Pin=RD8-1
Added Pin To Net: NetName=TS+ Pin=RD8-2
Added Pin To Net: NetName=NetQ501_D Pin=RD9-1
Added Pin To Net: NetName=TS+ Pin=RD9-2
Added Pin To Net: NetName=NetQ501_D Pin=RD10-1
Added Pin To Net: NetName=TS+ Pin=RD10-2
Added Pin To Net: NetName=NetQ501_D Pin=RD11-1
Added Pin To Net: NetName=TS+ Pin=RD11-2
Added Pin To Net: NetName=NetQ501_D Pin=RD12-1
Added Pin To Net: NetName=TS+ Pin=RD12-2
Added Pin To Net: NetName=NetQ501_D Pin=RD13-1
Added Pin To Net: NetName=TS+ Pin=RD13-2
Added Pin To Net: NetName=NetQ501_D Pin=RD14-1
Added Pin To Net: NetName=TS+ Pin=RD14-2
Added Pin To Net: NetName=NetQ501_D Pin=RD15-1
Added Pin To Net: NetName=TS+ Pin=RD15-2
Added Pin To Net: NetName=NetQ501_D Pin=RD16-1
Added Pin To Net: NetName=TS+ Pin=RD16-2
Added Pin To Net: NetName=NetQ501_D Pin=RD17-1
Added Pin To Net: NetName=TS+ Pin=RD17-2
Added Pin To Net: NetName=NetQ501_D Pin=RD18-1
Added Pin To Net: NetName=TS+ Pin=RD18-2
Added Pin To Net: NetName=NetQ501_D Pin=RD19-1
Added Pin To Net: NetName=TS+ Pin=RD19-2
Added Pin To Net: NetName=NetQ501_D Pin=RD20-1
Added Pin To Net: NetName=TS+ Pin=RD20-2
Added Pin To Net: NetName=NetQ501_D Pin=RD21-1
Added Pin To Net: NetName=TS+ Pin=RD21-2
Added Pin To Net: NetName=NetQ501_D Pin=RD22-1
Added Pin To Net: NetName=TS+ Pin=RD22-2
Added Pin To Net: NetName=NetQ501_D Pin=RD23-1
Added Pin To Net: NetName=TS+ Pin=RD23-2
Added Pin To Net: NetName=NetQ501_D Pin=RD24-1
Added Pin To Net: NetName=TS+ Pin=RD24-2
Added Member To Class: ClassName=DC Member=Component RD1 RCV2512470KFKEG
Added Member To Class: ClassName=DC Member=Component RD2 RCV2512470KFKEG
Added Member To Class: ClassName=DC Member=Component RD3 RCV2512470KFKEG
Added Member To Class: ClassName=DC Member=Component RD4 RCV2512470KFKEG
Added Member To Class: ClassName=DC Member=Component RD5 RCV2512470KFKEG
Added Member To Class: ClassName=DC Member=Component RD6 RCV2512470KFKEG
Added Member To Class: ClassName=DC Member=Component RD7 RCV2512470KFKEG
Added Member To Class: ClassName=DC Member=Component RD8 RCV2512470KFKEG
Added Member To Class: ClassName=DC Member=Component RD9 RCV2512470KFKEG
Added Member To Class: ClassName=DC Member=Component RD10 RCV2512470KFKEG
Added Member To Class: ClassName=DC Member=Component RD11 RCV2512470KFKEG
Added Member To Class: ClassName=DC Member=Component RD12 RCV2512470KFKEG
Added Member To Class: ClassName=DC Member=Component RD13 RCV2512470KFKEG
Added Member To Class: ClassName=DC Member=Component RD14 RCV2512470KFKEG
Added Member To Class: ClassName=DC Member=Component RD15 RCV2512470KFKEG
Added Member To Class: ClassName=DC Member=Component RD16 RCV2512470KFKEG
Added Member To Class: ClassName=DC Member=Component RD17 RCV2512470KFKEG
Added Member To Class: ClassName=DC Member=Component RD18 RCV2512470KFKEG
Added Member To Class: ClassName=DC Member=Component RD19 RCV2512470KFKEG
Added Member To Class: ClassName=DC Member=Component RD20 RCV2512470KFKEG
Added Member To Class: ClassName=DC Member=Component RD21 RCV2512470KFKEG
Added Member To Class: ClassName=DC Member=Component RD22 RCV2512470KFKEG
Added Member To Class: ClassName=DC Member=Component RD23 RCV2512470KFKEG
Added Member To Class: ClassName=DC Member=Component RD24 RCV2512470KFKEG
