Removed Pin From Net: NetName=S1 Pin=CGD_LS_A-2
Removed Pin From Net: NetName=S3 Pin=CGD_LS_B-2
Removed Pin From Net: NetName=S5 Pin=CGD_LS_C-2
Removed Pin From Net: NetName=TS- Pin=CGS_LS_A-1
Removed Pin From Net: NetName=TS- Pin=CGS_LS_B-1
Removed Pin From Net: NetName=TS- Pin=CGS_LS_C-1
Removed Pin From Net: NetName=S1 Pin=Csn_LS_A-1
Removed Pin From Net: NetName=S3 Pin=Csn_LS_B-1
Removed Pin From Net: NetName=S5 Pin=Csn_LS_C-1
Removed Pin From Net: NetName=TS- Pin=Rsn_LS_A-1
Removed Pin From Net: NetName=TS- Pin=Rsn_LS_B-1
Removed Pin From Net: NetName=TS- Pin=Rsn_LS_C-1
Added Pin To Net: NetName=A Pin=CGD_LS_A-2
Added Pin To Net: NetName=B Pin=CGD_LS_B-2
Added Pin To Net: NetName=C Pin=CGD_LS_C-2
Added Pin To Net: NetName=S2 Pin=CGS_LS_A-1
Added Pin To Net: NetName=S4 Pin=CGS_LS_B-1
Added Pin To Net: NetName=S6 Pin=CGS_LS_C-1
Added Pin To Net: NetName=A Pin=Csn_LS_A-1
Added Pin To Net: NetName=B Pin=Csn_LS_B-1
Added Pin To Net: NetName=C Pin=Csn_LS_C-1
Added Pin To Net: NetName=S2 Pin=Rsn_LS_A-1
Added Pin To Net: NetName=S4 Pin=Rsn_LS_B-1
Added Pin To Net: NetName=S6 Pin=Rsn_LS_C-1
Change Net Name : Old Net Name=A New Net Name=A_in
Change Net Name : Old Net Name=B New Net Name=B_in
Change Net Name : Old Net Name=C New Net Name=C_in
Added Member To Class: ClassName=A Member=Component C401_A (C401) 885012207103
Added Member To Class: ClassName=B Member=Component C401_B (C401) 885012207103
Added Member To Class: ClassName=C Member=Component C401_C (C401) 885012207103
Added Member To Class: ClassName=A Member=Component C402_A (C402) 885012207098
Added Member To Class: ClassName=B Member=Component C402_B (C402) 885012207098
Added Member To Class: ClassName=C Member=Component C402_C (C402) 885012207098
Added Member To Class: ClassName=A Member=Component C403_A (C403) 885012207103
Added Member To Class: ClassName=B Member=Component C403_B (C403) 885012207103
Added Member To Class: ClassName=C Member=Component C403_C (C403) 885012207103
Added Member To Class: ClassName=A Member=Component C404_A (C404) 885012207098
Added Member To Class: ClassName=B Member=Component C404_B (C404) 885012207098
Added Member To Class: ClassName=C Member=Component C404_C (C404) 885012207098
Added Member To Class: ClassName=A Member=Component C405_A (C405) 10uF
Added Member To Class: ClassName=B Member=Component C405_B (C405) 10uF
Added Member To Class: ClassName=C Member=Component C405_C (C405) 10uF
Added Member To Class: ClassName=A Member=Component C406_A (C406) 10uF
Added Member To Class: ClassName=B Member=Component C406_B (C406) 10uF
Added Member To Class: ClassName=C Member=Component C406_C (C406) 10uF
Added Member To Class: ClassName=A Member=Component C407_A (C407) 10uF
Added Member To Class: ClassName=B Member=Component C407_B (C407) 10uF
Added Member To Class: ClassName=C Member=Component C407_C (C407) 10uF
Added Member To Class: ClassName=A Member=Component C408_A (C408) 10uF
Added Member To Class: ClassName=B Member=Component C408_B (C408) 10uF
Added Member To Class: ClassName=C Member=Component C408_C (C408) 10uF
Added Member To Class: ClassName=A Member=Component C409_A (C409) 10uF
Added Member To Class: ClassName=B Member=Component C409_B (C409) 10uF
Added Member To Class: ClassName=C Member=Component C409_C (C409) 10uF
Added Member To Class: ClassName=A Member=Component C410_A (C410) 10uF
Added Member To Class: ClassName=B Member=Component C410_B (C410) 10uF
Added Member To Class: ClassName=C Member=Component C410_C (C410) 10uF
Added Member To Class: ClassName=A Member=Component C411_A (C411) 885012207098
Added Member To Class: ClassName=B Member=Component C411_B (C411) 885012207098
Added Member To Class: ClassName=C Member=Component C411_C (C411) 885012207098
Added Member To Class: ClassName=A Member=Component C412_A (C412) 885012207103
Added Member To Class: ClassName=B Member=Component C412_B (C412) 885012207103
Added Member To Class: ClassName=C Member=Component C412_C (C412) 885012207103
Added Member To Class: ClassName=A Member=Component C413_A (C413) 885012207103
Added Member To Class: ClassName=B Member=Component C413_B (C413) 885012207103
Added Member To Class: ClassName=C Member=Component C413_C (C413) 885012207103
Added Member To Class: ClassName=A Member=Component CGD_HS_A (CGD_HS) 885012007057
Added Member To Class: ClassName=B Member=Component CGD_HS_B (CGD_HS) 885012007057
Added Member To Class: ClassName=C Member=Component CGD_HS_C (CGD_HS) 885012007057
Added Member To Class: ClassName=A Member=Component CGD_LS_A (CGD_LS) 885012007057
Added Member To Class: ClassName=B Member=Component CGD_LS_B (CGD_LS) 885012007057
Added Member To Class: ClassName=C Member=Component CGD_LS_C (CGD_LS) 885012007057
Added Member To Class: ClassName=A Member=Component CGS_HS_A (CGS_HS) 885012007057
Added Member To Class: ClassName=B Member=Component CGS_HS_B (CGS_HS) 885012007057
Added Member To Class: ClassName=C Member=Component CGS_HS_C (CGS_HS) 885012007057
Added Member To Class: ClassName=A Member=Component CGS_LS_A (CGS_LS) 885012007057
Added Member To Class: ClassName=B Member=Component CGS_LS_B (CGS_LS) 885012007057
Added Member To Class: ClassName=C Member=Component CGS_LS_C (CGS_LS) 885012007057
Added Member To Class: ClassName=A Member=Component Csn_HS_A (Csn_HS) 885012007057
Added Member To Class: ClassName=B Member=Component Csn_HS_B (Csn_HS) 885012007057
Added Member To Class: ClassName=C Member=Component Csn_HS_C (Csn_HS) 885012007057
Added Member To Class: ClassName=A Member=Component Csn_LS_A (Csn_LS) 885012007057
Added Member To Class: ClassName=B Member=Component Csn_LS_B (Csn_LS) 885012007057
Added Member To Class: ClassName=C Member=Component Csn_LS_C (Csn_LS) 885012007057
Added Member To Class: ClassName=Gate_Drivers Member=Component D301 150080GS75000
Added Member To Class: ClassName=Current_Sense Member=Component R201 CR0805-JW-103ELF
Added Member To Class: ClassName=Current_Sense Member=Component R202 CR0805-JW-103ELF
Added Member To Class: ClassName=Current_Sense Member=Component R203 CR0805-JW-103ELF
Added Member To Class: ClassName=Current_Sense Member=Component R204 CR0805-JW-103ELF
Added Member To Class: ClassName=Current_Sense Member=Component R205 CR0805-JW-103ELF
Added Member To Class: ClassName=Current_Sense Member=Component R206 CR0805-JW-103ELF
Added Member To Class: ClassName=Gate_Drivers Member=Component R301 CR0805-JW-102ELF
Added Member To Class: ClassName=A Member=Component R401_A (R401) CRCW120610K0FKEA
Added Member To Class: ClassName=B Member=Component R401_B (R401) CRCW120610K0FKEA
Added Member To Class: ClassName=C Member=Component R401_C (R401) CRCW120610K0FKEA
Added Member To Class: ClassName=A Member=Component R402_A (R402) CRCW120610K0FKEA
Added Member To Class: ClassName=B Member=Component R402_B (R402) CRCW120610K0FKEA
Added Member To Class: ClassName=C Member=Component R402_C (R402) CRCW120610K0FKEA
Added Member To Class: ClassName=A Member=Component R403_A (R403) CRCW120610K0FKEA
Added Member To Class: ClassName=B Member=Component R403_B (R403) CRCW120610K0FKEA
Added Member To Class: ClassName=C Member=Component R403_C (R403) CRCW120610K0FKEA
Added Member To Class: ClassName=A Member=Component R404_A (R404) CRCW120610K0FKEA
Added Member To Class: ClassName=B Member=Component R404_B (R404) CRCW120610K0FKEA
Added Member To Class: ClassName=C Member=Component R404_C (R404) CRCW120610K0FKEA
Added Member To Class: ClassName=A Member=Component R405_A (R405) CR0805-JW-103ELF
Added Member To Class: ClassName=B Member=Component R405_B (R405) CR0805-JW-103ELF
Added Member To Class: ClassName=C Member=Component R405_C (R405) CR0805-JW-103ELF
Added Member To Class: ClassName=A Member=Component R406_A (R406) CR0805-FX-1000ELF
Added Member To Class: ClassName=B Member=Component R406_B (R406) CR0805-FX-1000ELF
Added Member To Class: ClassName=C Member=Component R406_C (R406) CR0805-FX-1000ELF
Added Member To Class: ClassName=Power_Stage Member=Component R_dis R2M-2512FTK
Added Member To Class: ClassName=A Member=Component RGS_HS_A (RGS_HS) CR0805-JW-103ELF
Added Member To Class: ClassName=B Member=Component RGS_HS_B (RGS_HS) CR0805-JW-103ELF
Added Member To Class: ClassName=C Member=Component RGS_HS_C (RGS_HS) CR0805-JW-103ELF
Added Member To Class: ClassName=A Member=Component RGS_LS_A (RGS_LS) CR0805-JW-103ELF
Added Member To Class: ClassName=B Member=Component RGS_LS_B (RGS_LS) CR0805-JW-103ELF
Added Member To Class: ClassName=C Member=Component RGS_LS_C (RGS_LS) CR0805-JW-103ELF
Added Member To Class: ClassName=A Member=Component Rsn_HS_A (Rsn_HS) 352115RFT
Added Member To Class: ClassName=B Member=Component Rsn_HS_B (Rsn_HS) 352115RFT
Added Member To Class: ClassName=C Member=Component Rsn_HS_C (Rsn_HS) 352115RFT
Added Member To Class: ClassName=A Member=Component Rsn_LS_A (Rsn_LS) 352115RFT
Added Member To Class: ClassName=B Member=Component Rsn_LS_B (Rsn_LS) 352115RFT
Added Member To Class: ClassName=C Member=Component Rsn_LS_C (Rsn_LS) 352115RFT
Added Member To Class: ClassName=Inverter_Power Member=Component TP1 TestPoint
Added Member To Class: ClassName=Inverter_Power Member=Component TP2 TestPoint
Added Member To Class: ClassName=Inverter_Power Member=Component TP3 TestPoint
Added Member To Class: ClassName=Inverter_Power Member=Component TP4 TestPoint
Added Member To Class: ClassName=Inverter_Power Member=Component TP5 TestPoint
Added Member To Class: ClassName=Inverter_Power Member=Component TP6 TestPoint
Added Member To Class: ClassName=Power_Stage Member=Component TP101 TestPoint
Added Member To Class: ClassName=Power_Stage Member=Component TP102 TestPoint
Added Member To Class: ClassName=Power_Stage Member=Component TP103 TestPoint
Added Member To Class: ClassName=Power_Stage Member=Component TP104 TestPoint
Added Member To Class: ClassName=Power_Stage Member=Component TP105 TestPoint
Added Member To Class: ClassName=Current_Sense Member=Component TP201 TestPoint
Added Member To Class: ClassName=Current_Sense Member=Component TP202 TestPoint
Added Member To Class: ClassName=Current_Sense Member=Component TP203 TestPoint
Added Member To Class: ClassName=Gate_Drivers Member=Component TP301 TestPoint
Added Member To Class: ClassName=Gate_Drivers Member=Component TP302 TestPoint
Added Member To Class: ClassName=Gate_Drivers Member=Component TP303 TestPoint
Added Member To Class: ClassName=Gate_Drivers Member=Component TP304 TestPoint
Added Member To Class: ClassName=Gate_Drivers Member=Component TP305 TestPoint
Added Member To Class: ClassName=Gate_Drivers Member=Component TP306 TestPoint
Added Member To Class: ClassName=Gate_Drivers Member=Component TP307 TestPoint
Added Member To Class: ClassName=Gate_Drivers Member=Component TP308 TestPoint
Added Member To Class: ClassName=Gate_Drivers Member=Component TP309 TestPoint
Added Member To Class: ClassName=Gate_Drivers Member=Component TP310 TestPoint
Added Member To Class: ClassName=Gate_Drivers Member=Component TP311 TestPoint
Added Member To Class: ClassName=Gate_Drivers Member=Component TP312 TestPoint
Added Member To Class: ClassName=Gate_Drivers Member=Component TP313 TestPoint
Added Member To Class: ClassName=Gate_Drivers Member=Component TP314 TestPoint
Added Member To Class: ClassName=Gate_Drivers Member=Component TP315 TestPoint
Added Member To Class: ClassName=Gate_Drivers Member=Component TP316 TestPoint
Added Member To Class: ClassName=Gate_Drivers Member=Component TP317 TestPoint
Added Member To Class: ClassName=Gate_Drivers Member=Component TP318 TestPoint
Added Member To Class: ClassName=Gate_Drivers Member=Component TP319 TestPoint
Added Member To Class: ClassName=Gate_Drivers Member=Component TP320 TestPoint
Added Member To Class: ClassName=Gate_Drivers Member=Component TP321 TestPoint
Added Member To Class: ClassName=Gate_Drivers Member=Component TP322 TestPoint
Added Member To Class: ClassName=Gate_Drivers Member=Component TP323 TestPoint
Added Member To Class: ClassName=Gate_Drivers Member=Component TP324 TestPoint
Added Member To Class: ClassName=Gate_Drivers Member=Component TP325 TestPoint
Added Member To Class: ClassName=Gate_Drivers Member=Component TP326 TestPoint
Added Member To Class: ClassName=A Member=Component TP401_A (TP401) TestPoint
Added Member To Class: ClassName=B Member=Component TP401_B (TP401) TestPoint
Added Member To Class: ClassName=C Member=Component TP401_C (TP401) TestPoint
Added Member To Class: ClassName=A Member=Component TP402_A (TP402) TestPoint
Added Member To Class: ClassName=B Member=Component TP402_B (TP402) TestPoint
Added Member To Class: ClassName=C Member=Component TP402_C (TP402) TestPoint
Added Member To Class: ClassName=A Member=Component TP403_A (TP403) TestPoint
Added Member To Class: ClassName=B Member=Component TP403_B (TP403) TestPoint
Added Member To Class: ClassName=C Member=Component TP403_C (TP403) TestPoint
Added Member To Class: ClassName=A Member=Component TP404_A (TP404) TestPoint
Added Member To Class: ClassName=B Member=Component TP404_B (TP404) TestPoint
Added Member To Class: ClassName=C Member=Component TP404_C (TP404) TestPoint
Added Member To Class: ClassName=A Member=Component TP405_A (TP405) TestPoint
Added Member To Class: ClassName=B Member=Component TP405_B (TP405) TestPoint
Added Member To Class: ClassName=C Member=Component TP405_C (TP405) TestPoint
Added Member To Class: ClassName=A Member=Component TP406_A (TP406) TestPoint
Added Member To Class: ClassName=B Member=Component TP406_B (TP406) TestPoint
Added Member To Class: ClassName=C Member=Component TP406_C (TP406) TestPoint
Added Member To Class: ClassName=A Member=Component TP407_A (TP407) TestPoint
Added Member To Class: ClassName=B Member=Component TP407_B (TP407) TestPoint
Added Member To Class: ClassName=C Member=Component TP407_C (TP407) TestPoint
Added Member To Class: ClassName=A Member=Component TP408_A (TP408) TestPoint
Added Member To Class: ClassName=B Member=Component TP408_B (TP408) TestPoint
Added Member To Class: ClassName=C Member=Component TP408_C (TP408) TestPoint
Added Member To Class: ClassName=A Member=Component TP409_A (TP409) TestPoint
Added Member To Class: ClassName=B Member=Component TP409_B (TP409) TestPoint
Added Member To Class: ClassName=C Member=Component TP409_C (TP409) TestPoint
Added Member To Class: ClassName=A Member=Component TP410_A (TP410) TestPoint
Added Member To Class: ClassName=B Member=Component TP410_B (TP410) TestPoint
Added Member To Class: ClassName=C Member=Component TP410_C (TP410) TestPoint
Added Member To Class: ClassName=A Member=Component TP411_A (TP411) TestPoint
Added Member To Class: ClassName=B Member=Component TP411_B (TP411) TestPoint
Added Member To Class: ClassName=C Member=Component TP411_C (TP411) TestPoint
