\BOOKMARK [0][-]{chapter.1}{\376\377\000I\000n\000t\000r\000o\000d\000u\000c\000c\000i\000\363\000n\000\040\000y\000\040\000p\000r\000e\000f\000a\000c\000i\000o}{}% 1
\BOOKMARK [0][-]{chapter.2}{\376\377\000O\000b\000j\000e\000t\000i\000v\000o\000s}{}% 2
\BOOKMARK [0][-]{chapter.3}{\376\377\000E\000s\000t\000a\000d\000o\000\040\000d\000e\000l\000\040\000A\000r\000t\000e}{}% 3
\BOOKMARK [0][-]{chapter.4}{\376\377\000M\000e\000t\000o\000d\000o\000l\000o\000g\000\355\000a}{}% 4
\BOOKMARK [0][-]{chapter.5}{\376\377\000D\000e\000s\000a\000r\000r\000o\000l\000l\000o}{}% 5
\BOOKMARK [1][-]{section.5.1}{\376\377\000E\000s\000t\000u\000d\000i\000o\000\040\000d\000e\000l\000\040\000m\000o\000d\000e\000l\000o\000\040\000m\000a\000t\000e\000m\000\341\000t\000i\000c\000o\000\040\000d\000e\000l\000\040\000P\000M\000S\000M}{chapter.5}% 6
\BOOKMARK [2][-]{subsection.5.1.1}{\376\377\000M\000o\000d\000e\000l\000o\000\040\000t\000r\000i\000f\000\341\000s\000i\000c\000o\000\040\000d\000e\000l\000\040\000P\000M\000S\000M}{section.5.1}% 7
\BOOKMARK [2][-]{subsection.5.1.2}{\376\377\000R\000e\000p\000r\000e\000s\000e\000n\000t\000a\000c\000i\000\363\000n\000\040\000e\000n\000\040\000e\000l\000\040\000e\000s\000p\000a\000c\000i\000o\000\040\000v\000e\000c\000t\000o\000r\000i\000a\000l}{section.5.1}% 8
\BOOKMARK [2][-]{subsection.5.1.3}{\376\377\000T\000r\000a\000n\000s\000f\000o\000r\000m\000a\000d\000a\000s}{section.5.1}% 9
\BOOKMARK [3][-]{subsubsection*.10}{\376\377\000T\000r\000a\000n\000s\000f\000o\000r\000m\000a\000d\000a\000\040\000d\000e\000\040\000C\000l\000a\000r\000k\000e\000\040\000o\000r\000t\000o\000n\000o\000r\000m\000a\000l}{subsection.5.1.3}% 10
\BOOKMARK [3][-]{subsubsection*.12}{\376\377\000T\000r\000a\000n\000s\000f\000o\000r\000m\000a\000d\000a\000\040\000d\000e\000\040\000C\000l\000a\000r\000k\000e\000\040\000d\000e\000\040\000A\000m\000p\000l\000i\000t\000u\000d\000\040\000C\000o\000n\000s\000t\000a\000n\000t\000e}{subsection.5.1.3}% 11
\BOOKMARK [3][-]{subsubsection*.13}{\376\377\000T\000r\000a\000n\000s\000f\000o\000r\000m\000a\000d\000a\000\040\000d\000e\000\040\000P\000a\000r\000k}{subsection.5.1.3}% 12
\BOOKMARK [2][-]{subsection.5.1.4}{\376\377\000M\000o\000d\000e\000l\000o\000\040\000d\000q\0000\000\040\000d\000e\000l\000\040\000P\000M\000S\000M}{section.5.1}% 13
\BOOKMARK [2][-]{subsection.5.1.5}{\376\377\000C\000u\000r\000v\000a\000s\000\040\000c\000a\000r\000a\000c\000t\000e\000r\000\355\000s\000t\000i\000c\000a\000s\000\040\000d\000e\000l\000\040\000P\000M\000S\000M}{section.5.1}% 14
\BOOKMARK [3][-]{subsubsection*.16}{\376\377\000C\000u\000r\000v\000a\000\040\000d\000e\000\040\000p\000a\000r\000-\000v\000e\000l\000o\000c\000i\000d\000a\000d\000\040\000y\000\040\000p\000o\000t\000e\000n\000c\000i\000a\000-\000v\000e\000l\000o\000c\000i\000d\000a\000d}{subsection.5.1.5}% 15
\BOOKMARK [3][-]{subsubsection*.18}{\376\377\000C\000L\000C\000\040\000\050\000C\000\355\000r\000c\000u\000l\000o\000\040\000d\000e\000\040\000l\000\355\000m\000i\000t\000e\000\040\000d\000e\000\040\000c\000o\000r\000r\000i\000e\000n\000t\000e\000\051}{subsection.5.1.5}% 16
\BOOKMARK [3][-]{subsubsection*.20}{\376\377\000T\000H\000\040\000\050\000H\000i\000p\000\351\000r\000b\000o\000l\000a\000s\000\040\000d\000e\000\040\000p\000a\000r\000\051}{subsection.5.1.5}% 17
\BOOKMARK [3][-]{subsubsection*.22}{\376\377\000V\000L\000E\000\040\000\050\000E\000l\000i\000p\000s\000e\000s\000\040\000d\000e\000\040\000l\000\355\000m\000i\000t\000e\000\040\000d\000e\000\040\000v\000o\000l\000t\000a\000j\000e\000\051}{subsection.5.1.5}% 18
\BOOKMARK [1][-]{section.5.2}{\376\377\000C\000o\000n\000t\000r\000o\000l\000\040\000d\000e\000l\000\040\000P\000M\000S\000M\000\040\000e\000n\000\040\000e\000l\000\040\000e\000s\000p\000a\000c\000i\000o\000\040\000d\000-\000q}{chapter.5}% 19
\BOOKMARK [2][-]{subsection.5.2.1}{\376\377\000T\000r\000a\000y\000e\000c\000t\000o\000r\000i\000a\000s\000\040\000d\000e\000\040\000c\000o\000n\000t\000r\000o\000l}{section.5.2}% 20
\BOOKMARK [3][-]{subsubsection*.25}{\376\377\000M\000T\000P\000A\000\040\000\050\000M\000\341\000x\000i\000m\000o\000\040\000P\000a\000r\000\040\000p\000o\000r\000\040\000A\000m\000p\000e\000r\000i\000o\000\051}{subsection.5.2.1}% 21
\BOOKMARK [3][-]{subsubsection*.27}{\376\377\000C\000T\000C\000\040\000\050\000C\000u\000r\000v\000a\000\040\000d\000e\000\040\000T\000o\000r\000q\000u\000e\000\040\000C\000o\000n\000s\000t\000a\000n\000t\000e\000\051}{subsection.5.2.1}% 22
\BOOKMARK [3][-]{subsubsection*.29}{\376\377\000M\000T\000P\000V\000\040\000\050\000M\000\341\000x\000i\000m\000o\000\040\000P\000a\000r\000\040\000p\000o\000r\000\040\000V\000o\000l\000t\000i\000o\000\051}{subsection.5.2.1}% 23
\BOOKMARK [3][-]{subsubsection*.31}{\376\377\000C\000V\000L\000\040\000\050\000L\000\355\000m\000i\000t\000e\000s\000\040\000d\000e\000\040\000C\000o\000r\000r\000i\000e\000n\000t\000e\000\040\000y\000\040\000V\000o\000l\000t\000a\000j\000e\000\051}{subsection.5.2.1}% 24
\BOOKMARK [2][-]{subsection.5.2.2}{\376\377\000D\000i\000s\000e\000\361\000o\000\040\000y\000\040\000s\000i\000m\000u\000l\000a\000c\000i\000\363\000n\000\040\000d\000e\000l\000\040\000c\000o\000n\000t\000r\000o\000l}{section.5.2}% 25
\BOOKMARK [3][-]{subsubsection*.34}{\376\377\000E\000M\000R\000\040\000\050\000R\000e\000p\000r\000e\000s\000e\000n\000t\000a\000c\000i\000\363\000n\000\040\000m\000a\000c\000r\000o\000s\000c\000\363\000p\000i\000c\000a\000\040\000e\000n\000e\000r\000g\000\351\000t\000i\000c\000a\000\051}{subsection.5.2.2}% 26
\BOOKMARK [3][-]{subsubsection*.38}{\376\377\000L\000a\000z\000o\000s\000\040\000d\000e\000\040\000c\000o\000r\000r\000i\000e\000n\000t\000e\000\040\000y\000\040\000m\000o\000d\000e\000l\000o\000\040\000p\000r\000o\000m\000e\000d\000i\000a\000d\000o\000\040\000d\000e\000l\000\040\000i\000n\000v\000e\000r\000s\000o\000r}{subsection.5.2.2}% 27
\BOOKMARK [3][-]{subsubsection*.43}{\376\377\000I\000m\000p\000l\000e\000m\000e\000n\000t\000a\000c\000i\000\363\000n\000\040\000d\000e\000\040\000l\000a\000s\000\040\000t\000r\000a\000y\000e\000c\000t\000o\000r\000i\000a\000s\000\040\000d\000e\000\040\000c\000o\000n\000t\000r\000o\000l}{subsection.5.2.2}% 28
\BOOKMARK [3][-]{subsubsection*.47}{\376\377\000M\000o\000d\000e\000l\000o\000\040\000c\000o\000n\000m\000u\000t\000a\000d\000o\000\040\000e\000n\000\040\000P\000L\000E\000C\000S}{subsection.5.2.2}% 29
\BOOKMARK [1][-]{section.5.3}{\376\377\000H\000a\000r\000d\000w\000a\000r\000e}{chapter.5}% 30
\BOOKMARK [2][-]{subsection.5.3.1}{\376\377\000R\000e\000q\000u\000i\000s\000i\000t\000o\000s\000\040\000y\000\040\000p\000r\000e\000-\000c\000o\000n\000c\000e\000p\000t\000o}{section.5.3}% 31
\BOOKMARK [2][-]{subsection.5.3.2}{\376\377\000C\000o\000n\000c\000e\000p\000t\000o}{section.5.3}% 32
\BOOKMARK [2][-]{subsection.5.3.3}{\376\377\000S\000e\000m\000i\000c\000o\000n\000d\000u\000c\000t\000o\000r\000e\000s}{section.5.3}% 33
\BOOKMARK [3][-]{subsubsection*.53}{\376\377\000E\000l\000e\000c\000c\000i\000\363\000n\000\040\000d\000e\000l\000\040\000M\000a\000t\000e\000r\000i\000a\000l\000:\000\040\000C\000a\000r\000b\000u\000r\000o\000\040\000d\000e\000\040\000S\000i\000l\000i\000c\000i\000o\000\040\000\050\000S\000i\000C\000\051}{subsection.5.3.3}% 34
\BOOKMARK [3][-]{subsubsection*.54}{\376\377\000M\000\363\000d\000u\000l\000o\000s\000\040\000d\000e\000\040\000P\000o\000t\000e\000n\000c\000i\000a\000:\000\040\000S\000e\000l\000e\000c\000c\000i\000\363\000n\000\040\000y\000\040\000C\000o\000m\000p\000a\000r\000a\000t\000i\000v\000a}{subsection.5.3.3}% 35
\BOOKMARK [3][-]{subsubsection*.55}{\376\377\000A\000n\000\341\000l\000i\000s\000i\000s\000\040\000d\000e\000\040\000P\000\351\000r\000d\000i\000d\000a\000s}{subsection.5.3.3}% 36
\BOOKMARK [3][-]{subsubsection*.56}{\376\377\000S\000i\000s\000t\000e\000m\000a\000\040\000d\000e\000\040\000R\000e\000f\000r\000i\000g\000e\000r\000a\000c\000i\000\363\000n}{subsection.5.3.3}% 37
\BOOKMARK [2][-]{subsection.5.3.4}{\376\377\000G\000a\000t\000e\000\040\000d\000r\000i\000v\000e\000r\000s}{section.5.3}% 38
\BOOKMARK [2][-]{subsection.5.3.5}{\376\377\000B\000u\000s\000\040\000d\000e\000\040\000c\000o\000n\000d\000e\000n\000s\000a\000d\000o\000r\000e\000s}{section.5.3}% 39
\BOOKMARK [2][-]{subsection.5.3.6}{\376\377\000C\000o\000n\000d\000u\000c\000t\000o\000r\000e\000s}{section.5.3}% 40
\BOOKMARK [2][-]{subsection.5.3.7}{\376\377\000P\000C\000B\000\040\000d\000e\000\040\000p\000o\000t\000e\000n\000c\000i\000a}{section.5.3}% 41
\BOOKMARK [2][-]{subsection.5.3.8}{\376\377\000P\000C\000B\000\040\000d\000e\000\040\000c\000o\000n\000t\000r\000o\000l}{section.5.3}% 42
\BOOKMARK [2][-]{subsection.5.3.9}{\376\377\000P\000C\000B\000\040\000d\000e\000\040\000T\000S\000-\000D\000C}{section.5.3}% 43
\BOOKMARK [1][-]{section.5.4}{\376\377\000S\000o\000f\000t\000w\000a\000r\000e}{chapter.5}% 44
\BOOKMARK [2][-]{subsection.5.4.1}{\376\377\000C\000o\000n\000c\000e\000p\000t\000o}{section.5.4}% 45
\BOOKMARK [2][-]{subsection.5.4.2}{\376\377\000R\000e\000t\000o\000s}{section.5.4}% 46
\BOOKMARK [2][-]{subsection.5.4.3}{\376\377\000T\000a\000r\000e\000a\000s}{section.5.4}% 47
\BOOKMARK [2][-]{subsection.5.4.4}{\376\377\000I\000n\000t\000e\000r\000f\000a\000z\000\040\000d\000e\000\040\000u\000s\000u\000a\000r\000i\000o}{section.5.4}% 48
\BOOKMARK [1][-]{section.5.5}{\376\377\000V\000a\000l\000i\000d\000a\000c\000i\000\363\000n}{chapter.5}% 49
\BOOKMARK [0][-]{chapter.6}{\376\377\000R\000e\000s\000u\000l\000t\000a\000d\000o\000s}{}% 50
\BOOKMARK [0][-]{appendix.Alph1}{\376\377\000A\000p\000\351\000n\000d\000i\000c\000e\000s}{}% 51
\BOOKMARK [0][-]{appendix.Alph2}{\376\377\000B\000i\000b\000l\000i\000o\000g\000r\000a\000f\000\355\000a}{}% 52
