2024-03-02 11:45:08,720 [INFO] Activator:176 - 


2024-03-02 11:45:08,727 [INFO] Activator:177 - !SESSION log4j initialized
2024-03-02 11:45:13,950 [INFO] LogOutputStream:77 - [STDOUT_REDIRECT] 
2024-03-02 11:45:15,234 [INFO] ApplicationProperties:184 - Using Application install path: C:\ST\STM32CubeIDE_1.13.2\STM32CubeIDE\plugins\com.st.stm32cube.common.mx_6.10.0.202311202037
2024-03-02 11:45:15,253 [INFO] DbMcusXml:78 - Set database path to: C:\ST\STM32CubeIDE_1.13.2\STM32CubeIDE\plugins\com.st.stm32cube.common.mx_6.10.0.202311202037\\db\/mcu/
2024-03-02 11:45:15,253 [INFO] ApiDb:274 - Set plugin database path to: C:\ST\STM32CubeIDE_1.13.2\STM32CubeIDE\plugins\com.st.stm32cube.common.mx_6.10.0.202311202037\\db\/plugins/boardmanager/
2024-03-02 11:45:15,254 [WARN] ApiDb:259 - Overriding images path with different value:  => C:\ST\STM32CubeIDE_1.13.2\STM32CubeIDE\plugins\com.st.stm32cube.common.mx_6.10.0.202311202037\\db\/plugins/mcufinder/images/
2024-03-02 11:45:15,261 [INFO] ApiDb:250 - Set database path to: C:\Users\dwegg\.stmcufinder\plugins\mcufinder//mcu/
2024-03-02 11:45:15,262 [INFO] DbMcusAds:125 - Set database path to: C:\Users\dwegg\.stmcufinder\plugins\mcufinder//mcu/
2024-03-02 11:45:15,265 [INFO] CrossReferenceDbSqlite:203 - Set database path to: C:\Users\dwegg\.stmcufinder\plugins\mcufinder//mcu/cs/
2024-03-02 11:45:15,446 [INFO] RulesReader:64 - Compatibility file has been processed (297 Rules)
2024-03-02 11:45:15,549 [INFO] DbMcusXml:78 - Set database path to: C:\ST\STM32CubeIDE_1.13.2\STM32CubeIDE\plugins\com.st.stm32cube.common.mx_6.10.0.202311202037\\db\/mcu/
2024-03-02 11:45:15,549 [INFO] ApiDb:274 - Set plugin database path to: C:\ST\STM32CubeIDE_1.13.2\STM32CubeIDE\plugins\com.st.stm32cube.common.mx_6.10.0.202311202037\\db\/plugins/boardmanager/
2024-03-02 11:45:15,549 [INFO] ApiDb:261 - Set plugin images path to: C:\ST\STM32CubeIDE_1.13.2\STM32CubeIDE\plugins\com.st.stm32cube.common.mx_6.10.0.202311202037\\db\/plugins/mcufinder/images/
2024-03-02 11:45:15,550 [WARN] DbFile:41 - Overriding database path with different value: C:\Users\dwegg\.stmcufinder\plugins\mcufinder/ => C:\Users\dwegg\.stmcufinder\plugins\mcufinder
2024-03-02 11:45:15,550 [INFO] ApiDb:250 - Set database path to: C:\Users\dwegg\.stmcufinder\plugins\mcufinder//mcu/
2024-03-02 11:45:15,550 [WARN] DbFile:41 - Overriding database path with different value: C:\Users\dwegg\.stmcufinder\plugins\mcufinder/ => C:\Users\dwegg\.stmcufinder\plugins\mcufinder
2024-03-02 11:45:15,550 [INFO] DbMcusAds:125 - Set database path to: C:\Users\dwegg\.stmcufinder\plugins\mcufinder//mcu/
2024-03-02 11:45:15,550 [WARN] DbFile:41 - Overriding database path with different value: C:\Users\dwegg\.stmcufinder\plugins\mcufinder/ => C:\Users\dwegg\.stmcufinder\plugins\mcufinder
2024-03-02 11:45:15,550 [WARN] DbFile:41 - Overriding database path with different value: C:\Users\dwegg\.stmcufinder\plugins\mcufinder/ => C:\Users\dwegg\.stmcufinder\plugins\mcufinder
2024-03-02 11:45:15,550 [INFO] CrossReferenceDbSqlite:203 - Set database path to: C:\Users\dwegg\.stmcufinder\plugins\mcufinder//mcu/cs/
2024-03-02 11:45:15,649 [INFO] MainPanel:264 - HeapMemory: 268435456
2024-03-02 11:45:15,736 [INFO] DbMcusXml:78 - Set database path to: C:\ST\STM32CubeIDE_1.13.2\STM32CubeIDE\plugins\com.st.stm32cube.common.mx_6.10.0.202311202037\\db\/mcu/
2024-03-02 11:45:15,736 [INFO] ApiDb:274 - Set plugin database path to: C:\ST\STM32CubeIDE_1.13.2\STM32CubeIDE\plugins\com.st.stm32cube.common.mx_6.10.0.202311202037\\db\/plugins/boardmanager/
2024-03-02 11:45:15,736 [INFO] ApiDb:261 - Set plugin images path to: C:\ST\STM32CubeIDE_1.13.2\STM32CubeIDE\plugins\com.st.stm32cube.common.mx_6.10.0.202311202037\\db\/plugins/mcufinder/images/
2024-03-02 11:45:15,737 [WARN] DbFile:41 - Overriding database path with different value: C:\Users\dwegg\.stmcufinder\plugins\mcufinder/ => C:\Users\dwegg\.stmcufinder\plugins\mcufinder
2024-03-02 11:45:15,737 [INFO] ApiDb:250 - Set database path to: C:\Users\dwegg\.stmcufinder\plugins\mcufinder//mcu/
2024-03-02 11:45:15,737 [WARN] DbFile:41 - Overriding database path with different value: C:\Users\dwegg\.stmcufinder\plugins\mcufinder/ => C:\Users\dwegg\.stmcufinder\plugins\mcufinder
2024-03-02 11:45:15,737 [INFO] DbMcusAds:125 - Set database path to: C:\Users\dwegg\.stmcufinder\plugins\mcufinder//mcu/
2024-03-02 11:45:15,737 [WARN] DbFile:41 - Overriding database path with different value: C:\Users\dwegg\.stmcufinder\plugins\mcufinder/ => C:\Users\dwegg\.stmcufinder\plugins\mcufinder
2024-03-02 11:45:15,737 [WARN] DbFile:41 - Overriding database path with different value: C:\Users\dwegg\.stmcufinder\plugins\mcufinder/ => C:\Users\dwegg\.stmcufinder\plugins\mcufinder
2024-03-02 11:45:15,738 [INFO] CrossReferenceDbSqlite:203 - Set database path to: C:\Users\dwegg\.stmcufinder\plugins\mcufinder//mcu/cs/
2024-03-02 11:45:15,756 [INFO] ApplicationProperties:184 - Using Application install path: C:\ST\STM32CubeIDE_1.13.2\STM32CubeIDE\plugins\com.st.stm32cube.common.mx_6.10.0.202311202037
2024-03-02 11:45:15,758 [INFO] PluginManage:196 - Search for loadable plugins [exclusion list=, ]
2024-03-02 11:45:15,759 [INFO] PluginManage:310 - Check plugin analytics
2024-03-02 11:45:15,916 [INFO] AnalyticsPlugin:253 - Accepted Software Licenses: STM32CubeMX.6.9.2,STM32CubeMX.6.3.0
2024-03-02 11:45:15,916 [INFO] AnalyticsPlugin:255 - Accepted CMSIS Pack Licenses: 
2024-03-02 11:45:15,916 [INFO] AnalyticsPlugin:257 - Accepted Firmware Licenses: FW.F7.1.17.0,FW.H7.1.11.0
2024-03-02 11:45:15,918 [INFO] PluginManage:359 - Loaded plugin analytics (category:tool,tabindex:-1)
2024-03-02 11:45:15,918 [INFO] PluginManage:310 - Check plugin cadmodel
2024-03-02 11:45:15,921 [INFO] CADModel:105 - Init CAD model plugin
2024-03-02 11:45:15,922 [INFO] PluginManage:359 - Loaded plugin cadmodel (category:power,tabindex:5)
2024-03-02 11:45:15,922 [INFO] PluginManage:310 - Check plugin clock
2024-03-02 11:45:15,931 [INFO] PluginManage:359 - Loaded plugin clock (category:base,tabindex:2)
2024-03-02 11:45:15,931 [INFO] PluginManage:310 - Check plugin ddr
2024-03-02 11:45:15,933 [INFO] PluginManage:359 - Loaded plugin ddr (category:tool,tabindex:6)
2024-03-02 11:45:15,933 [INFO] PluginManage:310 - Check plugin filemanager
2024-03-02 11:45:16,052 [INFO] PluginManage:359 - Loaded plugin filemanager (category:base,tabindex:10)
2024-03-02 11:45:16,052 [INFO] PluginManage:310 - Check plugin ipmanager
2024-03-02 11:45:16,059 [INFO] PluginManage:359 - Loaded plugin ipmanager (category:base,tabindex:5)
2024-03-02 11:45:16,059 [INFO] PluginManage:310 - Check plugin lpbam
2024-03-02 11:45:16,065 [INFO] PluginManage:359 - Loaded plugin lpbam (category:base,tabindex:0)
2024-03-02 11:45:16,066 [INFO] PluginManage:310 - Check plugin memorymap
2024-03-02 11:45:16,074 [INFO] PluginManage:359 - Loaded plugin memorymap (category:base,tabindex:4)
2024-03-02 11:45:16,075 [INFO] PluginManage:310 - Check plugin pinoutandconfiguration
2024-03-02 11:45:16,081 [INFO] PluginManage:359 - Loaded plugin pinoutandconfiguration (category:base,tabindex:1)
2024-03-02 11:45:16,082 [INFO] PluginManage:310 - Check plugin pinoutconfig
2024-03-02 11:45:16,154 [WARN] SupportedApi:132 - Cannot load RTOS API schema: s4s-elt-must-match.1: The content of 'definitions' must match (annotation?, (simpleType | complexType)?, (unique | key | keyref)*)). A problem was found starting at: attribute.
2024-03-02 11:45:16,283 [INFO] PluginManage:359 - Loaded plugin pinoutconfig (category:base,tabindex:0)
2024-03-02 11:45:16,283 [INFO] PluginManage:310 - Check plugin power
2024-03-02 11:45:16,291 [INFO] PluginManage:359 - Loaded plugin power (category:power,tabindex:4)
2024-03-02 11:45:16,291 [INFO] PluginManage:310 - Check plugin projectmanager
2024-03-02 11:45:16,307 [INFO] PluginManage:359 - Loaded plugin projectmanager (category:projectmanager,tabindex:3)
2024-03-02 11:45:16,307 [INFO] PluginManage:310 - Check plugin thirdparty
2024-03-02 11:45:16,434 [INFO] PluginManage:359 - Loaded plugin thirdparty (category:base,tabindex:-1)
2024-03-02 11:45:16,434 [WARN] IntegrityCheckThread:84 - waiting for thirdparty lock release [integrity check]
2024-03-02 11:45:16,434 [INFO] PluginManage:310 - Check plugin tools
2024-03-02 11:45:16,434 [INFO] IntegrityCheckThread:86 - entering critical section [integrity check]
2024-03-02 11:45:16,435 [INFO] ThirdPartyUpdaterWithRetryManager:70 - Updater plugin not ready yet. [1/15]
2024-03-02 11:45:16,437 [INFO] PluginManage:359 - Loaded plugin tools (category:base,tabindex:7)
2024-03-02 11:45:16,437 [INFO] PluginManage:310 - Check plugin tutovideos
2024-03-02 11:45:16,573 [INFO] PluginManage:359 - Loaded plugin tutovideos (category:base,tabindex:-1)
2024-03-02 11:45:16,573 [INFO] PluginManage:310 - Check plugin updater
2024-03-02 11:45:16,580 [INFO] PluginManage:359 - Loaded plugin updater (category:base,tabindex:12)
2024-03-02 11:45:16,580 [INFO] PluginManage:310 - Check plugin userauth
2024-03-02 11:45:16,584 [INFO] UserAuth:114 - Init User Auth plugin
2024-03-02 11:45:16,585 [INFO] PluginManage:359 - Loaded plugin userauth (category:base,tabindex:14)
2024-03-02 11:45:16,585 [INFO] PluginManage:283 - PluginManage : Loaded plugins [17]
2024-03-02 11:45:16,755 [INFO] PinOutPanel:1499 - setPackage(No Configuration,No Configuration)
2024-03-02 11:45:16,851 [INFO] CADModel:165 - CPN selected for project level
2024-03-02 11:45:16,852 [INFO] CADModel:114 - Register for checkConnection events
2024-03-02 11:45:16,872 [INFO] IPUIPlugin:80 - create IPUIPlugin
2024-03-02 11:45:16,872 [INFO] PluginManager:220 - loadIPPluginJar : add adc
2024-03-02 11:45:16,875 [INFO] IPUIPlugin:80 - create IPUIPlugin
2024-03-02 11:45:16,875 [INFO] PluginManager:220 - loadIPPluginJar : add aes
2024-03-02 11:45:16,887 [INFO] IPUIPlugin:80 - create IPUIPlugin
2024-03-02 11:45:16,888 [INFO] PluginManager:220 - loadIPPluginJar : add can
2024-03-02 11:45:16,889 [INFO] IPUIPlugin:80 - create IPUIPlugin
2024-03-02 11:45:16,889 [INFO] PluginManager:220 - loadIPPluginJar : add comp
2024-03-02 11:45:16,891 [INFO] IPUIPlugin:80 - create IPUIPlugin
2024-03-02 11:45:16,891 [INFO] PluginManager:220 - loadIPPluginJar : add cryp
2024-03-02 11:45:16,893 [INFO] IPUIPlugin:80 - create IPUIPlugin
2024-03-02 11:45:16,894 [INFO] PluginManager:220 - loadIPPluginJar : add dfsdm
2024-03-02 11:45:16,899 [INFO] IPUIPlugin:80 - create IPUIPlugin
2024-03-02 11:45:16,900 [INFO] PluginManager:220 - loadIPPluginJar : add dma
2024-03-02 11:45:16,902 [INFO] IPUIPlugin:80 - create IPUIPlugin
2024-03-02 11:45:16,902 [INFO] PluginManager:220 - loadIPPluginJar : add dma3
2024-03-02 11:45:16,904 [INFO] IPUIPlugin:80 - create IPUIPlugin
2024-03-02 11:45:16,904 [INFO] PluginManager:220 - loadIPPluginJar : add fatfs
2024-03-02 11:45:16,908 [INFO] IPUIPlugin:80 - create IPUIPlugin
2024-03-02 11:45:16,908 [INFO] PluginManager:220 - loadIPPluginJar : add fmc
2024-03-02 11:45:16,913 [INFO] IPUIPlugin:80 - create IPUIPlugin
2024-03-02 11:45:16,913 [INFO] PluginManager:220 - loadIPPluginJar : add freertos
2024-03-02 11:45:16,914 [INFO] IPUIPlugin:80 - create IPUIPlugin
2024-03-02 11:45:16,914 [INFO] PluginManager:220 - loadIPPluginJar : add genericplugin
2024-03-02 11:45:16,916 [INFO] IPUIPlugin:80 - create IPUIPlugin
2024-03-02 11:45:16,916 [INFO] PluginManager:220 - loadIPPluginJar : add gfxmmu
2024-03-02 11:45:16,920 [INFO] IPUIPlugin:80 - create IPUIPlugin
2024-03-02 11:45:16,920 [INFO] PluginManager:220 - loadIPPluginJar : add gic
2024-03-02 11:45:16,923 [INFO] IPUIPlugin:80 - create IPUIPlugin
2024-03-02 11:45:16,924 [INFO] PluginManager:220 - loadIPPluginJar : add gpio
2024-03-02 11:45:16,926 [INFO] IPUIPlugin:80 - create IPUIPlugin
2024-03-02 11:45:16,926 [INFO] PluginManager:220 - loadIPPluginJar : add gtzc
2024-03-02 11:45:16,928 [INFO] IPUIPlugin:80 - create IPUIPlugin
2024-03-02 11:45:16,929 [INFO] PluginManager:220 - loadIPPluginJar : add hash
2024-03-02 11:45:16,931 [INFO] IPUIPlugin:80 - create IPUIPlugin
2024-03-02 11:45:16,931 [INFO] PluginManager:220 - loadIPPluginJar : add i2c
2024-03-02 11:45:16,933 [INFO] IPUIPlugin:80 - create IPUIPlugin
2024-03-02 11:45:16,933 [INFO] PluginManager:220 - loadIPPluginJar : add i2s
2024-03-02 11:45:16,935 [INFO] IPUIPlugin:80 - create IPUIPlugin
2024-03-02 11:45:16,935 [INFO] PluginManager:220 - loadIPPluginJar : add i3c
2024-03-02 11:45:16,938 [INFO] IPUIPlugin:80 - create IPUIPlugin
2024-03-02 11:45:16,938 [INFO] PluginManager:220 - loadIPPluginJar : add ipddr
2024-03-02 11:45:16,944 [INFO] IPUIPlugin:80 - create IPUIPlugin
2024-03-02 11:45:16,944 [INFO] PluginManager:220 - loadIPPluginJar : add linkedlist
2024-03-02 11:45:16,947 [INFO] IPUIPlugin:80 - create IPUIPlugin
2024-03-02 11:45:16,947 [INFO] PluginManager:220 - loadIPPluginJar : add lorawan
2024-03-02 11:45:16,948 [INFO] IPUIPlugin:80 - create IPUIPlugin
2024-03-02 11:45:16,948 [INFO] PluginManager:220 - loadIPPluginJar : add ltdc
2024-03-02 11:45:16,952 [INFO] IPUIPlugin:80 - create IPUIPlugin
2024-03-02 11:45:16,953 [INFO] PluginManager:220 - loadIPPluginJar : add mdma
2024-03-02 11:45:16,955 [INFO] IPUIPlugin:80 - create IPUIPlugin
2024-03-02 11:45:16,956 [INFO] PluginManager:220 - loadIPPluginJar : add nvic
2024-03-02 11:45:16,958 [INFO] IPUIPlugin:80 - create IPUIPlugin
2024-03-02 11:45:16,958 [INFO] PluginManager:220 - loadIPPluginJar : add opamp
2024-03-02 11:45:16,960 [INFO] IPUIPlugin:80 - create IPUIPlugin
2024-03-02 11:45:16,960 [INFO] PluginManager:220 - loadIPPluginJar : add openamp
2024-03-02 11:45:16,962 [INFO] IPUIPlugin:80 - create IPUIPlugin
2024-03-02 11:45:16,962 [INFO] PluginManager:220 - loadIPPluginJar : add pdm2pcm
2024-03-02 11:45:16,968 [INFO] IPUIPlugin:80 - create IPUIPlugin
2024-03-02 11:45:16,970 [INFO] PluginManager:220 - loadIPPluginJar : add plateformsettings
2024-03-02 11:45:16,972 [INFO] IPUIPlugin:80 - create IPUIPlugin
2024-03-02 11:45:16,972 [INFO] PluginManager:220 - loadIPPluginJar : add quadspi
2024-03-02 11:45:16,974 [INFO] IPUIPlugin:80 - create IPUIPlugin
2024-03-02 11:45:16,975 [INFO] PluginManager:220 - loadIPPluginJar : add resmgrutility
2024-03-02 11:45:16,977 [INFO] IPUIPlugin:80 - create IPUIPlugin
2024-03-02 11:45:16,977 [INFO] PluginManager:220 - loadIPPluginJar : add sai
2024-03-02 11:45:16,979 [INFO] IPUIPlugin:80 - create IPUIPlugin
2024-03-02 11:45:16,979 [INFO] PluginManager:220 - loadIPPluginJar : add spi
2024-03-02 11:45:16,983 [INFO] IPUIPlugin:80 - create IPUIPlugin
2024-03-02 11:45:16,983 [INFO] PluginManager:220 - loadIPPluginJar : add stm32_wpan
2024-03-02 11:45:16,984 [INFO] IPUIPlugin:80 - create IPUIPlugin
2024-03-02 11:45:16,984 [INFO] PluginManager:220 - loadIPPluginJar : add tim
2024-03-02 11:45:16,987 [INFO] IPUIPlugin:80 - create IPUIPlugin
2024-03-02 11:45:16,987 [INFO] PluginManager:220 - loadIPPluginJar : add touchsensing
2024-03-02 11:45:16,988 [INFO] IPUIPlugin:80 - create IPUIPlugin
2024-03-02 11:45:16,989 [INFO] PluginManager:220 - loadIPPluginJar : add tracer_emb
2024-03-02 11:45:16,990 [INFO] IPUIPlugin:80 - create IPUIPlugin
2024-03-02 11:45:16,990 [INFO] PluginManager:220 - loadIPPluginJar : add ts
2024-03-02 11:45:16,992 [INFO] IPUIPlugin:80 - create IPUIPlugin
2024-03-02 11:45:16,992 [INFO] PluginManager:220 - loadIPPluginJar : add tsc
2024-03-02 11:45:16,993 [INFO] IPUIPlugin:80 - create IPUIPlugin
2024-03-02 11:45:16,993 [INFO] PluginManager:220 - loadIPPluginJar : add ucpd
2024-03-02 11:45:16,995 [INFO] IPUIPlugin:80 - create IPUIPlugin
2024-03-02 11:45:16,995 [INFO] PluginManager:220 - loadIPPluginJar : add usart
2024-03-02 11:45:16,997 [INFO] IPUIPlugin:80 - create IPUIPlugin
2024-03-02 11:45:16,997 [INFO] PluginManager:220 - loadIPPluginJar : add usbx
2024-03-02 11:45:17,124 [INFO] CADModel:165 - CPN selected for project level
2024-03-02 11:45:17,124 [INFO] CADModel:114 - Register for checkConnection events
2024-03-02 11:45:17,125 [FATAL] Updater:308 - Updater called before beeing initialized
2024-03-02 11:45:17,125 [ERROR] CADModel:125 - Updater not yet initialized, retry later 
2024-03-02 11:45:17,222 [INFO] CADModel:165 - CPN selected for project level
2024-03-02 11:45:17,222 [INFO] CADModel:114 - Register for checkConnection events
2024-03-02 11:45:17,222 [FATAL] Updater:308 - Updater called before beeing initialized
2024-03-02 11:45:17,222 [ERROR] CADModel:125 - Updater not yet initialized, retry later 
2024-03-02 11:45:17,224 [FATAL] Updater:308 - Updater called before beeing initialized
2024-03-02 11:45:17,320 [FATAL] Updater:308 - Updater called before beeing initialized
2024-03-02 11:45:17,323 [INFO] DbMcusAds:53 - JSON generation date=Wed Nov 29 11:52:27 CET 2023 (1701255147349)
2024-03-02 11:45:17,324 [FATAL] Updater:308 - Updater called before beeing initialized
2024-03-02 11:45:17,353 [WARN] DetailPanel:346 - Failed to get advertising image, set to default
2024-03-02 11:45:17,440 [FATAL] Updater:308 - Updater called before beeing initialized
2024-03-02 11:45:17,441 [FATAL] Updater:308 - Updater called before beeing initialized
2024-03-02 11:45:17,441 [FATAL] Updater:308 - Updater called before beeing initialized
2024-03-02 11:45:17,441 [WARN] DetailPanel:346 - Failed to get advertising image, set to default
2024-03-02 11:45:17,442 [FATAL] Updater:308 - Updater called before beeing initialized
2024-03-02 11:45:17,484 [ERROR] Updater:1120 - MainUpdater not yet initialized. External WinMGr cannot be set.
2024-03-02 11:45:17,485 [INFO] Updater:1056 - Updater Version found : 6.10.0
2024-03-02 11:45:17,497 [INFO] ApplicationProperties:184 - Using Application install path: C:\ST\STM32CubeIDE_1.13.2\STM32CubeIDE\plugins\com.st.stm32cube.common.mx_6.10.0.202311202037
2024-03-02 11:45:17,745 [INFO] MainUpdater:2873 - connection check result : 10
2024-03-02 11:45:17,746 [INFO] MainUpdater:290 - Updater Check For Update Now.
2024-03-02 11:45:17,746 [INFO] MicroXplorer:498 - Change Database Version : DB.6.0.100
2024-03-02 11:45:17,751 [INFO] McuFinderGlobals:63 - Set McuFinder mode to 2 (CubeIDE integrated)
2024-03-02 11:45:17,751 [INFO] UserAuth:180 - activating auth plugin
2024-03-02 11:45:17,753 [INFO] UserAuth:404 - Internet connection configuration mode: 1
2024-03-02 11:45:17,763 [INFO] JxBrowserEngine:152 - Initiate JxBrowser Engine with user profile folder
2024-03-02 11:45:17,914 [INFO] CheckServerUpdateThread:120 - End of CheckServer Thread
2024-03-02 11:45:18,380 [INFO] WebApp:161 - Instantiating new browser for Auth
2024-03-02 11:45:18,842 [INFO] WebApp:780 - Register for checkConnection events
2024-03-02 11:45:18,842 [INFO] WebApp:414 - Apply proxy settings
2024-03-02 11:45:18,843 [INFO] WebApp:499 - Chromium requires no authentication
2024-03-02 11:45:18,848 [INFO] WebApp:442 - Direct internet connection detected
2024-03-02 11:45:18,963 [INFO] WebApp:192 - Starting web application
2024-03-02 11:45:18,963 [INFO] WebApp:544 - Web application path used C:\ST\STM32CubeIDE_1.13.2\STM32CubeIDE\plugins\com.st.stm32cube.common.mx_6.10.0.202311202037\db\plugins\mcufinder\reactClient1\index.html
2024-03-02 11:45:19,586 [WARN] PackLoader:240 - Cannot read IP mode file for STMicroelectronics.X-CUBE-SMBUS.2.1.0
2024-03-02 11:45:19,592 [WARN] PackLoader:240 - Cannot read IP mode file for STMicroelectronics.X-CUBE-TOUCHGFX.4.23.0
2024-03-02 11:45:19,619 [WARN] PackLoader:240 - Cannot read IP mode file for STMicroelectronics.X-CUBE-AZRTOS-F7.1.1.0
2024-03-02 11:45:19,631 [WARN] PackLoader:240 - Cannot read IP mode file for STMicroelectronics.FP-SNS-MOTENV1.4.3.2
2024-03-02 11:45:19,638 [WARN] PackLoader:240 - Cannot read IP mode file for STMicroelectronics.FP-SNS-FLIGHT1.5.0.2
2024-03-02 11:45:19,647 [WARN] PackLoader:240 - Cannot read IP mode file for STMicroelectronics.X-CUBE-DISPLAY.3.0.0
2024-03-02 11:45:19,662 [WARN] PackLoader:240 - Cannot read IP mode file for STMicroelectronics.X-CUBE-BLE1.7.0.0
2024-03-02 11:45:19,668 [WARN] PackLoader:240 - Cannot read IP mode file for emotas.I-CUBE-CANOPEN.1.3.0
2024-03-02 11:45:19,671 [WARN] PackLoader:240 - Cannot read IP mode file for STMicroelectronics.X-CUBE-TOUCHGFX.4.22.1
2024-03-02 11:45:19,680 [WARN] PackLoader:240 - Cannot read IP mode file for STMicroelectronics.X-CUBE-BLEMGR.3.1.0
2024-03-02 11:45:19,687 [WARN] PackLoader:240 - Cannot read IP mode file for STMicroelectronics.FP-SNS-SMARTAG2.1.2.0
2024-03-02 11:45:19,698 [INFO] LogOutputStream:77 - [STDOUT_REDIRECT] 1 : Invalid condition id : UX_CORESTACK_Condition cause : null
2024-03-02 11:45:19,699 [INFO] LogOutputStream:77 - [STDOUT_REDIRECT] 1 : Invalid condition id : UX_CORESTACK_Condition cause : null
2024-03-02 11:45:19,699 [INFO] LogOutputStream:77 - [STDOUT_REDIRECT] 1 : Invalid condition id : UX_CORESTACK_Condition cause : null
2024-03-02 11:45:19,700 [INFO] LogOutputStream:77 - [STDOUT_REDIRECT] 1 : Invalid condition id : UX_CORESTACK_Condition cause : null
2024-03-02 11:45:19,701 [INFO] LogOutputStream:77 - [STDOUT_REDIRECT] 1 : Invalid condition id : UX_CORESTACK_Condition cause : null
2024-03-02 11:45:19,705 [WARN] PackLoader:240 - Cannot read IP mode file for STMicroelectronics.X-CUBE-AZRTOS-WL.2.0.0
2024-03-02 11:45:19,719 [WARN] PackLoader:240 - Cannot read IP mode file for WES.I-CUBE-Cesium.1.3.0
2024-03-02 11:45:19,725 [WARN] PackLoader:240 - Cannot read IP mode file for STMicroelectronics.X-CUBE-BLE2.3.3.0
2024-03-02 11:45:19,732 [WARN] PackLoader:240 - Cannot read IP mode file for STMicroelectronics.X-CUBE-ALGOBUILD.1.3.0
2024-03-02 11:45:19,749 [WARN] PackLoader:240 - Cannot read IP mode file for STMicroelectronics.X-CUBE-AZRTOS-G0.1.1.0
2024-03-02 11:45:19,757 [WARN] PackLoader:240 - Cannot read IP mode file for STMicroelectronics.X-CUBE-NFC4.3.0.0
2024-03-02 11:45:19,765 [WARN] PackLoader:240 - Cannot read IP mode file for STMicroelectronics.X-CUBE-BLEMGR.3.0.0
2024-03-02 11:45:19,771 [WARN] PackLoader:240 - Cannot read IP mode file for STMicroelectronics.FP-ATR-SIGFOX1.3.2.0
2024-03-02 11:45:19,777 [WARN] PackLoader:240 - Cannot read IP mode file for STMicroelectronics.X-CUBE-EEPRMA1.5.1.0
2024-03-02 11:45:19,831 [WARN] PackLoader:240 - Cannot read IP mode file for SEGGER.I-CUBE-embOS.1.3.1
2024-03-02 11:45:19,867 [WARN] PackLoader:240 - Cannot read IP mode file for STMicroelectronics.X-CUBE-GNSS1.6.0.0
2024-03-02 11:45:19,880 [WARN] PackLoader:240 - Cannot read IP mode file for STMicroelectronics.X-CUBE-AZRTOS-F4.1.1.0
2024-03-02 11:45:19,890 [WARN] PackLoader:240 - Cannot read IP mode file for wolfSSL.I-CUBE-wolfSSL.5.6.4
2024-03-02 11:45:19,908 [WARN] PackLoader:240 - Cannot read IP mode file for STMicroelectronics.X-CUBE-AZRTOS-L5.2.0.0
2024-03-02 11:45:19,914 [WARN] PackLoader:240 - Cannot read IP mode file for STMicroelectronics.X-CUBE-EEPRMA1.4.2.0
2024-03-02 11:45:19,920 [WARN] PackLoader:240 - Cannot read IP mode file for ITTIA_DB.I-CUBE-ITTIADB.8.8.0
2024-03-02 11:45:19,932 [WARN] ConditionMgr:438 - getConditionDescription Invalid condition id : UX DEVICE CLASS RTOS Condition cause : null
2024-03-02 11:45:19,934 [WARN] ConditionMgr:438 - getConditionDescription Invalid condition id : UX DEVICE CLASS RTOS Condition cause : null
2024-03-02 11:45:19,936 [WARN] PackLoader:240 - Cannot read IP mode file for STMicroelectronics.X-CUBE-AZRTOS-H7.3.1.0
2024-03-02 11:45:19,937 [WARN] ConditionMgr:1039 - genDependencies : Invalid condition id : UX DEVICE CLASS RTOS Condition cause : null
2024-03-02 11:45:19,937 [WARN] ConditionMgr:1039 - genDependencies : Invalid condition id : UX DEVICE CLASS RTOS Condition cause : null
2024-03-02 11:45:19,938 [WARN] ConditionMgr:1039 - genDependencies : Invalid condition id : UX DEVICE CLASS RTOS Condition cause : null
2024-03-02 11:45:19,938 [WARN] ConditionMgr:1039 - genDependencies : Invalid condition id : UX DEVICE CLASS RTOS Condition cause : null
2024-03-02 11:45:19,938 [WARN] ConditionMgr:1039 - genDependencies : Invalid condition id : UX DEVICE CLASS RTOS Condition cause : null
2024-03-02 11:45:19,944 [WARN] PackLoader:240 - Cannot read IP mode file for STMicroelectronics.X-CUBE-NFC7.1.0.1
2024-03-02 11:45:19,950 [WARN] PackLoader:240 - Cannot read IP mode file for STMicroelectronics.X-CUBE-NFC6.3.0.0
2024-03-02 11:45:19,956 [WARN] PackLoader:240 - Cannot read IP mode file for STMicroelectronics.X-CUBE-AI.8.1.0
2024-03-02 11:45:19,969 [WARN] ConditionMgr:438 - getConditionDescription Invalid condition id : LAN8742 Phy interface Condition cause : null
2024-03-02 11:45:19,970 [WARN] PackLoader:240 - Cannot read IP mode file for STMicroelectronics.X-CUBE-AZRTOS-L4.2.0.0
2024-03-02 11:45:19,971 [WARN] ConditionMgr:1039 - genDependencies : Invalid condition id : LAN8742 Phy interface Condition cause : null
2024-03-02 11:45:19,971 [WARN] ConditionMgr:1039 - genDependencies : Invalid condition id : LAN8742 Phy interface Condition cause : null
2024-03-02 11:45:19,972 [WARN] ConditionMgr:1039 - genDependencies : Invalid condition id : LAN8742 Phy interface Condition cause : null
2024-03-02 11:45:19,979 [WARN] PackLoader:240 - Cannot read IP mode file for STMicroelectronics.X-CUBE-SFXS2LP1.4.0.0
2024-03-02 11:45:19,984 [WARN] PackLoader:240 - Cannot read IP mode file for STMicroelectronics.X-CUBE-ISPU.1.1.0
2024-03-02 11:45:19,993 [WARN] ConditionMgr:438 - getConditionDescription Invalid condition id : UX DEVICE CLASS RTOS Condition cause : null
2024-03-02 11:45:19,994 [WARN] ConditionMgr:438 - getConditionDescription Invalid condition id : UX DEVICE CLASS RTOS Condition cause : null
2024-03-02 11:45:19,995 [WARN] PackLoader:240 - Cannot read IP mode file for STMicroelectronics.X-CUBE-AZRTOS-WB.2.0.0
2024-03-02 11:45:19,996 [WARN] ConditionMgr:1039 - genDependencies : Invalid condition id : UX DEVICE CLASS RTOS Condition cause : null
2024-03-02 11:45:19,996 [WARN] ConditionMgr:1039 - genDependencies : Invalid condition id : UX DEVICE CLASS RTOS Condition cause : null
2024-03-02 11:45:19,996 [WARN] ConditionMgr:1039 - genDependencies : Invalid condition id : UX DEVICE CLASS RTOS Condition cause : null
2024-03-02 11:45:19,997 [WARN] ConditionMgr:1039 - genDependencies : Invalid condition id : UX DEVICE CLASS RTOS Condition cause : null
2024-03-02 11:45:19,997 [WARN] ConditionMgr:1039 - genDependencies : Invalid condition id : UX DEVICE CLASS RTOS Condition cause : null
2024-03-02 11:45:20,005 [WARN] PackLoader:240 - Cannot read IP mode file for STMicroelectronics.X-CUBE-SUBG2.5.0.0
2024-03-02 11:45:20,016 [WARN] PackLoader:240 - Cannot read IP mode file for STMicroelectronics.X-CUBE-TOF1.3.3.1
2024-03-02 11:45:20,034 [WARN] PackLoader:240 - Cannot read IP mode file for STMicroelectronics.X-CUBE-AZRTOS-G4.2.0.0
2024-03-02 11:45:20,046 [WARN] PackLoader:240 - Cannot read IP mode file for Infineon.AIROC-Wi-Fi-Bluetooth-STM32.1.5.1
2024-03-02 11:45:20,053 [WARN] PackLoader:240 - Cannot read IP mode file for STMicroelectronics.FP-SNS-MOTENVWB1.1.3.0
2024-03-02 11:45:20,056 [WARN] PackLoader:240 - Cannot read IP mode file for STMicroelectronics.FP-SNS-MOTENVWB1.1.3.1
2024-03-02 11:45:20,060 [WARN] PackLoader:240 - Cannot read IP mode file for STMicroelectronics.X-CUBE-ISPU.2.0.0
2024-03-02 11:45:20,108 [WARN] PackLoader:240 - Cannot read IP mode file for STMicroelectronics.X-CUBE-MEMS1.10.0.0
2024-03-02 11:45:20,270 [WARN] PackLoader:240 - Cannot read IP mode file for STMicroelectronics.X-CUBE-FREERTOS.1.1.0
2024-03-02 11:45:20,277 [WARN] PackLoader:240 - Cannot read IP mode file for portGmbH.I-Cube-SoM-uGOAL.1.1.0
2024-03-02 11:45:20,282 [WARN] PackLoader:240 - Cannot read IP mode file for STMicroelectronics.X-CUBE-ALS.1.0.1
2024-03-02 11:45:20,287 [WARN] PackLoader:240 - Cannot read IP mode file for STMicroelectronics.FP-ATR-ASTRA1.2.0.0
2024-03-02 11:45:20,297 [WARN] PackLoader:240 - Cannot read IP mode file for STMicroelectronics.X-CUBE-TOF1.3.4.0
2024-03-02 11:45:20,329 [WARN] PackLoader:240 - Cannot read IP mode file for STMicroelectronics.X-CUBE-AZRTOS-H7.3.2.0
2024-03-02 11:45:20,334 [INFO] ThirdParty:978 - Integrity check success = true
2024-03-02 11:45:20,334 [INFO] IntegrityCheckThread:100 - exiting critical section [integrity check]
2024-03-02 11:45:20,334 [INFO] IntegrityCheckThread:103 - End integrity checks thread
2024-03-02 11:45:39,476 [ERROR] LogOutputStream:75 - [STDERR_REDIRECT] SLF4J: Failed to load class "org.slf4j.impl.StaticLoggerBinder".
2024-03-02 11:45:39,476 [ERROR] LogOutputStream:75 - [STDERR_REDIRECT] SLF4J: Defaulting to no-operation (NOP) logger implementation
2024-03-02 11:45:39,477 [ERROR] LogOutputStream:75 - [STDERR_REDIRECT] SLF4J: See http://www.slf4j.org/codes.html#StaticLoggerBinder for further details.
2024-03-02 11:56:07,517 [INFO] McuFinderGlobals:63 - Set McuFinder mode to 2 (CubeIDE integrated)
2024-03-02 11:56:07,543 [INFO] MainUpdater:2873 - connection check result : 10
2024-03-02 11:56:07,549 [INFO] MainUpdater:2873 - connection check result : 10
2024-03-02 11:56:07,701 [INFO] MicroXplorer:468 - Change Database Path : 
2024-03-02 11:56:07,701 [INFO] MicroXplorer:498 - Change Database Version : DB.6.0.100
2024-03-02 11:56:07,706 [WARN] ThirdParty:871 - waiting for thirdparty lock release [close project]
2024-03-02 11:56:07,706 [INFO] ThirdParty:873 - entering critical section [close project]
2024-03-02 11:56:07,707 [INFO] ThirdParty:883 - exiting critical section [close project]
2024-03-02 11:56:07,709 [INFO] PinOutPanel:1499 - setPackage(No Configuration,No Configuration)
2024-03-02 11:56:07,711 [INFO] UtilMem:75 - Begin LoadConfig() Used Memory: 775339504 Bytes (1024458752)
2024-03-02 11:56:07,717 [INFO] MicroXplorer:468 - Change Database Path : C:/Users/dwegg/.stm32cubemx/databases/DB.6.0.91/db/
2024-03-02 11:56:07,717 [INFO] MicroXplorer:498 - Change Database Version : DB.6.0.91
2024-03-02 11:56:09,428 [INFO] OpenFileManager:312 - Change cursor
2024-03-02 11:56:09,469 [INFO] Mcu:2016 - Initializing MCU STM32F777VITx STM32F777VITx STM32F777VIT6
2024-03-02 11:56:12,282 [INFO] Context:659 - Trying to add GPIOservice into a context  which must be forbidden
2024-03-02 11:56:13,051 [INFO] RtosManager:555 - Registered RTOS mode: class=CMSIS, group=RTOS, mode=CMSIS_V1, owner=FREERTOS
2024-03-02 11:56:13,051 [INFO] RtosManager:555 - Registered RTOS mode: class=CMSIS, group=RTOS2, mode=CMSIS_V2, owner=FREERTOS
2024-03-02 11:56:13,051 [INFO] RtosManager:555 - Registered RTOS mode: class=RTOS, group=Core, mode=CMSIS_V1, owner=FREERTOS
2024-03-02 11:56:13,051 [INFO] RtosManager:555 - Registered RTOS mode: class=RTOS, group=Core, mode=CMSIS_V2, owner=FREERTOS
2024-03-02 11:56:13,051 [WARN] ModelIntegratedComponent:184 - Missing modes for component STMicroelectronics:FreeRTOS:0.0.1:STMicroelectronics:RTOS:FreeRTOS:Core:::10.2.0:
2024-03-02 11:56:13,099 [WARN] ModelIntegratedComponent:63 - No mode defined for component null
2024-03-02 11:56:13,099 [WARN] ModelIntegratedComponent:63 - No mode defined for component null
2024-03-02 11:56:13,099 [WARN] ModelIntegratedComponent:63 - No mode defined for component null
2024-03-02 11:56:13,099 [WARN] ModelIntegratedComponent:63 - No mode defined for component null
2024-03-02 11:56:13,099 [WARN] ModelIntegratedComponent:63 - No mode defined for component null
2024-03-02 11:56:13,100 [WARN] ModelIntegratedComponent:63 - No mode defined for component null
2024-03-02 11:56:13,100 [WARN] ModelIntegratedComponent:63 - No mode defined for component null
2024-03-02 11:56:13,100 [WARN] ModelIntegratedComponent:63 - No mode defined for component null
2024-03-02 11:56:13,100 [WARN] ModelIntegratedComponent:63 - No mode defined for component null
2024-03-02 11:56:13,100 [WARN] ModelIntegratedComponent:63 - No mode defined for component null
2024-03-02 11:56:13,100 [WARN] ModelIntegratedComponent:63 - No mode defined for component null
2024-03-02 11:56:13,100 [WARN] ModelIntegratedComponent:63 - No mode defined for component null
2024-03-02 11:56:13,100 [WARN] ModelIntegratedComponent:63 - No mode defined for component null
2024-03-02 11:56:13,100 [WARN] ModelIntegratedComponent:63 - No mode defined for component null
2024-03-02 11:56:13,100 [WARN] ModelIntegratedComponent:63 - No mode defined for component null
2024-03-02 11:56:13,100 [WARN] ModelIntegratedComponent:63 - No mode defined for component null
2024-03-02 11:56:13,100 [WARN] ModelIntegratedComponent:63 - No mode defined for component null
2024-03-02 11:56:13,100 [WARN] ModelIntegratedComponent:63 - No mode defined for component null
2024-03-02 11:56:13,100 [WARN] ModelIntegratedComponent:63 - No mode defined for component null
2024-03-02 11:56:13,100 [WARN] ModelIntegratedComponent:63 - No mode defined for component null
2024-03-02 11:56:13,100 [WARN] ModelIntegratedComponent:63 - No mode defined for component null
2024-03-02 11:56:13,100 [WARN] ModelIntegratedComponent:63 - No mode defined for component null
2024-03-02 11:56:13,100 [WARN] ModelIntegratedComponent:63 - No mode defined for component null
2024-03-02 11:56:13,100 [WARN] ModelIntegratedComponent:63 - No mode defined for component null
2024-03-02 11:56:13,100 [WARN] ModelIntegratedComponent:63 - No mode defined for component null
2024-03-02 11:56:13,100 [WARN] ModelIntegratedComponent:63 - No mode defined for component null
2024-03-02 11:56:13,100 [WARN] ModelIntegratedComponent:63 - No mode defined for component null
2024-03-02 11:56:13,100 [WARN] ModelIntegratedComponent:63 - No mode defined for component null
2024-03-02 11:56:13,100 [WARN] ModelIntegratedComponent:63 - No mode defined for component null
2024-03-02 11:56:13,100 [WARN] ModelIntegratedComponent:63 - No mode defined for component null
2024-03-02 11:56:13,100 [WARN] ModelIntegratedComponent:63 - No mode defined for component null
2024-03-02 11:56:13,100 [WARN] ModelIntegratedComponent:63 - No mode defined for component null
2024-03-02 11:56:13,100 [WARN] ModelIntegratedComponent:63 - No mode defined for component null
2024-03-02 11:56:13,278 [INFO] ThirdPartyModel:298 - Start build external matchings
2024-03-02 11:56:13,596 [INFO] ThirdPartyModel:316 - End build external matchings
2024-03-02 11:56:13,611 [INFO] RtosManager:919 - Current active RTOS is FREERTOS [Cortex-M7NS]
2024-03-02 11:56:13,625 [INFO] ImportTextPane:194 - (OptionalMessage_ERROR) IP (DMA) : Parameter (Instance) has Id (ADC1) currently not set
2024-03-02 11:56:13,625 [INFO] ImportTextPane:194 - (OptionalMessage_ERROR) IP (DMA) : Parameter (Channel) has Id (ADC1) currently not set
2024-03-02 11:56:13,625 [INFO] ImportTextPane:194 - (OptionalMessage_ERROR) IP (DMA) : Parameter (Direction) has Id (ADC1) currently not set
2024-03-02 11:56:13,625 [INFO] ImportTextPane:194 - (OptionalMessage_ERROR) IP (DMA) : Parameter (PeriphInc) has Id (ADC1) currently not set
2024-03-02 11:56:13,625 [INFO] ImportTextPane:194 - (OptionalMessage_ERROR) IP (DMA) : Parameter (MemInc) has Id (ADC1) currently not set
2024-03-02 11:56:13,625 [INFO] ImportTextPane:194 - (OptionalMessage_ERROR) IP (DMA) : Parameter (PeriphDataAlignment) has Id (ADC1) currently not set
2024-03-02 11:56:13,626 [INFO] ImportTextPane:194 - (OptionalMessage_ERROR) IP (DMA) : Parameter (MemDataAlignment) has Id (ADC1) currently not set
2024-03-02 11:56:13,626 [INFO] ImportTextPane:194 - (OptionalMessage_ERROR) IP (DMA) : Parameter (Mode) has Id (ADC1) currently not set
2024-03-02 11:56:13,626 [INFO] ImportTextPane:194 - (OptionalMessage_ERROR) IP (DMA) : Parameter (Priority) has Id (ADC1) currently not set
2024-03-02 11:56:13,626 [INFO] ImportTextPane:194 - (OptionalMessage_ERROR) IP (DMA) : Parameter (FIFOMode) has Id (ADC1) currently not set
2024-03-02 11:56:13,626 [INFO] ImportTextPane:194 - (OptionalMessage_ERROR) IP (DMA) : Parameter (Instance) has Id (ADC2) currently not set
2024-03-02 11:56:13,626 [INFO] ImportTextPane:194 - (OptionalMessage_ERROR) IP (DMA) : Parameter (Channel) has Id (ADC2) currently not set
2024-03-02 11:56:13,626 [INFO] ImportTextPane:194 - (OptionalMessage_ERROR) IP (DMA) : Parameter (Direction) has Id (ADC2) currently not set
2024-03-02 11:56:13,626 [INFO] ImportTextPane:194 - (OptionalMessage_ERROR) IP (DMA) : Parameter (PeriphInc) has Id (ADC2) currently not set
2024-03-02 11:56:13,626 [INFO] ImportTextPane:194 - (OptionalMessage_ERROR) IP (DMA) : Parameter (MemInc) has Id (ADC2) currently not set
2024-03-02 11:56:13,626 [INFO] ImportTextPane:194 - (OptionalMessage_ERROR) IP (DMA) : Parameter (PeriphDataAlignment) has Id (ADC2) currently not set
2024-03-02 11:56:13,626 [INFO] ImportTextPane:194 - (OptionalMessage_ERROR) IP (DMA) : Parameter (MemDataAlignment) has Id (ADC2) currently not set
2024-03-02 11:56:13,626 [INFO] ImportTextPane:194 - (OptionalMessage_ERROR) IP (DMA) : Parameter (Mode) has Id (ADC2) currently not set
2024-03-02 11:56:13,627 [INFO] ImportTextPane:194 - (OptionalMessage_ERROR) IP (DMA) : Parameter (Priority) has Id (ADC2) currently not set
2024-03-02 11:56:13,627 [INFO] ImportTextPane:194 - (OptionalMessage_ERROR) IP (DMA) : Parameter (FIFOMode) has Id (ADC2) currently not set
2024-03-02 11:56:13,627 [INFO] ImportTextPane:194 - (OptionalMessage_ERROR) IP (DMA) : Parameter (Instance) has Id (ADC3) currently not set
2024-03-02 11:56:13,627 [INFO] ImportTextPane:194 - (OptionalMessage_ERROR) IP (DMA) : Parameter (Channel) has Id (ADC3) currently not set
2024-03-02 11:56:13,627 [INFO] ImportTextPane:194 - (OptionalMessage_ERROR) IP (DMA) : Parameter (Direction) has Id (ADC3) currently not set
2024-03-02 11:56:13,627 [INFO] ImportTextPane:194 - (OptionalMessage_ERROR) IP (DMA) : Parameter (PeriphInc) has Id (ADC3) currently not set
2024-03-02 11:56:13,627 [INFO] ImportTextPane:194 - (OptionalMessage_ERROR) IP (DMA) : Parameter (MemInc) has Id (ADC3) currently not set
2024-03-02 11:56:13,627 [INFO] ImportTextPane:194 - (OptionalMessage_ERROR) IP (DMA) : Parameter (PeriphDataAlignment) has Id (ADC3) currently not set
2024-03-02 11:56:13,627 [INFO] ImportTextPane:194 - (OptionalMessage_ERROR) IP (DMA) : Parameter (MemDataAlignment) has Id (ADC3) currently not set
2024-03-02 11:56:13,627 [INFO] ImportTextPane:194 - (OptionalMessage_ERROR) IP (DMA) : Parameter (Mode) has Id (ADC3) currently not set
2024-03-02 11:56:13,627 [INFO] ImportTextPane:194 - (OptionalMessage_ERROR) IP (DMA) : Parameter (Priority) has Id (ADC3) currently not set
2024-03-02 11:56:13,627 [INFO] ImportTextPane:194 - (OptionalMessage_ERROR) IP (DMA) : Parameter (FIFOMode) has Id (ADC3) currently not set
2024-03-02 11:56:13,636 [INFO] ImportTextPane:194 - (OptionalMessage_ERROR) IP (RCC) : Invalid parameter (FamilyName)
2024-03-02 11:56:13,637 [INFO] ImportTextPane:194 - (OptionalMessage_ERROR) IP (RCC) : Parameter (SDMMC2Freq_Value) has invalid value (216000000)
2024-03-02 11:56:13,637 [INFO] ImportTextPane:194 - (OptionalMessage_ERROR) IP (RCC) : Parameter (SDMMCFreq_Value) has invalid value (216000000)
2024-03-02 11:56:14,086 [INFO] UtilMem:75 - End LoadConfig() Used Memory: 583188112 Bytes (1073741824)
2024-03-02 11:56:14,227 [INFO] ApiDb:581 - Connected to CubeFinder SQLite database (C:\Users\dwegg\.stmcufinder\plugins\mcufinder\mcu\cube-finder-db.db)
2024-03-02 11:56:14,301 [INFO] ApiDb:668 - CubeFinder database Data Model version=2.1
2024-03-02 11:56:14,301 [INFO] ApiDb:669 - CubeFinder database Configuration version=3.0.39
2024-03-02 11:56:14,302 [INFO] ApiDb:670 - CubeFinder database generation date=2024-01-11 (1704964531)
2024-03-02 11:56:14,303 [INFO] ApiDb:671 - CubeFinder database FW Pack versions=[FP-ATR-ASTRA1_V2.0.0, FP-SNS-FLIGHT1_V5.0.1, FP-SNS-FLIGHT1_V5.0.2, FP-SNS-MOTENV1_V4.3.1, FP-SNS-MOTENV1_V4.3.2, FP-SNS-MOTENVWB1_V1.3.1, FP-SNS-SMARTAG2_V1.2.0, STM32Cube_FW_C0_V1.1.0, STM32Cube_FW_F4_V1.28.0, STM32Cube_FW_F7_V1.17.0, STM32Cube_FW_G0_V1.6.2, STM32Cube_FW_G4_V1.5.2, STM32Cube_FW_H5_V0.5.1, STM32Cube_FW_H5_V1.1.1, STM32Cube_FW_H5_V1.2.0RC2, STM32Cube_FW_H7_V1.11.0, STM32Cube_FW_L0_V1.12.2, STM32Cube_FW_L5_V1.5.0, STM32Cube_FW_U5_V1.3.0RC4, STM32Cube_FW_U5_V1.4.0, STM32Cube_FW_WBA_V1.0.0RC1, STM32Cube_FW_WBA_V1.1.0RC1, STM32Cube_FW_WBA_V1.2.0, STM32Cube_FW_WBA_V1.2.0RC2, STM32Cube_FW_WB_V1.15.0RC1, STM32Cube_FW_WB_V1.16.0, STM32Cube_FW_WB_V1.16.0RC2, STM32Cube_FW_WB_V1.18.0, STM32Cube_FW_WL_V1.3.0, X-CUBE-ALGOBUILD_V1.3.0, X-CUBE-ALS_V1.0.1, X-CUBE-AZRTOS-F4_V1.1.0, X-CUBE-AZRTOS-F7_V1.1.0, X-CUBE-AZRTOS-G0_V1.1.0, X-CUBE-AZRTOS-G4_V2.0.0, X-CUBE-AZRTOS-H7_V3.2.0, X-CUBE-AZRTOS-L4_V1.0.0, X-CUBE-AZRTOS-L4_V2.0.0, X-CUBE-AZRTOS-L5_V1.1.0, X-CUBE-AZRTOS-WB_V2.0.0, X-CUBE-AZRTOS-WL_V2.0.0, X-CUBE-BLE1_V7.0.0, X-CUBE-BLE2_V3.3.0, X-CUBE-BLEMGR_V3.0.0, X-CUBE-EEPRMA1_V4.1.0, X-CUBE-EEPRMA1_V4.2.0, X-CUBE-FREERTOS_V1.1.0, X-CUBE-GNSS1_V6.0.0, X-CUBE-MEMS1_V10.0.0, X-CUBE-MEMS1_V9.1.0, X-CUBE-MEMS1_V9.4.0, X-CUBE-MEMS1_V9.6.0, X-CUBE-NFC4_V3.0.0, X-CUBE-NFC7_V1.0.1, X-CUBE-SFXS2LP1_V4.0.0, X-CUBE-SUBG2_V5.0.0, X-CUBE-TOF1_V3.4.0]
2024-03-02 11:56:16,303 [INFO] ApiDb:240 - Found 371 in-development CPN: [B-G473E-ZEST1S, B-WB1M-WPAN1, B-WL5M-SUBG1, NUCLEO-C031C6, NUCLEO-H503RB, NUCLEO-H563ZI, NUCLEO-U545RE-Q, NUCLEO-U5A5ZJ-Q, NUCLEO-WBA52CG, NUCLEO-WBA55CG, STEVAL-MKBOXPRO, STEVAL-PROTEUS1, STEVAL-STWINBX1, STM320518-EVAL, STM32C0116-DK, STM32C011D6Y3TR, STM32C011D6Y6TR, STM32C011F4P3, STM32C011F4P6, STM32C011F4U3, STM32C011F4U6TR, STM32C011F6P3, STM32C011F6P6, STM32C011F6U3, STM32C011F6U6TR, STM32C011J4M3, STM32C011J4M6, STM32C011J6M3, STM32C011J6M6, STM32C0316-DK, STM32C031C4T3, STM32C031C4T6, STM32C031C4U3, STM32C031C4U6, STM32C031C6T3, STM32C031C6T6, STM32C031C6U3, STM32C031C6U6, STM32C031F4P3, STM32C031F4P6, STM32C031F6P3, STM32C031F6P6, STM32C031G4U3, STM32C031G4U6, STM32C031G6U3, STM32C031G6U6, STM32C031K4T3, STM32C031K4T6, STM32C031K4U3, STM32C031K4U6, STM32C031K6T3, STM32C031K6T6, STM32C031K6U3, STM32C031K6U6, STM32G071K8TXN, STM32G071K8UXN, STM32G081GBU6N, STM32G081KBT6N, STM32G081KBUXN, STM32G0B1CCT6N, STM32G0B1KCT6, STM32G0B1NEY6TR, STM32G0B1RCT6N, STM32G0C1CCT6, STM32G0C1CCT6N, STM32G0C1CCU6N, STM32G0C1CET6N, STM32G0C1CEU6N, STM32G0C1KCT6, STM32G0C1NEY6TR, STM32G0C1RCI6N, STM32G0C1RCT6N, STM32G0C1REI6N, STM32G0C1RET6N, STM32G0C1VCI6, STM32G0C1VEI6, STM32G471CCT6, STM32G471CCU6, STM32G471CET3, STM32G471CET6, STM32G471CEU3, STM32G471CEU6, STM32G471MCT6, STM32G471MET3, STM32G471MET6, STM32G471MEY6TR, STM32G471QCT6, STM32G471QET3, STM32G471RCT6, STM32G471RET3, STM32G471RET6, STM32G471VCH6, STM32G471VCI6, STM32G471VCT6, STM32G471VEH3, STM32G471VEH6, STM32G471VEI3, STM32G471VEI6, STM32G471VET3, STM32G471VET6, STM32G474CCT6, STM32H503CBT6, STM32H503CBU6, STM32H503EBY6TR, STM32H503KBU6, STM32H503RBT6, STM32H562AGI6, STM32H562AII6, STM32H562IGK6, STM32H562IGT6, STM32H562IIK6, STM32H562IIT6, STM32H562RGT6, STM32H562RGV6, STM32H562RIT6, STM32H562RIV6, STM32H562VGT6, STM32H562VIT6, STM32H562ZGT6, STM32H562ZIT6, STM32H563AGI6, STM32H563AII3Q, STM32H563AII6, STM32H563IGK6, STM32H563IGT6, STM32H563IIK3Q, STM32H563IIK6, STM32H563IIT3Q, STM32H563IIT6, STM32H563MIY3QTR, STM32H563RGT6, STM32H563RGV6, STM32H563RIT6, STM32H563RIV6, STM32H563VGT6, STM32H563VIT3Q, STM32H563VIT6, STM32H563ZGT6, STM32H563ZIT3Q, STM32H563ZIT6, STM32H573AII3Q, STM32H573AII6, STM32H573I-DK, STM32H573IIK3Q, STM32H573IIK6, STM32H573IIT3Q, STM32H573IIT6, STM32H573MIY3QTR, STM32H573RIT6, STM32H573RIV6, STM32H573VIT3Q, STM32H573VIT6, STM32H573ZIT3Q, STM32H573ZIT6, STM32L4R5QGI6STR, STM32MP131AAE3, STM32MP131AAF3, STM32MP131AAG3, STM32MP131CAE3, STM32MP131CAF3, STM32MP131CAG3, STM32MP131DAE7, STM32MP131DAF7, STM32MP131DAG7, STM32MP131FAE7, STM32MP131FAF7, STM32MP131FAG7, STM32MP133AAE3, STM32MP133AAF3, STM32MP133AAG3, STM32MP133CAE3, STM32MP133CAF3, STM32MP133CAG3, STM32MP133DAE7, STM32MP133DAF7, STM32MP133DAG7, STM32MP133FAE7, STM32MP133FAF7, STM32MP133FAG7, STM32MP135AAE3, STM32MP135AAF3, STM32MP135AAG3, STM32MP135CAE3, STM32MP135CAF3, STM32MP135CAG3, STM32MP135DAE7, STM32MP135DAF7, STM32MP135DAG7, STM32MP135F-DK, STM32MP135FAE7, STM32MP135FAF7, STM32MP135FAF7T, STM32MP135FAF7U, STM32MP135FAG7, STM32U535CBT6, STM32U535CBT6Q, STM32U535CBU6, STM32U535CBU6Q, STM32U535CCT6, STM32U535CCT6Q, STM32U535CCU6, STM32U535CCU6Q, STM32U535CET6, STM32U535CET6Q, STM32U535CEU6, STM32U535CEU6Q, STM32U535JEY6QTR, STM32U535NCY6QTR, STM32U535NEY6QTR, STM32U535RBI6, STM32U535RBI6Q, STM32U535RBT6, STM32U535RBT6Q, STM32U535RCI6, STM32U535RCI6Q, STM32U535RCT6, STM32U535RCT6Q, STM32U535REI6, STM32U535REI6Q, STM32U535RET6, STM32U535RET6Q, STM32U535VCI6, STM32U535VCI6Q, STM32U535VCT6, STM32U535VCT6Q, STM32U535VEI6, STM32U535VEI6Q, STM32U535VET6, STM32U535VET6Q, STM32U545CET6, STM32U545CET6Q, STM32U545CEU6, STM32U545CEU6Q, STM32U545JEY6QTR, STM32U545NEY6QTR, STM32U545REI6, STM32U545REI6Q, STM32U545RET6, STM32U545RET6Q, STM32U545VEI6, STM32U545VEI6Q, STM32U545VET6, STM32U545VET6Q, STM32U595AIH6, STM32U595AIH6Q, STM32U595AJH6, STM32U595AJH6Q, STM32U595QII6, STM32U595QII6Q, STM32U595QJI6, STM32U595QJI6Q, STM32U595RIT6, STM32U595RIT6Q, STM32U595RJT6, STM32U595RJT6Q, STM32U595VIT6, STM32U595VIT6Q, STM32U595VJT6, STM32U595VJT6Q, STM32U595ZIT6, STM32U595ZIT6Q, STM32U595ZIY6QTR, STM32U595ZJT6, STM32U595ZJT6Q, STM32U595ZJY6QTR, STM32U599BJY6QTR, STM32U599NIH6Q, STM32U599NJH6Q, STM32U599VIT6Q, STM32U599VJT6, STM32U599VJT6Q, STM32U599ZIT6Q, STM32U599ZIY6QTR, STM32U599ZJT6Q, STM32U599ZJY6QTR, STM32U5A5AJH6, STM32U5A5AJH6Q, STM32U5A5QJI6, STM32U5A5QJI6Q, STM32U5A5RJT6, STM32U5A5RJT6Q, STM32U5A5VJT6, STM32U5A5VJT6Q, STM32U5A5ZJT6, STM32U5A5ZJT6Q, STM32U5A5ZJY6QTR, STM32U5A9BJY6QTR, STM32U5A9J-DK, STM32U5A9NJH6Q, STM32U5A9VJT6Q, STM32U5A9ZJT6Q, STM32U5A9ZJY6QTR, STM32U5F7VIT6, STM32U5F7VIT6Q, STM32U5F7VJT6, STM32U5F7VJT6Q, STM32U5F9BJY6QTR, STM32U5F9NJH6Q, STM32U5F9VIT6Q, STM32U5F9VJT6Q, STM32U5F9ZIJ6QTR, STM32U5F9ZIT6Q, STM32U5F9ZJJ6QTR, STM32U5F9ZJT6Q, STM32U5G7VJT6, STM32U5G7VJT6Q, STM32U5G9BJY6QTR, STM32U5G9J-DK1, STM32U5G9J-DK2, STM32U5G9NJH6Q, STM32U5G9VJT6Q, STM32U5G9ZJJ6QTR, STM32U5G9ZJT6Q, STM32WB1MMCH6, STM32WBA50KEU6, STM32WBA50KEU6TR, STM32WBA50KGU6, STM32WBA50KGU6TR, STM32WBA52CEU6, STM32WBA52CEU6TR, STM32WBA52CEU7, STM32WBA52CEU7TR, STM32WBA52CGU6, STM32WBA52CGU6TR, STM32WBA52CGU6U, STM32WBA52CGU7, STM32WBA52CGU7TR, STM32WBA52KEU6, STM32WBA52KEU6TR, STM32WBA52KGU6, STM32WBA52KGU6TR, STM32WBA54CEU6, STM32WBA54CEU6TR, STM32WBA54CEU7, STM32WBA54CEU7TR, STM32WBA54CGU6, STM32WBA54CGU6TR, STM32WBA54CGU7, STM32WBA54CGU7TR, STM32WBA54KEU6, STM32WBA54KEU6TR, STM32WBA54KEU7, STM32WBA54KEU7TR, STM32WBA54KGU6, STM32WBA54KGU6TR, STM32WBA54KGU7, STM32WBA54KGU7TR, STM32WBA55CEU6, STM32WBA55CEU6TR, STM32WBA55CEU7, STM32WBA55CEU7TR, STM32WBA55CGU6, STM32WBA55CGU6TR, STM32WBA55CGU6U, STM32WBA55CGU7, STM32WBA55CGU7TR, STM32WBA55G-DK1, STM32WBA55HEF6, STM32WBA55HEF7, STM32WBA55HGF6, STM32WBA55HGF7, STM32WBA55UEI6, STM32WBA55UEI6TR, STM32WBA55UEI7, STM32WBA55UEI7TR, STM32WBA55UGI6, STM32WBA55UGI6TR, STM32WBA55UGI7, STM32WBA55UGI7TR, STM32WL5MOCH6, STM32WL5MOCH6TR]
2024-03-02 11:56:16,307 [INFO] DbMcus:218 - Found 3930 MCUs, 3930 are supported
2024-03-02 11:56:16,313 [INFO] ApiDb:423 - Load user favorites file C:\Users\dwegg/.stm32cubeide/favorites.mcus.txt: 1 item(s)
2024-03-02 11:56:16,313 [INFO] ApiDb:427 - User favorites MCUs=[STM32H743ZIT6]
2024-03-02 11:56:16,313 [INFO] DbMcus:224 - Set 1 / 1 favorites MCUs
2024-03-02 11:56:16,583 [INFO] MicroXplorer:468 - Change Database Path : 
2024-03-02 11:56:16,583 [INFO] MicroXplorer:498 - Change Database Version : DB.6.0.100
2024-03-02 11:56:16,598 [WARN] ThirdParty:833 - waiting for thirdparty lock release [change project]
2024-03-02 11:56:16,598 [INFO] ThirdParty:835 - entering critical section [change project]
2024-03-02 11:56:16,598 [INFO] ThirdParty:1030 - CMSIS Pack Vendor :STMicroelectronics X-CUBE-ISPU 1.1.0
2024-03-02 11:56:16,598 [INFO] ThirdParty:1030 - CMSIS Pack Vendor :STMicroelectronics USBPD 4.1
2024-03-02 11:56:16,598 [INFO] ThirdParty:1030 - CMSIS Pack Vendor :STMicroelectronics X-CUBE-GNSS1 6.0.0
2024-03-02 11:56:16,598 [INFO] ThirdParty:1030 - CMSIS Pack Vendor :STMicroelectronics USB_HOST 2.0.0
2024-03-02 11:56:16,598 [INFO] ThirdParty:1030 - CMSIS Pack Vendor :STMicroelectronics X-CUBE-AZRTOS-F4 1.1.0
2024-03-02 11:56:16,598 [INFO] ThirdParty:1030 - CMSIS Pack Vendor :STMicroelectronics LIBJPEG 8.0.0
2024-03-02 11:56:16,599 [INFO] ThirdParty:1030 - CMSIS Pack Vendor :wolfSSL I-CUBE-wolfSSL 5.6.4
2024-03-02 11:56:16,599 [INFO] ThirdParty:1030 - CMSIS Pack Vendor :STMicroelectronics X-CUBE-SMBUS 2.1.0
2024-03-02 11:56:16,599 [INFO] ThirdParty:1030 - CMSIS Pack Vendor :STMicroelectronics USB_DEVICE 3.0.0
2024-03-02 11:56:16,599 [INFO] ThirdParty:1030 - CMSIS Pack Vendor :STMicroelectronics X-CUBE-AZRTOS-WB 2.0.0
2024-03-02 11:56:16,599 [INFO] ThirdParty:1030 - CMSIS Pack Vendor :STMicroelectronics X-CUBE-TOUCHGFX 4.23.0
2024-03-02 11:56:16,599 [INFO] ThirdParty:1030 - CMSIS Pack Vendor :STMicroelectronics X-CUBE-AZRTOS-F7 1.1.0
2024-03-02 11:56:16,599 [INFO] ThirdParty:1030 - CMSIS Pack Vendor :STMicroelectronics X-CUBE-AZRTOS-L5 2.0.0
2024-03-02 11:56:16,599 [INFO] ThirdParty:1030 - CMSIS Pack Vendor :STMicroelectronics USB_DEVICE 2.0.0
2024-03-02 11:56:16,599 [INFO] ThirdParty:1030 - CMSIS Pack Vendor :STMicroelectronics X-CUBE-EEPRMA1 4.2.0
2024-03-02 11:56:16,599 [INFO] ThirdParty:1030 - CMSIS Pack Vendor :ITTIA_DB I-CUBE-ITTIADB 8.8.0
2024-03-02 11:56:16,599 [INFO] ThirdParty:1030 - CMSIS Pack Vendor :STMicroelectronics FP-SNS-MOTENV1 4.3.2
2024-03-02 11:56:16,599 [INFO] ThirdParty:1030 - CMSIS Pack Vendor :STMicroelectronics X-CUBE-ALGOBUILD 1.3.0
2024-03-02 11:56:16,599 [INFO] ThirdParty:1030 - CMSIS Pack Vendor :STMicroelectronics FreeRTOS 0.0.1
2024-03-02 11:56:16,599 [INFO] ThirdParty:1030 - CMSIS Pack Vendor :STMicroelectronics X-CUBE-AZRTOS-G0 1.1.0
2024-03-02 11:56:16,599 [INFO] ThirdParty:1030 - CMSIS Pack Vendor :STMicroelectronics X-CUBE-NFC4 3.0.0
2024-03-02 11:56:16,599 [INFO] ThirdParty:1030 - CMSIS Pack Vendor :STMicroelectronics X-CUBE-SUBG2 5.0.0
2024-03-02 11:56:16,599 [INFO] ThirdParty:1030 - CMSIS Pack Vendor :STMicroelectronics STM32_WPAN 1.0.0
2024-03-02 11:56:16,600 [INFO] ThirdParty:1030 - CMSIS Pack Vendor :STMicroelectronics lwIP 2.0.3
2024-03-02 11:56:16,600 [INFO] ThirdParty:1030 - CMSIS Pack Vendor :STMicroelectronics FP-SNS-FLIGHT1 5.0.2
2024-03-02 11:56:16,600 [INFO] ThirdParty:1030 - CMSIS Pack Vendor :STMicroelectronics USB_HOST 1.0.0
2024-03-02 11:56:16,600 [INFO] ThirdParty:1030 - CMSIS Pack Vendor :STMicroelectronics X-CUBE-TOF1 3.3.1
2024-03-02 11:56:16,600 [INFO] ThirdParty:1030 - CMSIS Pack Vendor :STMicroelectronics X-CUBE-AZRTOS-G4 2.0.0
2024-03-02 11:56:16,600 [INFO] ThirdParty:1030 - CMSIS Pack Vendor :STMicroelectronics PDM2PCM 3.1.0
2024-03-02 11:56:16,600 [INFO] ThirdParty:1030 - CMSIS Pack Vendor :STMicroelectronics X-CUBE-AZRTOS-H7 3.1.0
2024-03-02 11:56:16,600 [INFO] ThirdParty:1030 - CMSIS Pack Vendor :Infineon AIROC-Wi-Fi-Bluetooth-STM32 1.5.1
2024-03-02 11:56:16,600 [INFO] ThirdParty:1030 - CMSIS Pack Vendor :STMicroelectronics X-CUBE-BLEMGR 3.0.0
2024-03-02 11:56:16,600 [INFO] ThirdParty:1030 - CMSIS Pack Vendor :STMicroelectronics PDM2PCM 3.3.0
2024-03-02 11:56:16,600 [INFO] ThirdParty:1030 - CMSIS Pack Vendor :STMicroelectronics X-CUBE-DISPLAY 3.0.0
2024-03-02 11:56:16,600 [INFO] ThirdParty:1030 - CMSIS Pack Vendor :STMicroelectronics FP-SNS-MOTENVWB1 1.3.0
2024-03-02 11:56:16,600 [INFO] ThirdParty:1030 - CMSIS Pack Vendor :STMicroelectronics FP-SNS-MOTENVWB1 1.3.1
2024-03-02 11:56:16,600 [INFO] ThirdParty:1030 - CMSIS Pack Vendor :STMicroelectronics X-CUBE-BLE1 7.0.0
2024-03-02 11:56:16,600 [INFO] ThirdParty:1030 - CMSIS Pack Vendor :STMicroelectronics FP-ATR-SIGFOX1 3.2.0
2024-03-02 11:56:16,600 [INFO] ThirdParty:1030 - CMSIS Pack Vendor :STMicroelectronics X-CUBE-ISPU 2.0.0
2024-03-02 11:56:16,600 [INFO] ThirdParty:1030 - CMSIS Pack Vendor :STMicroelectronics X-CUBE-EEPRMA1 5.1.0
2024-03-02 11:56:16,600 [INFO] ThirdParty:1030 - CMSIS Pack Vendor :STMicroelectronics HAL Drivers 0.0.0
2024-03-02 11:56:16,600 [INFO] ThirdParty:1030 - CMSIS Pack Vendor :STMicroelectronics MBEDTLS 2.16.2
2024-03-02 11:56:16,600 [INFO] ThirdParty:1030 - CMSIS Pack Vendor :emotas I-CUBE-CANOPEN 1.3.0
2024-03-02 11:56:16,600 [INFO] ThirdParty:1030 - CMSIS Pack Vendor :STMicroelectronics X-CUBE-MEMS1 10.0.0
2024-03-02 11:56:16,600 [INFO] ThirdParty:1030 - CMSIS Pack Vendor :STMicroelectronics X-CUBE-FREERTOS 1.1.0
2024-03-02 11:56:16,600 [INFO] ThirdParty:1030 - CMSIS Pack Vendor :STMicroelectronics X-CUBE-NFC7 1.0.1
2024-03-02 11:56:16,600 [INFO] ThirdParty:1030 - CMSIS Pack Vendor :STMicroelectronics MBEDTLS 2.14.1
2024-03-02 11:56:16,600 [INFO] ThirdParty:1030 - CMSIS Pack Vendor :STMicroelectronics X-CUBE-TOUCHGFX 4.22.1
2024-03-02 11:56:16,600 [INFO] ThirdParty:1030 - CMSIS Pack Vendor :STMicroelectronics X-CUBE-NFC6 3.0.0
2024-03-02 11:56:16,600 [INFO] ThirdParty:1030 - CMSIS Pack Vendor :portGmbH I-Cube-SoM-uGOAL 1.1.0
2024-03-02 11:56:16,600 [INFO] ThirdParty:1030 - CMSIS Pack Vendor :STMicroelectronics X-CUBE-ALS 1.0.1
2024-03-02 11:56:16,600 [INFO] ThirdParty:1030 - CMSIS Pack Vendor :STMicroelectronics X-CUBE-BLEMGR 3.1.0
2024-03-02 11:56:16,600 [INFO] ThirdParty:1030 - CMSIS Pack Vendor :STMicroelectronics ThreadX 1.0.0
2024-03-02 11:56:16,600 [INFO] ThirdParty:1030 - CMSIS Pack Vendor :STMicroelectronics FP-SNS-SMARTAG2 1.2.0
2024-03-02 11:56:16,601 [INFO] ThirdParty:1030 - CMSIS Pack Vendor :STMicroelectronics X-CUBE-AZRTOS-WL 2.0.0
2024-03-02 11:56:16,601 [INFO] ThirdParty:1030 - CMSIS Pack Vendor :SEGGER I-CUBE-embOS 1.3.1
2024-03-02 11:56:16,601 [INFO] ThirdParty:1030 - CMSIS Pack Vendor :STMicroelectronics USB_DEVICE 1.0.0
2024-03-02 11:56:16,601 [INFO] ThirdParty:1030 - CMSIS Pack Vendor :STMicroelectronics X-CUBE-AI 8.1.0
2024-03-02 11:56:16,601 [INFO] ThirdParty:1030 - CMSIS Pack Vendor :STMicroelectronics X-CUBE-AZRTOS-L4 2.0.0
2024-03-02 11:56:16,601 [INFO] ThirdParty:1030 - CMSIS Pack Vendor :STMicroelectronics ThreadX 0.0.2
2024-03-02 11:56:16,601 [INFO] ThirdParty:1030 - CMSIS Pack Vendor :WES I-CUBE-Cesium 1.3.0
2024-03-02 11:56:16,601 [INFO] ThirdParty:1030 - CMSIS Pack Vendor :STMicroelectronics FP-ATR-ASTRA1 2.0.0
2024-03-02 11:56:16,601 [INFO] ThirdParty:1030 - CMSIS Pack Vendor :STMicroelectronics lwIP 2.1.2
2024-03-02 11:56:16,601 [INFO] ThirdParty:1030 - CMSIS Pack Vendor :STMicroelectronics X-CUBE-SFXS2LP1 4.0.0
2024-03-02 11:56:16,601 [INFO] ThirdParty:1030 - CMSIS Pack Vendor :STMicroelectronics X-CUBE-BLE2 3.3.0
2024-03-02 11:56:16,601 [INFO] ThirdParty:1030 - CMSIS Pack Vendor :STMicroelectronics X-CUBE-TOF1 3.4.0
2024-03-02 11:56:16,601 [INFO] ThirdParty:1030 - CMSIS Pack Vendor :STMicroelectronics X-CUBE-AZRTOS-H7 3.2.0
2024-03-02 11:56:16,601 [INFO] ThirdParty:1030 - CMSIS Pack Vendor :STMicroelectronics PDM2PCM 3.2.0
2024-03-02 11:56:16,602 [INFO] ThirdParty:841 - exiting critical section [change project]
2024-03-02 11:56:17,183 [INFO] PinOutPanel:1499 - setPackage(No Configuration,No Configuration)
2024-03-02 11:56:17,185 [INFO] PinOutPanel:1499 - setPackage(STM32F777VITx,LQFP100)
2024-03-02 11:56:18,372 [INFO] UtilMem:75 - Before build in PCC Used Memory: 668847792 Bytes (1073741824)
2024-03-02 11:56:19,355 [INFO] UtilMem:75 - After build in PCC Used Memory: 756934336 Bytes (1073741824)
2024-03-02 11:56:19,497 [INFO] ApiDbMcu:508 - Load IP Config File for FREERTOS
2024-03-02 11:56:19,534 [INFO] IPUIPlugin:80 - create IPUIPlugin
2024-03-02 11:56:19,535 [INFO] IPUIPlugin:80 - create IPUIPlugin
2024-03-02 11:56:19,535 [INFO] IPUIPlugin:80 - create IPUIPlugin
2024-03-02 11:56:19,535 [INFO] IPUIPlugin:80 - create IPUIPlugin
2024-03-02 11:56:19,535 [INFO] IPUIPlugin:80 - create IPUIPlugin
2024-03-02 11:56:19,535 [INFO] IPUIPlugin:80 - create IPUIPlugin
2024-03-02 11:56:19,535 [INFO] IPUIPlugin:80 - create IPUIPlugin
2024-03-02 11:56:19,535 [INFO] IPUIPlugin:80 - create IPUIPlugin
2024-03-02 11:56:19,535 [INFO] IPUIPlugin:80 - create IPUIPlugin
2024-03-02 11:56:19,536 [INFO] IPUIPlugin:80 - create IPUIPlugin
2024-03-02 11:56:19,536 [INFO] IPUIPlugin:80 - create IPUIPlugin
2024-03-02 11:56:19,536 [INFO] IPUIPlugin:80 - create IPUIPlugin
2024-03-02 11:56:19,536 [INFO] IPUIPlugin:80 - create IPUIPlugin
2024-03-02 11:56:19,536 [INFO] IPUIPlugin:80 - create IPUIPlugin
2024-03-02 11:56:19,536 [INFO] IPUIPlugin:80 - create IPUIPlugin
2024-03-02 11:56:19,536 [INFO] IPUIPlugin:80 - create IPUIPlugin
2024-03-02 11:56:19,536 [INFO] IPUIPlugin:80 - create IPUIPlugin
2024-03-02 11:56:19,536 [INFO] IPUIPlugin:80 - create IPUIPlugin
2024-03-02 11:56:19,537 [INFO] IPUIPlugin:80 - create IPUIPlugin
2024-03-02 11:56:19,537 [INFO] IPUIPlugin:80 - create IPUIPlugin
2024-03-02 11:56:19,537 [INFO] IPUIPlugin:80 - create IPUIPlugin
2024-03-02 11:56:19,537 [INFO] IPUIPlugin:80 - create IPUIPlugin
2024-03-02 11:56:19,537 [INFO] IPUIPlugin:80 - create IPUIPlugin
2024-03-02 11:56:19,537 [INFO] IPUIPlugin:80 - create IPUIPlugin
2024-03-02 11:56:19,537 [INFO] IPUIPlugin:80 - create IPUIPlugin
2024-03-02 11:56:19,537 [INFO] IPUIPlugin:80 - create IPUIPlugin
2024-03-02 11:56:19,538 [INFO] IPUIPlugin:80 - create IPUIPlugin
2024-03-02 11:56:19,538 [INFO] IPUIPlugin:80 - create IPUIPlugin
2024-03-02 11:56:19,538 [INFO] IPUIPlugin:80 - create IPUIPlugin
2024-03-02 11:56:19,538 [INFO] IPUIPlugin:80 - create IPUIPlugin
2024-03-02 11:56:19,538 [INFO] IPUIPlugin:80 - create IPUIPlugin
2024-03-02 11:56:19,539 [INFO] IPUIPlugin:80 - create IPUIPlugin
2024-03-02 11:56:19,539 [INFO] IPUIPlugin:80 - create IPUIPlugin
2024-03-02 11:56:19,539 [INFO] IPUIPlugin:80 - create IPUIPlugin
2024-03-02 11:56:19,539 [INFO] IPUIPlugin:80 - create IPUIPlugin
2024-03-02 11:56:19,539 [INFO] IPUIPlugin:80 - create IPUIPlugin
2024-03-02 11:56:19,539 [INFO] IPUIPlugin:80 - create IPUIPlugin
2024-03-02 11:56:19,539 [INFO] IPUIPlugin:80 - create IPUIPlugin
2024-03-02 11:56:19,539 [INFO] IPUIPlugin:80 - create IPUIPlugin
2024-03-02 11:56:19,541 [INFO] IPUIPlugin:80 - create IPUIPlugin
2024-03-02 11:56:19,541 [INFO] IPUIPlugin:80 - create IPUIPlugin
2024-03-02 11:56:19,541 [INFO] IPUIPlugin:80 - create IPUIPlugin
2024-03-02 11:56:19,542 [INFO] IPUIPlugin:80 - create IPUIPlugin
2024-03-02 11:56:19,542 [INFO] IPUIPlugin:80 - create IPUIPlugin
2024-03-02 11:56:19,542 [INFO] IPUIPlugin:80 - create IPUIPlugin
2024-03-02 11:56:19,542 [INFO] IPUIPlugin:80 - create IPUIPlugin
2024-03-02 11:56:19,542 [INFO] IPUIPlugin:80 - create IPUIPlugin
2024-03-02 11:56:19,543 [INFO] IPUIPlugin:80 - create IPUIPlugin
2024-03-02 11:56:19,543 [INFO] IPUIPlugin:80 - create IPUIPlugin
2024-03-02 11:56:19,543 [INFO] IPUIPlugin:80 - create IPUIPlugin
2024-03-02 11:56:19,543 [INFO] IPUIPlugin:80 - create IPUIPlugin
2024-03-02 11:56:19,544 [INFO] IPUIPlugin:80 - create IPUIPlugin
2024-03-02 11:56:19,544 [INFO] IPUIPlugin:80 - create IPUIPlugin
2024-03-02 11:56:19,544 [INFO] IPUIPlugin:80 - create IPUIPlugin
2024-03-02 11:56:19,544 [INFO] IPUIPlugin:80 - create IPUIPlugin
2024-03-02 11:56:19,544 [INFO] IPUIPlugin:80 - create IPUIPlugin
2024-03-02 11:56:19,545 [INFO] IPUIPlugin:80 - create IPUIPlugin
2024-03-02 11:56:19,545 [INFO] IPUIPlugin:80 - create IPUIPlugin
2024-03-02 11:56:19,545 [INFO] IPUIPlugin:80 - create IPUIPlugin
2024-03-02 11:56:19,545 [INFO] IPUIPlugin:80 - create IPUIPlugin
2024-03-02 11:56:19,546 [INFO] IPUIPlugin:80 - create IPUIPlugin
2024-03-02 11:56:19,546 [INFO] IPUIPlugin:80 - create IPUIPlugin
2024-03-02 11:56:19,546 [INFO] IPUIPlugin:80 - create IPUIPlugin
2024-03-02 11:56:19,546 [INFO] IPUIPlugin:80 - create IPUIPlugin
2024-03-02 11:56:19,547 [INFO] IPUIPlugin:80 - create IPUIPlugin
2024-03-02 11:56:19,547 [INFO] IPUIPlugin:80 - create IPUIPlugin
2024-03-02 11:56:19,547 [INFO] IPUIPlugin:80 - create IPUIPlugin
2024-03-02 11:56:19,548 [INFO] IPUIPlugin:80 - create IPUIPlugin
2024-03-02 11:56:19,548 [INFO] IPUIPlugin:80 - create IPUIPlugin
2024-03-02 11:56:19,548 [INFO] IPUIPlugin:80 - create IPUIPlugin
2024-03-02 11:56:19,549 [INFO] IPUIPlugin:80 - create IPUIPlugin
2024-03-02 11:56:19,549 [INFO] IPUIPlugin:80 - create IPUIPlugin
2024-03-02 11:56:19,549 [INFO] IPUIPlugin:80 - create IPUIPlugin
2024-03-02 11:56:19,550 [INFO] IPUIPlugin:80 - create IPUIPlugin
2024-03-02 11:56:19,550 [INFO] IPUIPlugin:80 - create IPUIPlugin
2024-03-02 11:56:19,550 [INFO] IPUIPlugin:80 - create IPUIPlugin
2024-03-02 11:56:19,551 [INFO] IPUIPlugin:80 - create IPUIPlugin
2024-03-02 11:56:19,551 [INFO] IPUIPlugin:80 - create IPUIPlugin
2024-03-02 11:56:19,551 [INFO] IPUIPlugin:80 - create IPUIPlugin
2024-03-02 11:56:19,552 [INFO] IPUIPlugin:80 - create IPUIPlugin
2024-03-02 11:56:19,579 [INFO] ApiDbMcu:508 - Load IP Config File for PDM2PCM
2024-03-02 11:56:19,593 [INFO] Can:71 - Can Add PropertyChangeListener com.st.microxplorer.plugins.ip.can.Can@746bb25f
2024-03-02 11:56:19,626 [WARN] FreeRTOS:1023 - Null or empty value: should not occur! (nothing added to the table)
2024-03-02 11:56:19,629 [WARN] ThreadTable:254 - START FUNCTION ALREADY USED: DO NOT GENERATE CODE: startMeasurements
2024-03-02 11:56:19,629 [WARN] ThreadTable:254 - START FUNCTION ALREADY USED: DO NOT GENERATE CODE: startControl
2024-03-02 11:56:19,908 [INFO] CADModel:165 - CPN selected for project levelSTM32F777VIT6
2024-03-02 11:56:19,908 [INFO] CADModel:114 - Register for checkConnection events
2024-03-02 11:56:19,910 [INFO] RtosManager:697 - Active RTOS found at IOC load: FREERTOS [Cortex-M7NS]
2024-03-02 11:56:19,977 [INFO] OpenFileManager:343 - Restore cursor
2024-03-02 11:56:27,656 [INFO] I2cTimingTraitement:330 - 0x20404768
2024-03-02 11:56:33,798 [ERROR] RtosPanel:558 - Can not restore the selected Tab for FREERTOS(A reason can be that the tab is no more available.)
2024-03-02 11:56:36,267 [INFO] TasksAndQueuesTab:757 - Dynamic
2024-03-02 11:56:36,267 [WARN] TasksAndQueuesTab:763 - 128 128
2024-03-02 11:56:36,268 [WARN] TasksAndQueuesTab:775 - max value is: 3840.0
2024-03-02 11:56:36,268 [INFO] TasksAndQueuesTab:757 - Dynamic
2024-03-02 11:56:36,268 [WARN] TasksAndQueuesTab:763 - 128 128
2024-03-02 11:56:36,268 [WARN] TasksAndQueuesTab:775 - max value is: 3840.0
2024-03-02 11:56:36,268 [INFO] TasksAndQueuesTab:757 - Dynamic
2024-03-02 11:56:36,268 [WARN] TasksAndQueuesTab:763 - 128 128
2024-03-02 11:56:36,268 [WARN] TasksAndQueuesTab:775 - max value is: 3840.0
2024-03-02 11:56:36,268 [INFO] TasksAndQueuesTab:757 - Dynamic
2024-03-02 11:56:36,268 [WARN] TasksAndQueuesTab:763 - 128 128
2024-03-02 11:56:36,268 [WARN] TasksAndQueuesTab:775 - max value is: 3840.0
2024-03-02 11:56:42,155 [INFO] EditThreadDialog:704 - RAM SIZE (in KB): 384
2024-03-02 11:56:42,155 [INFO] EditThreadDialog:706 - RAM SIZE (in words): 98304
2024-03-02 11:56:47,118 [INFO] EditThreadDialog:704 - RAM SIZE (in KB): 384
2024-03-02 11:56:47,118 [INFO] EditThreadDialog:706 - RAM SIZE (in words): 98304
2024-03-02 11:56:53,432 [INFO] TasksAndQueuesTab:757 - Dynamic
2024-03-02 11:56:53,432 [WARN] TasksAndQueuesTab:763 - 128 128
2024-03-02 11:56:53,432 [WARN] TasksAndQueuesTab:775 - max value is: 3840.0
2024-03-02 11:56:53,432 [INFO] TasksAndQueuesTab:757 - Dynamic
2024-03-02 11:56:53,432 [WARN] TasksAndQueuesTab:763 - 128 128
2024-03-02 11:56:53,432 [WARN] TasksAndQueuesTab:775 - max value is: 3840.0
2024-03-02 11:56:53,432 [INFO] TasksAndQueuesTab:757 - Dynamic
2024-03-02 11:56:53,432 [WARN] TasksAndQueuesTab:763 - 128 128
2024-03-02 11:56:53,432 [WARN] TasksAndQueuesTab:775 - max value is: 3840.0
2024-03-02 11:56:53,432 [INFO] TasksAndQueuesTab:757 - Dynamic
2024-03-02 11:56:53,432 [WARN] TasksAndQueuesTab:763 - 128 128
2024-03-02 11:56:53,432 [WARN] TasksAndQueuesTab:775 - max value is: 3840.0
2024-03-02 11:56:53,432 [WARN] ThreadTable:254 - START FUNCTION ALREADY USED: DO NOT GENERATE CODE: startMeasurements
2024-03-02 11:56:53,432 [WARN] ThreadTable:254 - START FUNCTION ALREADY USED: DO NOT GENERATE CODE: startControl
2024-03-02 11:57:02,882 [INFO] EditThreadDialog:704 - RAM SIZE (in KB): 384
2024-03-02 11:57:02,882 [INFO] EditThreadDialog:706 - RAM SIZE (in words): 98304
2024-03-02 11:57:07,215 [INFO] TasksAndQueuesTab:757 - Dynamic
2024-03-02 11:57:07,216 [WARN] TasksAndQueuesTab:763 - 128 128
2024-03-02 11:57:07,216 [WARN] TasksAndQueuesTab:775 - max value is: 3840.0
2024-03-02 11:57:07,216 [INFO] TasksAndQueuesTab:757 - Dynamic
2024-03-02 11:57:07,216 [WARN] TasksAndQueuesTab:763 - 128 128
2024-03-02 11:57:07,216 [WARN] TasksAndQueuesTab:775 - max value is: 3840.0
2024-03-02 11:57:07,216 [INFO] TasksAndQueuesTab:757 - Dynamic
2024-03-02 11:57:07,216 [WARN] TasksAndQueuesTab:763 - 128 128
2024-03-02 11:57:07,216 [WARN] TasksAndQueuesTab:775 - max value is: 3840.0
2024-03-02 11:57:07,216 [INFO] TasksAndQueuesTab:757 - Dynamic
2024-03-02 11:57:07,216 [WARN] TasksAndQueuesTab:763 - 128 128
2024-03-02 11:57:07,216 [WARN] TasksAndQueuesTab:775 - max value is: 3840.0
2024-03-02 11:57:07,216 [WARN] ThreadTable:254 - START FUNCTION ALREADY USED: DO NOT GENERATE CODE: startMeasurements
2024-03-02 11:57:07,216 [WARN] ThreadTable:254 - START FUNCTION ALREADY USED: DO NOT GENERATE CODE: startControl
2024-03-02 11:57:08,039 [INFO] UtilMem:75 - End SaveConfig() Used Memory: 605950848 Bytes (1073741824)
2024-03-02 11:57:09,147 [INFO] UtilMem:75 - End SaveConfig() Used Memory: 634788736 Bytes (1073741824)
2024-03-02 11:57:14,104 [INFO] UtilMem:75 - End SaveConfig() Used Memory: 652588472 Bytes (1073741824)
2024-03-02 11:57:14,830 [INFO] BlockDiagram:2759 - set Specific Code input for plugin: FREERTOS
2024-03-02 11:57:14,830 [INFO] BlockDiagram:2759 - set Specific Code input for plugin: TIM1_8F77
2024-03-02 11:57:14,830 [INFO] BlockDiagram:2759 - set Specific Code input for plugin: TIM1_8F77
2024-03-02 11:57:14,830 [INFO] BlockDiagram:2759 - set Specific Code input for plugin: CAN
2024-03-02 11:57:14,830 [INFO] BlockDiagram:2759 - set Specific Code input for plugin: TIM1_8F77
2024-03-02 11:57:14,831 [INFO] BlockDiagram:2759 - set Specific Code input for plugin: ADC
2024-03-02 11:57:14,831 [INFO] BlockDiagram:2759 - set Specific Code input for plugin: SYS
2024-03-02 11:57:14,831 [INFO] BlockDiagram:2759 - set Specific Code input for plugin: ADC
2024-03-02 11:57:14,831 [INFO] BlockDiagram:2759 - set Specific Code input for plugin: ADC
2024-03-02 11:57:14,831 [INFO] BlockDiagram:2759 - set Specific Code input for plugin: RCC
2024-03-02 11:57:14,831 [INFO] BlockDiagram:2759 - set Specific Code input for plugin: I2C
2024-03-02 11:57:14,831 [INFO] BlockDiagram:2759 - set Specific Code input for plugin: USB_OTG_FS
2024-03-02 11:57:14,831 [INFO] BlockDiagram:2759 - set Specific Code input for plugin: NVIC
2024-03-02 11:57:14,831 [INFO] BlockDiagram:2759 - set Specific Code input for plugin: DMA
2024-03-02 11:57:14,832 [INFO] BlockDiagram:2759 - set Specific Code input for plugin: DAC
2024-03-02 11:57:14,832 [INFO] BlockDiagram:2759 - set Specific Code input for plugin: TIM1_8F77
2024-03-02 11:57:14,832 [INFO] BlockDiagram:2759 - set Specific Code input for plugin: GPIO
2024-03-02 11:57:14,834 [INFO] CodeGenerator:807 - code generatio: config db path: C:\ST\STM32CubeIDE_1.13.2\STM32CubeIDE\plugins\com.st.stm32cube.common.mx_6.10.0.202311202037\\db\
2024-03-02 11:57:15,302 [INFO] CodeEngine:255 - oldGeneratedFile, C:\Users\dwegg\Desktop\Inverter\SW\Inverter\MXTmpFiles\license.tmp_save
2024-03-02 11:57:15,646 [INFO] CodeEngine:279 - Generated code: C:\Users\dwegg\Desktop\Inverter\SW\Inverter\MXTmpFiles\license.tmp
2024-03-02 11:57:15,900 [INFO] CodeEngine:255 - oldGeneratedFile, C:\Users\dwegg\Desktop\Inverter\SW\Inverter\Core\Src\gpio.c_save
2024-03-02 11:57:16,094 [INFO] CodeEngine:279 - Generated code: C:\Users\dwegg\Desktop\Inverter\SW\Inverter\Core\Src\gpio.c
2024-03-02 11:57:16,119 [INFO] CodeEngine:255 - oldGeneratedFile, C:\Users\dwegg\Desktop\Inverter\SW\Inverter\Core\Inc\gpio.h_save
2024-03-02 11:57:16,244 [INFO] CodeEngine:279 - Generated code: C:\Users\dwegg\Desktop\Inverter\SW\Inverter\Core\Inc\gpio.h
2024-03-02 11:57:18,760 [WARN] IPConfigManager:99 - WARNING: Missing Config File for USB ip!!
2024-03-02 11:57:18,847 [WARN] IPConfigManager:2946 - Warning: the RefConfig PWREx_EnableUSBVoltageDetector is not available in your config.xml file
2024-03-02 11:57:18,897 [INFO] Middleware:1439 - No code input for Bsp Dependency
2024-03-02 11:57:18,912 [INFO] CodeEngine:255 - oldGeneratedFile, C:\Users\dwegg\Desktop\Inverter\SW\Inverter\MXTmpFiles\rtos_inc.tmp_save
2024-03-02 11:57:19,015 [INFO] CodeEngine:279 - Generated code: C:\Users\dwegg\Desktop\Inverter\SW\Inverter\MXTmpFiles\rtos_inc.tmp
2024-03-02 11:57:19,027 [INFO] CodeEngine:255 - oldGeneratedFile, C:\Users\dwegg\Desktop\Inverter\SW\Inverter\MXTmpFiles\rtos_kernelInit.tmp_save
2024-03-02 11:57:19,121 [INFO] CodeEngine:279 - Generated code: C:\Users\dwegg\Desktop\Inverter\SW\Inverter\MXTmpFiles\rtos_kernelInit.tmp
2024-03-02 11:57:19,132 [INFO] CodeEngine:255 - oldGeneratedFile, C:\Users\dwegg\Desktop\Inverter\SW\Inverter\MXTmpFiles\rtos_kernelStart.tmp_save
2024-03-02 11:57:19,216 [INFO] CodeEngine:279 - Generated code: C:\Users\dwegg\Desktop\Inverter\SW\Inverter\MXTmpFiles\rtos_kernelStart.tmp
2024-03-02 11:57:19,229 [INFO] CodeEngine:255 - oldGeneratedFile, C:\Users\dwegg\Desktop\Inverter\SW\Inverter\MXTmpFiles\rtos_typedefs.tmp_save
2024-03-02 11:57:19,322 [INFO] CodeEngine:279 - Generated code: C:\Users\dwegg\Desktop\Inverter\SW\Inverter\MXTmpFiles\rtos_typedefs.tmp
2024-03-02 11:57:19,337 [INFO] CodeEngine:255 - oldGeneratedFile, C:\Users\dwegg\Desktop\Inverter\SW\Inverter\MXTmpFiles\rtos_vars.tmp_save
2024-03-02 11:57:19,445 [INFO] CodeEngine:279 - Generated code: C:\Users\dwegg\Desktop\Inverter\SW\Inverter\MXTmpFiles\rtos_vars.tmp
2024-03-02 11:57:19,457 [INFO] CodeEngine:255 - oldGeneratedFile, C:\Users\dwegg\Desktop\Inverter\SW\Inverter\MXTmpFiles\rtos_pfp.tmp_save
2024-03-02 11:57:19,532 [INFO] CodeEngine:279 - Generated code: C:\Users\dwegg\Desktop\Inverter\SW\Inverter\MXTmpFiles\rtos_pfp.tmp
2024-03-02 11:57:19,544 [INFO] CodeEngine:255 - oldGeneratedFile, C:\Users\dwegg\Desktop\Inverter\SW\Inverter\MXTmpFiles\rtos_obj_creat.tmp_save
2024-03-02 11:57:19,629 [INFO] CodeEngine:279 - Generated code: C:\Users\dwegg\Desktop\Inverter\SW\Inverter\MXTmpFiles\rtos_obj_creat.tmp
2024-03-02 11:57:19,645 [INFO] CodeEngine:255 - oldGeneratedFile, C:\Users\dwegg\Desktop\Inverter\SW\Inverter\MXTmpFiles\rtos_default_thread.tmp_save
2024-03-02 11:57:19,722 [INFO] CodeEngine:279 - Generated code: C:\Users\dwegg\Desktop\Inverter\SW\Inverter\MXTmpFiles\rtos_default_thread.tmp
2024-03-02 11:57:19,732 [INFO] CodeEngine:255 - oldGeneratedFile, C:\Users\dwegg\Desktop\Inverter\SW\Inverter\MXTmpFiles\rtos_threads.tmp_save
2024-03-02 11:57:19,811 [INFO] CodeEngine:279 - Generated code: C:\Users\dwegg\Desktop\Inverter\SW\Inverter\MXTmpFiles\rtos_threads.tmp
2024-03-02 11:57:19,841 [INFO] Middleware:1439 - No code input for Bsp Dependency
2024-03-02 11:57:19,852 [INFO] CodeEngine:255 - oldGeneratedFile, C:\Users\dwegg\Desktop\Inverter\SW\Inverter\MXTmpFiles\rtos_inc.tmp_save
2024-03-02 11:57:19,932 [INFO] CodeEngine:279 - Generated code: C:\Users\dwegg\Desktop\Inverter\SW\Inverter\MXTmpFiles\rtos_inc.tmp
2024-03-02 11:57:19,938 [INFO] CodeEngine:255 - oldGeneratedFile, C:\Users\dwegg\Desktop\Inverter\SW\Inverter\MXTmpFiles\rtos_kernelInit.tmp_save
2024-03-02 11:57:19,997 [INFO] CodeEngine:279 - Generated code: C:\Users\dwegg\Desktop\Inverter\SW\Inverter\MXTmpFiles\rtos_kernelInit.tmp
2024-03-02 11:57:20,004 [INFO] CodeEngine:255 - oldGeneratedFile, C:\Users\dwegg\Desktop\Inverter\SW\Inverter\MXTmpFiles\rtos_kernelStart.tmp_save
2024-03-02 11:57:20,066 [INFO] CodeEngine:279 - Generated code: C:\Users\dwegg\Desktop\Inverter\SW\Inverter\MXTmpFiles\rtos_kernelStart.tmp
2024-03-02 11:57:20,073 [INFO] CodeEngine:255 - oldGeneratedFile, C:\Users\dwegg\Desktop\Inverter\SW\Inverter\MXTmpFiles\rtos_typedefs.tmp_save
2024-03-02 11:57:20,132 [INFO] CodeEngine:279 - Generated code: C:\Users\dwegg\Desktop\Inverter\SW\Inverter\MXTmpFiles\rtos_typedefs.tmp
2024-03-02 11:57:20,145 [INFO] CodeEngine:255 - oldGeneratedFile, C:\Users\dwegg\Desktop\Inverter\SW\Inverter\MXTmpFiles\rtos_vars.tmp_save
2024-03-02 11:57:20,213 [INFO] CodeEngine:279 - Generated code: C:\Users\dwegg\Desktop\Inverter\SW\Inverter\MXTmpFiles\rtos_vars.tmp
2024-03-02 11:57:20,221 [INFO] CodeEngine:255 - oldGeneratedFile, C:\Users\dwegg\Desktop\Inverter\SW\Inverter\MXTmpFiles\rtos_pfp.tmp_save
2024-03-02 11:57:20,291 [INFO] CodeEngine:279 - Generated code: C:\Users\dwegg\Desktop\Inverter\SW\Inverter\MXTmpFiles\rtos_pfp.tmp
2024-03-02 11:57:20,307 [INFO] CodeEngine:255 - oldGeneratedFile, C:\Users\dwegg\Desktop\Inverter\SW\Inverter\MXTmpFiles\rtos_obj_creat.tmp_save
2024-03-02 11:57:20,388 [INFO] CodeEngine:279 - Generated code: C:\Users\dwegg\Desktop\Inverter\SW\Inverter\MXTmpFiles\rtos_obj_creat.tmp
2024-03-02 11:57:20,396 [INFO] CodeEngine:255 - oldGeneratedFile, C:\Users\dwegg\Desktop\Inverter\SW\Inverter\MXTmpFiles\rtos_default_thread.tmp_save
2024-03-02 11:57:20,459 [INFO] CodeEngine:279 - Generated code: C:\Users\dwegg\Desktop\Inverter\SW\Inverter\MXTmpFiles\rtos_default_thread.tmp
2024-03-02 11:57:20,467 [INFO] CodeEngine:255 - oldGeneratedFile, C:\Users\dwegg\Desktop\Inverter\SW\Inverter\MXTmpFiles\rtos_threads.tmp_save
2024-03-02 11:57:20,529 [INFO] CodeEngine:279 - Generated code: C:\Users\dwegg\Desktop\Inverter\SW\Inverter\MXTmpFiles\rtos_threads.tmp
2024-03-02 11:57:20,553 [INFO] CodeEngine:255 - oldGeneratedFile, C:\Users\dwegg\Desktop\Inverter\SW\Inverter\Core\Inc\FreeRTOSConfig.h_save
2024-03-02 11:57:20,655 [INFO] CodeEngine:279 - Generated code: C:\Users\dwegg\Desktop\Inverter\SW\Inverter\Core\Inc\FreeRTOSConfig.h
2024-03-02 11:57:20,678 [INFO] CodeEngine:255 - oldGeneratedFile, C:\Users\dwegg\Desktop\Inverter\SW\Inverter\Core\Src\freertos.c_save
2024-03-02 11:57:20,797 [INFO] CodeEngine:279 - Generated code: C:\Users\dwegg\Desktop\Inverter\SW\Inverter\Core\Src\freertos.c
2024-03-02 11:57:20,834 [INFO] CodeEngine:255 - oldGeneratedFile, C:\Users\dwegg\Desktop\Inverter\SW\Inverter\Core\Src\adc.c_save
2024-03-02 11:57:21,047 [INFO] CodeEngine:279 - Generated code: C:\Users\dwegg\Desktop\Inverter\SW\Inverter\Core\Src\adc.c
2024-03-02 11:57:21,068 [INFO] CodeEngine:255 - oldGeneratedFile, C:\Users\dwegg\Desktop\Inverter\SW\Inverter\Core\Inc\adc.h_save
2024-03-02 11:57:21,159 [INFO] CodeEngine:279 - Generated code: C:\Users\dwegg\Desktop\Inverter\SW\Inverter\Core\Inc\adc.h
2024-03-02 11:57:21,181 [INFO] CodeEngine:255 - oldGeneratedFile, C:\Users\dwegg\Desktop\Inverter\SW\Inverter\Core\Src\can.c_save
2024-03-02 11:57:21,285 [INFO] CodeEngine:279 - Generated code: C:\Users\dwegg\Desktop\Inverter\SW\Inverter\Core\Src\can.c
2024-03-02 11:57:21,293 [INFO] CodeEngine:255 - oldGeneratedFile, C:\Users\dwegg\Desktop\Inverter\SW\Inverter\Core\Inc\can.h_save
2024-03-02 11:57:21,377 [INFO] CodeEngine:279 - Generated code: C:\Users\dwegg\Desktop\Inverter\SW\Inverter\Core\Inc\can.h
2024-03-02 11:57:21,397 [INFO] CodeEngine:255 - oldGeneratedFile, C:\Users\dwegg\Desktop\Inverter\SW\Inverter\MXTmpFiles\cortex.tmp_save
2024-03-02 11:57:21,481 [INFO] CodeEngine:279 - Generated code: C:\Users\dwegg\Desktop\Inverter\SW\Inverter\MXTmpFiles\cortex.tmp
2024-03-02 11:57:21,504 [INFO] CodeEngine:255 - oldGeneratedFile, C:\Users\dwegg\Desktop\Inverter\SW\Inverter\Core\Src\dac.c_save
2024-03-02 11:57:21,619 [INFO] CodeEngine:279 - Generated code: C:\Users\dwegg\Desktop\Inverter\SW\Inverter\Core\Src\dac.c
2024-03-02 11:57:21,628 [INFO] CodeEngine:255 - oldGeneratedFile, C:\Users\dwegg\Desktop\Inverter\SW\Inverter\Core\Inc\dac.h_save
2024-03-02 11:57:21,713 [INFO] CodeEngine:279 - Generated code: C:\Users\dwegg\Desktop\Inverter\SW\Inverter\Core\Inc\dac.h
2024-03-02 11:57:21,823 [INFO] CodeEngine:255 - oldGeneratedFile, C:\Users\dwegg\Desktop\Inverter\SW\Inverter\Core\Src\dma.c_save
2024-03-02 11:57:21,910 [INFO] CodeEngine:279 - Generated code: C:\Users\dwegg\Desktop\Inverter\SW\Inverter\Core\Src\dma.c
2024-03-02 11:57:21,930 [INFO] CodeEngine:255 - oldGeneratedFile, C:\Users\dwegg\Desktop\Inverter\SW\Inverter\Core\Inc\dma.h_save
2024-03-02 11:57:22,012 [INFO] CodeEngine:279 - Generated code: C:\Users\dwegg\Desktop\Inverter\SW\Inverter\Core\Inc\dma.h
2024-03-02 11:57:22,034 [INFO] CodeEngine:255 - oldGeneratedFile, C:\Users\dwegg\Desktop\Inverter\SW\Inverter\Core\Src\i2c.c_save
2024-03-02 11:57:22,142 [INFO] CodeEngine:279 - Generated code: C:\Users\dwegg\Desktop\Inverter\SW\Inverter\Core\Src\i2c.c
2024-03-02 11:57:22,150 [INFO] CodeEngine:255 - oldGeneratedFile, C:\Users\dwegg\Desktop\Inverter\SW\Inverter\Core\Inc\i2c.h_save
2024-03-02 11:57:22,243 [INFO] CodeEngine:279 - Generated code: C:\Users\dwegg\Desktop\Inverter\SW\Inverter\Core\Inc\i2c.h
2024-03-02 11:57:22,267 [INFO] CodeEngine:255 - oldGeneratedFile, C:\Users\dwegg\Desktop\Inverter\SW\Inverter\Core\Src\tim.c_save
2024-03-02 11:57:22,429 [INFO] CodeEngine:279 - Generated code: C:\Users\dwegg\Desktop\Inverter\SW\Inverter\Core\Src\tim.c
2024-03-02 11:57:22,439 [INFO] CodeEngine:255 - oldGeneratedFile, C:\Users\dwegg\Desktop\Inverter\SW\Inverter\Core\Inc\tim.h_save
2024-03-02 11:57:22,538 [INFO] CodeEngine:279 - Generated code: C:\Users\dwegg\Desktop\Inverter\SW\Inverter\Core\Inc\tim.h
2024-03-02 11:57:22,568 [INFO] CodeEngine:255 - oldGeneratedFile, C:\Users\dwegg\Desktop\Inverter\SW\Inverter\Core\Src\usb_otg.c_save
2024-03-02 11:57:22,706 [INFO] CodeEngine:279 - Generated code: C:\Users\dwegg\Desktop\Inverter\SW\Inverter\Core\Src\usb_otg.c
2024-03-02 11:57:22,715 [INFO] CodeEngine:255 - oldGeneratedFile, C:\Users\dwegg\Desktop\Inverter\SW\Inverter\Core\Inc\usb_otg.h_save
2024-03-02 11:57:22,821 [INFO] CodeEngine:279 - Generated code: C:\Users\dwegg\Desktop\Inverter\SW\Inverter\Core\Inc\usb_otg.h
2024-03-02 11:57:22,868 [INFO] CodeEngine:255 - oldGeneratedFile, C:\Users\dwegg\Desktop\Inverter\SW\Inverter\Core\Src\stm32f7xx_it.c_save
2024-03-02 11:57:22,999 [INFO] CodeEngine:279 - Generated code: C:\Users\dwegg\Desktop\Inverter\SW\Inverter\Core\Src\stm32f7xx_it.c
2024-03-02 11:57:23,021 [INFO] CodeEngine:255 - oldGeneratedFile, C:\Users\dwegg\Desktop\Inverter\SW\Inverter\Core\Inc\stm32f7xx_it.h_save
2024-03-02 11:57:23,110 [INFO] CodeEngine:279 - Generated code: C:\Users\dwegg\Desktop\Inverter\SW\Inverter\Core\Inc\stm32f7xx_it.h
2024-03-02 11:57:23,145 [INFO] CodeEngine:255 - oldGeneratedFile, C:\Users\dwegg\Desktop\Inverter\SW\Inverter\Core\Src\stm32f7xx_hal_msp.c_save
2024-03-02 11:57:23,264 [INFO] CodeEngine:279 - Generated code: C:\Users\dwegg\Desktop\Inverter\SW\Inverter\Core\Src\stm32f7xx_hal_msp.c
2024-03-02 11:57:23,279 [INFO] CodeEngine:255 - oldGeneratedFile, C:\Users\dwegg\Desktop\Inverter\SW\Inverter\MXTmpFiles\system.tmp_save
2024-03-02 11:57:23,352 [INFO] CodeEngine:279 - Generated code: C:\Users\dwegg\Desktop\Inverter\SW\Inverter\MXTmpFiles\system.tmp
2024-03-02 11:57:23,373 [INFO] CodeEngine:255 - oldGeneratedFile, C:\Users\dwegg\Desktop\Inverter\SW\Inverter\Core\Src\stm32f7xx_hal_timebase_tim.c_save
2024-03-02 11:57:23,465 [INFO] CodeEngine:279 - Generated code: C:\Users\dwegg\Desktop\Inverter\SW\Inverter\Core\Src\stm32f7xx_hal_timebase_tim.c
2024-03-02 11:57:23,494 [INFO] CodeEngine:311 - oldGeneratedFile, C:\Users\dwegg\Desktop\Inverter\SW\Inverter\Core\Inc\stm32f7xx_hal_conf.h_save
2024-03-02 11:57:23,594 [INFO] CodeEngine:335 - Generated code: C:\Users\dwegg\Desktop\Inverter\SW\Inverter\Core\Inc\stm32f7xx_hal_conf.h
2024-03-02 11:57:23,666 [INFO] CodeEngine:255 - oldGeneratedFile, C:\Users\dwegg\Desktop\Inverter\SW\Inverter\Core\Inc\main.h_save
2024-03-02 11:57:23,780 [INFO] CodeEngine:279 - Generated code: C:\Users\dwegg\Desktop\Inverter\SW\Inverter\Core\Inc\main.h
2024-03-02 11:57:23,807 [INFO] CodeEngine:255 - oldGeneratedFile, C:\Users\dwegg\Desktop\Inverter\SW\Inverter\Core\Src\main.c_save
2024-03-02 11:57:23,942 [INFO] CodeEngine:279 - Generated code: C:\Users\dwegg\Desktop\Inverter\SW\Inverter\Core\Src\main.c
2024-03-02 11:57:24,772 [INFO] ProjectBuilder:3076 - Time for Copy HAL[1] : 340mS.
2024-03-02 11:57:24,782 [INFO] ProjectBuilder:4485 - Project Generator version: 4.2.0-B44
2024-03-02 11:57:25,063 [INFO] ConfigFileManager:1495 - The Die is : DIE451
2024-03-02 11:57:25,075 [INFO] ApiDbMcu:508 - Load IP Config File for FATFS
2024-03-02 11:57:25,085 [INFO] ApiDbMcu:508 - Load IP Config File for LIBJPEG
2024-03-02 11:57:25,100 [INFO] ApiDbMcu:508 - Load IP Config File for LWIP
2024-03-02 11:57:25,117 [INFO] ApiDbMcu:508 - Load IP Config File for MBEDTLS
2024-03-02 11:57:25,132 [INFO] ApiDbMcu:508 - Load IP Config File for USB_DEVICE
2024-03-02 11:57:25,144 [INFO] ApiDbMcu:508 - Load IP Config File for USB_HOST
2024-03-02 11:57:26,331 [INFO] LogOutputStream:77 - [STDOUT_REDIRECT] 
2024-03-02 11:57:28,511 [INFO] ProjectBuilder:4747 - Time for Generating toolchain IDE Files: 3729mS.
2024-03-02 11:57:28,512 [INFO] ProjectBuilder:2947 - Time for Copy CMSIS : 0mS.
2024-03-02 11:57:28,523 [INFO] ProjectBuilder:2947 - Time for Copy CMSIS : 0mS.
2024-03-02 18:44:27,450 [ERROR] LogOutputStream:75 - [STDERR_REDIRECT] 
