Removed Pin From Net: NetName=+5 Pin=U4-1
Removed Pin From Net: NetName=VDC_sns+ Pin=U4-2
Removed Pin From Net: NetName=VDC_sns- Pin=U4-3
Removed Pin From Net: NetName=GND Pin=U4-4
Removed Pin From Net: NetName=TS- Pin=U4-5
Removed Pin From Net: NetName=+5_TS Pin=U4-6
Removed Pin From Net: NetName=VDC_div Pin=U4-7
Removed Pin From Net: NetName=NetC1_2 Pin=U4-8
Added Component: Designator=C8(C0805FNPC-W)
Added Component: Designator=C9(C0805FNPC-W)
Added Component: Designator=DCDC1(1779205141)
Add component (AddParameter): Name = "Case/Size Code"; Value = "SIP-7"; VariantName = "[No Variations]"
Add component (AddParameter): Name = "Category"; Value = "Isolated Converter"; VariantName = "[No Variations]"
Add component (AddParameter): Name = "ComponentLink1Description"; Value = "Website Link"; VariantName = "[No Variations]"
Add component (AddParameter): Name = "ComponentLink1URL"; Value = "https://www.we-online.com/redexpert/article/1779205141?ad"; VariantName = "[No Variations]"
Add component (AddParameter): Name = "ComponentLink2Description"; Value = "Datasheet Link"; VariantName = "[No Variations]"
Add component (AddParameter): Name = "ComponentLink2URL"; Value = "https://www.we-online.com/redexpert/spec/1779205141?ad"; VariantName = "[No Variations]"
Add component (AddParameter): Name = "Height"; Value = "10.16mm"; VariantName = "[No Variations]"
Add component (AddParameter): Name = "Input Voltage"; Value = "5V"; VariantName = "[No Variations]"
Add component (AddParameter): Name = "Input Voltage Max"; Value = "5.5V"; VariantName = "[No Variations]"
Add component (AddParameter): Name = "Input Voltage Min"; Value = "4.5V"; VariantName = "[No Variations]"
Add component (AddParameter): Name = "Isolation Voltage"; Value = "3000V"; VariantName = "[No Variations]"
Add component (AddParameter): Name = "Length"; Value = "19.65mm"; VariantName = "[No Variations]"
Add component (AddParameter): Name = "Manufacturer"; Value = "Wurth Elektronik"; VariantName = "[No Variations]"
Add component (AddParameter): Name = "Manufacturer Part Number"; Value = "1779205141"; VariantName = "[No Variations]"
Add component (AddParameter): Name = "Match Code"; Value = "WPME-FISM"; VariantName = "[No Variations]"
Add component (AddParameter): Name = "Mount"; Value = "Through Hole"; VariantName = "[No Variations]"
Add component (AddParameter): Name = "Operating Temperature Max"; Value = "105°C"; VariantName = "[No Variations]"
Add component (AddParameter): Name = "Operating Temperature Min"; Value = "-40°C"; VariantName = "[No Variations]"
Add component (AddParameter): Name = "Output Power"; Value = "1W"; VariantName = "[No Variations]"
Add component (AddParameter): Name = "Output Voltage"; Value = "5V"; VariantName = "[No Variations]"
Add component (AddParameter): Name = "Packaging"; Value = "Tube"; VariantName = "[No Variations]"
Add component (AddParameter): Name = "Width"; Value = "6mm"; VariantName = "[No Variations]"
Added Pin To Net: NetName=TS- Pin=C8-1
Added Pin To Net: NetName=+5_TS Pin=C8-2
Added Pin To Net: NetName=GND Pin=C9-1
Added Pin To Net: NetName=+5 Pin=C9-2
Added Pin To Net: NetName=+5 Pin=DCDC1-1
Added Pin To Net: NetName=GND Pin=DCDC1-2
Added Pin To Net: NetName=TS- Pin=DCDC1-5
Added Pin To Net: NetName=+5_TS Pin=DCDC1-7
Added Pin To Net: NetName=NetC1_2 Pin=U4-1
Added Pin To Net: NetName=VDC_div Pin=U4-2
Added Pin To Net: NetName=+5_TS Pin=U4-3
Added Pin To Net: NetName=TS- Pin=U4-4
Added Pin To Net: NetName=GND Pin=U4-5
Added Pin To Net: NetName=VDC_sns- Pin=U4-6
Added Pin To Net: NetName=VDC_sns+ Pin=U4-7
Added Pin To Net: NetName=+5 Pin=U4-8
Added Member To Class: ClassName=Inverter_DC Member=Component C8 10uF
Added Member To Class: ClassName=Inverter_DC Member=Component C9 10uF
Added Member To Class: ClassName=Inverter_DC Member=Component DCDC1 1779205141
