Removed Pin From Net: NetName=+5_TS Pin=U3-1
Removed Pin From Net: NetName=NetR13_1 Pin=U3-2
Removed Pin From Net: NetName=TS- Pin=U3-5
Removed Pin From Net: NetName=V_TSAL Pin=U3-6
Removed Pin From Net: NetName=VDC_div Pin=U3-7
Removed Pin From Net: NetName=TS- Pin=U3-8
Change Component Footprint: Designator=U3 Old Footprint=ISO224 New Footprint=LM311
Change Component Comment : Designator=U3 Old Comment=ISO224 New Comment=LM311DR2G
Change component parameters: Designator = "U3" ("U3"); Footprint = "ISO224"; UniqueID = "\QUHCUIKH" ("\QUHCUIKH")
Change component parameters (AddParameter): Name = "Category"; Value = "Comparators"; VariantName = "[No Variations]"
Change component parameters (AddParameter): Name = "Manufacturer 1"; Value = "ON Semiconductor"; VariantName = "[No Variations]"
Change component parameters (AddParameter): Name = "Manufacturer Part Number 1"; Value = "LM311DR2G"; VariantName = "[No Variations]"
Change component parameters (AddParameter): Name = "Pricing 1"; Value = "2500=0,145, 5000=0,142, 10000=0,139, 12500=0,138, 37500=0,133 (USD)"; VariantName = "[No Variations]"
Change component parameters (AddParameter): Name = "RoHS"; Value = "Yes"; VariantName = "[No Variations]"
Change component parameters (AddParameter): Name = "Stock 1"; Value = "35000"; VariantName = "[No Variations]"
Change component parameters (AddParameter): Name = "Supplier 1"; Value = "Future Electronics"; VariantName = "[No Variations]"
Change component parameters (AddParameter): Name = "Supplier Part Number 1"; Value = "9254327"; VariantName = "[No Variations]"
Added Component: Designator=U*(ISO224)
Add component (AddParameter): Name = "Category"; Value = "Amplifiers - Op Amps, Buffer, Instrumentation"; VariantName = "[No Variations]"
Add component (AddParameter): Name = "ComponentLink1Description"; Value = "Datasheet"; VariantName = "[No Variations]"
Add component (AddParameter): Name = "ComponentLink1URL"; Value = "https://www.ti.com/lit/ds/symlink/iso224.pdf?ts=1702215020753&ref_url=https%253A%252F%252Fwww.ti.com%252Fproduct%252Fes-mx%252FISO224"; VariantName = "[No Variations]"
Add component (AddParameter): Name = "Manufacturer 1"; Value = "Texas Instruments"; VariantName = "[No Variations]"
Add component (AddParameter): Name = "Manufacturer Part Number 1"; Value = "ISO224ADWVR"; VariantName = "[No Variations]"
Add component (AddParameter): Name = "Pricing 1"; Value = "1=13,32, 10=12,25, 50=11,74, 100=10,35, 1000=8,44, 10000=8,44 (USD)"; VariantName = "[No Variations]"
Add component (AddParameter): Name = "RoHS"; Value = "Yes"; VariantName = "[No Variations]"
Add component (AddParameter): Name = "Stock 1"; Value = "3377"; VariantName = "[No Variations]"
Add component (AddParameter): Name = "Supplier 1"; Value = "Mouser"; VariantName = "[No Variations]"
Add component (AddParameter): Name = "Supplier Part Number 1"; Value = "595-ISO224ADWVR"; VariantName = "[No Variations]"
Added Pin To Net: NetName=TS- Pin=U3-1
Added Pin To Net: NetName=VDC_div Pin=U3-2
Added Pin To Net: NetName=V_TSAL Pin=U3-3
Added Pin To Net: NetName=TS- Pin=U3-4
Added Pin To Net: NetName=NetR13_1 Pin=U3-7
Added Pin To Net: NetName=+5_TS Pin=U3-8
Added Pin To Net: NetName=+5 Pin=U*-1
Added Pin To Net: NetName=VDC_sns+ Pin=U*-2
Added Pin To Net: NetName=VDC_sns- Pin=U*-3
Added Pin To Net: NetName=GND Pin=U*-4
Added Pin To Net: NetName=TS- Pin=U*-5
Added Pin To Net: NetName=+5_TS Pin=U*-6
Added Pin To Net: NetName=VDC_div Pin=U*-7
Added Pin To Net: NetName=NetC1_2 Pin=U*-8
Added Member To Class: ClassName=Inverter_DC Member=Component R8 CR1206AFX-6802EAS
Added Member To Class: ClassName=Inverter_DC Member=Component R9 CR1206AFX-6802EAS
Added Member To Class: ClassName=Inverter_DC Member=Component R10 CRS1206-FX-4701ELF
Added Member To Class: ClassName=Inverter_DC Member=Component R12 CRS1206-FX-4701ELF
Added Member To Class: ClassName=Inverter_DC Member=Component U* ISO224
