Added Component: Designator=U3(ISO224)
Add component (AddParameter): Name = "Category"; Value = "Amplifiers - Op Amps, Buffer, Instrumentation"; VariantName = "[No Variations]"
Add component (AddParameter): Name = "ComponentLink1Description"; Value = "Datasheet"; VariantName = "[No Variations]"
Add component (AddParameter): Name = "ComponentLink1URL"; Value = "https://www.ti.com/lit/ds/symlink/iso224.pdf?ts=1702215020753&ref_url=https%253A%252F%252Fwww.ti.com%252Fproduct%252Fes-mx%252FISO224"; VariantName = "[No Variations]"
Add component (AddParameter): Name = "Manufacturer 1"; Value = "Texas Instruments"; VariantName = "[No Variations]"
Add component (AddParameter): Name = "Manufacturer Part Number 1"; Value = "ISO224ADWVR"; VariantName = "[No Variations]"
Add component (AddParameter): Name = "Pricing 1"; Value = "1=13,32, 10=12,25, 50=11,74, 100=10,35, 1000=8,44, 10000=8,44 (USD)"; VariantName = "[No Variations]"
Add component (AddParameter): Name = "RoHS"; Value = "Yes"; VariantName = "[No Variations]"
Add component (AddParameter): Name = "Stock 1"; Value = "3377"; VariantName = "[No Variations]"
Add component (AddParameter): Name = "Supplier 1"; Value = "Mouser"; VariantName = "[No Variations]"
Add component (AddParameter): Name = "Supplier Part Number 1"; Value = "595-ISO224ADWVR"; VariantName = "[No Variations]"
Added Pin To Net: NetName=+5_TS Pin=U3-1
Added Pin To Net: NetName=NetR13_1 Pin=U3-2
Added Pin To Net: NetName=TS- Pin=U3-5
Added Pin To Net: NetName=V_TSAL Pin=U3-6
Added Pin To Net: NetName=VDC_div Pin=U3-7
Added Pin To Net: NetName=TS- Pin=U3-8
Add Pin To Net: Unknown Pin: Pin U4-1
Add Pin To Net: Unknown Pin: Pin U4-2
Add Pin To Net: Unknown Pin: Pin U4-3
Add Pin To Net: Unknown Pin: Pin U4-4
Add Pin To Net: Unknown Pin: Pin U4-5
Add Pin To Net: Unknown Pin: Pin U4-6
Add Pin To Net: Unknown Pin: Pin U4-7
Add Pin To Net: Unknown Pin: Pin U4-8
Added Member To Class: ClassName=Inverter_DC Member=Component R8 CR1206AFX-6802EAS
Added Member To Class: ClassName=Inverter_DC Member=Component R9 CR1206AFX-6802EAS
Added Member To Class: ClassName=Inverter_DC Member=Component R10 CRS1206-FX-4701ELF
Added Member To Class: ClassName=Inverter_DC Member=Component R12 CRS1206-FX-4701ELF
Added Member To Class: ClassName=Inverter_DC Member=Component U3 ISO224
Add Class Member: Failed to add class member : Component U4 ISO224
