\BOOKMARK [0][-]{chapter.1}{\376\377\0001\000\040\000D\000a\000t\000a\000\040\000S\000t\000r\000u\000c\000t\000u\000r\000e\000\040\000I\000n\000d\000e\000x}{}% 1
\BOOKMARK [1][-]{section.1.1}{\376\377\0001\000.\0001\000\040\000D\000a\000t\000a\000\040\000S\000t\000r\000u\000c\000t\000u\000r\000e\000s}{chapter.1}% 2
\BOOKMARK [0][-]{chapter.2}{\376\377\0002\000\040\000F\000i\000l\000e\000\040\000I\000n\000d\000e\000x}{}% 3
\BOOKMARK [1][-]{section.2.1}{\376\377\0002\000.\0001\000\040\000F\000i\000l\000e\000\040\000L\000i\000s\000t}{chapter.2}% 4
\BOOKMARK [0][-]{chapter.3}{\376\377\0003\000\040\000D\000a\000t\000a\000\040\000S\000t\000r\000u\000c\000t\000u\000r\000e\000\040\000D\000o\000c\000u\000m\000e\000n\000t\000a\000t\000i\000o\000n}{}% 5
\BOOKMARK [1][-]{section.3.1}{\376\377\0003\000.\0001\000\040\000A\000n\000a\000l\000o\000g\000\040\000S\000t\000r\000u\000c\000t\000\040\000R\000e\000f\000e\000r\000e\000n\000c\000e}{chapter.3}% 6
\BOOKMARK [2][-]{subsection.3.1.1}{\376\377\0003\000.\0001\000.\0001\000\040\000D\000e\000t\000a\000i\000l\000e\000d\000\040\000D\000e\000s\000c\000r\000i\000p\000t\000i\000o\000n}{section.3.1}% 7
\BOOKMARK [2][-]{subsection.3.1.2}{\376\377\0003\000.\0001\000.\0002\000\040\000F\000i\000e\000l\000d\000\040\000D\000o\000c\000u\000m\000e\000n\000t\000a\000t\000i\000o\000n}{section.3.1}% 8
\BOOKMARK [3][-]{subsubsection.3.1.2.1}{\376\377\0003\000.\0001\000.\0002\000.\0001\000\040\000i\000a}{subsection.3.1.2}% 9
\BOOKMARK [3][-]{subsubsection.3.1.2.2}{\376\377\0003\000.\0001\000.\0002\000.\0002\000\040\000i\000b}{subsection.3.1.2}% 10
\BOOKMARK [3][-]{subsubsection.3.1.2.3}{\376\377\0003\000.\0001\000.\0002\000.\0003\000\040\000i\000c}{subsection.3.1.2}% 11
\BOOKMARK [3][-]{subsubsection.3.1.2.4}{\376\377\0003\000.\0001\000.\0002\000.\0004\000\040\000v\000D\000C}{subsection.3.1.2}% 12
\BOOKMARK [1][-]{section.3.2}{\376\377\0003\000.\0002\000\040\000D\000u\000t\000i\000e\000s\000\040\000S\000t\000r\000u\000c\000t\000\040\000R\000e\000f\000e\000r\000e\000n\000c\000e}{chapter.3}% 13
\BOOKMARK [2][-]{subsection.3.2.1}{\376\377\0003\000.\0002\000.\0001\000\040\000D\000e\000t\000a\000i\000l\000e\000d\000\040\000D\000e\000s\000c\000r\000i\000p\000t\000i\000o\000n}{section.3.2}% 14
\BOOKMARK [2][-]{subsection.3.2.2}{\376\377\0003\000.\0002\000.\0002\000\040\000F\000i\000e\000l\000d\000\040\000D\000o\000c\000u\000m\000e\000n\000t\000a\000t\000i\000o\000n}{section.3.2}% 15
\BOOKMARK [3][-]{subsubsection.3.2.2.1}{\376\377\0003\000.\0002\000.\0002\000.\0001\000\040\000D\000a}{subsection.3.2.2}% 16
\BOOKMARK [3][-]{subsubsection.3.2.2.2}{\376\377\0003\000.\0002\000.\0002\000.\0002\000\040\000D\000b}{subsection.3.2.2}% 17
\BOOKMARK [3][-]{subsubsection.3.2.2.3}{\376\377\0003\000.\0002\000.\0002\000.\0003\000\040\000D\000c}{subsection.3.2.2}% 18
\BOOKMARK [1][-]{section.3.3}{\376\377\0003\000.\0003\000\040\000E\000n\000c\000o\000d\000e\000r\000\040\000S\000t\000r\000u\000c\000t\000\040\000R\000e\000f\000e\000r\000e\000n\000c\000e}{chapter.3}% 19
\BOOKMARK [2][-]{subsection.3.3.1}{\376\377\0003\000.\0003\000.\0001\000\040\000D\000e\000t\000a\000i\000l\000e\000d\000\040\000D\000e\000s\000c\000r\000i\000p\000t\000i\000o\000n}{section.3.3}% 20
\BOOKMARK [2][-]{subsection.3.3.2}{\376\377\0003\000.\0003\000.\0002\000\040\000F\000i\000e\000l\000d\000\040\000D\000o\000c\000u\000m\000e\000n\000t\000a\000t\000i\000o\000n}{section.3.3}% 21
\BOOKMARK [3][-]{subsubsection.3.3.2.1}{\376\377\0003\000.\0003\000.\0002\000.\0001\000\040\000A}{subsection.3.3.2}% 22
\BOOKMARK [3][-]{subsubsection.3.3.2.2}{\376\377\0003\000.\0003\000.\0002\000.\0002\000\040\000B}{subsection.3.3.2}% 23
\BOOKMARK [3][-]{subsubsection.3.3.2.3}{\376\377\0003\000.\0003\000.\0002\000.\0003\000\040\000c\000o\000s\000T\000h\000e\000t\000a\000\137\000e}{subsection.3.3.2}% 24
\BOOKMARK [3][-]{subsubsection.3.3.2.4}{\376\377\0003\000.\0003\000.\0002\000.\0004\000\040\000d\000i\000r\000e\000c\000t\000i\000o\000n\000M\000e\000a\000s}{subsection.3.3.2}% 25
\BOOKMARK [3][-]{subsubsection.3.3.2.5}{\376\377\0003\000.\0003\000.\0002\000.\0005\000\040\000s\000i\000n\000T\000h\000e\000t\000a\000\137\000e}{subsection.3.3.2}% 26
\BOOKMARK [3][-]{subsubsection.3.3.2.6}{\376\377\0003\000.\0003\000.\0002\000.\0006\000\040\000t\000h\000e\000t\000a\000\137\000e}{subsection.3.3.2}% 27
\BOOKMARK [3][-]{subsubsection.3.3.2.7}{\376\377\0003\000.\0003\000.\0002\000.\0007\000\040\000w\000e}{subsection.3.3.2}% 28
\BOOKMARK [3][-]{subsubsection.3.3.2.8}{\376\377\0003\000.\0003\000.\0002\000.\0008\000\040\000Z}{subsection.3.3.2}% 29
\BOOKMARK [1][-]{section.3.4}{\376\377\0003\000.\0004\000\040\000F\000e\000e\000d\000b\000a\000c\000k\000\040\000S\000t\000r\000u\000c\000t\000\040\000R\000e\000f\000e\000r\000e\000n\000c\000e}{chapter.3}% 30
\BOOKMARK [2][-]{subsection.3.4.1}{\376\377\0003\000.\0004\000.\0001\000\040\000D\000e\000t\000a\000i\000l\000e\000d\000\040\000D\000e\000s\000c\000r\000i\000p\000t\000i\000o\000n}{section.3.4}% 31
\BOOKMARK [2][-]{subsection.3.4.2}{\376\377\0003\000.\0004\000.\0002\000\040\000F\000i\000e\000l\000d\000\040\000D\000o\000c\000u\000m\000e\000n\000t\000a\000t\000i\000o\000n}{section.3.4}% 32
\BOOKMARK [3][-]{subsubsection.3.4.2.1}{\376\377\0003\000.\0004\000.\0002\000.\0001\000\040\000i\000d\000M\000e\000a\000s}{subsection.3.4.2}% 33
\BOOKMARK [3][-]{subsubsection.3.4.2.2}{\376\377\0003\000.\0004\000.\0002\000.\0002\000\040\000i\000q\000M\000e\000a\000s}{subsection.3.4.2}% 34
\BOOKMARK [3][-]{subsubsection.3.4.2.3}{\376\377\0003\000.\0004\000.\0002\000.\0003\000\040\000s\000p\000e\000e\000d\000M\000e\000a\000s}{subsection.3.4.2}% 35
\BOOKMARK [3][-]{subsubsection.3.4.2.4}{\376\377\0003\000.\0004\000.\0002\000.\0004\000\040\000t\000o\000r\000q\000u\000e\000C\000a\000l\000c}{subsection.3.4.2}% 36
\BOOKMARK [1][-]{section.3.5}{\376\377\0003\000.\0005\000\040\000I\000n\000v\000e\000r\000t\000e\000r\000S\000t\000r\000u\000c\000t\000\040\000S\000t\000r\000u\000c\000t\000\040\000R\000e\000f\000e\000r\000e\000n\000c\000e}{chapter.3}% 37
\BOOKMARK [2][-]{subsection.3.5.1}{\376\377\0003\000.\0005\000.\0001\000\040\000D\000e\000t\000a\000i\000l\000e\000d\000\040\000D\000e\000s\000c\000r\000i\000p\000t\000i\000o\000n}{section.3.5}% 38
\BOOKMARK [2][-]{subsection.3.5.2}{\376\377\0003\000.\0005\000.\0002\000\040\000F\000i\000e\000l\000d\000\040\000D\000o\000c\000u\000m\000e\000n\000t\000a\000t\000i\000o\000n}{section.3.5}% 39
\BOOKMARK [3][-]{subsubsection.3.5.2.1}{\376\377\0003\000.\0005\000.\0002\000.\0001\000\040\000a\000n\000a\000l\000o\000g}{subsection.3.5.2}% 40
\BOOKMARK [3][-]{subsubsection.3.5.2.2}{\376\377\0003\000.\0005\000.\0002\000.\0002\000\040\000d\000i\000r\000e\000c\000t\000i\000o\000n}{subsection.3.5.2}% 41
\BOOKMARK [3][-]{subsubsection.3.5.2.3}{\376\377\0003\000.\0005\000.\0002\000.\0003\000\040\000d\000u\000t\000i\000e\000s}{subsection.3.5.2}% 42
\BOOKMARK [3][-]{subsubsection.3.5.2.4}{\376\377\0003\000.\0005\000.\0002\000.\0004\000\040\000e\000n\000a\000b\000l\000e\000\137\000p\000i\000n}{subsection.3.5.2}% 43
\BOOKMARK [3][-]{subsubsection.3.5.2.5}{\376\377\0003\000.\0005\000.\0002\000.\0005\000\040\000e\000n\000a\000b\000l\000e\000\137\000p\000o\000r\000t}{subsection.3.5.2}% 44
\BOOKMARK [3][-]{subsubsection.3.5.2.6}{\376\377\0003\000.\0005\000.\0002\000.\0006\000\040\000e\000n\000c\000o\000d\000e\000r}{subsection.3.5.2}% 45
\BOOKMARK [3][-]{subsubsection.3.5.2.7}{\376\377\0003\000.\0005\000.\0002\000.\0007\000\040\000f\000e\000e\000d\000b\000a\000c\000k}{subsection.3.5.2}% 46
\BOOKMARK [3][-]{subsubsection.3.5.2.8}{\376\377\0003\000.\0005\000.\0002\000.\0008\000\040\000h\000a\000d\000c}{subsection.3.5.2}% 47
\BOOKMARK [3][-]{subsubsection.3.5.2.9}{\376\377\0003\000.\0005\000.\0002\000.\0009\000\040\000h\000t\000i\000m}{subsection.3.5.2}% 48
\BOOKMARK [3][-]{subsubsection.3.5.2.10}{\376\377\0003\000.\0005\000.\0002\000.\0001\0000\000\040\000i\000d\000L\000o\000o\000p}{subsection.3.5.2}% 49
\BOOKMARK [3][-]{subsubsection.3.5.2.11}{\376\377\0003\000.\0005\000.\0002\000.\0001\0001\000\040\000i\000q\000L\000o\000o\000p}{subsection.3.5.2}% 50
\BOOKMARK [3][-]{subsubsection.3.5.2.12}{\376\377\0003\000.\0005\000.\0002\000.\0001\0002\000\040\000l\000e\000d}{subsection.3.5.2}% 51
\BOOKMARK [3][-]{subsubsection.3.5.2.13}{\376\377\0003\000.\0005\000.\0002\000.\0001\0003\000\040\000m\000o\000t\000o\000r}{subsection.3.5.2}% 52
\BOOKMARK [3][-]{subsubsection.3.5.2.14}{\376\377\0003\000.\0005\000.\0002\000.\0001\0004\000\040\000r\000e\000f\000e\000r\000e\000n\000c\000e}{subsection.3.5.2}% 53
\BOOKMARK [3][-]{subsubsection.3.5.2.15}{\376\377\0003\000.\0005\000.\0002\000.\0001\0005\000\040\000s\000p\000e\000e\000d\000L\000o\000o\000p}{subsection.3.5.2}% 54
\BOOKMARK [3][-]{subsubsection.3.5.2.16}{\376\377\0003\000.\0005\000.\0002\000.\0001\0006\000\040\000s\000t\000a\000t\000e}{subsection.3.5.2}% 55
\BOOKMARK [3][-]{subsubsection.3.5.2.17}{\376\377\0003\000.\0005\000.\0002\000.\0001\0007\000\040\000t\000e\000m\000p\000I\000n\000v\000e\000r\000t\000e\000r}{subsection.3.5.2}% 56
\BOOKMARK [3][-]{subsubsection.3.5.2.18}{\376\377\0003\000.\0005\000.\0002\000.\0001\0008\000\040\000t\000e\000m\000p\000M\000o\000t\000o\000r}{subsection.3.5.2}% 57
\BOOKMARK [3][-]{subsubsection.3.5.2.19}{\376\377\0003\000.\0005\000.\0002\000.\0001\0009\000\040\000v\000d}{subsection.3.5.2}% 58
\BOOKMARK [3][-]{subsubsection.3.5.2.20}{\376\377\0003\000.\0005\000.\0002\000.\0002\0000\000\040\000v\000q}{subsection.3.5.2}% 59
\BOOKMARK [3][-]{subsubsection.3.5.2.21}{\376\377\0003\000.\0005\000.\0002\000.\0002\0001\000\040\000v\000s\000M\000a\000x}{subsection.3.5.2}% 60
\BOOKMARK [1][-]{section.3.6}{\376\377\0003\000.\0006\000\040\000L\000E\000D\000\040\000S\000t\000r\000u\000c\000t\000\040\000R\000e\000f\000e\000r\000e\000n\000c\000e}{chapter.3}% 61
\BOOKMARK [2][-]{subsection.3.6.1}{\376\377\0003\000.\0006\000.\0001\000\040\000D\000e\000t\000a\000i\000l\000e\000d\000\040\000D\000e\000s\000c\000r\000i\000p\000t\000i\000o\000n}{section.3.6}% 62
\BOOKMARK [2][-]{subsection.3.6.2}{\376\377\0003\000.\0006\000.\0002\000\040\000F\000i\000e\000l\000d\000\040\000D\000o\000c\000u\000m\000e\000n\000t\000a\000t\000i\000o\000n}{section.3.6}% 63
\BOOKMARK [3][-]{subsubsection.3.6.2.1}{\376\377\0003\000.\0006\000.\0002\000.\0001\000\040\000m\000o\000d\000e}{subsection.3.6.2}% 64
\BOOKMARK [3][-]{subsubsection.3.6.2.2}{\376\377\0003\000.\0006\000.\0002\000.\0002\000\040\000p\000i\000n}{subsection.3.6.2}% 65
\BOOKMARK [3][-]{subsubsection.3.6.2.3}{\376\377\0003\000.\0006\000.\0002\000.\0003\000\040\000p\000o\000r\000t}{subsection.3.6.2}% 66
\BOOKMARK [1][-]{section.3.7}{\376\377\0003\000.\0007\000\040\000M\000o\000t\000o\000r\000P\000a\000r\000a\000m\000e\000t\000e\000r\000s\000\040\000S\000t\000r\000u\000c\000t\000\040\000R\000e\000f\000e\000r\000e\000n\000c\000e}{chapter.3}% 67
\BOOKMARK [2][-]{subsection.3.7.1}{\376\377\0003\000.\0007\000.\0001\000\040\000D\000e\000t\000a\000i\000l\000e\000d\000\040\000D\000e\000s\000c\000r\000i\000p\000t\000i\000o\000n}{section.3.7}% 68
\BOOKMARK [2][-]{subsection.3.7.2}{\376\377\0003\000.\0007\000.\0002\000\040\000F\000i\000e\000l\000d\000\040\000D\000o\000c\000u\000m\000e\000n\000t\000a\000t\000i\000o\000n}{section.3.7}% 69
\BOOKMARK [3][-]{subsubsection.3.7.2.1}{\376\377\0003\000.\0007\000.\0002\000.\0001\000\040\000b}{subsection.3.7.2}% 70
\BOOKMARK [3][-]{subsubsection.3.7.2.2}{\376\377\0003\000.\0007\000.\0002\000.\0002\000\040\000d\000T\000o\000r\000q\000u\000e\000M\000a\000x}{subsection.3.7.2}% 71
\BOOKMARK [3][-]{subsubsection.3.7.2.3}{\376\377\0003\000.\0007\000.\0002\000.\0003\000\040\000i\000M\000a\000x}{subsection.3.7.2}% 72
\BOOKMARK [3][-]{subsubsection.3.7.2.4}{\376\377\0003\000.\0007\000.\0002\000.\0004\000\040\000J}{subsection.3.7.2}% 73
\BOOKMARK [3][-]{subsubsection.3.7.2.5}{\376\377\0003\000.\0007\000.\0002\000.\0005\000\040\000l\000a\000m\000b\000d\000a}{subsection.3.7.2}% 74
\BOOKMARK [3][-]{subsubsection.3.7.2.6}{\376\377\0003\000.\0007\000.\0002\000.\0006\000\040\000L\000d}{subsection.3.7.2}% 75
\BOOKMARK [3][-]{subsubsection.3.7.2.7}{\376\377\0003\000.\0007\000.\0002\000.\0007\000\040\000L\000q}{subsection.3.7.2}% 76
\BOOKMARK [3][-]{subsubsection.3.7.2.8}{\376\377\0003\000.\0007\000.\0002\000.\0008\000\040\000p\000p}{subsection.3.7.2}% 77
\BOOKMARK [3][-]{subsubsection.3.7.2.9}{\376\377\0003\000.\0007\000.\0002\000.\0009\000\040\000R\000s}{subsection.3.7.2}% 78
\BOOKMARK [3][-]{subsubsection.3.7.2.10}{\376\377\0003\000.\0007\000.\0002\000.\0001\0000\000\040\000s\000p\000e\000e\000d\000M\000a\000x\000\137\000R\000P\000M}{subsection.3.7.2}% 79
\BOOKMARK [3][-]{subsubsection.3.7.2.11}{\376\377\0003\000.\0007\000.\0002\000.\0001\0001\000\040\000t\000o\000r\000q\000u\000e\000M\000a\000x}{subsection.3.7.2}% 80
\BOOKMARK [3][-]{subsubsection.3.7.2.12}{\376\377\0003\000.\0007\000.\0002\000.\0001\0002\000\040\000v\000D\000C\000M\000a\000x}{subsection.3.7.2}% 81
\BOOKMARK [1][-]{section.3.8}{\376\377\0003\000.\0008\000\040\000R\000e\000f\000e\000r\000e\000n\000c\000e\000\040\000S\000t\000r\000u\000c\000t\000\040\000R\000e\000f\000e\000r\000e\000n\000c\000e}{chapter.3}% 82
\BOOKMARK [2][-]{subsection.3.8.1}{\376\377\0003\000.\0008\000.\0001\000\040\000D\000e\000t\000a\000i\000l\000e\000d\000\040\000D\000e\000s\000c\000r\000i\000p\000t\000i\000o\000n}{section.3.8}% 83
\BOOKMARK [2][-]{subsection.3.8.2}{\376\377\0003\000.\0008\000.\0002\000\040\000F\000i\000e\000l\000d\000\040\000D\000o\000c\000u\000m\000e\000n\000t\000a\000t\000i\000o\000n}{section.3.8}% 84
\BOOKMARK [3][-]{subsubsection.3.8.2.1}{\376\377\0003\000.\0008\000.\0002\000.\0001\000\040\000i\000d\000R\000e\000f}{subsection.3.8.2}% 85
\BOOKMARK [3][-]{subsubsection.3.8.2.2}{\376\377\0003\000.\0008\000.\0002\000.\0002\000\040\000i\000q\000R\000e\000f}{subsection.3.8.2}% 86
\BOOKMARK [3][-]{subsubsection.3.8.2.3}{\376\377\0003\000.\0008\000.\0002\000.\0003\000\040\000t\000o\000r\000q\000u\000e\000R\000e\000f}{subsection.3.8.2}% 87
\BOOKMARK [0][-]{chapter.4}{\376\377\0004\000\040\000F\000i\000l\000e\000\040\000D\000o\000c\000u\000m\000e\000n\000t\000a\000t\000i\000o\000n}{}% 88
\BOOKMARK [1][-]{section.4.1}{\376\377\0004\000.\0001\000\040\000C\000:\000/\000U\000s\000e\000r\000s\000/\000d\000w\000e\000g\000g\000/\000D\000e\000s\000k\000t\000o\000p\000/\000I\000n\000v\000e\000r\000t\000e\000r\000/\000S\000W\000/\000I\000n\000v\000e\000r\000t\000e\000r\000/\000C\000o\000r\000e\000/\000I\000n\000c\000/\000C\000O\000N\000T\000R\000O\000L\000.\000h\000\040\000F\000i\000l\000e\000\040\000R\000e\000f\000e\000r\000e\000n\000c\000e}{chapter.4}% 89
\BOOKMARK [2][-]{subsection.4.1.1}{\376\377\0004\000.\0001\000.\0001\000\040\000D\000e\000t\000a\000i\000l\000e\000d\000\040\000D\000e\000s\000c\000r\000i\000p\000t\000i\000o\000n}{section.4.1}% 90
\BOOKMARK [2][-]{subsection.4.1.2}{\376\377\0004\000.\0001\000.\0002\000\040\000F\000u\000n\000c\000t\000i\000o\000n\000\040\000D\000o\000c\000u\000m\000e\000n\000t\000a\000t\000i\000o\000n}{section.4.1}% 91
\BOOKMARK [3][-]{subsubsection.4.1.2.1}{\376\377\0004\000.\0001\000.\0002\000.\0001\000\040\000c\000a\000l\000c\000\137\000c\000u\000r\000r\000e\000n\000t\000\137\000l\000o\000o\000p\000\050\000\051}{subsection.4.1.2}% 92
\BOOKMARK [3][-]{subsubsection.4.1.2.2}{\376\377\0004\000.\0001\000.\0002\000.\0002\000\040\000c\000a\000l\000c\000\137\000c\000u\000r\000r\000e\000n\000t\000\137\000r\000e\000f\000e\000r\000e\000n\000c\000e\000\050\000\051}{subsection.4.1.2}% 93
\BOOKMARK [3][-]{subsubsection.4.1.2.3}{\376\377\0004\000.\0001\000.\0002\000.\0003\000\040\000c\000a\000l\000c\000\137\000d\000u\000t\000i\000e\000s\000\050\000\051}{subsection.4.1.2}% 94
\BOOKMARK [3][-]{subsubsection.4.1.2.4}{\376\377\0004\000.\0001\000.\0002\000.\0004\000\040\000s\000a\000t\000u\000r\000a\000t\000e\000\137\000v\000o\000l\000t\000a\000g\000e\000\050\000\051}{subsection.4.1.2}% 95
\BOOKMARK [1][-]{section.4.2}{\376\377\0004\000.\0002\000\040\000C\000O\000N\000T\000R\000O\000L\000.\000h}{chapter.4}% 96
\BOOKMARK [1][-]{section.4.3}{\376\377\0004\000.\0003\000\040\000C\000:\000/\000U\000s\000e\000r\000s\000/\000d\000w\000e\000g\000g\000/\000D\000e\000s\000k\000t\000o\000p\000/\000I\000n\000v\000e\000r\000t\000e\000r\000/\000S\000W\000/\000I\000n\000v\000e\000r\000t\000e\000r\000/\000C\000o\000r\000e\000/\000I\000n\000c\000/\000F\000S\000M\000.\000h\000\040\000F\000i\000l\000e\000\040\000R\000e\000f\000e\000r\000e\000n\000c\000e}{chapter.4}% 97
\BOOKMARK [2][-]{subsection.4.3.1}{\376\377\0004\000.\0003\000.\0001\000\040\000D\000e\000t\000a\000i\000l\000e\000d\000\040\000D\000e\000s\000c\000r\000i\000p\000t\000i\000o\000n}{section.4.3}% 98
\BOOKMARK [2][-]{subsection.4.3.2}{\376\377\0004\000.\0003\000.\0002\000\040\000F\000u\000n\000c\000t\000i\000o\000n\000\040\000D\000o\000c\000u\000m\000e\000n\000t\000a\000t\000i\000o\000n}{section.4.3}% 99
\BOOKMARK [3][-]{subsubsection.4.3.2.1}{\376\377\0004\000.\0003\000.\0002\000.\0001\000\040\000e\000v\000a\000l\000\137\000i\000n\000v\000\137\000F\000S\000M\000\050\000\051}{subsection.4.3.2}% 100
\BOOKMARK [1][-]{section.4.4}{\376\377\0004\000.\0004\000\040\000F\000S\000M\000.\000h}{chapter.4}% 101
\BOOKMARK [1][-]{section.4.5}{\376\377\0004\000.\0005\000\040\000C\000:\000/\000U\000s\000e\000r\000s\000/\000d\000w\000e\000g\000g\000/\000D\000e\000s\000k\000t\000o\000p\000/\000I\000n\000v\000e\000r\000t\000e\000r\000/\000S\000W\000/\000I\000n\000v\000e\000r\000t\000e\000r\000/\000C\000o\000r\000e\000/\000I\000n\000c\000/\000I\000N\000V\000E\000R\000T\000E\000R\000.\000h\000\040\000F\000i\000l\000e\000\040\000R\000e\000f\000e\000r\000e\000n\000c\000e}{chapter.4}% 102
\BOOKMARK [2][-]{subsection.4.5.1}{\376\377\0004\000.\0005\000.\0001\000\040\000D\000e\000t\000a\000i\000l\000e\000d\000\040\000D\000e\000s\000c\000r\000i\000p\000t\000i\000o\000n}{section.4.5}% 103
\BOOKMARK [2][-]{subsection.4.5.2}{\376\377\0004\000.\0005\000.\0002\000\040\000M\000a\000c\000r\000o\000\040\000D\000e\000f\000i\000n\000i\000t\000i\000o\000n\000\040\000D\000o\000c\000u\000m\000e\000n\000t\000a\000t\000i\000o\000n}{section.4.5}% 104
\BOOKMARK [3][-]{subsubsection.4.5.2.1}{\376\377\0004\000.\0005\000.\0002\000.\0001\000\040\000D\000T}{subsection.4.5.2}% 105
\BOOKMARK [3][-]{subsubsection.4.5.2.2}{\376\377\0004\000.\0005\000.\0002\000.\0002\000\040\000T\000S}{subsection.4.5.2}% 106
\BOOKMARK [2][-]{subsection.4.5.3}{\376\377\0004\000.\0005\000.\0003\000\040\000E\000n\000u\000m\000e\000r\000a\000t\000i\000o\000n\000\040\000T\000y\000p\000e\000\040\000D\000o\000c\000u\000m\000e\000n\000t\000a\000t\000i\000o\000n}{section.4.5}% 107
\BOOKMARK [3][-]{subsubsection.4.5.3.1}{\376\377\0004\000.\0005\000.\0003\000.\0001\000\040\000I\000n\000v\000e\000r\000t\000e\000r\000S\000t\000a\000t\000e}{subsection.4.5.3}% 108
\BOOKMARK [2][-]{subsection.4.5.4}{\376\377\0004\000.\0005\000.\0004\000\040\000F\000u\000n\000c\000t\000i\000o\000n\000\040\000D\000o\000c\000u\000m\000e\000n\000t\000a\000t\000i\000o\000n}{section.4.5}% 109
\BOOKMARK [3][-]{subsubsection.4.5.4.1}{\376\377\0004\000.\0005\000.\0004\000.\0001\000\040\000d\000i\000s\000a\000b\000l\000e\000\137\000c\000o\000n\000t\000r\000o\000l\000\137\000l\000o\000o\000p\000s\000\050\000\051}{subsection.4.5.4}% 110
\BOOKMARK [3][-]{subsubsection.4.5.4.2}{\376\377\0004\000.\0005\000.\0004\000.\0002\000\040\000e\000n\000a\000b\000l\000e\000\137\000c\000o\000n\000t\000r\000o\000l\000\137\000l\000o\000o\000p\000s\000\050\000\051}{subsection.4.5.4}% 111
\BOOKMARK [3][-]{subsubsection.4.5.4.3}{\376\377\0004\000.\0005\000.\0004\000.\0003\000\040\000i\000n\000i\000t\000\137\000c\000o\000n\000t\000r\000o\000l\000\137\000l\000o\000o\000p\000s\000\050\000\051}{subsection.4.5.4}% 112
\BOOKMARK [3][-]{subsubsection.4.5.4.4}{\376\377\0004\000.\0005\000.\0004\000.\0004\000\040\000i\000n\000i\000t\000i\000a\000l\000i\000z\000e\000\137\000i\000n\000v\000e\000r\000t\000e\000r\000\050\000\051}{subsection.4.5.4}% 113
\BOOKMARK [2][-]{subsection.4.5.5}{\376\377\0004\000.\0005\000.\0005\000\040\000V\000a\000r\000i\000a\000b\000l\000e\000\040\000D\000o\000c\000u\000m\000e\000n\000t\000a\000t\000i\000o\000n}{section.4.5}% 114
\BOOKMARK [3][-]{subsubsection.4.5.5.1}{\376\377\0004\000.\0005\000.\0005\000.\0001\000\040\000i\000n\000v\000e\000r\000t\000e\000r\000\137\000l\000e\000f\000t}{subsection.4.5.5}% 115
\BOOKMARK [3][-]{subsubsection.4.5.5.2}{\376\377\0004\000.\0005\000.\0005\000.\0002\000\040\000i\000n\000v\000e\000r\000t\000e\000r\000\137\000r\000i\000g\000h\000t}{subsection.4.5.5}% 116
\BOOKMARK [1][-]{section.4.6}{\376\377\0004\000.\0006\000\040\000I\000N\000V\000E\000R\000T\000E\000R\000.\000h}{chapter.4}% 117
\BOOKMARK [1][-]{section.4.7}{\376\377\0004\000.\0007\000\040\000C\000:\000/\000U\000s\000e\000r\000s\000/\000d\000w\000e\000g\000g\000/\000D\000e\000s\000k\000t\000o\000p\000/\000I\000n\000v\000e\000r\000t\000e\000r\000/\000S\000W\000/\000I\000n\000v\000e\000r\000t\000e\000r\000/\000C\000o\000r\000e\000/\000I\000n\000c\000/\000m\000a\000i\000n\000.\000h\000\040\000F\000i\000l\000e\000\040\000R\000e\000f\000e\000r\000e\000n\000c\000e}{chapter.4}% 118
\BOOKMARK [2][-]{subsection.4.7.1}{\376\377\0004\000.\0007\000.\0001\000\040\000D\000e\000t\000a\000i\000l\000e\000d\000\040\000D\000e\000s\000c\000r\000i\000p\000t\000i\000o\000n}{section.4.7}% 119
\BOOKMARK [2][-]{subsection.4.7.2}{\376\377\0004\000.\0007\000.\0002\000\040\000M\000a\000c\000r\000o\000\040\000D\000e\000f\000i\000n\000i\000t\000i\000o\000n\000\040\000D\000o\000c\000u\000m\000e\000n\000t\000a\000t\000i\000o\000n}{section.4.7}% 120
\BOOKMARK [3][-]{subsubsection.4.7.2.1}{\376\377\0004\000.\0007\000.\0002\000.\0001\000\040\000A\000\137\000L\000\137\000G\000P\000I\000O\000\137\000P\000o\000r\000t}{subsection.4.7.2}% 121
\BOOKMARK [3][-]{subsubsection.4.7.2.2}{\376\377\0004\000.\0007\000.\0002\000.\0002\000\040\000A\000\137\000L\000\137\000P\000i\000n}{subsection.4.7.2}% 122
\BOOKMARK [3][-]{subsubsection.4.7.2.3}{\376\377\0004\000.\0007\000.\0002\000.\0003\000\040\000A\000\137\000R\000\137\000G\000P\000I\000O\000\137\000P\000o\000r\000t}{subsection.4.7.2}% 123
\BOOKMARK [3][-]{subsubsection.4.7.2.4}{\376\377\0004\000.\0007\000.\0002\000.\0004\000\040\000A\000\137\000R\000\137\000P\000i\000n}{subsection.4.7.2}% 124
\BOOKMARK [3][-]{subsubsection.4.7.2.5}{\376\377\0004\000.\0007\000.\0002\000.\0005\000\040\000B\000\137\000L\000\137\000G\000P\000I\000O\000\137\000P\000o\000r\000t}{subsection.4.7.2}% 125
\BOOKMARK [3][-]{subsubsection.4.7.2.6}{\376\377\0004\000.\0007\000.\0002\000.\0006\000\040\000B\000\137\000L\000\137\000P\000i\000n}{subsection.4.7.2}% 126
\BOOKMARK [3][-]{subsubsection.4.7.2.7}{\376\377\0004\000.\0007\000.\0002\000.\0007\000\040\000B\000\137\000R\000\137\000G\000P\000I\000O\000\137\000P\000o\000r\000t}{subsection.4.7.2}% 127
\BOOKMARK [3][-]{subsubsection.4.7.2.8}{\376\377\0004\000.\0007\000.\0002\000.\0008\000\040\000B\000\137\000R\000\137\000P\000i\000n}{subsection.4.7.2}% 128
\BOOKMARK [3][-]{subsubsection.4.7.2.9}{\376\377\0004\000.\0007\000.\0002\000.\0009\000\040\000D\000A\000C\000\137\000G\000P\000I\000O\000\137\000P\000o\000r\000t}{subsection.4.7.2}% 129
\BOOKMARK [3][-]{subsubsection.4.7.2.10}{\376\377\0004\000.\0007\000.\0002\000.\0001\0000\000\040\000D\000A\000C\000\137\000P\000i\000n}{subsection.4.7.2}% 130
\BOOKMARK [3][-]{subsubsection.4.7.2.11}{\376\377\0004\000.\0007\000.\0002\000.\0001\0001\000\040\000D\000I\000R\000\137\000G\000P\000I\000O\000\137\000P\000o\000r\000t}{subsection.4.7.2}% 131
\BOOKMARK [3][-]{subsubsection.4.7.2.12}{\376\377\0004\000.\0007\000.\0002\000.\0001\0002\000\040\000D\000I\000R\000\137\000P\000i\000n}{subsection.4.7.2}% 132
\BOOKMARK [3][-]{subsubsection.4.7.2.13}{\376\377\0004\000.\0007\000.\0002\000.\0001\0003\000\040\000E\000N\000A\000B\000L\000E\000\137\000L\000\137\000G\000P\000I\000O\000\137\000P\000o\000r\000t}{subsection.4.7.2}% 133
\BOOKMARK [3][-]{subsubsection.4.7.2.14}{\376\377\0004\000.\0007\000.\0002\000.\0001\0004\000\040\000E\000N\000A\000B\000L\000E\000\137\000L\000\137\000P\000i\000n}{subsection.4.7.2}% 134
\BOOKMARK [3][-]{subsubsection.4.7.2.15}{\376\377\0004\000.\0007\000.\0002\000.\0001\0005\000\040\000E\000N\000A\000B\000L\000E\000\137\000R\000\137\000G\000P\000I\000O\000\137\000P\000o\000r\000t}{subsection.4.7.2}% 135
\BOOKMARK [3][-]{subsubsection.4.7.2.16}{\376\377\0004\000.\0007\000.\0002\000.\0001\0006\000\040\000E\000N\000A\000B\000L\000E\000\137\000R\000\137\000P\000i\000n}{subsection.4.7.2}% 136
\BOOKMARK [3][-]{subsubsection.4.7.2.17}{\376\377\0004\000.\0007\000.\0002\000.\0001\0007\000\040\000i\000a\000\137\000L\000\137\000G\000P\000I\000O\000\137\000P\000o\000r\000t}{subsection.4.7.2}% 137
\BOOKMARK [3][-]{subsubsection.4.7.2.18}{\376\377\0004\000.\0007\000.\0002\000.\0001\0008\000\040\000i\000a\000\137\000L\000\137\000P\000i\000n}{subsection.4.7.2}% 138
\BOOKMARK [3][-]{subsubsection.4.7.2.19}{\376\377\0004\000.\0007\000.\0002\000.\0001\0009\000\040\000i\000a\000\137\000R\000\137\000G\000P\000I\000O\000\137\000P\000o\000r\000t}{subsection.4.7.2}% 139
\BOOKMARK [3][-]{subsubsection.4.7.2.20}{\376\377\0004\000.\0007\000.\0002\000.\0002\0000\000\040\000i\000a\000\137\000R\000\137\000P\000i\000n}{subsection.4.7.2}% 140
\BOOKMARK [3][-]{subsubsection.4.7.2.21}{\376\377\0004\000.\0007\000.\0002\000.\0002\0001\000\040\000i\000b\000\137\000L\000\137\000G\000P\000I\000O\000\137\000P\000o\000r\000t}{subsection.4.7.2}% 141
\BOOKMARK [3][-]{subsubsection.4.7.2.22}{\376\377\0004\000.\0007\000.\0002\000.\0002\0002\000\040\000i\000b\000\137\000L\000\137\000P\000i\000n}{subsection.4.7.2}% 142
\BOOKMARK [3][-]{subsubsection.4.7.2.23}{\376\377\0004\000.\0007\000.\0002\000.\0002\0003\000\040\000i\000b\000\137\000R\000\137\000G\000P\000I\000O\000\137\000P\000o\000r\000t}{subsection.4.7.2}% 143
\BOOKMARK [3][-]{subsubsection.4.7.2.24}{\376\377\0004\000.\0007\000.\0002\000.\0002\0004\000\040\000i\000b\000\137\000R\000\137\000P\000i\000n}{subsection.4.7.2}% 144
\BOOKMARK [3][-]{subsubsection.4.7.2.25}{\376\377\0004\000.\0007\000.\0002\000.\0002\0005\000\040\000i\000c\000\137\000L\000\137\000G\000P\000I\000O\000\137\000P\000o\000r\000t}{subsection.4.7.2}% 145
\BOOKMARK [3][-]{subsubsection.4.7.2.26}{\376\377\0004\000.\0007\000.\0002\000.\0002\0006\000\040\000i\000c\000\137\000L\000\137\000P\000i\000n}{subsection.4.7.2}% 146
\BOOKMARK [3][-]{subsubsection.4.7.2.27}{\376\377\0004\000.\0007\000.\0002\000.\0002\0007\000\040\000i\000c\000\137\000R\000\137\000G\000P\000I\000O\000\137\000P\000o\000r\000t}{subsection.4.7.2}% 147
\BOOKMARK [3][-]{subsubsection.4.7.2.28}{\376\377\0004\000.\0007\000.\0002\000.\0002\0008\000\040\000i\000c\000\137\000R\000\137\000P\000i\000n}{subsection.4.7.2}% 148
\BOOKMARK [3][-]{subsubsection.4.7.2.29}{\376\377\0004\000.\0007\000.\0002\000.\0002\0009\000\040\000L\000E\000D\000\137\000E\000R\000R\000\137\000G\000P\000I\000O\000\137\000P\000o\000r\000t}{subsection.4.7.2}% 149
\BOOKMARK [3][-]{subsubsection.4.7.2.30}{\376\377\0004\000.\0007\000.\0002\000.\0003\0000\000\040\000L\000E\000D\000\137\000E\000R\000R\000\137\000P\000i\000n}{subsection.4.7.2}% 150
\BOOKMARK [3][-]{subsubsection.4.7.2.31}{\376\377\0004\000.\0007\000.\0002\000.\0003\0001\000\040\000L\000E\000D\000\137\000L\000E\000F\000T\000\137\000G\000P\000I\000O\000\137\000P\000o\000r\000t}{subsection.4.7.2}% 151
\BOOKMARK [3][-]{subsubsection.4.7.2.32}{\376\377\0004\000.\0007\000.\0002\000.\0003\0002\000\040\000L\000E\000D\000\137\000L\000E\000F\000T\000\137\000P\000i\000n}{subsection.4.7.2}% 152
\BOOKMARK [3][-]{subsubsection.4.7.2.33}{\376\377\0004\000.\0007\000.\0002\000.\0003\0003\000\040\000L\000E\000D\000\137\000R\000I\000G\000H\000T\000\137\000G\000P\000I\000O\000\137\000P\000o\000r\000t}{subsection.4.7.2}% 153
\BOOKMARK [3][-]{subsubsection.4.7.2.34}{\376\377\0004\000.\0007\000.\0002\000.\0003\0004\000\040\000L\000E\000D\000\137\000R\000I\000G\000H\000T\000\137\000P\000i\000n}{subsection.4.7.2}% 154
\BOOKMARK [3][-]{subsubsection.4.7.2.35}{\376\377\0004\000.\0007\000.\0002\000.\0003\0005\000\040\000P\000W\000M\0001\000\137\000L\000\137\000G\000P\000I\000O\000\137\000P\000o\000r\000t}{subsection.4.7.2}% 155
\BOOKMARK [3][-]{subsubsection.4.7.2.36}{\376\377\0004\000.\0007\000.\0002\000.\0003\0006\000\040\000P\000W\000M\0001\000\137\000L\000\137\000P\000i\000n}{subsection.4.7.2}% 156
\BOOKMARK [3][-]{subsubsection.4.7.2.37}{\376\377\0004\000.\0007\000.\0002\000.\0003\0007\000\040\000P\000W\000M\0001\000\137\000R\000\137\000G\000P\000I\000O\000\137\000P\000o\000r\000t}{subsection.4.7.2}% 157
\BOOKMARK [3][-]{subsubsection.4.7.2.38}{\376\377\0004\000.\0007\000.\0002\000.\0003\0008\000\040\000P\000W\000M\0001\000\137\000R\000\137\000P\000i\000n}{subsection.4.7.2}% 158
\BOOKMARK [3][-]{subsubsection.4.7.2.39}{\376\377\0004\000.\0007\000.\0002\000.\0003\0009\000\040\000P\000W\000M\0002\000\137\000L\000\137\000G\000P\000I\000O\000\137\000P\000o\000r\000t}{subsection.4.7.2}% 159
\BOOKMARK [3][-]{subsubsection.4.7.2.40}{\376\377\0004\000.\0007\000.\0002\000.\0004\0000\000\040\000P\000W\000M\0002\000\137\000L\000\137\000P\000i\000n}{subsection.4.7.2}% 160
\BOOKMARK [3][-]{subsubsection.4.7.2.41}{\376\377\0004\000.\0007\000.\0002\000.\0004\0001\000\040\000P\000W\000M\0002\000\137\000R\000\137\000G\000P\000I\000O\000\137\000P\000o\000r\000t}{subsection.4.7.2}% 161
\BOOKMARK [3][-]{subsubsection.4.7.2.42}{\376\377\0004\000.\0007\000.\0002\000.\0004\0002\000\040\000P\000W\000M\0002\000\137\000R\000\137\000P\000i\000n}{subsection.4.7.2}% 162
\BOOKMARK [3][-]{subsubsection.4.7.2.43}{\376\377\0004\000.\0007\000.\0002\000.\0004\0003\000\040\000P\000W\000M\0003\000\137\000L\000\137\000G\000P\000I\000O\000\137\000P\000o\000r\000t}{subsection.4.7.2}% 163
\BOOKMARK [3][-]{subsubsection.4.7.2.44}{\376\377\0004\000.\0007\000.\0002\000.\0004\0004\000\040\000P\000W\000M\0003\000\137\000L\000\137\000P\000i\000n}{subsection.4.7.2}% 164
\BOOKMARK [3][-]{subsubsection.4.7.2.45}{\376\377\0004\000.\0007\000.\0002\000.\0004\0005\000\040\000P\000W\000M\0003\000\137\000R\000\137\000G\000P\000I\000O\000\137\000P\000o\000r\000t}{subsection.4.7.2}% 165
\BOOKMARK [3][-]{subsubsection.4.7.2.46}{\376\377\0004\000.\0007\000.\0002\000.\0004\0006\000\040\000P\000W\000M\0003\000\137\000R\000\137\000P\000i\000n}{subsection.4.7.2}% 166
\BOOKMARK [3][-]{subsubsection.4.7.2.47}{\376\377\0004\000.\0007\000.\0002\000.\0004\0007\000\040\000P\000W\000M\0004\000\137\000L\000\137\000G\000P\000I\000O\000\137\000P\000o\000r\000t}{subsection.4.7.2}% 167
\BOOKMARK [3][-]{subsubsection.4.7.2.48}{\376\377\0004\000.\0007\000.\0002\000.\0004\0008\000\040\000P\000W\000M\0004\000\137\000L\000\137\000P\000i\000n}{subsection.4.7.2}% 168
\BOOKMARK [3][-]{subsubsection.4.7.2.49}{\376\377\0004\000.\0007\000.\0002\000.\0004\0009\000\040\000P\000W\000M\0004\000\137\000R\000\137\000G\000P\000I\000O\000\137\000P\000o\000r\000t}{subsection.4.7.2}% 169
\BOOKMARK [3][-]{subsubsection.4.7.2.50}{\376\377\0004\000.\0007\000.\0002\000.\0005\0000\000\040\000P\000W\000M\0004\000\137\000R\000\137\000P\000i\000n}{subsection.4.7.2}% 170
\BOOKMARK [3][-]{subsubsection.4.7.2.51}{\376\377\0004\000.\0007\000.\0002\000.\0005\0001\000\040\000P\000W\000M\0005\000\137\000L\000\137\000G\000P\000I\000O\000\137\000P\000o\000r\000t}{subsection.4.7.2}% 171
\BOOKMARK [3][-]{subsubsection.4.7.2.52}{\376\377\0004\000.\0007\000.\0002\000.\0005\0002\000\040\000P\000W\000M\0005\000\137\000L\000\137\000P\000i\000n}{subsection.4.7.2}% 172
\BOOKMARK [3][-]{subsubsection.4.7.2.53}{\376\377\0004\000.\0007\000.\0002\000.\0005\0003\000\040\000P\000W\000M\0005\000\137\000R\000\137\000G\000P\000I\000O\000\137\000P\000o\000r\000t}{subsection.4.7.2}% 173
\BOOKMARK [3][-]{subsubsection.4.7.2.54}{\376\377\0004\000.\0007\000.\0002\000.\0005\0004\000\040\000P\000W\000M\0005\000\137\000R\000\137\000P\000i\000n}{subsection.4.7.2}% 174
\BOOKMARK [3][-]{subsubsection.4.7.2.55}{\376\377\0004\000.\0007\000.\0002\000.\0005\0005\000\040\000P\000W\000M\0006\000\137\000L\000\137\000G\000P\000I\000O\000\137\000P\000o\000r\000t}{subsection.4.7.2}% 175
\BOOKMARK [3][-]{subsubsection.4.7.2.56}{\376\377\0004\000.\0007\000.\0002\000.\0005\0006\000\040\000P\000W\000M\0006\000\137\000L\000\137\000P\000i\000n}{subsection.4.7.2}% 176
\BOOKMARK [3][-]{subsubsection.4.7.2.57}{\376\377\0004\000.\0007\000.\0002\000.\0005\0007\000\040\000P\000W\000M\0006\000\137\000R\000\137\000G\000P\000I\000O\000\137\000P\000o\000r\000t}{subsection.4.7.2}% 177
\BOOKMARK [3][-]{subsubsection.4.7.2.58}{\376\377\0004\000.\0007\000.\0002\000.\0005\0008\000\040\000P\000W\000M\0006\000\137\000R\000\137\000P\000i\000n}{subsection.4.7.2}% 178
\BOOKMARK [3][-]{subsubsection.4.7.2.59}{\376\377\0004\000.\0007\000.\0002\000.\0005\0009\000\040\000S\000C\000\137\000d\000e\000t\000\137\000G\000P\000I\000O\000\137\000P\000o\000r\000t}{subsection.4.7.2}% 179
\BOOKMARK [3][-]{subsubsection.4.7.2.60}{\376\377\0004\000.\0007\000.\0002\000.\0006\0000\000\040\000S\000C\000\137\000d\000e\000t\000\137\000P\000i\000n}{subsection.4.7.2}% 180
\BOOKMARK [3][-]{subsubsection.4.7.2.61}{\376\377\0004\000.\0007\000.\0002\000.\0006\0001\000\040\000T\000i\000n\000v\000\137\000L\000\137\000G\000P\000I\000O\000\137\000P\000o\000r\000t}{subsection.4.7.2}% 181
\BOOKMARK [3][-]{subsubsection.4.7.2.62}{\376\377\0004\000.\0007\000.\0002\000.\0006\0002\000\040\000T\000i\000n\000v\000\137\000L\000\137\000P\000i\000n}{subsection.4.7.2}% 182
\BOOKMARK [3][-]{subsubsection.4.7.2.63}{\376\377\0004\000.\0007\000.\0002\000.\0006\0003\000\040\000T\000i\000n\000v\000\137\000R\000\137\000G\000P\000I\000O\000\137\000P\000o\000r\000t}{subsection.4.7.2}% 183
\BOOKMARK [3][-]{subsubsection.4.7.2.64}{\376\377\0004\000.\0007\000.\0002\000.\0006\0004\000\040\000T\000i\000n\000v\000\137\000R\000\137\000P\000i\000n}{subsection.4.7.2}% 184
\BOOKMARK [3][-]{subsubsection.4.7.2.65}{\376\377\0004\000.\0007\000.\0002\000.\0006\0005\000\040\000T\000m\000o\000t\000\137\000L\000\137\000G\000P\000I\000O\000\137\000P\000o\000r\000t}{subsection.4.7.2}% 185
\BOOKMARK [3][-]{subsubsection.4.7.2.66}{\376\377\0004\000.\0007\000.\0002\000.\0006\0006\000\040\000T\000m\000o\000t\000\137\000L\000\137\000P\000i\000n}{subsection.4.7.2}% 186
\BOOKMARK [3][-]{subsubsection.4.7.2.67}{\376\377\0004\000.\0007\000.\0002\000.\0006\0007\000\040\000T\000m\000o\000t\000\137\000R\000\137\000G\000P\000I\000O\000\137\000P\000o\000r\000t}{subsection.4.7.2}% 187
\BOOKMARK [3][-]{subsubsection.4.7.2.68}{\376\377\0004\000.\0007\000.\0002\000.\0006\0008\000\040\000T\000m\000o\000t\000\137\000R\000\137\000P\000i\000n}{subsection.4.7.2}% 188
\BOOKMARK [3][-]{subsubsection.4.7.2.69}{\376\377\0004\000.\0007\000.\0002\000.\0006\0009\000\040\000T\000R\000I\000P\000\137\000L\000\137\000G\000P\000I\000O\000\137\000P\000o\000r\000t}{subsection.4.7.2}% 189
\BOOKMARK [3][-]{subsubsection.4.7.2.70}{\376\377\0004\000.\0007\000.\0002\000.\0007\0000\000\040\000T\000R\000I\000P\000\137\000L\000\137\000P\000i\000n}{subsection.4.7.2}% 190
\BOOKMARK [3][-]{subsubsection.4.7.2.71}{\376\377\0004\000.\0007\000.\0002\000.\0007\0001\000\040\000T\000R\000I\000P\000\137\000R\000\137\000G\000P\000I\000O\000\137\000P\000o\000r\000t}{subsection.4.7.2}% 191
\BOOKMARK [3][-]{subsubsection.4.7.2.72}{\376\377\0004\000.\0007\000.\0002\000.\0007\0002\000\040\000T\000R\000I\000P\000\137\000R\000\137\000P\000i\000n}{subsection.4.7.2}% 192
\BOOKMARK [3][-]{subsubsection.4.7.2.73}{\376\377\0004\000.\0007\000.\0002\000.\0007\0003\000\040\000V\000D\000C\000\137\000L\000\137\000G\000P\000I\000O\000\137\000P\000o\000r\000t}{subsection.4.7.2}% 193
\BOOKMARK [3][-]{subsubsection.4.7.2.74}{\376\377\0004\000.\0007\000.\0002\000.\0007\0004\000\040\000V\000D\000C\000\137\000L\000\137\000P\000i\000n}{subsection.4.7.2}% 194
\BOOKMARK [3][-]{subsubsection.4.7.2.75}{\376\377\0004\000.\0007\000.\0002\000.\0007\0005\000\040\000V\000D\000C\000\137\000R\000\137\000G\000P\000I\000O\000\137\000P\000o\000r\000t}{subsection.4.7.2}% 195
\BOOKMARK [3][-]{subsubsection.4.7.2.76}{\376\377\0004\000.\0007\000.\0002\000.\0007\0006\000\040\000V\000D\000C\000\137\000R\000\137\000P\000i\000n}{subsection.4.7.2}% 196
\BOOKMARK [3][-]{subsubsection.4.7.2.77}{\376\377\0004\000.\0007\000.\0002\000.\0007\0007\000\040\000W\000R\000N\000\137\000L\000\137\000G\000P\000I\000O\000\137\000P\000o\000r\000t}{subsection.4.7.2}% 197
\BOOKMARK [3][-]{subsubsection.4.7.2.78}{\376\377\0004\000.\0007\000.\0002\000.\0007\0008\000\040\000W\000R\000N\000\137\000L\000\137\000P\000i\000n}{subsection.4.7.2}% 198
\BOOKMARK [3][-]{subsubsection.4.7.2.79}{\376\377\0004\000.\0007\000.\0002\000.\0007\0009\000\040\000W\000R\000N\000\137\000R\000\137\000G\000P\000I\000O\000\137\000P\000o\000r\000t}{subsection.4.7.2}% 199
\BOOKMARK [3][-]{subsubsection.4.7.2.80}{\376\377\0004\000.\0007\000.\0002\000.\0008\0000\000\040\000W\000R\000N\000\137\000R\000\137\000P\000i\000n}{subsection.4.7.2}% 200
\BOOKMARK [3][-]{subsubsection.4.7.2.81}{\376\377\0004\000.\0007\000.\0002\000.\0008\0001\000\040\000Z\000\137\000L\000\137\000G\000P\000I\000O\000\137\000P\000o\000r\000t}{subsection.4.7.2}% 201
\BOOKMARK [3][-]{subsubsection.4.7.2.82}{\376\377\0004\000.\0007\000.\0002\000.\0008\0002\000\040\000Z\000\137\000L\000\137\000P\000i\000n}{subsection.4.7.2}% 202
\BOOKMARK [3][-]{subsubsection.4.7.2.83}{\376\377\0004\000.\0007\000.\0002\000.\0008\0003\000\040\000Z\000\137\000R\000\137\000G\000P\000I\000O\000\137\000P\000o\000r\000t}{subsection.4.7.2}% 203
\BOOKMARK [3][-]{subsubsection.4.7.2.84}{\376\377\0004\000.\0007\000.\0002\000.\0008\0004\000\040\000Z\000\137\000R\000\137\000P\000i\000n}{subsection.4.7.2}% 204
\BOOKMARK [2][-]{subsection.4.7.3}{\376\377\0004\000.\0007\000.\0003\000\040\000F\000u\000n\000c\000t\000i\000o\000n\000\040\000D\000o\000c\000u\000m\000e\000n\000t\000a\000t\000i\000o\000n}{section.4.7}% 205
\BOOKMARK [3][-]{subsubsection.4.7.3.1}{\376\377\0004\000.\0007\000.\0003\000.\0001\000\040\000E\000r\000r\000o\000r\000\137\000H\000a\000n\000d\000l\000e\000r\000\050\000\051}{subsection.4.7.3}% 206
\BOOKMARK [1][-]{section.4.8}{\376\377\0004\000.\0008\000\040\000m\000a\000i\000n\000.\000h}{chapter.4}% 207
\BOOKMARK [1][-]{section.4.9}{\376\377\0004\000.\0009\000\040\000C\000:\000/\000U\000s\000e\000r\000s\000/\000d\000w\000e\000g\000g\000/\000D\000e\000s\000k\000t\000o\000p\000/\000I\000n\000v\000e\000r\000t\000e\000r\000/\000S\000W\000/\000I\000n\000v\000e\000r\000t\000e\000r\000/\000C\000o\000r\000e\000/\000I\000n\000c\000/\000M\000E\000A\000S\000U\000R\000E\000M\000E\000N\000T\000S\000.\000h\000\040\000F\000i\000l\000e\000\040\000R\000e\000f\000e\000r\000e\000n\000c\000e}{chapter.4}% 208
\BOOKMARK [2][-]{subsection.4.9.1}{\376\377\0004\000.\0009\000.\0001\000\040\000D\000e\000t\000a\000i\000l\000e\000d\000\040\000D\000e\000s\000c\000r\000i\000p\000t\000i\000o\000n}{section.4.9}% 209
\BOOKMARK [2][-]{subsection.4.9.2}{\376\377\0004\000.\0009\000.\0002\000\040\000M\000a\000c\000r\000o\000\040\000D\000e\000f\000i\000n\000i\000t\000i\000o\000n\000\040\000D\000o\000c\000u\000m\000e\000n\000t\000a\000t\000i\000o\000n}{section.4.9}% 210
\BOOKMARK [3][-]{subsubsection.4.9.2.1}{\376\377\0004\000.\0009\000.\0002\000.\0001\000\040\000C\000U\000R\000R\000E\000N\000T\000\137\000O\000F\000F\000S\000E\000T}{subsection.4.9.2}% 211
\BOOKMARK [3][-]{subsubsection.4.9.2.2}{\376\377\0004\000.\0009\000.\0002\000.\0002\000\040\000C\000U\000R\000R\000E\000N\000T\000\137\000S\000L\000O\000P\000E}{subsection.4.9.2}% 212
\BOOKMARK [3][-]{subsubsection.4.9.2.3}{\376\377\0004\000.\0009\000.\0002\000.\0003\000\040\000V\000O\000L\000T\000A\000G\000E\000\137\000O\000F\000F\000S\000E\000T}{subsection.4.9.2}% 213
\BOOKMARK [3][-]{subsubsection.4.9.2.4}{\376\377\0004\000.\0009\000.\0002\000.\0004\000\040\000V\000O\000L\000T\000A\000G\000E\000\137\000S\000L\000O\000P\000E}{subsection.4.9.2}% 214
\BOOKMARK [2][-]{subsection.4.9.3}{\376\377\0004\000.\0009\000.\0003\000\040\000F\000u\000n\000c\000t\000i\000o\000n\000\040\000D\000o\000c\000u\000m\000e\000n\000t\000a\000t\000i\000o\000n}{section.4.9}% 215
\BOOKMARK [3][-]{subsubsection.4.9.3.1}{\376\377\0004\000.\0009\000.\0003\000.\0001\000\040\000g\000e\000t\000\137\000c\000u\000r\000r\000e\000n\000t\000s\000\137\000v\000o\000l\000t\000a\000g\000e\000\050\000\051}{subsection.4.9.3}% 216
\BOOKMARK [3][-]{subsubsection.4.9.3.2}{\376\377\0004\000.\0009\000.\0003\000.\0002\000\040\000g\000e\000t\000\137\000i\000d\000i\000q\000\050\000\051}{subsection.4.9.3}% 217
\BOOKMARK [3][-]{subsubsection.4.9.3.3}{\376\377\0004\000.\0009\000.\0003\000.\0003\000\040\000g\000e\000t\000\137\000l\000i\000n\000e\000a\000r\000\050\000\051}{subsection.4.9.3}% 218
\BOOKMARK [3][-]{subsubsection.4.9.3.4}{\376\377\0004\000.\0009\000.\0003\000.\0004\000\040\000g\000e\000t\000\137\000t\000e\000m\000p\000e\000r\000a\000t\000u\000r\000e\000\050\000\051}{subsection.4.9.3}% 219
\BOOKMARK [2][-]{subsection.4.9.4}{\376\377\0004\000.\0009\000.\0004\000\040\000V\000a\000r\000i\000a\000b\000l\000e\000\040\000D\000o\000c\000u\000m\000e\000n\000t\000a\000t\000i\000o\000n}{section.4.9}% 220
\BOOKMARK [3][-]{subsubsection.4.9.4.1}{\376\377\0004\000.\0009\000.\0004\000.\0001\000\040\000r\000a\000w\000A\000D\000C\000\137\000l\000e\000f\000t}{subsection.4.9.4}% 221
\BOOKMARK [3][-]{subsubsection.4.9.4.2}{\376\377\0004\000.\0009\000.\0004\000.\0002\000\040\000r\000a\000w\000A\000D\000C\000\137\000r\000i\000g\000h\000t}{subsection.4.9.4}% 222
\BOOKMARK [3][-]{subsubsection.4.9.4.3}{\376\377\0004\000.\0009\000.\0004\000.\0003\000\040\000r\000a\000w\000A\000D\000C\000\137\000t\000e\000m\000p}{subsection.4.9.4}% 223
\BOOKMARK [3][-]{subsubsection.4.9.4.4}{\376\377\0004\000.\0009\000.\0004\000.\0004\000\040\000t\000e\000m\000p\000I\000n\000v\000e\000r\000t\000e\000r\000L\000U\000T}{subsection.4.9.4}% 224
\BOOKMARK [3][-]{subsubsection.4.9.4.5}{\376\377\0004\000.\0009\000.\0004\000.\0005\000\040\000t\000e\000m\000p\000M\000o\000t\000o\000r\000L\000U\000T}{subsection.4.9.4}% 225
\BOOKMARK [1][-]{section.4.10}{\376\377\0004\000.\0001\0000\000\040\000M\000E\000A\000S\000U\000R\000E\000M\000E\000N\000T\000S\000.\000h}{chapter.4}% 226
\BOOKMARK [1][-]{section.4.11}{\376\377\0004\000.\0001\0001\000\040\000C\000:\000/\000U\000s\000e\000r\000s\000/\000d\000w\000e\000g\000g\000/\000D\000e\000s\000k\000t\000o\000p\000/\000I\000n\000v\000e\000r\000t\000e\000r\000/\000S\000W\000/\000I\000n\000v\000e\000r\000t\000e\000r\000/\000C\000o\000r\000e\000/\000I\000n\000c\000/\000M\000O\000T\000O\000R\000.\000h\000\040\000F\000i\000l\000e\000\040\000R\000e\000f\000e\000r\000e\000n\000c\000e}{chapter.4}% 227
\BOOKMARK [2][-]{subsection.4.11.1}{\376\377\0004\000.\0001\0001\000.\0001\000\040\000D\000e\000t\000a\000i\000l\000e\000d\000\040\000D\000e\000s\000c\000r\000i\000p\000t\000i\000o\000n}{section.4.11}% 228
\BOOKMARK [2][-]{subsection.4.11.2}{\376\377\0004\000.\0001\0001\000.\0002\000\040\000F\000u\000n\000c\000t\000i\000o\000n\000\040\000D\000o\000c\000u\000m\000e\000n\000t\000a\000t\000i\000o\000n}{section.4.11}% 229
\BOOKMARK [3][-]{subsubsection.4.11.2.1}{\376\377\0004\000.\0001\0001\000.\0002\000.\0001\000\040\000c\000h\000e\000c\000k\000\137\000m\000o\000t\000o\000r\000\137\000p\000a\000r\000a\000m\000e\000t\000e\000r\000s\000\050\000\051}{subsection.4.11.2}% 230
\BOOKMARK [2][-]{subsection.4.11.3}{\376\377\0004\000.\0001\0001\000.\0003\000\040\000V\000a\000r\000i\000a\000b\000l\000e\000\040\000D\000o\000c\000u\000m\000e\000n\000t\000a\000t\000i\000o\000n}{section.4.11}% 231
\BOOKMARK [3][-]{subsubsection.4.11.3.1}{\376\377\0004\000.\0001\0001\000.\0003\000.\0001\000\040\000m\000o\000t\000o\000r\000\137\000l\000e\000f\000t}{subsection.4.11.3}% 232
\BOOKMARK [3][-]{subsubsection.4.11.3.2}{\376\377\0004\000.\0001\0001\000.\0003\000.\0002\000\040\000m\000o\000t\000o\000r\000\137\000r\000i\000g\000h\000t}{subsection.4.11.3}% 233
\BOOKMARK [1][-]{section.4.12}{\376\377\0004\000.\0001\0002\000\040\000M\000O\000T\000O\000R\000.\000h}{chapter.4}% 234
\BOOKMARK [1][-]{section.4.13}{\376\377\0004\000.\0001\0003\000\040\000C\000:\000/\000U\000s\000e\000r\000s\000/\000d\000w\000e\000g\000g\000/\000D\000e\000s\000k\000t\000o\000p\000/\000I\000n\000v\000e\000r\000t\000e\000r\000/\000S\000W\000/\000I\000n\000v\000e\000r\000t\000e\000r\000/\000C\000o\000r\000e\000/\000I\000n\000c\000/\000P\000C\000B\000\137\000I\000O\000.\000h\000\040\000F\000i\000l\000e\000\040\000R\000e\000f\000e\000r\000e\000n\000c\000e}{chapter.4}% 235
\BOOKMARK [2][-]{subsection.4.13.1}{\376\377\0004\000.\0001\0003\000.\0001\000\040\000D\000e\000t\000a\000i\000l\000e\000d\000\040\000D\000e\000s\000c\000r\000i\000p\000t\000i\000o\000n}{section.4.13}% 236
\BOOKMARK [2][-]{subsection.4.13.2}{\376\377\0004\000.\0001\0003\000.\0002\000\040\000M\000a\000c\000r\000o\000\040\000D\000e\000f\000i\000n\000i\000t\000i\000o\000n\000\040\000D\000o\000c\000u\000m\000e\000n\000t\000a\000t\000i\000o\000n}{section.4.13}% 237
\BOOKMARK [3][-]{subsubsection.4.13.2.1}{\376\377\0004\000.\0001\0003\000.\0002\000.\0001\000\040\000D\000I\000R\000\137\000S\000T\000A\000T\000E}{subsection.4.13.2}% 238
\BOOKMARK [3][-]{subsubsection.4.13.2.2}{\376\377\0004\000.\0001\0003\000.\0002\000.\0002\000\040\000D\000I\000S\000A\000B\000L\000E}{subsection.4.13.2}% 239
\BOOKMARK [3][-]{subsubsection.4.13.2.3}{\376\377\0004\000.\0001\0003\000.\0002\000.\0003\000\040\000E\000N\000A\000B\000L\000E}{subsection.4.13.2}% 240
\BOOKMARK [3][-]{subsubsection.4.13.2.4}{\376\377\0004\000.\0001\0003\000.\0002\000.\0004\000\040\000S\000C\000\137\000D\000E\000T\000\137\000S\000T\000A\000T\000E}{subsection.4.13.2}% 241
\BOOKMARK [3][-]{subsubsection.4.13.2.5}{\376\377\0004\000.\0001\0003\000.\0002\000.\0005\000\040\000W\000R\000N\000\137\000S\000T\000A\000T\000E}{subsection.4.13.2}% 242
\BOOKMARK [2][-]{subsection.4.13.3}{\376\377\0004\000.\0001\0003\000.\0003\000\040\000E\000n\000u\000m\000e\000r\000a\000t\000i\000o\000n\000\040\000T\000y\000p\000e\000\040\000D\000o\000c\000u\000m\000e\000n\000t\000a\000t\000i\000o\000n}{section.4.13}% 243
\BOOKMARK [3][-]{subsubsection.4.13.3.1}{\376\377\0004\000.\0001\0003\000.\0003\000.\0001\000\040\000L\000E\000D\000M\000o\000d\000e}{subsection.4.13.3}% 244
\BOOKMARK [2][-]{subsection.4.13.4}{\376\377\0004\000.\0001\0003\000.\0004\000\040\000F\000u\000n\000c\000t\000i\000o\000n\000\040\000D\000o\000c\000u\000m\000e\000n\000t\000a\000t\000i\000o\000n}{section.4.13}% 245
\BOOKMARK [3][-]{subsubsection.4.13.4.1}{\376\377\0004\000.\0001\0003\000.\0004\000.\0001\000\040\000h\000a\000n\000d\000l\000e\000\137\000d\000i\000r\000e\000c\000t\000i\000o\000n\000\050\000\051}{subsection.4.13.4}% 246
\BOOKMARK [3][-]{subsubsection.4.13.4.2}{\376\377\0004\000.\0001\0003\000.\0004\000.\0002\000\040\000h\000a\000n\000d\000l\000e\000\137\000L\000E\000D\000\050\000\051}{subsection.4.13.4}% 247
\BOOKMARK [2][-]{subsection.4.13.5}{\376\377\0004\000.\0001\0003\000.\0005\000\040\000V\000a\000r\000i\000a\000b\000l\000e\000\040\000D\000o\000c\000u\000m\000e\000n\000t\000a\000t\000i\000o\000n}{section.4.13}% 248
\BOOKMARK [3][-]{subsubsection.4.13.5.1}{\376\377\0004\000.\0001\0003\000.\0005\000.\0001\000\040\000l\000e\000d\000\137\000l\000e\000f\000t}{subsection.4.13.5}% 249
\BOOKMARK [3][-]{subsubsection.4.13.5.2}{\376\377\0004\000.\0001\0003\000.\0005\000.\0002\000\040\000l\000e\000d\000\137\000r\000i\000g\000h\000t}{subsection.4.13.5}% 250
\BOOKMARK [3][-]{subsubsection.4.13.5.3}{\376\377\0004\000.\0001\0003\000.\0005\000.\0003\000\040\000l\000e\000d\000E\000r\000r\000o\000r}{subsection.4.13.5}% 251
\BOOKMARK [1][-]{section.4.14}{\376\377\0004\000.\0001\0004\000\040\000P\000C\000B\000\137\000I\000O\000.\000h}{chapter.4}% 252
\BOOKMARK [1][-]{section.4.15}{\376\377\0004\000.\0001\0005\000\040\000C\000:\000/\000U\000s\000e\000r\000s\000/\000d\000w\000e\000g\000g\000/\000D\000e\000s\000k\000t\000o\000p\000/\000I\000n\000v\000e\000r\000t\000e\000r\000/\000S\000W\000/\000I\000n\000v\000e\000r\000t\000e\000r\000/\000C\000o\000r\000e\000/\000I\000n\000c\000/\000P\000W\000M\000.\000h\000\040\000F\000i\000l\000e\000\040\000R\000e\000f\000e\000r\000e\000n\000c\000e}{chapter.4}% 253
\BOOKMARK [2][-]{subsection.4.15.1}{\376\377\0004\000.\0001\0005\000.\0001\000\040\000D\000e\000t\000a\000i\000l\000e\000d\000\040\000D\000e\000s\000c\000r\000i\000p\000t\000i\000o\000n}{section.4.15}% 254
\BOOKMARK [2][-]{subsection.4.15.2}{\376\377\0004\000.\0001\0005\000.\0002\000\040\000F\000u\000n\000c\000t\000i\000o\000n\000\040\000D\000o\000c\000u\000m\000e\000n\000t\000a\000t\000i\000o\000n}{section.4.15}% 255
\BOOKMARK [3][-]{subsubsection.4.15.2.1}{\376\377\0004\000.\0001\0005\000.\0002\000.\0001\000\040\000d\000i\000s\000a\000b\000l\000e\000\137\000P\000W\000M\000\050\000\051}{subsection.4.15.2}% 256
\BOOKMARK [3][-]{subsubsection.4.15.2.2}{\376\377\0004\000.\0001\0005\000.\0002\000.\0002\000\040\000e\000n\000a\000b\000l\000e\000\137\000P\000W\000M\000\050\000\051}{subsection.4.15.2}% 257
\BOOKMARK [3][-]{subsubsection.4.15.2.3}{\376\377\0004\000.\0001\0005\000.\0002\000.\0003\000\040\000u\000p\000d\000a\000t\000e\000\137\000P\000W\000M\000\050\000\051}{subsection.4.15.2}% 258
\BOOKMARK [1][-]{section.4.16}{\376\377\0004\000.\0001\0006\000\040\000P\000W\000M\000.\000h}{chapter.4}% 259
\BOOKMARK [1][-]{section.4.17}{\376\377\0004\000.\0001\0007\000\040\000C\000:\000/\000U\000s\000e\000r\000s\000/\000d\000w\000e\000g\000g\000/\000D\000e\000s\000k\000t\000o\000p\000/\000I\000n\000v\000e\000r\000t\000e\000r\000/\000S\000W\000/\000I\000n\000v\000e\000r\000t\000e\000r\000/\000C\000o\000r\000e\000/\000I\000n\000c\000/\000R\000E\000F\000E\000R\000E\000N\000C\000E\000.\000h\000\040\000F\000i\000l\000e\000\040\000R\000e\000f\000e\000r\000e\000n\000c\000e}{chapter.4}% 260
\BOOKMARK [2][-]{subsection.4.17.1}{\376\377\0004\000.\0001\0007\000.\0001\000\040\000D\000e\000t\000a\000i\000l\000e\000d\000\040\000D\000e\000s\000c\000r\000i\000p\000t\000i\000o\000n}{section.4.17}% 261
\BOOKMARK [2][-]{subsection.4.17.2}{\376\377\0004\000.\0001\0007\000.\0002\000\040\000F\000u\000n\000c\000t\000i\000o\000n\000\040\000D\000o\000c\000u\000m\000e\000n\000t\000a\000t\000i\000o\000n}{section.4.17}% 262
\BOOKMARK [3][-]{subsubsection.4.17.2.1}{\376\377\0004\000.\0001\0007\000.\0002\000.\0001\000\040\000h\000a\000n\000d\000l\000e\000\137\000t\000o\000r\000q\000u\000e\000R\000e\000f\000\050\000\051}{subsection.4.17.2}% 263
\BOOKMARK [3][-]{subsubsection.4.17.2.2}{\376\377\0004\000.\0001\0007\000.\0002\000.\0002\000\040\000l\000i\000m\000i\000t\000\137\000t\000o\000r\000q\000u\000e\000\137\000t\000o\000\137\000p\000r\000e\000v\000e\000n\000t\000\137\000o\000v\000e\000r\000s\000p\000e\000e\000d\000\050\000\051}{subsection.4.17.2}% 264
\BOOKMARK [3][-]{subsubsection.4.17.2.3}{\376\377\0004\000.\0001\0007\000.\0002\000.\0003\000\040\000s\000a\000t\000u\000r\000a\000t\000e\000\137\000s\000y\000m\000m\000e\000t\000r\000i\000c\000\050\000\051}{subsection.4.17.2}% 265
\BOOKMARK [3][-]{subsubsection.4.17.2.4}{\376\377\0004\000.\0001\0007\000.\0002\000.\0004\000\040\000s\000e\000t\000\137\000t\000o\000r\000q\000u\000e\000\137\000d\000i\000r\000e\000c\000t\000i\000o\000n\000\050\000\051}{subsection.4.17.2}% 266
\BOOKMARK [1][-]{section.4.18}{\376\377\0004\000.\0001\0008\000\040\000R\000E\000F\000E\000R\000E\000N\000C\000E\000.\000h}{chapter.4}% 267
\BOOKMARK [1][-]{section.4.19}{\376\377\0004\000.\0001\0009\000\040\000C\000:\000/\000U\000s\000e\000r\000s\000/\000d\000w\000e\000g\000g\000/\000D\000e\000s\000k\000t\000o\000p\000/\000I\000n\000v\000e\000r\000t\000e\000r\000/\000S\000W\000/\000I\000n\000v\000e\000r\000t\000e\000r\000/\000C\000o\000r\000e\000/\000I\000n\000c\000/\000T\000A\000S\000K\000S\000\137\0001\000m\000s\000.\000h\000\040\000F\000i\000l\000e\000\040\000R\000e\000f\000e\000r\000e\000n\000c\000e}{chapter.4}% 268
\BOOKMARK [2][-]{subsection.4.19.1}{\376\377\0004\000.\0001\0009\000.\0001\000\040\000D\000e\000t\000a\000i\000l\000e\000d\000\040\000D\000e\000s\000c\000r\000i\000p\000t\000i\000o\000n}{section.4.19}% 269
\BOOKMARK [2][-]{subsection.4.19.2}{\376\377\0004\000.\0001\0009\000.\0002\000\040\000F\000u\000n\000c\000t\000i\000o\000n\000\040\000D\000o\000c\000u\000m\000e\000n\000t\000a\000t\000i\000o\000n}{section.4.19}% 270
\BOOKMARK [3][-]{subsubsection.4.19.2.1}{\376\377\0004\000.\0001\0009\000.\0002\000.\0001\000\040\000t\000a\000s\000k\000s\000\137\0001\000m\000s\000\050\000\051}{subsection.4.19.2}% 271
\BOOKMARK [1][-]{section.4.20}{\376\377\0004\000.\0002\0000\000\040\000T\000A\000S\000K\000S\000\137\0001\000m\000s\000.\000h}{chapter.4}% 272
\BOOKMARK [1][-]{section.4.21}{\376\377\0004\000.\0002\0001\000\040\000C\000:\000/\000U\000s\000e\000r\000s\000/\000d\000w\000e\000g\000g\000/\000D\000e\000s\000k\000t\000o\000p\000/\000I\000n\000v\000e\000r\000t\000e\000r\000/\000S\000W\000/\000I\000n\000v\000e\000r\000t\000e\000r\000/\000C\000o\000r\000e\000/\000I\000n\000c\000/\000T\000A\000S\000K\000S\000\137\0002\0000\000u\000s\000.\000h\000\040\000F\000i\000l\000e\000\040\000R\000e\000f\000e\000r\000e\000n\000c\000e}{chapter.4}% 273
\BOOKMARK [2][-]{subsection.4.21.1}{\376\377\0004\000.\0002\0001\000.\0001\000\040\000D\000e\000t\000a\000i\000l\000e\000d\000\040\000D\000e\000s\000c\000r\000i\000p\000t\000i\000o\000n}{section.4.21}% 274
\BOOKMARK [2][-]{subsection.4.21.2}{\376\377\0004\000.\0002\0001\000.\0002\000\040\000F\000u\000n\000c\000t\000i\000o\000n\000\040\000D\000o\000c\000u\000m\000e\000n\000t\000a\000t\000i\000o\000n}{section.4.21}% 275
\BOOKMARK [3][-]{subsubsection.4.21.2.1}{\376\377\0004\000.\0002\0001\000.\0002\000.\0001\000\040\000t\000a\000s\000k\000s\000\137\0002\0000\000u\000s\000\137\000l\000e\000f\000t\000\050\000\051}{subsection.4.21.2}% 276
\BOOKMARK [3][-]{subsubsection.4.21.2.2}{\376\377\0004\000.\0002\0001\000.\0002\000.\0002\000\040\000t\000a\000s\000k\000s\000\137\0002\0000\000u\000s\000\137\000r\000i\000g\000h\000t\000\050\000\051}{subsection.4.21.2}% 277
\BOOKMARK [1][-]{section.4.22}{\376\377\0004\000.\0002\0002\000\040\000T\000A\000S\000K\000S\000\137\0002\0000\000u\000s\000.\000h}{chapter.4}% 278
\BOOKMARK [1][-]{section.4.23}{\376\377\0004\000.\0002\0003\000\040\000C\000:\000/\000U\000s\000e\000r\000s\000/\000d\000w\000e\000g\000g\000/\000D\000e\000s\000k\000t\000o\000p\000/\000I\000n\000v\000e\000r\000t\000e\000r\000/\000S\000W\000/\000I\000n\000v\000e\000r\000t\000e\000r\000/\000C\000o\000r\000e\000/\000S\000r\000c\000/\000C\000A\000N\000\137\000e\000-\000T\000e\000c\000h\000.\000c\000\040\000F\000i\000l\000e\000\040\000R\000e\000f\000e\000r\000e\000n\000c\000e}{chapter.4}% 279
\BOOKMARK [2][-]{subsection.4.23.1}{\376\377\0004\000.\0002\0003\000.\0001\000\040\000D\000e\000t\000a\000i\000l\000e\000d\000\040\000D\000e\000s\000c\000r\000i\000p\000t\000i\000o\000n}{section.4.23}% 280
\BOOKMARK [2][-]{subsection.4.23.2}{\376\377\0004\000.\0002\0003\000.\0002\000\040\000F\000u\000n\000c\000t\000i\000o\000n\000\040\000D\000o\000c\000u\000m\000e\000n\000t\000a\000t\000i\000o\000n}{section.4.23}% 281
\BOOKMARK [3][-]{subsubsection.4.23.2.1}{\376\377\0004\000.\0002\0003\000.\0002\000.\0001\000\040\000h\000a\000n\000d\000l\000e\000\137\000C\000A\000N\000\050\000\051}{subsection.4.23.2}% 282
\BOOKMARK [3][-]{subsubsection.4.23.2.2}{\376\377\0004\000.\0002\0003\000.\0002\000.\0002\000\040\000s\000e\000n\000d\000\137\000C\000A\000N\000\137\000m\000e\000s\000s\000a\000g\000e\000\050\000\051}{subsection.4.23.2}% 283
\BOOKMARK [2][-]{subsection.4.23.3}{\376\377\0004\000.\0002\0003\000.\0003\000\040\000V\000a\000r\000i\000a\000b\000l\000e\000\040\000D\000o\000c\000u\000m\000e\000n\000t\000a\000t\000i\000o\000n}{section.4.23}% 284
\BOOKMARK [3][-]{subsubsection.4.23.3.1}{\376\377\0004\000.\0002\0003\000.\0003\000.\0001\000\040\000k\000e\000e\000p\000A\000l\000i\000v\000e}{subsection.4.23.3}% 285
\BOOKMARK [1][-]{section.4.24}{\376\377\0004\000.\0002\0004\000\040\000C\000:\000/\000U\000s\000e\000r\000s\000/\000d\000w\000e\000g\000g\000/\000D\000e\000s\000k\000t\000o\000p\000/\000I\000n\000v\000e\000r\000t\000e\000r\000/\000S\000W\000/\000I\000n\000v\000e\000r\000t\000e\000r\000/\000C\000o\000r\000e\000/\000S\000r\000c\000/\000C\000O\000N\000T\000R\000O\000L\000.\000c\000\040\000F\000i\000l\000e\000\040\000R\000e\000f\000e\000r\000e\000n\000c\000e}{chapter.4}% 286
\BOOKMARK [2][-]{subsection.4.24.1}{\376\377\0004\000.\0002\0004\000.\0001\000\040\000D\000e\000t\000a\000i\000l\000e\000d\000\040\000D\000e\000s\000c\000r\000i\000p\000t\000i\000o\000n}{section.4.24}% 287
\BOOKMARK [2][-]{subsection.4.24.2}{\376\377\0004\000.\0002\0004\000.\0002\000\040\000F\000u\000n\000c\000t\000i\000o\000n\000\040\000D\000o\000c\000u\000m\000e\000n\000t\000a\000t\000i\000o\000n}{section.4.24}% 288
\BOOKMARK [3][-]{subsubsection.4.24.2.1}{\376\377\0004\000.\0002\0004\000.\0002\000.\0001\000\040\000c\000a\000l\000c\000\137\000c\000u\000r\000r\000e\000n\000t\000\137\000l\000o\000o\000p\000\050\000\051}{subsection.4.24.2}% 289
\BOOKMARK [3][-]{subsubsection.4.24.2.2}{\376\377\0004\000.\0002\0004\000.\0002\000.\0002\000\040\000c\000a\000l\000c\000\137\000c\000u\000r\000r\000e\000n\000t\000\137\000r\000e\000f\000e\000r\000e\000n\000c\000e\000\050\000\051}{subsection.4.24.2}% 290
\BOOKMARK [3][-]{subsubsection.4.24.2.3}{\376\377\0004\000.\0002\0004\000.\0002\000.\0003\000\040\000c\000a\000l\000c\000\137\000d\000u\000t\000i\000e\000s\000\050\000\051}{subsection.4.24.2}% 291
\BOOKMARK [3][-]{subsubsection.4.24.2.4}{\376\377\0004\000.\0002\0004\000.\0002\000.\0004\000\040\000s\000a\000t\000u\000r\000a\000t\000e\000\137\000v\000o\000l\000t\000a\000g\000e\000\050\000\051}{subsection.4.24.2}% 292
\BOOKMARK [1][-]{section.4.25}{\376\377\0004\000.\0002\0005\000\040\000C\000:\000/\000U\000s\000e\000r\000s\000/\000d\000w\000e\000g\000g\000/\000D\000e\000s\000k\000t\000o\000p\000/\000I\000n\000v\000e\000r\000t\000e\000r\000/\000S\000W\000/\000I\000n\000v\000e\000r\000t\000e\000r\000/\000C\000o\000r\000e\000/\000S\000r\000c\000/\000F\000S\000M\000.\000c\000\040\000F\000i\000l\000e\000\040\000R\000e\000f\000e\000r\000e\000n\000c\000e}{chapter.4}% 293
\BOOKMARK [2][-]{subsection.4.25.1}{\376\377\0004\000.\0002\0005\000.\0001\000\040\000D\000e\000t\000a\000i\000l\000e\000d\000\040\000D\000e\000s\000c\000r\000i\000p\000t\000i\000o\000n}{section.4.25}% 294
\BOOKMARK [2][-]{subsection.4.25.2}{\376\377\0004\000.\0002\0005\000.\0002\000\040\000F\000u\000n\000c\000t\000i\000o\000n\000\040\000D\000o\000c\000u\000m\000e\000n\000t\000a\000t\000i\000o\000n}{section.4.25}% 295
\BOOKMARK [3][-]{subsubsection.4.25.2.1}{\376\377\0004\000.\0002\0005\000.\0002\000.\0001\000\040\000e\000v\000a\000l\000\137\000i\000n\000v\000\137\000F\000S\000M\000\050\000\051}{subsection.4.25.2}% 296
\BOOKMARK [1][-]{section.4.26}{\376\377\0004\000.\0002\0006\000\040\000C\000:\000/\000U\000s\000e\000r\000s\000/\000d\000w\000e\000g\000g\000/\000D\000e\000s\000k\000t\000o\000p\000/\000I\000n\000v\000e\000r\000t\000e\000r\000/\000S\000W\000/\000I\000n\000v\000e\000r\000t\000e\000r\000/\000C\000o\000r\000e\000/\000S\000r\000c\000/\000I\000N\000V\000E\000R\000T\000E\000R\000.\000c\000\040\000F\000i\000l\000e\000\040\000R\000e\000f\000e\000r\000e\000n\000c\000e}{chapter.4}% 297
\BOOKMARK [2][-]{subsection.4.26.1}{\376\377\0004\000.\0002\0006\000.\0001\000\040\000D\000e\000t\000a\000i\000l\000e\000d\000\040\000D\000e\000s\000c\000r\000i\000p\000t\000i\000o\000n}{section.4.26}% 298
\BOOKMARK [2][-]{subsection.4.26.2}{\376\377\0004\000.\0002\0006\000.\0002\000\040\000F\000u\000n\000c\000t\000i\000o\000n\000\040\000D\000o\000c\000u\000m\000e\000n\000t\000a\000t\000i\000o\000n}{section.4.26}% 299
\BOOKMARK [3][-]{subsubsection.4.26.2.1}{\376\377\0004\000.\0002\0006\000.\0002\000.\0001\000\040\000d\000i\000s\000a\000b\000l\000e\000\137\000c\000o\000n\000t\000r\000o\000l\000\137\000l\000o\000o\000p\000s\000\050\000\051}{subsection.4.26.2}% 300
\BOOKMARK [3][-]{subsubsection.4.26.2.2}{\376\377\0004\000.\0002\0006\000.\0002\000.\0002\000\040\000e\000n\000a\000b\000l\000e\000\137\000c\000o\000n\000t\000r\000o\000l\000\137\000l\000o\000o\000p\000s\000\050\000\051}{subsection.4.26.2}% 301
\BOOKMARK [3][-]{subsubsection.4.26.2.3}{\376\377\0004\000.\0002\0006\000.\0002\000.\0003\000\040\000i\000n\000i\000t\000\137\000c\000o\000n\000t\000r\000o\000l\000\137\000l\000o\000o\000p\000s\000\050\000\051}{subsection.4.26.2}% 302
\BOOKMARK [3][-]{subsubsection.4.26.2.4}{\376\377\0004\000.\0002\0006\000.\0002\000.\0004\000\040\000i\000n\000i\000t\000i\000a\000l\000i\000z\000e\000\137\000i\000n\000v\000e\000r\000t\000e\000r\000\050\000\051}{subsection.4.26.2}% 303
\BOOKMARK [2][-]{subsection.4.26.3}{\376\377\0004\000.\0002\0006\000.\0003\000\040\000V\000a\000r\000i\000a\000b\000l\000e\000\040\000D\000o\000c\000u\000m\000e\000n\000t\000a\000t\000i\000o\000n}{section.4.26}% 304
\BOOKMARK [3][-]{subsubsection.4.26.3.1}{\376\377\0004\000.\0002\0006\000.\0003\000.\0001\000\040\000i\000n\000v\000e\000r\000t\000e\000r\000\137\000l\000e\000f\000t}{subsection.4.26.3}% 305
\BOOKMARK [3][-]{subsubsection.4.26.3.2}{\376\377\0004\000.\0002\0006\000.\0003\000.\0002\000\040\000i\000n\000v\000e\000r\000t\000e\000r\000\137\000r\000i\000g\000h\000t}{subsection.4.26.3}% 306
\BOOKMARK [1][-]{section.4.27}{\376\377\0004\000.\0002\0007\000\040\000C\000:\000/\000U\000s\000e\000r\000s\000/\000d\000w\000e\000g\000g\000/\000D\000e\000s\000k\000t\000o\000p\000/\000I\000n\000v\000e\000r\000t\000e\000r\000/\000S\000W\000/\000I\000n\000v\000e\000r\000t\000e\000r\000/\000C\000o\000r\000e\000/\000S\000r\000c\000/\000m\000a\000i\000n\000.\000c\000\040\000F\000i\000l\000e\000\040\000R\000e\000f\000e\000r\000e\000n\000c\000e}{chapter.4}% 307
\BOOKMARK [2][-]{subsection.4.27.1}{\376\377\0004\000.\0002\0007\000.\0001\000\040\000D\000e\000t\000a\000i\000l\000e\000d\000\040\000D\000e\000s\000c\000r\000i\000p\000t\000i\000o\000n}{section.4.27}% 308
\BOOKMARK [2][-]{subsection.4.27.2}{\376\377\0004\000.\0002\0007\000.\0002\000\040\000F\000u\000n\000c\000t\000i\000o\000n\000\040\000D\000o\000c\000u\000m\000e\000n\000t\000a\000t\000i\000o\000n}{section.4.27}% 309
\BOOKMARK [3][-]{subsubsection.4.27.2.1}{\376\377\0004\000.\0002\0007\000.\0002\000.\0001\000\040\000E\000r\000r\000o\000r\000\137\000H\000a\000n\000d\000l\000e\000r\000\050\000\051}{subsection.4.27.2}% 310
\BOOKMARK [3][-]{subsubsection.4.27.2.2}{\376\377\0004\000.\0002\0007\000.\0002\000.\0002\000\040\000m\000a\000i\000n\000\050\000\051}{subsection.4.27.2}% 311
\BOOKMARK [3][-]{subsubsection.4.27.2.3}{\376\377\0004\000.\0002\0007\000.\0002\000.\0003\000\040\000S\000y\000s\000t\000e\000m\000C\000l\000o\000c\000k\000\137\000C\000o\000n\000f\000i\000g\000\050\000\051}{subsection.4.27.2}% 312
\BOOKMARK [1][-]{section.4.28}{\376\377\0004\000.\0002\0008\000\040\000C\000:\000/\000U\000s\000e\000r\000s\000/\000d\000w\000e\000g\000g\000/\000D\000e\000s\000k\000t\000o\000p\000/\000I\000n\000v\000e\000r\000t\000e\000r\000/\000S\000W\000/\000I\000n\000v\000e\000r\000t\000e\000r\000/\000C\000o\000r\000e\000/\000S\000r\000c\000/\000M\000E\000A\000S\000U\000R\000E\000M\000E\000N\000T\000S\000.\000c\000\040\000F\000i\000l\000e\000\040\000R\000e\000f\000e\000r\000e\000n\000c\000e}{chapter.4}% 313
\BOOKMARK [2][-]{subsection.4.28.1}{\376\377\0004\000.\0002\0008\000.\0001\000\040\000D\000e\000t\000a\000i\000l\000e\000d\000\040\000D\000e\000s\000c\000r\000i\000p\000t\000i\000o\000n}{section.4.28}% 314
\BOOKMARK [2][-]{subsection.4.28.2}{\376\377\0004\000.\0002\0008\000.\0002\000\040\000F\000u\000n\000c\000t\000i\000o\000n\000\040\000D\000o\000c\000u\000m\000e\000n\000t\000a\000t\000i\000o\000n}{section.4.28}% 315
\BOOKMARK [3][-]{subsubsection.4.28.2.1}{\376\377\0004\000.\0002\0008\000.\0002\000.\0001\000\040\000g\000e\000t\000\137\000c\000u\000r\000r\000e\000n\000t\000s\000\137\000v\000o\000l\000t\000a\000g\000e\000\050\000\051}{subsection.4.28.2}% 316
\BOOKMARK [3][-]{subsubsection.4.28.2.2}{\376\377\0004\000.\0002\0008\000.\0002\000.\0002\000\040\000g\000e\000t\000\137\000i\000d\000i\000q\000\050\000\051}{subsection.4.28.2}% 317
\BOOKMARK [3][-]{subsubsection.4.28.2.3}{\376\377\0004\000.\0002\0008\000.\0002\000.\0003\000\040\000g\000e\000t\000\137\000l\000i\000n\000e\000a\000r\000\050\000\051}{subsection.4.28.2}% 318
\BOOKMARK [3][-]{subsubsection.4.28.2.4}{\376\377\0004\000.\0002\0008\000.\0002\000.\0004\000\040\000g\000e\000t\000\137\000t\000e\000m\000p\000e\000r\000a\000t\000u\000r\000e\000\050\000\051}{subsection.4.28.2}% 319
\BOOKMARK [2][-]{subsection.4.28.3}{\376\377\0004\000.\0002\0008\000.\0003\000\040\000V\000a\000r\000i\000a\000b\000l\000e\000\040\000D\000o\000c\000u\000m\000e\000n\000t\000a\000t\000i\000o\000n}{section.4.28}% 320
\BOOKMARK [3][-]{subsubsection.4.28.3.1}{\376\377\0004\000.\0002\0008\000.\0003\000.\0001\000\040\000r\000a\000w\000A\000D\000C\000\137\000l\000e\000f\000t}{subsection.4.28.3}% 321
\BOOKMARK [3][-]{subsubsection.4.28.3.2}{\376\377\0004\000.\0002\0008\000.\0003\000.\0002\000\040\000r\000a\000w\000A\000D\000C\000\137\000r\000i\000g\000h\000t}{subsection.4.28.3}% 322
\BOOKMARK [3][-]{subsubsection.4.28.3.3}{\376\377\0004\000.\0002\0008\000.\0003\000.\0003\000\040\000r\000a\000w\000A\000D\000C\000\137\000t\000e\000m\000p}{subsection.4.28.3}% 323
\BOOKMARK [3][-]{subsubsection.4.28.3.4}{\376\377\0004\000.\0002\0008\000.\0003\000.\0004\000\040\000t\000e\000m\000p\000I\000n\000v\000e\000r\000t\000e\000r\000L\000U\000T}{subsection.4.28.3}% 324
\BOOKMARK [3][-]{subsubsection.4.28.3.5}{\376\377\0004\000.\0002\0008\000.\0003\000.\0005\000\040\000t\000e\000m\000p\000M\000o\000t\000o\000r\000L\000U\000T}{subsection.4.28.3}% 325
\BOOKMARK [1][-]{section.4.29}{\376\377\0004\000.\0002\0009\000\040\000C\000:\000/\000U\000s\000e\000r\000s\000/\000d\000w\000e\000g\000g\000/\000D\000e\000s\000k\000t\000o\000p\000/\000I\000n\000v\000e\000r\000t\000e\000r\000/\000S\000W\000/\000I\000n\000v\000e\000r\000t\000e\000r\000/\000C\000o\000r\000e\000/\000S\000r\000c\000/\000M\000O\000T\000O\000R\000.\000c\000\040\000F\000i\000l\000e\000\040\000R\000e\000f\000e\000r\000e\000n\000c\000e}{chapter.4}% 326
\BOOKMARK [2][-]{subsection.4.29.1}{\376\377\0004\000.\0002\0009\000.\0001\000\040\000D\000e\000t\000a\000i\000l\000e\000d\000\040\000D\000e\000s\000c\000r\000i\000p\000t\000i\000o\000n}{section.4.29}% 327
\BOOKMARK [2][-]{subsection.4.29.2}{\376\377\0004\000.\0002\0009\000.\0002\000\040\000F\000u\000n\000c\000t\000i\000o\000n\000\040\000D\000o\000c\000u\000m\000e\000n\000t\000a\000t\000i\000o\000n}{section.4.29}% 328
\BOOKMARK [3][-]{subsubsection.4.29.2.1}{\376\377\0004\000.\0002\0009\000.\0002\000.\0001\000\040\000c\000h\000e\000c\000k\000\137\000m\000o\000t\000o\000r\000\137\000p\000a\000r\000a\000m\000e\000t\000e\000r\000s\000\050\000\051}{subsection.4.29.2}% 329
\BOOKMARK [2][-]{subsection.4.29.3}{\376\377\0004\000.\0002\0009\000.\0003\000\040\000V\000a\000r\000i\000a\000b\000l\000e\000\040\000D\000o\000c\000u\000m\000e\000n\000t\000a\000t\000i\000o\000n}{section.4.29}% 330
\BOOKMARK [3][-]{subsubsection.4.29.3.1}{\376\377\0004\000.\0002\0009\000.\0003\000.\0001\000\040\000m\000o\000t\000o\000r\000\137\000l\000e\000f\000t}{subsection.4.29.3}% 331
\BOOKMARK [3][-]{subsubsection.4.29.3.2}{\376\377\0004\000.\0002\0009\000.\0003\000.\0002\000\040\000m\000o\000t\000o\000r\000\137\000r\000i\000g\000h\000t}{subsection.4.29.3}% 332
\BOOKMARK [1][-]{section.4.30}{\376\377\0004\000.\0003\0000\000\040\000C\000:\000/\000U\000s\000e\000r\000s\000/\000d\000w\000e\000g\000g\000/\000D\000e\000s\000k\000t\000o\000p\000/\000I\000n\000v\000e\000r\000t\000e\000r\000/\000S\000W\000/\000I\000n\000v\000e\000r\000t\000e\000r\000/\000C\000o\000r\000e\000/\000S\000r\000c\000/\000P\000C\000B\000\137\000I\000O\000.\000c\000\040\000F\000i\000l\000e\000\040\000R\000e\000f\000e\000r\000e\000n\000c\000e}{chapter.4}% 333
\BOOKMARK [2][-]{subsection.4.30.1}{\376\377\0004\000.\0003\0000\000.\0001\000\040\000D\000e\000t\000a\000i\000l\000e\000d\000\040\000D\000e\000s\000c\000r\000i\000p\000t\000i\000o\000n}{section.4.30}% 334
\BOOKMARK [2][-]{subsection.4.30.2}{\376\377\0004\000.\0003\0000\000.\0002\000\040\000F\000u\000n\000c\000t\000i\000o\000n\000\040\000D\000o\000c\000u\000m\000e\000n\000t\000a\000t\000i\000o\000n}{section.4.30}% 335
\BOOKMARK [3][-]{subsubsection.4.30.2.1}{\376\377\0004\000.\0003\0000\000.\0002\000.\0001\000\040\000h\000a\000n\000d\000l\000e\000\137\000d\000i\000r\000e\000c\000t\000i\000o\000n\000\050\000\051}{subsection.4.30.2}% 336
\BOOKMARK [3][-]{subsubsection.4.30.2.2}{\376\377\0004\000.\0003\0000\000.\0002\000.\0002\000\040\000h\000a\000n\000d\000l\000e\000\137\000L\000E\000D\000\050\000\051}{subsection.4.30.2}% 337
\BOOKMARK [2][-]{subsection.4.30.3}{\376\377\0004\000.\0003\0000\000.\0003\000\040\000V\000a\000r\000i\000a\000b\000l\000e\000\040\000D\000o\000c\000u\000m\000e\000n\000t\000a\000t\000i\000o\000n}{section.4.30}% 338
\BOOKMARK [3][-]{subsubsection.4.30.3.1}{\376\377\0004\000.\0003\0000\000.\0003\000.\0001\000\040\000l\000e\000d\000\137\000l\000e\000f\000t}{subsection.4.30.3}% 339
\BOOKMARK [3][-]{subsubsection.4.30.3.2}{\376\377\0004\000.\0003\0000\000.\0003\000.\0002\000\040\000l\000e\000d\000\137\000r\000i\000g\000h\000t}{subsection.4.30.3}% 340
\BOOKMARK [3][-]{subsubsection.4.30.3.3}{\376\377\0004\000.\0003\0000\000.\0003\000.\0003\000\040\000l\000e\000d\000E\000r\000r\000o\000r}{subsection.4.30.3}% 341
\BOOKMARK [1][-]{section.4.31}{\376\377\0004\000.\0003\0001\000\040\000C\000:\000/\000U\000s\000e\000r\000s\000/\000d\000w\000e\000g\000g\000/\000D\000e\000s\000k\000t\000o\000p\000/\000I\000n\000v\000e\000r\000t\000e\000r\000/\000S\000W\000/\000I\000n\000v\000e\000r\000t\000e\000r\000/\000C\000o\000r\000e\000/\000S\000r\000c\000/\000P\000W\000M\000.\000c\000\040\000F\000i\000l\000e\000\040\000R\000e\000f\000e\000r\000e\000n\000c\000e}{chapter.4}% 342
\BOOKMARK [2][-]{subsection.4.31.1}{\376\377\0004\000.\0003\0001\000.\0001\000\040\000D\000e\000t\000a\000i\000l\000e\000d\000\040\000D\000e\000s\000c\000r\000i\000p\000t\000i\000o\000n}{section.4.31}% 343
\BOOKMARK [2][-]{subsection.4.31.2}{\376\377\0004\000.\0003\0001\000.\0002\000\040\000F\000u\000n\000c\000t\000i\000o\000n\000\040\000D\000o\000c\000u\000m\000e\000n\000t\000a\000t\000i\000o\000n}{section.4.31}% 344
\BOOKMARK [3][-]{subsubsection.4.31.2.1}{\376\377\0004\000.\0003\0001\000.\0002\000.\0001\000\040\000d\000i\000s\000a\000b\000l\000e\000\137\000P\000W\000M\000\050\000\051}{subsection.4.31.2}% 345
\BOOKMARK [3][-]{subsubsection.4.31.2.2}{\376\377\0004\000.\0003\0001\000.\0002\000.\0002\000\040\000e\000n\000a\000b\000l\000e\000\137\000P\000W\000M\000\050\000\051}{subsection.4.31.2}% 346
\BOOKMARK [3][-]{subsubsection.4.31.2.3}{\376\377\0004\000.\0003\0001\000.\0002\000.\0003\000\040\000u\000p\000d\000a\000t\000e\000\137\000P\000W\000M\000\050\000\051}{subsection.4.31.2}% 347
\BOOKMARK [1][-]{section.4.32}{\376\377\0004\000.\0003\0002\000\040\000C\000:\000/\000U\000s\000e\000r\000s\000/\000d\000w\000e\000g\000g\000/\000D\000e\000s\000k\000t\000o\000p\000/\000I\000n\000v\000e\000r\000t\000e\000r\000/\000S\000W\000/\000I\000n\000v\000e\000r\000t\000e\000r\000/\000C\000o\000r\000e\000/\000S\000r\000c\000/\000R\000E\000F\000E\000R\000E\000N\000C\000E\000.\000c\000\040\000F\000i\000l\000e\000\040\000R\000e\000f\000e\000r\000e\000n\000c\000e}{chapter.4}% 348
\BOOKMARK [2][-]{subsection.4.32.1}{\376\377\0004\000.\0003\0002\000.\0001\000\040\000D\000e\000t\000a\000i\000l\000e\000d\000\040\000D\000e\000s\000c\000r\000i\000p\000t\000i\000o\000n}{section.4.32}% 349
\BOOKMARK [2][-]{subsection.4.32.2}{\376\377\0004\000.\0003\0002\000.\0002\000\040\000F\000u\000n\000c\000t\000i\000o\000n\000\040\000D\000o\000c\000u\000m\000e\000n\000t\000a\000t\000i\000o\000n}{section.4.32}% 350
\BOOKMARK [3][-]{subsubsection.4.32.2.1}{\376\377\0004\000.\0003\0002\000.\0002\000.\0001\000\040\000h\000a\000n\000d\000l\000e\000\137\000t\000o\000r\000q\000u\000e\000R\000e\000f\000\050\000\051}{subsection.4.32.2}% 351
\BOOKMARK [3][-]{subsubsection.4.32.2.2}{\376\377\0004\000.\0003\0002\000.\0002\000.\0002\000\040\000l\000i\000m\000i\000t\000\137\000t\000o\000r\000q\000u\000e\000\137\000t\000o\000\137\000p\000r\000e\000v\000e\000n\000t\000\137\000o\000v\000e\000r\000s\000p\000e\000e\000d\000\050\000\051}{subsection.4.32.2}% 352
\BOOKMARK [3][-]{subsubsection.4.32.2.3}{\376\377\0004\000.\0003\0002\000.\0002\000.\0003\000\040\000s\000a\000t\000u\000r\000a\000t\000e\000\137\000s\000y\000m\000m\000e\000t\000r\000i\000c\000\050\000\051}{subsection.4.32.2}% 353
\BOOKMARK [3][-]{subsubsection.4.32.2.4}{\376\377\0004\000.\0003\0002\000.\0002\000.\0004\000\040\000s\000e\000t\000\137\000t\000o\000r\000q\000u\000e\000\137\000d\000i\000r\000e\000c\000t\000i\000o\000n\000\050\000\051}{subsection.4.32.2}% 354
\BOOKMARK [1][-]{section.4.33}{\376\377\0004\000.\0003\0003\000\040\000C\000:\000/\000U\000s\000e\000r\000s\000/\000d\000w\000e\000g\000g\000/\000D\000e\000s\000k\000t\000o\000p\000/\000I\000n\000v\000e\000r\000t\000e\000r\000/\000S\000W\000/\000I\000n\000v\000e\000r\000t\000e\000r\000/\000C\000o\000r\000e\000/\000S\000r\000c\000/\000s\000t\000m\0003\0002\000f\0007\000x\000x\000\137\000i\000t\000.\000c\000\040\000F\000i\000l\000e\000\040\000R\000e\000f\000e\000r\000e\000n\000c\000e}{chapter.4}% 355
\BOOKMARK [2][-]{subsection.4.33.1}{\376\377\0004\000.\0003\0003\000.\0001\000\040\000D\000e\000t\000a\000i\000l\000e\000d\000\040\000D\000e\000s\000c\000r\000i\000p\000t\000i\000o\000n}{section.4.33}% 356
\BOOKMARK [2][-]{subsection.4.33.2}{\376\377\0004\000.\0003\0003\000.\0002\000\040\000F\000u\000n\000c\000t\000i\000o\000n\000\040\000D\000o\000c\000u\000m\000e\000n\000t\000a\000t\000i\000o\000n}{section.4.33}% 357
\BOOKMARK [3][-]{subsubsection.4.33.2.1}{\376\377\0004\000.\0003\0003\000.\0002\000.\0001\000\040\000B\000u\000s\000F\000a\000u\000l\000t\000\137\000H\000a\000n\000d\000l\000e\000r\000\050\000\051}{subsection.4.33.2}% 358
\BOOKMARK [3][-]{subsubsection.4.33.2.2}{\376\377\0004\000.\0003\0003\000.\0002\000.\0002\000\040\000C\000A\000N\0001\000\137\000R\000X\0000\000\137\000I\000R\000Q\000H\000a\000n\000d\000l\000e\000r\000\050\000\051}{subsection.4.33.2}% 359
\BOOKMARK [3][-]{subsubsection.4.33.2.3}{\376\377\0004\000.\0003\0003\000.\0002\000.\0003\000\040\000D\000e\000b\000u\000g\000M\000o\000n\000\137\000H\000a\000n\000d\000l\000e\000r\000\050\000\051}{subsection.4.33.2}% 360
\BOOKMARK [3][-]{subsubsection.4.33.2.4}{\376\377\0004\000.\0003\0003\000.\0002\000.\0004\000\040\000D\000M\000A\0002\000\137\000S\000t\000r\000e\000a\000m\0000\000\137\000I\000R\000Q\000H\000a\000n\000d\000l\000e\000r\000\050\000\051}{subsection.4.33.2}% 361
\BOOKMARK [3][-]{subsubsection.4.33.2.5}{\376\377\0004\000.\0003\0003\000.\0002\000.\0005\000\040\000D\000M\000A\0002\000\137\000S\000t\000r\000e\000a\000m\0001\000\137\000I\000R\000Q\000H\000a\000n\000d\000l\000e\000r\000\050\000\051}{subsection.4.33.2}% 362
\BOOKMARK [3][-]{subsubsection.4.33.2.6}{\376\377\0004\000.\0003\0003\000.\0002\000.\0006\000\040\000D\000M\000A\0002\000\137\000S\000t\000r\000e\000a\000m\0002\000\137\000I\000R\000Q\000H\000a\000n\000d\000l\000e\000r\000\050\000\051}{subsection.4.33.2}% 363
\BOOKMARK [3][-]{subsubsection.4.33.2.7}{\376\377\0004\000.\0003\0003\000.\0002\000.\0007\000\040\000H\000a\000r\000d\000F\000a\000u\000l\000t\000\137\000H\000a\000n\000d\000l\000e\000r\000\050\000\051}{subsection.4.33.2}% 364
\BOOKMARK [3][-]{subsubsection.4.33.2.8}{\376\377\0004\000.\0003\0003\000.\0002\000.\0008\000\040\000M\000e\000m\000M\000a\000n\000a\000g\000e\000\137\000H\000a\000n\000d\000l\000e\000r\000\050\000\051}{subsection.4.33.2}% 365
\BOOKMARK [3][-]{subsubsection.4.33.2.9}{\376\377\0004\000.\0003\0003\000.\0002\000.\0009\000\040\000N\000M\000I\000\137\000H\000a\000n\000d\000l\000e\000r\000\050\000\051}{subsection.4.33.2}% 366
\BOOKMARK [3][-]{subsubsection.4.33.2.10}{\376\377\0004\000.\0003\0003\000.\0002\000.\0001\0000\000\040\000P\000e\000n\000d\000S\000V\000\137\000H\000a\000n\000d\000l\000e\000r\000\050\000\051}{subsection.4.33.2}% 367
\BOOKMARK [3][-]{subsubsection.4.33.2.11}{\376\377\0004\000.\0003\0003\000.\0002\000.\0001\0001\000\040\000S\000V\000C\000\137\000H\000a\000n\000d\000l\000e\000r\000\050\000\051}{subsection.4.33.2}% 368
\BOOKMARK [3][-]{subsubsection.4.33.2.12}{\376\377\0004\000.\0003\0003\000.\0002\000.\0001\0002\000\040\000S\000y\000s\000T\000i\000c\000k\000\137\000H\000a\000n\000d\000l\000e\000r\000\050\000\051}{subsection.4.33.2}% 369
\BOOKMARK [3][-]{subsubsection.4.33.2.13}{\376\377\0004\000.\0003\0003\000.\0002\000.\0001\0003\000\040\000T\000I\000M\0001\000\137\000U\000P\000\137\000T\000I\000M\0001\0000\000\137\000I\000R\000Q\000H\000a\000n\000d\000l\000e\000r\000\050\000\051}{subsection.4.33.2}% 370
\BOOKMARK [3][-]{subsubsection.4.33.2.14}{\376\377\0004\000.\0003\0003\000.\0002\000.\0001\0004\000\040\000T\000I\000M\0006\000\137\000D\000A\000C\000\137\000I\000R\000Q\000H\000a\000n\000d\000l\000e\000r\000\050\000\051}{subsection.4.33.2}% 371
\BOOKMARK [3][-]{subsubsection.4.33.2.15}{\376\377\0004\000.\0003\0003\000.\0002\000.\0001\0005\000\040\000U\000s\000a\000g\000e\000F\000a\000u\000l\000t\000\137\000H\000a\000n\000d\000l\000e\000r\000\050\000\051}{subsection.4.33.2}% 372
\BOOKMARK [2][-]{subsection.4.33.3}{\376\377\0004\000.\0003\0003\000.\0003\000\040\000V\000a\000r\000i\000a\000b\000l\000e\000\040\000D\000o\000c\000u\000m\000e\000n\000t\000a\000t\000i\000o\000n}{section.4.33}% 373
\BOOKMARK [3][-]{subsubsection.4.33.3.1}{\376\377\0004\000.\0003\0003\000.\0003\000.\0001\000\040\000h\000c\000a\000n\0001}{subsection.4.33.3}% 374
\BOOKMARK [3][-]{subsubsection.4.33.3.2}{\376\377\0004\000.\0003\0003\000.\0003\000.\0002\000\040\000h\000d\000a\000c}{subsection.4.33.3}% 375
\BOOKMARK [3][-]{subsubsection.4.33.3.3}{\376\377\0004\000.\0003\0003\000.\0003\000.\0003\000\040\000h\000d\000m\000a\000\137\000a\000d\000c\0001}{subsection.4.33.3}% 376
\BOOKMARK [3][-]{subsubsection.4.33.3.4}{\376\377\0004\000.\0003\0003\000.\0003\000.\0004\000\040\000h\000d\000m\000a\000\137\000a\000d\000c\0002}{subsection.4.33.3}% 377
\BOOKMARK [3][-]{subsubsection.4.33.3.5}{\376\377\0004\000.\0003\0003\000.\0003\000.\0005\000\040\000h\000d\000m\000a\000\137\000a\000d\000c\0003}{subsection.4.33.3}% 378
\BOOKMARK [3][-]{subsubsection.4.33.3.6}{\376\377\0004\000.\0003\0003\000.\0003\000.\0006\000\040\000h\000t\000i\000m\0001}{subsection.4.33.3}% 379
\BOOKMARK [3][-]{subsubsection.4.33.3.7}{\376\377\0004\000.\0003\0003\000.\0003\000.\0007\000\040\000h\000t\000i\000m\0006}{subsection.4.33.3}% 380
\BOOKMARK [1][-]{section.4.34}{\376\377\0004\000.\0003\0004\000\040\000C\000:\000/\000U\000s\000e\000r\000s\000/\000d\000w\000e\000g\000g\000/\000D\000e\000s\000k\000t\000o\000p\000/\000I\000n\000v\000e\000r\000t\000e\000r\000/\000S\000W\000/\000I\000n\000v\000e\000r\000t\000e\000r\000/\000C\000o\000r\000e\000/\000S\000r\000c\000/\000T\000A\000S\000K\000S\000\137\0001\000m\000s\000.\000c\000\040\000F\000i\000l\000e\000\040\000R\000e\000f\000e\000r\000e\000n\000c\000e}{chapter.4}% 381
\BOOKMARK [2][-]{subsection.4.34.1}{\376\377\0004\000.\0003\0004\000.\0001\000\040\000D\000e\000t\000a\000i\000l\000e\000d\000\040\000D\000e\000s\000c\000r\000i\000p\000t\000i\000o\000n}{section.4.34}% 382
\BOOKMARK [2][-]{subsection.4.34.2}{\376\377\0004\000.\0003\0004\000.\0002\000\040\000F\000u\000n\000c\000t\000i\000o\000n\000\040\000D\000o\000c\000u\000m\000e\000n\000t\000a\000t\000i\000o\000n}{section.4.34}% 383
\BOOKMARK [3][-]{subsubsection.4.34.2.1}{\376\377\0004\000.\0003\0004\000.\0002\000.\0001\000\040\000t\000a\000s\000k\000s\000\137\0001\000m\000s\000\050\000\051}{subsection.4.34.2}% 384
\BOOKMARK [1][-]{section.4.35}{\376\377\0004\000.\0003\0005\000\040\000C\000:\000/\000U\000s\000e\000r\000s\000/\000d\000w\000e\000g\000g\000/\000D\000e\000s\000k\000t\000o\000p\000/\000I\000n\000v\000e\000r\000t\000e\000r\000/\000S\000W\000/\000I\000n\000v\000e\000r\000t\000e\000r\000/\000C\000o\000r\000e\000/\000S\000r\000c\000/\000T\000A\000S\000K\000S\000\137\0002\0000\000u\000s\000.\000c\000\040\000F\000i\000l\000e\000\040\000R\000e\000f\000e\000r\000e\000n\000c\000e}{chapter.4}% 385
\BOOKMARK [2][-]{subsection.4.35.1}{\376\377\0004\000.\0003\0005\000.\0001\000\040\000D\000e\000t\000a\000i\000l\000e\000d\000\040\000D\000e\000s\000c\000r\000i\000p\000t\000i\000o\000n}{section.4.35}% 386
\BOOKMARK [2][-]{subsection.4.35.2}{\376\377\0004\000.\0003\0005\000.\0002\000\040\000F\000u\000n\000c\000t\000i\000o\000n\000\040\000D\000o\000c\000u\000m\000e\000n\000t\000a\000t\000i\000o\000n}{section.4.35}% 387
\BOOKMARK [3][-]{subsubsection.4.35.2.1}{\376\377\0004\000.\0003\0005\000.\0002\000.\0001\000\040\000t\000a\000s\000k\000s\000\137\0002\0000\000u\000s\000\137\000l\000e\000f\000t\000\050\000\051}{subsection.4.35.2}% 388
\BOOKMARK [3][-]{subsubsection.4.35.2.2}{\376\377\0004\000.\0003\0005\000.\0002\000.\0002\000\040\000t\000a\000s\000k\000s\000\137\0002\0000\000u\000s\000\137\000r\000i\000g\000h\000t\000\050\000\051}{subsection.4.35.2}% 389
\BOOKMARK [2][-]{subsection.4.35.3}{\376\377\0004\000.\0003\0005\000.\0003\000\040\000V\000a\000r\000i\000a\000b\000l\000e\000\040\000D\000o\000c\000u\000m\000e\000n\000t\000a\000t\000i\000o\000n}{section.4.35}% 390
\BOOKMARK [3][-]{subsubsection.4.35.3.1}{\376\377\0004\000.\0003\0005\000.\0003\000.\0001\000\040\000a\000n\000g\000l\000e\000\137\000l\000e\000f\000t}{subsection.4.35.3}% 391
\BOOKMARK [3][-]{subsubsection.4.35.3.2}{\376\377\0004\000.\0003\0005\000.\0003\000.\0002\000\040\000e\000l\000a\000p\000s\000e\000d\000\137\000t\000i\000c\000k\000s}{subsection.4.35.3}% 392
\BOOKMARK [3][-]{subsubsection.4.35.3.3}{\376\377\0004\000.\0003\0005\000.\0003\000.\0003\000\040\000f\000r\000e\000q\000R\000a\000m\000p\000\137\000l\000e\000f\000t}{subsection.4.35.3}% 393
\BOOKMARK [3][-]{subsubsection.4.35.3.4}{\376\377\0004\000.\0003\0005\000.\0003\000.\0004\000\040\000s\000t\000a\000r\000t\000\137\000t\000i\000c\000k\000s}{subsection.4.35.3}% 394
\BOOKMARK [3][-]{subsubsection.4.35.3.5}{\376\377\0004\000.\0003\0005\000.\0003\000.\0005\000\040\000t\000o\000r\000q\000u\000e\000R\000e\000f\000I\000n\000\137\000l\000e\000f\000t}{subsection.4.35.3}% 395
\BOOKMARK [3][-]{subsubsection.4.35.3.6}{\376\377\0004\000.\0003\0005\000.\0003\000.\0006\000\040\000v\000d\000\137\000l\000e\000f\000t}{subsection.4.35.3}% 396
\BOOKMARK [3][-]{subsubsection.4.35.3.7}{\376\377\0004\000.\0003\0005\000.\0003\000.\0007\000\040\000v\000D\000C\000\137\000l\000e\000f\000t}{subsection.4.35.3}% 397
\BOOKMARK [3][-]{subsubsection.4.35.3.8}{\376\377\0004\000.\0003\0005\000.\0003\000.\0008\000\040\000v\000q\000\137\000l\000e\000f\000t}{subsection.4.35.3}% 398
\BOOKMARK [0][-]{section*.151}{\376\377\000I\000n\000d\000e\000x}{}% 399
