This is pdfTeX, Version 3.141592653-2.6-1.40.25 (MiKTeX 23.10.12) (preloaded format=pdflatex 2024.2.28)  5 MAY 2024 12:15
entering extended mode
 restricted \write18 enabled.
 %&-line parsing enabled.
**./refman.tex
(refman.tex
LaTeX2e <2023-11-01>
L3 programming layer <2023-12-08>
(C:\Program Files\MiKTeX\tex/latex/base\book.cls
Document Class: book 2023/05/17 v1.4n Standard LaTeX document class
(C:\Program Files\MiKTeX\tex/latex/base\bk10.clo
File: bk10.clo 2023/05/17 v1.4n Standard LaTeX file (size option)
)
\c@part=\count187
\c@chapter=\count188
\c@section=\count189
\c@subsection=\count190
\c@subsubsection=\count191
\c@paragraph=\count192
\c@subparagraph=\count193
\c@figure=\count194
\c@table=\count195
\abovecaptionskip=\skip48
\belowcaptionskip=\skip49
\bibindent=\dimen140
)
(C:\Program Files\MiKTeX\tex/latex/base\ifthen.sty
Package: ifthen 2022/04/13 v1.1d Standard LaTeX ifthen package (DPC)
)
(C:\Program Files\MiKTeX\tex/latex/tools\array.sty
Rollback for package 'array' requested -> date 2016-10-06.
         Best approximation is the release introduced on 2016-10-06.

(C:\Program Files\MiKTeX\tex/latex/tools\array-2016-10-06.sty
Package: array 2016/10/06 v2.4d Tabular extension package (FMi)
\col@sep=\dimen141
\extrarowheight=\dimen142
\NC@list=\toks17
\extratabsurround=\skip50
\backup@length=\skip51
))
(C:\Program Files\MiKTeX\tex/generic/infwarerr\infwarerr.sty
package info suppressed
) (doxygen.sty
Package: doxygen 

(C:\Program Files\MiKTeX\tex/latex/base\alltt.sty
Package: alltt 2021/01/29 v2.0g defines alltt environment
)
(C:\Program Files\MiKTeX\tex/latex/tools\calc.sty
Package: calc 2023/07/08 v4.3 Infix arithmetic (KKT,FJ)
\calc@Acount=\count196
\calc@Bcount=\count197
\calc@Adimen=\dimen143
\calc@Bdimen=\dimen144
\calc@Askip=\skip52
\calc@Bskip=\skip53
LaTeX Info: Redefining \setlength on input line 80.
LaTeX Info: Redefining \addtolength on input line 81.
\calc@Ccount=\count198
\calc@Cskip=\skip54
)
(C:\Program Files\MiKTeX\tex/latex/float\float.sty
Package: float 2001/11/08 v1.3d Float enhancements (AL)
\c@float@type=\count199
\float@exts=\toks18
\float@box=\box51
\@float@everytoks=\toks19
\@floatcapt=\box52
)
(C:\Program Files\MiKTeX\tex/latex/tools\verbatim.sty
Package: verbatim 2023-11-06 v1.5v LaTeX2e package for verbatim enhancements
\every@verbatim=\toks20
\verbatim@line=\toks21
\verbatim@in@stream=\read2
)
(C:\Program Files\MiKTeX\tex/latex/xcolor\xcolor.sty
Package: xcolor 2023/11/15 v3.01 LaTeX color extensions (UK)

(C:\Program Files\MiKTeX\tex/latex/graphics-cfg\color.cfg
File: color.cfg 2016/01/02 v1.6 sample color configuration
)
Package xcolor Info: Driver file: pdftex.def on input line 274.

(C:\Program Files\MiKTeX\tex/latex/graphics-def\pdftex.def
File: pdftex.def 2022/09/22 v1.2b Graphics/color driver for pdftex
)
(C:\Program Files\MiKTeX\tex/latex/graphics\mathcolor.ltx)
Package xcolor Info: Model `cmy' substituted by `cmy0' on input line 1350.
Package xcolor Info: Model `hsb' substituted by `rgb' on input line 1354.
Package xcolor Info: Model `RGB' extended on input line 1366.
Package xcolor Info: Model `HTML' substituted by `rgb' on input line 1368.
Package xcolor Info: Model `Hsb' substituted by `hsb' on input line 1369.
Package xcolor Info: Model `tHsb' substituted by `hsb' on input line 1370.
Package xcolor Info: Model `HSB' substituted by `hsb' on input line 1371.
Package xcolor Info: Model `Gray' substituted by `gray' on input line 1372.
Package xcolor Info: Model `wave' substituted by `hsb' on input line 1373.
)
(C:\Program Files\MiKTeX\tex/latex/colortbl\colortbl.sty
Package: colortbl 2024/02/20 v1.0g Color table columns (DPC)
\everycr=\toks22
\minrowclearance=\skip55
\rownum=\count266
)
(longtable_doxygen.sty
Package: longtable_doxygen 2014/10/28 v4.11 Multi-page Table package (DPC) - fr
ozen version for doxygen
\LTleft=\skip56
\LTright=\skip57
\LTpre=\skip58
\LTpost=\skip59
\LTchunksize=\count267
\LTcapwidth=\dimen145
\LT@head=\box53
\LT@firsthead=\box54
\LT@foot=\box55
\LT@lastfoot=\box56
\LT@cols=\count268
\LT@rows=\count269
\c@LT@tables=\count270
\c@LT@chunks=\count271
\LT@p@ftn=\toks23
) (tabu_doxygen.sty
Package: tabu_doxygen 2011/02/26 v2.8 - flexible LaTeX tabulars (FC), frozen ve
rsion for doxygen

(C:\Program Files\MiKTeX\tex/latex/varwidth\varwidth.sty
Package: varwidth 2009/03/30 ver 0.92;  Variable-width minipages
\@vwid@box=\box57
\sift@deathcycles=\count272
\@vwid@loff=\dimen146
\@vwid@roff=\dimen147
)
\c@taburow=\count273
\tabu@nbcols=\count274
\tabu@cnt=\count275
\tabu@Xcol=\count276
\tabu@alloc=\count277
\tabu@nested=\count278
\tabu@target=\dimen148
\tabu@spreadtarget=\dimen149
\tabu@naturalX=\dimen150
\tabucolX=\dimen151
\tabu@Xsum=\dimen152
\extrarowdepth=\dimen153
\abovetabulinesep=\dimen154
\belowtabulinesep=\dimen155
\tabustrutrule=\dimen156
\tabu@thebody=\toks24
\tabu@footnotes=\toks25
\tabu@box=\box58
\tabu@arstrutbox=\box59
\tabu@hleads=\box60
\tabu@vleads=\box61
\tabu@cellskip=\skip60
)
(C:\Program Files\MiKTeX\tex/latex/fancyvrb\fancyvrb.sty
Package: fancyvrb 2024/01/20 4.5c verbatim text (tvz,hv)

(C:\Program Files\MiKTeX\tex/latex/graphics\keyval.sty
Package: keyval 2022/05/29 v1.15 key=value parser (DPC)
\KV@toks@=\toks26
)
\FV@CodeLineNo=\count279
\FV@InFile=\read3
\FV@TabBox=\box62
\c@FancyVerbLine=\count280
\FV@StepNumber=\count281
\FV@OutFile=\write3
)
(C:\Program Files\MiKTeX\tex/latex/tools\tabularx.sty
Package: tabularx 2023/07/08 v2.11c `tabularx' package (DPC)
\TX@col@width=\dimen157
\TX@old@table=\dimen158
\TX@old@col=\dimen159
\TX@target=\dimen160
\TX@delta=\dimen161
\TX@cols=\count282
\TX@ftn=\toks27
)
(C:\Program Files\MiKTeX\tex/latex/tools\multicol.sty
Package: multicol 2023/03/30 v1.9f multicolumn formatting (FMi)
\c@tracingmulticols=\count283
\mult@box=\box63
\multicol@leftmargin=\dimen162
\c@unbalance=\count284
\c@collectmore=\count285
\doublecol@number=\count286
\multicoltolerance=\count287
\multicolpretolerance=\count288
\full@width=\dimen163
\page@free=\dimen164
\premulticols=\dimen165
\postmulticols=\dimen166
\multicolsep=\skip61
\multicolbaselineskip=\skip62
\partial@page=\box64
\last@line=\box65
\mc@boxedresult=\box66
\maxbalancingoverflow=\dimen167
\mult@rightbox=\box67
\mult@grightbox=\box68
\mult@firstbox=\box69
\mult@gfirstbox=\box70
\@tempa=\box71
\@tempa=\box72
\@tempa=\box73
\@tempa=\box74
\@tempa=\box75
\@tempa=\box76
\@tempa=\box77
\@tempa=\box78
\@tempa=\box79
\@tempa=\box80
\@tempa=\box81
\@tempa=\box82
\@tempa=\box83
\@tempa=\box84
\@tempa=\box85
\@tempa=\box86
\@tempa=\box87
\@tempa=\box88
\@tempa=\box89
\@tempa=\box90
\@tempa=\box91
\@tempa=\box92
\@tempa=\box93
\@tempa=\box94
\@tempa=\box95
\@tempa=\box96
\@tempa=\box97
\@tempa=\box98
\@tempa=\box99
\@tempa=\box100
\@tempa=\box101
\@tempa=\box102
\@tempa=\box103
\@tempa=\box104
\@tempa=\box105
\@tempa=\box106
\c@minrows=\count289
\c@columnbadness=\count290
\c@finalcolumnbadness=\count291
\last@try=\dimen168
\multicolovershoot=\dimen169
\multicolundershoot=\dimen170
\mult@nat@firstbox=\box107
\colbreak@box=\box108
\mc@col@check@num=\count292
)
(C:\Program Files\MiKTeX\tex/latex/multirow\multirow.sty
Package: multirow 2021/03/15 v2.8 Span multiple rows of a table
\multirow@colwidth=\skip63
\multirow@cntb=\count293
\multirow@dima=\skip64
\bigstrutjot=\dimen171
)
(C:\Program Files\MiKTeX\tex/latex/hanging\hanging.sty
Package: hanging 2009/09/02 v1.2b hanging paragraphs and punctuation
\h@ngcommawd=\skip65
\h@ngfstopwd=\skip66
\h@ngquotewd=\skip67
\h@ngdquotewd=\skip68
\h@ngquerywd=\skip69
\h@ngexclwd=\skip70
\h@ngcolonwd=\skip71
\h@ngscolonwd=\skip72
)
(C:\Program Files\MiKTeX\tex/generic/iftex\ifpdf.sty
Package: ifpdf 2019/10/25 v3.4 ifpdf legacy package. Use iftex instead.

(C:\Program Files\MiKTeX\tex/generic/iftex\iftex.sty
Package: iftex 2022/02/03 v1.0f TeX engine tests
))
(C:\Program Files\MiKTeX\tex/latex/adjustbox\adjustbox.sty
Package: adjustbox 2022/10/17 v1.3a Adjusting TeX boxes (trim, clip, ...)

(C:\Program Files\MiKTeX\tex/latex/xkeyval\xkeyval.sty
Package: xkeyval 2022/06/16 v2.9 package option processing (HA)

(C:\Program Files\MiKTeX\tex/generic/xkeyval\xkeyval.tex
(C:\Program Files\MiKTeX\tex/generic/xkeyval\xkvutils.tex
\XKV@toks=\toks28
\XKV@tempa@toks=\toks29
)
\XKV@depth=\count294
File: xkeyval.tex 2014/12/03 v2.7a key=value parser (HA)
))
(C:\Program Files\MiKTeX\tex/latex/adjustbox\adjcalc.sty
Package: adjcalc 2012/05/16 v1.1 Provides advanced setlength with multiple back
-ends (calc, etex, pgfmath)
)
(C:\Program Files\MiKTeX\tex/latex/adjustbox\trimclip.sty
Package: trimclip 2020/08/19 v1.2 Trim and clip general TeX material

(C:\Program Files\MiKTeX\tex/latex/graphics\graphicx.sty
Package: graphicx 2021/09/16 v1.2d Enhanced LaTeX Graphics (DPC,SPQR)

(C:\Program Files\MiKTeX\tex/latex/graphics\graphics.sty
Package: graphics 2022/03/10 v1.4e Standard LaTeX Graphics (DPC,SPQR)

(C:\Program Files\MiKTeX\tex/latex/graphics\trig.sty
Package: trig 2021/08/11 v1.11 sin cos tan (DPC)
)
(C:\Program Files\MiKTeX\tex/latex/graphics-cfg\graphics.cfg
File: graphics.cfg 2016/06/04 v1.11 sample graphics configuration
)
Package graphics Info: Driver file: pdftex.def on input line 107.
)
\Gin@req@height=\dimen172
\Gin@req@width=\dimen173
)
(C:\Program Files\MiKTeX\tex/latex/collectbox\collectbox.sty
Package: collectbox 2022/10/17 v0.4c Collect macro arguments as boxes
\collectedbox=\box109
)
\tc@llx=\dimen174
\tc@lly=\dimen175
\tc@urx=\dimen176
\tc@ury=\dimen177
Package trimclip Info: Using driver 'tc-pdftex.def'.

(C:\Program Files\MiKTeX\tex/latex/adjustbox\tc-pdftex.def
File: tc-pdftex.def 2019/01/04 v2.2 Clipping driver for pdftex
))
\adjbox@Width=\dimen178
\adjbox@Height=\dimen179
\adjbox@Depth=\dimen180
\adjbox@Totalheight=\dimen181
\adjbox@pwidth=\dimen182
\adjbox@pheight=\dimen183
\adjbox@pdepth=\dimen184
\adjbox@ptotalheight=\dimen185

(C:\Program Files\MiKTeX\tex/latex/ifoddpage\ifoddpage.sty
Package: ifoddpage 2022/10/18 v1.2 Conditionals for odd/even page detection
\c@checkoddpage=\count295
))
(C:\Program Files\MiKTeX\tex/latex/amsfonts\amssymb.sty
Package: amssymb 2013/01/14 v3.01 AMS font symbols

(C:\Program Files\MiKTeX\tex/latex/amsfonts\amsfonts.sty
Package: amsfonts 2013/01/14 v3.01 Basic AMSFonts support
\@emptytoks=\toks30
\symAMSa=\mathgroup4
\symAMSb=\mathgroup5
LaTeX Font Info:    Redeclaring math symbol \hbar on input line 98.
LaTeX Font Info:    Overwriting math alphabet `\mathfrak' in version `bold'
(Font)                  U/euf/m/n --> U/euf/b/n on input line 106.
))
(C:\Program Files\MiKTeX\tex/latex/stackengine\stackengine.sty
Package: stackengine 2021/07/22 v4.11\ Stacking text and objects in convenient 
ways

(C:\Program Files\MiKTeX\tex/latex/etoolbox\etoolbox.sty
Package: etoolbox 2020/10/05 v2.5k e-TeX tools for LaTeX (JAW)
\etb@tempcnta=\count296
)
(C:\Program Files\MiKTeX\tex/latex/listofitems\listofitems.sty
(C:\Program Files\MiKTeX\tex/generic/listofitems\listofitems.tex
\loi_cnt_foreach_nest=\count297
\loi_nestcnt=\count298
)
Package: listofitems 2024/03/09 v1.65 Grab items in lists using user-specified 
sep char (CT)
)
\c@@stackindex=\count299
\@boxshift=\skip73
\stack@tmplength=\skip74
\temp@stkl=\skip75
\@stackedboxwidth=\skip76
\@addedbox=\box110
\@anchorbox=\box111
\@insetbox=\box112
\se@backgroundbox=\box113
\stackedbox=\box114
\@centerbox=\box115
\c@ROWcellindex@=\count300
)
(C:\Program Files\MiKTeX\tex/latex/enumitem\enumitem.sty
Package: enumitem 2019/06/20 v3.9 Customized lists
\labelindent=\skip77
\enit@outerparindent=\dimen186
\enit@toks=\toks31
\enit@inbox=\box116
\enit@count@id=\count301
\enitdp@description=\count302
)
(C:\Program Files\MiKTeX\tex/generic/alphalph\alphalph.sty
Package: alphalph 2019/12/09 v2.6 Convert numbers to letters (HO)

(C:\Program Files\MiKTeX\tex/generic/intcalc\intcalc.sty
Package: intcalc 2019/12/15 v1.3 Expandable calculations with integers (HO)
))
(C:\Program Files\MiKTeX\tex/latex/ulem\ulem.sty
\UL@box=\box117
\UL@hyphenbox=\box118
\UL@skip=\skip78
\UL@hook=\toks32
\UL@height=\dimen187
\UL@pe=\count303
\UL@pixel=\dimen188
\ULC@box=\box119
Package: ulem 2019/11/18
\ULdepth=\dimen189
)
\xrefbox=\box120
\xreflength=\skip79
\CodeWidthChar=\skip80
\CodeHeightChar=\skip81
\DoxyCodeWidth=\skip82
\c@DoxyEnumeratei=\count304
\c@DoxyEnumerateii=\count305
\c@DoxyEnumerateiii=\count306
\c@DoxyEnumerateiv=\count307
\c@DoxyEnumeratev=\count308
\c@DoxyEnumeratevi=\count309
\c@DoxyEnumeratevii=\count310
\c@DoxyEnumerateviii=\count311
\c@DoxyEnumerateix=\count312
\c@DoxyEnumeratex=\count313
\c@DoxyEnumeratexi=\count314
\c@DoxyEnumeratexii=\count315
\enitdp@DoxyEnumerate=\count316
\enitdp@DoxyItemize=\count317
\c@subsubsubsection=\count318
\c@subsubsubsubsection=\count319
\c@subsubsubsubsubsection=\count320
\c@subsubsubsubsubsubsection=\count321
)
(C:\Program Files\MiKTeX\tex/latex/base\inputenc.sty
Package: inputenc 2021/02/14 v1.3d Input encoding file
\inpenc@prehook=\toks33
\inpenc@posthook=\toks34
)
(C:\Program Files\MiKTeX\tex/latex/base\makeidx.sty
Package: makeidx 2021/10/04 v1.0m Standard LaTeX package
)
(C:\Program Files\MiKTeX\tex/latex/base\textcomp.sty
Package: textcomp 2020/02/02 v2.0n Standard LaTeX package
)
(C:\Program Files\MiKTeX\tex/latex/wasysym\wasysym.sty
Package: wasysym 2020/01/19 v2.4 Wasy-2 symbol support package
\symwasy=\mathgroup6
LaTeX Font Info:    Overwriting symbol font `wasy' in version `bold'
(Font)                  U/wasy/m/n --> U/wasy/b/n on input line 93.
)
(C:\Program Files\MiKTeX\tex/generic/iftex\ifxetex.sty
Package: ifxetex 2019/10/25 v0.7 ifxetex legacy package. Use iftex instead.
)
(C:\Program Files\MiKTeX\tex/latex/base\fontenc.sty
Package: fontenc 2021/04/29 v2.0v Standard LaTeX package
)
(C:\Program Files\MiKTeX\tex/latex/psnfss\helvet.sty
Package: helvet 2020/03/25 PSNFSS-v9.3 (WaS) 
)
(C:\Program Files\MiKTeX\tex/latex/psnfss\courier.sty
Package: courier 2020/03/25 PSNFSS-v9.3 (WaS) 
)
(C:\Program Files\MiKTeX\tex/latex/geometry\geometry.sty
Package: geometry 2020/01/02 v5.9 Page Geometry

(C:\Program Files\MiKTeX\tex/generic/iftex\ifvtex.sty
Package: ifvtex 2019/10/25 v1.7 ifvtex legacy package. Use iftex instead.
)
\Gm@cnth=\count322
\Gm@cntv=\count323
\c@Gm@tempcnt=\count324
\Gm@bindingoffset=\dimen190
\Gm@wd@mp=\dimen191
\Gm@odd@mp=\dimen192
\Gm@even@mp=\dimen193
\Gm@layoutwidth=\dimen194
\Gm@layoutheight=\dimen195
\Gm@layouthoffset=\dimen196
\Gm@layoutvoffset=\dimen197
\Gm@dimlist=\toks35

(C:\Program Files\MiKTeX\tex/latex/geometry\geometry.cfg))
(C:\Program Files\MiKTeX\tex/latex/changepage\changepage.sty
Package: changepage 2009/10/20 v1.0c check page and change page layout
\c@cp@cntr=\count325
\cp@tempcnt=\count326
LaTeX Info: Redefining \checkoddpage on input line 59.
)
(C:\Program Files\MiKTeX\tex/latex/fancyhdr\fancyhdr.sty
Package: fancyhdr 2022/11/09 v4.1 Extensive control of page headers and footers

\f@nch@headwidth=\skip83
\f@nch@O@elh=\skip84
\f@nch@O@erh=\skip85
\f@nch@O@olh=\skip86
\f@nch@O@orh=\skip87
\f@nch@O@elf=\skip88
\f@nch@O@erf=\skip89
\f@nch@O@olf=\skip90
\f@nch@O@orf=\skip91
)
(C:\Program Files\MiKTeX\tex/latex/natbib\natbib.sty
Package: natbib 2010/09/13 8.31b (PWD, AO)
\bibhang=\skip92
\bibsep=\skip93
LaTeX Info: Redefining \cite on input line 694.
\c@NAT@ctr=\count327
)
(C:\Program Files\MiKTeX\tex/latex/tocloft\tocloft.sty
Package: tocloft 2017/08/31 v2.3i parameterised ToC, etc., typesetting
Package tocloft Info: The document has chapter divisions on input line 51.
\cftparskip=\skip94
\cftbeforetoctitleskip=\skip95
\cftaftertoctitleskip=\skip96
\cftbeforepartskip=\skip97
\cftpartnumwidth=\skip98
\cftpartindent=\skip99
\cftbeforechapskip=\skip100
\cftchapindent=\skip101
\cftchapnumwidth=\skip102
\cftbeforesecskip=\skip103
\cftsecindent=\skip104
\cftsecnumwidth=\skip105
\cftbeforesubsecskip=\skip106
\cftsubsecindent=\skip107
\cftsubsecnumwidth=\skip108
\cftbeforesubsubsecskip=\skip109
\cftsubsubsecindent=\skip110
\cftsubsubsecnumwidth=\skip111
\cftbeforeparaskip=\skip112
\cftparaindent=\skip113
\cftparanumwidth=\skip114
\cftbeforesubparaskip=\skip115
\cftsubparaindent=\skip116
\cftsubparanumwidth=\skip117
\cftbeforeloftitleskip=\skip118
\cftafterloftitleskip=\skip119
\cftbeforefigskip=\skip120
\cftfigindent=\skip121
\cftfignumwidth=\skip122
\c@lofdepth=\count328
\c@lotdepth=\count329
\cftbeforelottitleskip=\skip123
\cftafterlottitleskip=\skip124
\cftbeforetabskip=\skip125
\cfttabindent=\skip126
\cfttabnumwidth=\skip127
)
\@indexfile=\write4
\openout4 = `refman.idx'.


Writing index file refman.idx
(C:\Program Files\MiKTeX\tex/latex/newunicodechar\newunicodechar.sty
Package: newunicodechar 2018/04/08 v1.2 Defining Unicode characters
)
(C:\Program Files\MiKTeX\tex/latex/hyperref\hyperref.sty
Package: hyperref 2023-11-26 v7.01g Hypertext links for LaTeX

(C:\Program Files\MiKTeX\tex/latex/kvsetkeys\kvsetkeys.sty
Package: kvsetkeys 2022-10-05 v1.19 Key value parser (HO)
)
(C:\Program Files\MiKTeX\tex/generic/kvdefinekeys\kvdefinekeys.sty
Package: kvdefinekeys 2019-12-19 v1.6 Define keys (HO)
)
(C:\Program Files\MiKTeX\tex/generic/pdfescape\pdfescape.sty
Package: pdfescape 2019/12/09 v1.15 Implements pdfTeX's escape features (HO)

(C:\Program Files\MiKTeX\tex/generic/ltxcmds\ltxcmds.sty
Package: ltxcmds 2023-12-04 v1.26 LaTeX kernel commands for general use (HO)
)
(C:\Program Files\MiKTeX\tex/generic/pdftexcmds\pdftexcmds.sty
Package: pdftexcmds 2020-06-27 v0.33 Utility functions of pdfTeX for LuaTeX (HO
)
Package pdftexcmds Info: \pdf@primitive is available.
Package pdftexcmds Info: \pdf@ifprimitive is available.
Package pdftexcmds Info: \pdfdraftmode found.
))
(C:\Program Files\MiKTeX\tex/latex/hycolor\hycolor.sty
Package: hycolor 2020-01-27 v1.10 Color options for hyperref/bookmark (HO)
)
(C:\Program Files\MiKTeX\tex/latex/letltxmacro\letltxmacro.sty
Package: letltxmacro 2019/12/03 v1.6 Let assignment for LaTeX macros (HO)
)
(C:\Program Files\MiKTeX\tex/latex/auxhook\auxhook.sty
Package: auxhook 2019-12-17 v1.6 Hooks for auxiliary files (HO)
)
(C:\Program Files\MiKTeX\tex/latex/hyperref\nameref.sty
Package: nameref 2023-11-26 v2.56 Cross-referencing by name of section

(C:\Program Files\MiKTeX\tex/latex/refcount\refcount.sty
Package: refcount 2019/12/15 v3.6 Data extraction from label references (HO)
)
(C:\Program Files\MiKTeX\tex/generic/gettitlestring\gettitlestring.sty
Package: gettitlestring 2019/12/15 v1.6 Cleanup title references (HO)

(C:\Program Files\MiKTeX\tex/latex/kvoptions\kvoptions.sty
Package: kvoptions 2022-06-15 v3.15 Key value format for package options (HO)
))
\c@section@level=\count330
)
\@linkdim=\dimen198
\Hy@linkcounter=\count331
\Hy@pagecounter=\count332

(C:\Program Files\MiKTeX\tex/latex/hyperref\pd1enc.def
File: pd1enc.def 2023-11-26 v7.01g Hyperref: PDFDocEncoding definition (HO)
Now handling font encoding PD1 ...
... no UTF-8 mapping file for font encoding PD1
)
\Hy@SavedSpaceFactor=\count333

(C:\Program Files\MiKTeX\tex/latex/hyperref\puenc.def
File: puenc.def 2023-11-26 v7.01g Hyperref: PDF Unicode definition (HO)
Now handling font encoding PU ...
... no UTF-8 mapping file for font encoding PU
)
Package hyperref Info: Hyper figures OFF on input line 4181.
Package hyperref Info: Link nesting OFF on input line 4186.
Package hyperref Info: Hyper index ON on input line 4189.
Package hyperref Info: Plain pages OFF on input line 4196.
Package hyperref Info: Backreferencing ON on input line 4199.
Package hyperref Info: Implicit mode ON; LaTeX internals redefined.
Package hyperref Info: Bookmarks ON on input line 4448.

(C:\Program Files\MiKTeX\tex/latex/hyperref\backref.sty
Package: backref 2023-11-26 v1.44 Bibliographical back referencing

(C:\Program Files\MiKTeX\tex/latex/rerunfilecheck\rerunfilecheck.sty
Package: rerunfilecheck 2022-07-10 v1.10 Rerun checks for auxiliary files (HO)

(C:\Program Files\MiKTeX\tex/latex/base\atveryend-ltx.sty
Package: atveryend-ltx 2020/08/19 v1.0a Emulation of the original atveryend pac
kage
with kernel methods
)
(C:\Program Files\MiKTeX\tex/generic/uniquecounter\uniquecounter.sty
Package: uniquecounter 2019/12/15 v1.4 Provide unlimited unique counter (HO)

(C:\Program Files\MiKTeX\tex/generic/bigintcalc\bigintcalc.sty
Package: bigintcalc 2019/12/15 v1.5 Expandable calculations on big integers (HO
)
))
Package uniquecounter Info: New unique counter `rerunfilecheck' on input line 2
85.
))
\c@Hy@tempcnt=\count334

(C:\Program Files\MiKTeX\tex/latex/url\url.sty
\Urlmuskip=\muskip16
Package: url 2013/09/16  ver 3.4  Verb mode for urls, etc.
)
LaTeX Info: Redefining \url on input line 4786.
\XeTeXLinkMargin=\dimen199

(C:\Program Files\MiKTeX\tex/generic/bitset\bitset.sty
Package: bitset 2019/12/09 v1.3 Handle bit-vector datatype (HO)
)
\Fld@menulength=\count335
\Field@Width=\dimen256
\Fld@charsize=\dimen257
Package hyperref Info: Hyper figures OFF on input line 6065.
Package hyperref Info: Link nesting OFF on input line 6070.
Package hyperref Info: Hyper index ON on input line 6073.
Package hyperref Info: backreferencing ON on input line 6078.
Package hyperref Info: Link coloring OFF on input line 6085.
Package hyperref Info: Link coloring with OCG OFF on input line 6090.
Package hyperref Info: PDF/A mode OFF on input line 6095.

(C:\Program Files\MiKTeX\tex/latex/base\atbegshi-ltx.sty
Package: atbegshi-ltx 2021/01/10 v1.0c Emulation of the original atbegshi
package with kernel methods
)
\Hy@abspage=\count336
\c@Item=\count337
\c@Hfootnote=\count338
)
Package hyperref Info: Driver: hpdftex.

(C:\Program Files\MiKTeX\tex/latex/hyperref\hpdftex.def
File: hpdftex.def 2023-11-26 v7.01g Hyperref driver for pdfTeX
\Fld@listcount=\count339
\c@bookmark@seq@number=\count340
\Hy@SectionHShift=\skip128
)
Package hyperref Info: Option `colorlinks' set `true' on input line 161.
Package hyperref Info: Option `unicode' set `true' on input line 161.

(C:\Program Files\MiKTeX\tex/latex/caption\caption.sty
Package: caption 2023/08/05 v3.6o Customizing captions (AR)

(C:\Program Files\MiKTeX\tex/latex/caption\caption3.sty
Package: caption3 2023/07/31 v2.4d caption3 kernel (AR)
\caption@tempdima=\dimen258
\captionmargin=\dimen259
\caption@leftmargin=\dimen260
\caption@rightmargin=\dimen261
\caption@width=\dimen262
\caption@indent=\dimen263
\caption@parindent=\dimen264
\caption@hangindent=\dimen265
Package caption Info: Standard document class detected.
)
\c@caption@flags=\count341
\c@continuedfloat=\count342
Package caption Info: changepage package is loaded.
\caption@adjustwidth@hsize=\dimen266
\caption@adjustwidth@linewidth=\dimen267
Package caption Info: float package is loaded.
Package caption Info: hyperref package is loaded.
Package caption Info: longtable package is loaded.

(C:\Program Files\MiKTeX\tex/latex/caption\ltcaption.sty
Package: ltcaption 2021/01/08 v1.4c longtable captions (AR)
))
(C:\Program Files\MiKTeX\tex/latex/etoc\etoc.sty
Package: etoc 2023/10/29 v1.2d Completely customisable TOCs (JFB)
\Etoc@toctoks=\toks36
\c@etoc@tocid=\count343
\etoc@framed@titlebox=\box121
\etoc@framed@contentsbox=\box122
)
LaTeX Font Info:    Trying to load font information for T1+phv on input line 18
3.

(C:\Program Files\MiKTeX\tex/latex/psnfss\t1phv.fd
File: t1phv.fd 2020/03/25 scalable font definitions for T1/phv.
)
LaTeX Font Info:    Font shape `T1/phv/m/n' will be
(Font)              scaled to size 8.99994pt on input line 183.

(C:\Program Files\MiKTeX\tex/latex/l3backend\l3backend-pdftex.def
File: l3backend-pdftex.def 2023-11-09 L3 backend support: PDF output (pdfTeX)
\l__color_backend_stack_int=\count344
\l__pdf_internal_box=\box123
) (refman.aux)
\openout1 = `refman.aux'.

LaTeX Font Info:    Checking defaults for OML/cmm/m/it on input line 183.
LaTeX Font Info:    ... okay on input line 183.
LaTeX Font Info:    Checking defaults for OMS/cmsy/m/n on input line 183.
LaTeX Font Info:    ... okay on input line 183.
LaTeX Font Info:    Checking defaults for OT1/cmr/m/n on input line 183.
LaTeX Font Info:    ... okay on input line 183.
LaTeX Font Info:    Checking defaults for T1/cmr/m/n on input line 183.
LaTeX Font Info:    ... okay on input line 183.
LaTeX Font Info:    Checking defaults for TS1/cmr/m/n on input line 183.
LaTeX Font Info:    ... okay on input line 183.
LaTeX Font Info:    Checking defaults for OMX/cmex/m/n on input line 183.
LaTeX Font Info:    ... okay on input line 183.
LaTeX Font Info:    Checking defaults for U/cmr/m/n on input line 183.
LaTeX Font Info:    ... okay on input line 183.
LaTeX Font Info:    Checking defaults for PD1/pdf/m/n on input line 183.
LaTeX Font Info:    ... okay on input line 183.
LaTeX Font Info:    Checking defaults for PU/pdf/m/n on input line 183.
LaTeX Font Info:    ... okay on input line 183.
(C:\Program Files\MiKTeX\tex/context/base/mkii\supp-pdf.mkii
[Loading MPS to PDF converter (version 2006.09.02).]
\scratchcounter=\count345
\scratchdimen=\dimen268
\scratchbox=\box124
\nofMPsegments=\count346
\nofMParguments=\count347
\everyMPshowfont=\toks37
\MPscratchCnt=\count348
\MPscratchDim=\dimen269
\MPnumerator=\count349
\makeMPintoPDFobject=\count350
\everyMPtoPDFconversion=\toks38
) (C:\Program Files\MiKTeX\tex/latex/epstopdf-pkg\epstopdf-base.sty
Package: epstopdf-base 2020-01-24 v2.11 Base part for package epstopdf
Package epstopdf-base Info: Redefining graphics rule for `.eps' on input line 4
85.

(C:\Program Files\MiKTeX\tex/latex/00miktex\epstopdf-sys.cfg
File: epstopdf-sys.cfg 2021/03/18 v2.0 Configuration of epstopdf for MiKTeX
))
*geometry* driver: auto-detecting
*geometry* detected driver: pdftex
*geometry* verbose mode - [ preamble ] result:
* driver: pdftex
* paper: a4paper
* layout: <same size as paper>
* layoutoffset:(h,v)=(0.0pt,0.0pt)
* modes: twoside 
* h-part:(L,W,R)=(71.13188pt, 455.24411pt, 71.13188pt)
* v-part:(T,H,B)=(71.13188pt, 702.78308pt, 71.13188pt)
* \paperwidth=597.50787pt
* \paperheight=845.04684pt
* \textwidth=455.24411pt
* \textheight=702.78308pt
* \oddsidemargin=-1.1381pt
* \evensidemargin=-1.1381pt
* \topmargin=-31.2056pt
* \headheight=12.0pt
* \headsep=18.06749pt
* \topskip=10.0pt
* \footskip=25.29494pt
* \marginparwidth=125.0pt
* \marginparsep=7.0pt
* \columnsep=10.0pt
* \skip\footins=9.0pt plus 4.0pt minus 2.0pt
* \hoffset=0.0pt
* \voffset=0.0pt
* \mag=1000
* \@twocolumnfalse
* \@twosidetrue
* \@mparswitchtrue
* \@reversemarginfalse
* (1in=72.27pt=25.4mm, 1cm=28.453pt)

Package backref Info: ** backref set up for natbib ** on input line 183.
Package hyperref Info: Link coloring ON on input line 183.
(refman.out) (refman.out)
\@outlinefile=\write5
\openout5 = `refman.out'.

Package caption Info: Begin \AtBeginDocument code.
Package caption Info: End \AtBeginDocument code.
\Etoc@tf=\read4
Package hyperref Info: Option `pageanchor' set `false' on input line 191.
Package hyperref Info: Option `bookmarksnumbered' set `true' on input line 191.

Package hyperref Info: Option `unicode' set `true' on input line 191.
LaTeX Font Info:    Font shape `T1/phv/m/n' will be
(Font)              scaled to size 12.9599pt on input line 196.
LaTeX Font Info:    Font shape `T1/phv/m/n' will be
(Font)              scaled to size 6.29996pt on input line 196.
LaTeX Font Info:    Trying to load font information for U+msa on input line 196
.
 (C:\Program Files\MiKTeX\tex/latex/amsfonts\umsa.fd
File: umsa.fd 2013/01/14 v3.01 AMS symbols A
)
LaTeX Font Info:    Trying to load font information for U+msb on input line 196
.

(C:\Program Files\MiKTeX\tex/latex/amsfonts\umsb.fd
File: umsb.fd 2013/01/14 v3.01 AMS symbols B
)
LaTeX Font Info:    Trying to load font information for U+wasy on input line 19
6.

(C:\Program Files\MiKTeX\tex/latex/wasysym\uwasy.fd
File: uwasy.fd 2020/01/19 v2.4 Wasy-2 symbol font definitions
)
LaTeX Font Info:    Trying to load font information for TS1+phv on input line 1
96.

(C:\Program Files\MiKTeX\tex/latex/psnfss\ts1phv.fd
File: ts1phv.fd 2020/03/25 scalable font definitions for TS1/phv.
)
LaTeX Font Info:    Font shape `TS1/phv/m/n' will be
(Font)              scaled to size 12.9599pt on input line 196.
LaTeX Font Info:    Font shape `T1/phv/m/n' will be
(Font)              scaled to size 10.79993pt on input line 197.
 [1


{C:/Users/dwegg/AppData/Local/MiKTeX/fonts/map/pdftex/pdftex.map}{C:/Program Fi
les/MiKTeX/fonts/enc/dvips/base/8r.enc}] [2

]
\tf@toc=\write6
\openout6 = `refman.toc'.

LaTeX Font Info:    Font shape `T1/phv/b/n' will be
(Font)              scaled to size 8.99994pt on input line 205.
LaTeX Font Info:    Font shape `T1/phv/b/n' will be
(Font)              scaled to size 6.29996pt on input line 205.
 [1] [2] [3] [4] [5] [6] [7] [8] [9] [10] [11] [12]
[13] [14] [15] [16] [17] [18]
Package hyperref Info: Option `pageanchor' set `true' on input line 208.

Chapter 1.
LaTeX Font Info:    Font shape `T1/phv/m/n' will be
(Font)              scaled to size 18.66588pt on input line 210.
LaTeX Font Info:    Font shape `T1/phv/b/n' will be
(Font)              scaled to size 18.66588pt on input line 210.
LaTeX Font Info:    Font shape `T1/phv/b/n' will be
(Font)              scaled to size 22.39185pt on input line 210.
(topics.tex
LaTeX Font Info:    Font shape `T1/phv/b/n' will be
(Font)              scaled to size 12.9599pt on input line 1.
) [1


] [2

]
Chapter 2.
(annotated.tex) [3] [4

]
Chapter 3.
(files.tex [5]) [6]
Chapter 4.
(group___c_m_s_i_s.tex <./group___c_m_s_i_s.pdf>
<group___c_m_s_i_s.pdf, id=3839, 263.98625pt x 100.375pt>
File: group___c_m_s_i_s.pdf Graphic file (type pdf)
<use group___c_m_s_i_s.pdf>
Package pdftex.def Info: group___c_m_s_i_s.pdf  used on input line 7.
(pdftex.def)             Requested size: 263.0pt x 100.00562pt.
LaTeX Font Info:    Font shape `TS1/phv/m/n' will be
(Font)              scaled to size 8.99994pt on input line 13.
LaTeX Font Info:    Font shape `T1/phv/b/n' will be
(Font)              scaled to size 10.79993pt on input line 17.
 (group__stm32f7xx__system.tex <./group__stm32f7xx__system.pdf>
<group__stm32f7xx__system.pdf, id=3848, 442.65375pt x 413.545pt>
File: group__stm32f7xx__system.pdf Graphic file (type pdf)
<use group__stm32f7xx__system.pdf>
Package pdftex.def Info: group__stm32f7xx__system.pdf  used on input line 7.
(pdftex.def)             Requested size: 350.0pt x 326.99985pt.
 [7

]
(group___s_t_m32_f7xx___system___private___includes.tex <./group___s_t_m32_f7xx
___system___private___includes.pdf>
<group___s_t_m32_f7xx___system___private___includes.pdf, id=3872, 359.3425pt x 
112.42pt>
File: group___s_t_m32_f7xx___system___private___includes.pdf Graphic file (type
 pdf)
<use group___s_t_m32_f7xx___system___private___includes.pdf>
Package pdftex.def Info: group___s_t_m32_f7xx___system___private___includes.pdf
  used on input line 7.
(pdftex.def)             Requested size: 350.0pt x 109.50526pt.
 [8]
LaTeX Font Info:    Font shape `T1/phv/m/n' will be
(Font)              scaled to size 7.19995pt on input line 27.
LaTeX Font Info:    Trying to load font information for T1+pcr on input line 27
.

(C:\Program Files\MiKTeX\tex/latex/psnfss\t1pcr.fd
File: t1pcr.fd 2001/06/04 font definitions for T1/pcr.
))
(group___s_t_m32_f7xx___system___private___types_definitions.tex <./group___s_t
_m32_f7xx___system___private___types_definitions.pdf>
<group___s_t_m32_f7xx___system___private___types_definitions.pdf, id=3896, 359.
3425pt x 112.42pt>
File: group___s_t_m32_f7xx___system___private___types_definitions.pdf Graphic f
ile (type pdf)
<use group___s_t_m32_f7xx___system___private___types_definitions.pdf>
Package pdftex.def Info: group___s_t_m32_f7xx___system___private___types_defini
tions.pdf  used on input line 7.
(pdftex.def)             Requested size: 350.0pt x 109.50526pt.
)
(group___s_t_m32_f7xx___system___private___defines.tex <./group___s_t_m32_f7xx_
__system___private___defines.pdf>
<group___s_t_m32_f7xx___system___private___defines.pdf, id=3904, 359.3425pt x 1
12.42pt>
File: group___s_t_m32_f7xx___system___private___defines.pdf Graphic file (type 
pdf)
<use group___s_t_m32_f7xx___system___private___defines.pdf>
Package pdftex.def Info: group___s_t_m32_f7xx___system___private___defines.pdf 
 used on input line 7.
(pdftex.def)             Requested size: 350.0pt x 109.50526pt.
)
(group___s_t_m32_f7xx___system___private___macros.tex [9] <./group___s_t_m32_f7
xx___system___private___macros.pdf>
<group___s_t_m32_f7xx___system___private___macros.pdf, id=3927, 359.3425pt x 11
2.42pt>
File: group___s_t_m32_f7xx___system___private___macros.pdf Graphic file (type p
df)
<use group___s_t_m32_f7xx___system___private___macros.pdf>
Package pdftex.def Info: group___s_t_m32_f7xx___system___private___macros.pdf  
used on input line 7.
(pdftex.def)             Requested size: 350.0pt x 109.50526pt.
)
(group___s_t_m32_f7xx___system___private___variables.tex <./group___s_t_m32_f7x
x___system___private___variables.pdf>
<group___s_t_m32_f7xx___system___private___variables.pdf, id=3935, 359.3425pt x
 112.42pt>
File: group___s_t_m32_f7xx___system___private___variables.pdf Graphic file (typ
e pdf)
<use group___s_t_m32_f7xx___system___private___variables.pdf>
Package pdftex.def Info: group___s_t_m32_f7xx___system___private___variables.pd
f  used on input line 7.
(pdftex.def)             Requested size: 350.0pt x 109.50526pt.
 [10])
(group___s_t_m32_f7xx___system___private___function_prototypes.tex <./group___s
_t_m32_f7xx___system___private___function_prototypes.pdf>
<group___s_t_m32_f7xx___system___private___function_prototypes.pdf, id=3958, 35
9.3425pt x 112.42pt>
File: group___s_t_m32_f7xx___system___private___function_prototypes.pdf Graphic
 file (type pdf)
<use group___s_t_m32_f7xx___system___private___function_prototypes.pdf>
Package pdftex.def Info: group___s_t_m32_f7xx___system___private___function_pro
totypes.pdf  used on input line 7.
(pdftex.def)             Requested size: 350.0pt x 109.50526pt.
)
(group___s_t_m32_f7xx___system___private___functions.tex <./group___s_t_m32_f7x
x___system___private___functions.pdf>
<group___s_t_m32_f7xx___system___private___functions.pdf, id=3966, 359.3425pt x
 112.42pt>
File: group___s_t_m32_f7xx___system___private___functions.pdf Graphic file (typ
e pdf)
<use group___s_t_m32_f7xx___system___private___functions.pdf>
Package pdftex.def Info: group___s_t_m32_f7xx___system___private___functions.pd
f  used on input line 7.
(pdftex.def)             Requested size: 350.0pt x 109.50526pt.
LaTeX Font Info:    Font shape `T1/phv/m/n' will be
(Font)              scaled to size 8.09995pt on input line 14.
LaTeX Font Info:    Font shape `T1/phv/m/it' in size <9> not available
(Font)              Font shape `T1/phv/m/sl' tried instead on input line 14.
LaTeX Font Info:    Font shape `T1/phv/m/sl' will be
(Font)              scaled to size 8.09995pt on input line 14.
LaTeX Font Info:    Font shape `T1/phv/m/it' in size <7> not available
(Font)              Font shape `T1/phv/m/sl' tried instead on input line 14.
LaTeX Font Info:    Font shape `T1/phv/m/sl' will be
(Font)              scaled to size 6.29996pt on input line 14.
LaTeX Font Info:    Font shape `T1/pcr/m/it' in size <8> not available
(Font)              Font shape `T1/pcr/m/sl' tried instead on input line 27.
 [11]
LaTeX Font Info:    Font shape `T1/phv/bc/n' will be
(Font)              scaled to size 8.99994pt on input line 33.

Underfull \hbox (badness 10000) detected at line 33
[][][]
 []


Underfull \hbox (badness 10000) in paragraph at lines 34--35

 []


Underfull \hbox (badness 10000) in paragraph at lines 46--47

 []

[12]))) [13] [14

]
Chapter 5.
(structangle__struct.tex) (structavg__struct__10.tex [15])
(structclarke3_f__struct.tex [16]) (structdatalog__struct.tex [17])
(structfiltre_l_p__struct.tex [18]) (structiclarke3_f__struct.tex [19])
(struct_inverter_operation.tex [20]) (structirot__struct.tex [21])
(struct_l_e_d.tex [22]) (structpi__aw__struct.tex [23] [24])
(structpi__struct.tex [25] [26]) (structrampa__dual__struct.tex [27])
(structrampa__struct.tex [28]) (struct_r_m_s__struct.tex [29])
(structrot__struct.tex [30]) (structstep__struct.tex [31] [32])
(structsvpwm__struct.tex [33]) [34]
Chapter 6.
(adc_8h.tex <./adc_8h__incl.pdf>
<adc_8h__incl.pdf, id=4391, 204.765pt x 236.885pt>
File: adc_8h__incl.pdf Graphic file (type pdf)
<use adc_8h__incl.pdf>
Package pdftex.def Info: adc_8h__incl.pdf  used on input line 13.
(pdftex.def)             Requested size: 204.0pt x 236.01329pt.
 <./adc_8h__dep__incl.pdf>
<adc_8h__dep__incl.pdf, id=4399, 347.2975pt x 204.765pt>
File: adc_8h__dep__incl.pdf Graphic file (type pdf)
<use adc_8h__dep__incl.pdf>
Package pdftex.def Info: adc_8h__dep__incl.pdf  used on input line 20.
(pdftex.def)             Requested size: 346.0pt x 204.00835pt.
 [35

]
Underfull \hbox (badness 10000) detected at line 46
[][][]
 []

 <./adc_8h_acccd58aa70215a6b184ad242312ffd0c_cgraph.pdf>
<adc_8h_acccd58aa70215a6b184ad242312ffd0c_cgraph.pdf, id=4421, 271.0125pt x 100
.375pt>
File: adc_8h_acccd58aa70215a6b184ad242312ffd0c_cgraph.pdf Graphic file (type pd
f)
<use adc_8h_acccd58aa70215a6b184ad242312ffd0c_cgraph.pdf>
Package pdftex.def Info: adc_8h_acccd58aa70215a6b184ad242312ffd0c_cgraph.pdf  u
sed on input line 70.
(pdftex.def)             Requested size: 270.0pt x 100.00409pt.
 [36] <./adc_8h_acccd58aa70215a6b184ad242312ffd0c_icgraph.pdf>
<adc_8h_acccd58aa70215a6b184ad242312ffd0c_icgraph.pdf, id=4443, 231.86626pt x 1
00.375pt>
File: adc_8h_acccd58aa70215a6b184ad242312ffd0c_icgraph.pdf Graphic file (type p
df)
<use adc_8h_acccd58aa70215a6b184ad242312ffd0c_icgraph.pdf>
Package pdftex.def Info: adc_8h_acccd58aa70215a6b184ad242312ffd0c_icgraph.pdf  
used on input line 77.
(pdftex.def)             Requested size: 231.0pt x 100.00255pt.
 <./adc_8h_a101e2e3433dfe72bbbd0ae3a84489263_cgraph.pdf>
<adc_8h_a101e2e3433dfe72bbbd0ae3a84489263_cgraph.pdf, id=4451, 271.0125pt x 100
.375pt>
File: adc_8h_a101e2e3433dfe72bbbd0ae3a84489263_cgraph.pdf Graphic file (type pd
f)
<use adc_8h_a101e2e3433dfe72bbbd0ae3a84489263_cgraph.pdf>
Package pdftex.def Info: adc_8h_a101e2e3433dfe72bbbd0ae3a84489263_cgraph.pdf  u
sed on input line 98.
(pdftex.def)             Requested size: 270.0pt x 100.00409pt.
 [37] <./adc_8h_a101e2e3433dfe72bbbd0ae3a84489263_icgraph.pdf>
<adc_8h_a101e2e3433dfe72bbbd0ae3a84489263_icgraph.pdf, id=4466, 231.86626pt x 1
00.375pt>
File: adc_8h_a101e2e3433dfe72bbbd0ae3a84489263_icgraph.pdf Graphic file (type p
df)
<use adc_8h_a101e2e3433dfe72bbbd0ae3a84489263_icgraph.pdf>
Package pdftex.def Info: adc_8h_a101e2e3433dfe72bbbd0ae3a84489263_icgraph.pdf  
used on input line 105.
(pdftex.def)             Requested size: 231.0pt x 100.00255pt.
 <./adc_8h_ac633a37a9db8b1f45a5f70f973cf05c4_cgraph.pdf>
<adc_8h_ac633a37a9db8b1f45a5f70f973cf05c4_cgraph.pdf, id=4474, 271.0125pt x 100
.375pt>
File: adc_8h_ac633a37a9db8b1f45a5f70f973cf05c4_cgraph.pdf Graphic file (type pd
f)
<use adc_8h_ac633a37a9db8b1f45a5f70f973cf05c4_cgraph.pdf>
Package pdftex.def Info: adc_8h_ac633a37a9db8b1f45a5f70f973cf05c4_cgraph.pdf  u
sed on input line 120.
(pdftex.def)             Requested size: 270.0pt x 100.00409pt.
 <./adc_8h_ac633a37a9db8b1f45a5f70f973cf05c4_icgraph.pdf>
<adc_8h_ac633a37a9db8b1f45a5f70f973cf05c4_icgraph.pdf, id=4482, 231.86626pt x 1
00.375pt>
File: adc_8h_ac633a37a9db8b1f45a5f70f973cf05c4_icgraph.pdf Graphic file (type p
df)
<use adc_8h_ac633a37a9db8b1f45a5f70f973cf05c4_icgraph.pdf>
Package pdftex.def Info: adc_8h_ac633a37a9db8b1f45a5f70f973cf05c4_icgraph.pdf  
used on input line 127.
(pdftex.def)             Requested size: 231.0pt x 100.00255pt.
 [38]) (adc_8h_source.tex) (can_8h.tex <./can_8h__incl.pdf>
<can_8h__incl.pdf, id=4508, 204.765pt x 236.885pt>
File: can_8h__incl.pdf Graphic file (type pdf)
<use can_8h__incl.pdf>
Package pdftex.def Info: can_8h__incl.pdf  used on input line 13.
(pdftex.def)             Requested size: 204.0pt x 236.01329pt.
 [39] <./can_8h__dep__incl.pdf>
<can_8h__dep__incl.pdf, id=4521, 347.2975pt x 204.765pt>
File: can_8h__dep__incl.pdf Graphic file (type pdf)
<use can_8h__dep__incl.pdf>
Package pdftex.def Info: can_8h__dep__incl.pdf  used on input line 20.
(pdftex.def)             Requested size: 346.0pt x 204.00835pt.
 [40]
Underfull \hbox (badness 10000) detected at line 38
[][][]
 []

 <./can_8h_a030a62a0956ab83394eb8354a0e97902_cgraph.pdf>
<can_8h_a030a62a0956ab83394eb8354a0e97902_cgraph.pdf, id=4541, 271.0125pt x 100
.375pt>
File: can_8h_a030a62a0956ab83394eb8354a0e97902_cgraph.pdf Graphic file (type pd
f)
<use can_8h_a030a62a0956ab83394eb8354a0e97902_cgraph.pdf>
Package pdftex.def Info: can_8h_a030a62a0956ab83394eb8354a0e97902_cgraph.pdf  u
sed on input line 56.
(pdftex.def)             Requested size: 270.0pt x 100.00409pt.
 <./can_8h_a030a62a0956ab83394eb8354a0e97902_icgraph.pdf>
<can_8h_a030a62a0956ab83394eb8354a0e97902_icgraph.pdf, id=4549, 231.86626pt x 1
00.375pt>
File: can_8h_a030a62a0956ab83394eb8354a0e97902_icgraph.pdf Graphic file (type p
df)
<use can_8h_a030a62a0956ab83394eb8354a0e97902_icgraph.pdf>
Package pdftex.def Info: can_8h_a030a62a0956ab83394eb8354a0e97902_icgraph.pdf  
used on input line 63.
(pdftex.def)             Requested size: 231.0pt x 100.00255pt.
) (can_8h_source.tex [41]) (dac_8h.tex <./dac_8h__incl.pdf>
<dac_8h__incl.pdf, id=4572, 204.765pt x 236.885pt>
File: dac_8h__incl.pdf Graphic file (type pdf)
<use dac_8h__incl.pdf>
Package pdftex.def Info: dac_8h__incl.pdf  used on input line 13.
(pdftex.def)             Requested size: 204.0pt x 236.01329pt.
 [42] <./dac_8h__dep__incl.pdf>
<dac_8h__dep__incl.pdf, id=4585, 347.2975pt x 204.765pt>
File: dac_8h__dep__incl.pdf Graphic file (type pdf)
<use dac_8h__dep__incl.pdf>
Package pdftex.def Info: dac_8h__dep__incl.pdf  used on input line 20.
(pdftex.def)             Requested size: 346.0pt x 204.00835pt.
 [43]
Underfull \hbox (badness 10000) detected at line 38
[][][]
 []

 <./dac_8h_adac6621f933c065bc075ac0af3cbbb54_cgraph.pdf>
<dac_8h_adac6621f933c065bc075ac0af3cbbb54_cgraph.pdf, id=4607, 264.99pt x 100.3
75pt>
File: dac_8h_adac6621f933c065bc075ac0af3cbbb54_cgraph.pdf Graphic file (type pd
f)
<use dac_8h_adac6621f933c065bc075ac0af3cbbb54_cgraph.pdf>
Package pdftex.def Info: dac_8h_adac6621f933c065bc075ac0af3cbbb54_cgraph.pdf  u
sed on input line 58.
(pdftex.def)             Requested size: 264.0pt x 100.00716pt.
 <./dac_8h_adac6621f933c065bc075ac0af3cbbb54_icgraph.pdf>
<dac_8h_adac6621f933c065bc075ac0af3cbbb54_icgraph.pdf, id=4615, 226.8475pt x 10
0.375pt>
File: dac_8h_adac6621f933c065bc075ac0af3cbbb54_icgraph.pdf Graphic file (type p
df)
<use dac_8h_adac6621f933c065bc075ac0af3cbbb54_icgraph.pdf>
Package pdftex.def Info: dac_8h_adac6621f933c065bc075ac0af3cbbb54_icgraph.pdf  
used on input line 65.
(pdftex.def)             Requested size: 226.0pt x 100.00102pt.
) (dac_8h_source.tex [44]) (dma_8h.tex <./dma_8h__incl.pdf>
<dma_8h__incl.pdf, id=4635, 204.765pt x 236.885pt>
File: dma_8h__incl.pdf Graphic file (type pdf)
<use dma_8h__incl.pdf>
Package pdftex.def Info: dma_8h__incl.pdf  used on input line 13.
(pdftex.def)             Requested size: 204.0pt x 236.01329pt.
 <./dma_8h__dep__incl.pdf>
<dma_8h__dep__incl.pdf, id=4643, 347.2975pt x 204.765pt>
File: dma_8h__dep__incl.pdf Graphic file (type pdf)
<use dma_8h__dep__incl.pdf>
Package pdftex.def Info: dma_8h__dep__incl.pdf  used on input line 20.
(pdftex.def)             Requested size: 346.0pt x 204.00835pt.
 [45]
Underfull \hbox (badness 10000) detected at line 33
[][][]
 []

 <./dma_8h_a323249dac769f9855c10b4ec9446b707_icgraph.pdf>
<dma_8h_a323249dac769f9855c10b4ec9446b707_icgraph.pdf, id=4660, 228.855pt x 100
.375pt>
File: dma_8h_a323249dac769f9855c10b4ec9446b707_icgraph.pdf Graphic file (type p
df)
<use dma_8h_a323249dac769f9855c10b4ec9446b707_icgraph.pdf>
Package pdftex.def Info: dma_8h_a323249dac769f9855c10b4ec9446b707_icgraph.pdf  
used on input line 51.
(pdftex.def)             Requested size: 228.0pt x 100.00409pt.
) (dma_8h_source.tex
[46]) (_f_s_m_8h.tex <./_f_s_m_8h__incl.pdf>
<_f_s_m_8h__incl.pdf, id=4680, 242.9075pt x 180.675pt>
File: _f_s_m_8h__incl.pdf Graphic file (type pdf)
<use _f_s_m_8h__incl.pdf>
Package pdftex.def Info: _f_s_m_8h__incl.pdf  used on input line 14.
(pdftex.def)             Requested size: 242.0pt x 179.9991pt.
 <./_f_s_m_8h__dep__incl.pdf>
<_f_s_m_8h__dep__incl.pdf, id=4688, 347.2975pt x 204.765pt>
File: _f_s_m_8h__dep__incl.pdf Graphic file (type pdf)
<use _f_s_m_8h__dep__incl.pdf>
Package pdftex.def Info: _f_s_m_8h__dep__incl.pdf  used on input line 22.
(pdftex.def)             Requested size: 346.0pt x 204.00835pt.

[47]
Underfull \hbox (badness 1132) in paragraph at lines 33--38
[]\T1/phv/m/n/10 enum [] { [] , [] , [] ,
 []


Underfull \hbox (badness 10000) detected at line 51
[][][]
 []

[48] <./_f_s_m_8h_adec4df6cf6e5716c841ee925ea42990b_icgraph.pdf>
<_f_s_m_8h_adec4df6cf6e5716c841ee925ea42990b_icgraph.pdf, id=4735, 207.77625pt 
x 100.375pt>
File: _f_s_m_8h_adec4df6cf6e5716c841ee925ea42990b_icgraph.pdf Graphic file (typ
e pdf)
<use _f_s_m_8h_adec4df6cf6e5716c841ee925ea42990b_icgraph.pdf>
Package pdftex.def Info: _f_s_m_8h_adec4df6cf6e5716c841ee925ea42990b_icgraph.pd
f  used on input line 109.
(pdftex.def)             Requested size: 207.0pt x 100.00409pt.
 [49])
(_f_s_m_8h_source.tex) (gpio_8h.tex <./gpio_8h__incl.pdf>
<gpio_8h__incl.pdf, id=4771, 204.765pt x 236.885pt>
File: gpio_8h__incl.pdf Graphic file (type pdf)
<use gpio_8h__incl.pdf>
Package pdftex.def Info: gpio_8h__incl.pdf  used on input line 13.
(pdftex.def)             Requested size: 204.0pt x 236.01329pt.
 [50] <./gpio_8h__dep__incl.pdf>
<gpio_8h__dep__incl.pdf, id=4785, 347.2975pt x 204.765pt>
File: gpio_8h__dep__incl.pdf Graphic file (type pdf)
<use gpio_8h__dep__incl.pdf>
Package pdftex.def Info: gpio_8h__dep__incl.pdf  used on input line 20.
(pdftex.def)             Requested size: 346.0pt x 204.00835pt.

Underfull \hbox (badness 10000) detected at line 33
[][][]
 []

[51] <./gpio_8h_ac724e431d2af879252de35615be2bdea_icgraph.pdf>
<gpio_8h_ac724e431d2af879252de35615be2bdea_icgraph.pdf, id=4804, 230.8625pt x 1
00.375pt>
File: gpio_8h_ac724e431d2af879252de35615be2bdea_icgraph.pdf Graphic file (type 
pdf)
<use gpio_8h_ac724e431d2af879252de35615be2bdea_icgraph.pdf>
Package pdftex.def Info: gpio_8h_ac724e431d2af879252de35615be2bdea_icgraph.pdf 
 used on input line 51.
(pdftex.def)             Requested size: 230.0pt x 100.00102pt.
)
(gpio_8h_source.tex) (i2c_8h.tex [52] <./i2c_8h__incl.pdf>
<i2c_8h__incl.pdf, id=4823, 204.765pt x 236.885pt>
File: i2c_8h__incl.pdf Graphic file (type pdf)
<use i2c_8h__incl.pdf>
Package pdftex.def Info: i2c_8h__incl.pdf  used on input line 13.
(pdftex.def)             Requested size: 204.0pt x 236.01329pt.
 <./i2c_8h__dep__incl.pdf>
<i2c_8h__dep__incl.pdf, id=4831, 347.2975pt x 204.765pt>
File: i2c_8h__dep__incl.pdf Graphic file (type pdf)
<use i2c_8h__dep__incl.pdf>
Package pdftex.def Info: i2c_8h__dep__incl.pdf  used on input line 20.
(pdftex.def)             Requested size: 346.0pt x 204.00835pt.
 [53]
Underfull \hbox (badness 10000) detected at line 38
[][][]
 []

 <./i2c_8h_ada6e763cfa4108a8d24cd27b75f2f489_cgraph.pdf>
<i2c_8h_ada6e763cfa4108a8d24cd27b75f2f489_cgraph.pdf, id=4852, 264.99pt x 100.3
75pt>
File: i2c_8h_ada6e763cfa4108a8d24cd27b75f2f489_cgraph.pdf Graphic file (type pd
f)
<use i2c_8h_ada6e763cfa4108a8d24cd27b75f2f489_cgraph.pdf>
Package pdftex.def Info: i2c_8h_ada6e763cfa4108a8d24cd27b75f2f489_cgraph.pdf  u
sed on input line 58.
(pdftex.def)             Requested size: 264.0pt x 100.00716pt.
 <./i2c_8h_ada6e763cfa4108a8d24cd27b75f2f489_icgraph.pdf>
<i2c_8h_ada6e763cfa4108a8d24cd27b75f2f489_icgraph.pdf, id=4860, 225.84375pt x 1
00.375pt>
File: i2c_8h_ada6e763cfa4108a8d24cd27b75f2f489_icgraph.pdf Graphic file (type p
df)
<use i2c_8h_ada6e763cfa4108a8d24cd27b75f2f489_icgraph.pdf>
Package pdftex.def Info: i2c_8h_ada6e763cfa4108a8d24cd27b75f2f489_icgraph.pdf  
used on input line 65.
(pdftex.def)             Requested size: 225.0pt x 100.00562pt.
) (i2c_8h_source.tex [54]) (main_8h.tex <./main_8h__incl.pdf>
<main_8h__incl.pdf, id=4882, 204.765pt x 180.675pt>
File: main_8h__incl.pdf Graphic file (type pdf)
<use main_8h__incl.pdf>
Package pdftex.def Info: main_8h__incl.pdf  used on input line 13.
(pdftex.def)             Requested size: 204.0pt x 180.01013pt.
 [55] <./main_8h__dep__incl.pdf>
<main_8h__dep__incl.pdf, id=4895, 1752.5475pt x 285.065pt>
File: main_8h__dep__incl.pdf Graphic file (type pdf)
<use main_8h__dep__incl.pdf>
Package pdftex.def Info: main_8h__dep__incl.pdf  used on input line 21.
(pdftex.def)             Requested size: 350.0pt x 56.92934pt.
 [56] [57]
Underfull \hbox (badness 10000) detected at line 210
[][][]
 []

[58] [59] [60] [61] [62] [63] [64] [65] [66] <./main_8h_a1730ffe1e560465665eb47
d9264826f9_icgraph.pdf>
<main_8h_a1730ffe1e560465665eb47d9264826f9_icgraph.pdf, id=5128, 372.39125pt x 
596.2275pt>
File: main_8h_a1730ffe1e560465665eb47d9264826f9_icgraph.pdf Graphic file (type 
pdf)
<use main_8h_a1730ffe1e560465665eb47d9264826f9_icgraph.pdf>
Package pdftex.def Info: main_8h_a1730ffe1e560465665eb47d9264826f9_icgraph.pdf 
 used on input line 744.
(pdftex.def)             Requested size: 343.53598pt x 550.0pt.
) (main_8h_source.tex [67] [68]) (_p_c_b___i_o_8h.tex <./_p_c_b___i_o_8h__incl.
pdf>
<_p_c_b___i_o_8h__incl.pdf, id=5151, 204.765pt x 180.675pt>
File: _p_c_b___i_o_8h__incl.pdf Graphic file (type pdf)
<use _p_c_b___i_o_8h__incl.pdf>
Package pdftex.def Info: _p_c_b___i_o_8h__incl.pdf  used on input line 13.
(pdftex.def)             Requested size: 204.0pt x 180.01013pt.
 [69] <./_p_c_b___i_o_8h__dep__incl.pdf>
<_p_c_b___i_o_8h__dep__incl.pdf, id=5163, 489.83pt x 204.765pt>
File: _p_c_b___i_o_8h__dep__incl.pdf Graphic file (type pdf)
<use _p_c_b___i_o_8h__dep__incl.pdf>
Package pdftex.def Info: _p_c_b___i_o_8h__dep__incl.pdf  used on input line 21.

(pdftex.def)             Requested size: 350.0pt x 146.31523pt.

Underfull \hbox (badness 5985) in paragraph at lines 45--50
[]\T1/phv/m/n/10 enum [] { [] , [] , [] ,
 []

[70]
Underfull \hbox (badness 10000) detected at line 70
[][][]
 []

[71]
LaTeX Font Info:    Font shape `T1/pcr/m/it' in size <7> not available
(Font)              Font shape `T1/pcr/m/sl' tried instead on input line 142.
 <./_p_c_b___i_o_8h_a4670279a37c6f5e27434c66d2db61cb1_icgraph.pdf>
<_p_c_b___i_o_8h_a4670279a37c6f5e27434c66d2db61cb1_icgraph.pdf, id=5251, 406.51
875pt x 100.375pt>
File: _p_c_b___i_o_8h_a4670279a37c6f5e27434c66d2db61cb1_icgraph.pdf Graphic fil
e (type pdf)
<use _p_c_b___i_o_8h_a4670279a37c6f5e27434c66d2db61cb1_icgraph.pdf>
Package pdftex.def Info: _p_c_b___i_o_8h_a4670279a37c6f5e27434c66d2db61cb1_icgr
aph.pdf  used on input line 170.
(pdftex.def)             Requested size: 350.0pt x 86.42342pt.
 [72])
(_p_c_b___i_o_8h_source.tex [73]) (_pergamon__float_8h.tex <./_pergamon__float_
8h__incl.pdf>
<_pergamon__float_8h__incl.pdf, id=5295, 214.8025pt x 180.675pt>
File: _pergamon__float_8h__incl.pdf Graphic file (type pdf)
<use _pergamon__float_8h__incl.pdf>
Package pdftex.def Info: _pergamon__float_8h__incl.pdf  used on input line 8.
(pdftex.def)             Requested size: 214.0pt x 180.00186pt.
 <./_pergamon__float_8h__dep__incl.pdf>
<_pergamon__float_8h__dep__incl.pdf, id=5303, 216.81pt x 204.765pt>
File: _pergamon__float_8h__dep__incl.pdf Graphic file (type pdf)
<use _pergamon__float_8h__dep__incl.pdf>
Package pdftex.def Info: _pergamon__float_8h__dep__incl.pdf  used on input line
 15.
(pdftex.def)             Requested size: 216.0pt x 204.01147pt.
 [74] [75]
LaTeX Font Info:    Font shape `T1/phv/b/n' will be
(Font)              scaled to size 8.09995pt on input line 205.
 [76] [77]
[78] [79] [80] [81]) (_pergamon__float_8h_source.tex [82] [83] [84] [85]
[86] [87]) (stm32f7xx__hal__conf_8h.tex <./stm32f7xx__hal__conf_8h__incl.pdf>
<stm32f7xx__hal__conf_8h__incl.pdf, id=5703, 1594.95876pt x 180.675pt>
File: stm32f7xx__hal__conf_8h__incl.pdf Graphic file (type pdf)
<use stm32f7xx__hal__conf_8h__incl.pdf>
Package pdftex.def Info: stm32f7xx__hal__conf_8h__incl.pdf  used on input line 
19.
(pdftex.def)             Requested size: 350.0pt x 39.6466pt.

[88] [89]
LaTeX Font Info:    Font shape `TS1/phv/m/it' in size <9> not available
(Font)              Font shape `TS1/phv/m/sl' tried instead on input line 220.
LaTeX Font Info:    Font shape `TS1/phv/m/sl' will be
(Font)              scaled to size 8.09995pt on input line 220.
 [90] [91] [92] [93] [94] [95] [96] [97] [98] [99] [100])
(stm32f7xx__hal__conf_8h_source.tex [101] [102] [103] [104] [105])
(stm32f7xx__it_8h.tex <./stm32f7xx__it_8h__dep__incl.pdf>
<stm32f7xx__it_8h__dep__incl.pdf, id=5991, 204.765pt x 204.765pt>
File: stm32f7xx__it_8h__dep__incl.pdf Graphic file (type pdf)
<use stm32f7xx__it_8h__dep__incl.pdf>
Package pdftex.def Info: stm32f7xx__it_8h__dep__incl.pdf  used on input line 12
.
(pdftex.def)             Requested size: 204.0pt x 204.01147pt.
 [106] [107]
Underfull \hbox (badness 10000) detected at line 61
[][][]
 []

[108] [109] <./stm32f7xx__it_8h_a0839a45f331c4c067939b9c4533bbf4d_cgraph.pdf>
<stm32f7xx__it_8h_a0839a45f331c4c067939b9c4533bbf4d_cgraph.pdf, id=6057, 406.51
875pt x 100.375pt>
File: stm32f7xx__it_8h_a0839a45f331c4c067939b9c4533bbf4d_cgraph.pdf Graphic fil
e (type pdf)
<use stm32f7xx__it_8h_a0839a45f331c4c067939b9c4533bbf4d_cgraph.pdf>
Package pdftex.def Info: stm32f7xx__it_8h_a0839a45f331c4c067939b9c4533bbf4d_cgr
aph.pdf  used on input line 253.
(pdftex.def)             Requested size: 350.0pt x 86.42342pt.

[110]) (stm32f7xx__it_8h_source.tex [111]) (_t_a_s_k_s__1ms_8h.tex <./_t_a_s_k_
s__1ms_8h__dep__incl.pdf>
<_t_a_s_k_s__1ms_8h__dep__incl.pdf, id=6096, 347.2975pt x 204.765pt>
File: _t_a_s_k_s__1ms_8h__dep__incl.pdf Graphic file (type pdf)
<use _t_a_s_k_s__1ms_8h__dep__incl.pdf>
Package pdftex.def Info: _t_a_s_k_s__1ms_8h__dep__incl.pdf  used on input line 
13.
(pdftex.def)             Requested size: 346.0pt x 204.00835pt.

Underfull \hbox (badness 10000) detected at line 26
[][][]
 []

[112] <./_t_a_s_k_s__1ms_8h_afb9caded33eef2ec19467eff02dfaaac_cgraph.pdf>
<_t_a_s_k_s__1ms_8h_afb9caded33eef2ec19467eff02dfaaac_cgraph.pdf, id=6115, 252.
945pt x 100.375pt>
File: _t_a_s_k_s__1ms_8h_afb9caded33eef2ec19467eff02dfaaac_cgraph.pdf Graphic f
ile (type pdf)
<use _t_a_s_k_s__1ms_8h_afb9caded33eef2ec19467eff02dfaaac_cgraph.pdf>
Package pdftex.def Info: _t_a_s_k_s__1ms_8h_afb9caded33eef2ec19467eff02dfaaac_c
graph.pdf  used on input line 50.
(pdftex.def)             Requested size: 252.0pt x 100.00255pt.
 <./_t_a_s_k_s__1ms_8h_afb9caded33eef2ec19467eff02dfaaac_icgraph.pdf>
<_t_a_s_k_s__1ms_8h_afb9caded33eef2ec19467eff02dfaaac_icgraph.pdf, id=6123, 298
.11375pt x 100.375pt>
File: _t_a_s_k_s__1ms_8h_afb9caded33eef2ec19467eff02dfaaac_icgraph.pdf Graphic 
file (type pdf)
<use _t_a_s_k_s__1ms_8h_afb9caded33eef2ec19467eff02dfaaac_icgraph.pdf>
Package pdftex.def Info: _t_a_s_k_s__1ms_8h_afb9caded33eef2ec19467eff02dfaaac_i
cgraph.pdf  used on input line 57.
(pdftex.def)             Requested size: 297.0pt x 100.00562pt.
)
(_t_a_s_k_s__1ms_8h_source.tex) (tim_8h.tex [113] <./tim_8h__incl.pdf>
<tim_8h__incl.pdf, id=6144, 204.765pt x 236.885pt>
File: tim_8h__incl.pdf Graphic file (type pdf)
<use tim_8h__incl.pdf>
Package pdftex.def Info: tim_8h__incl.pdf  used on input line 13.
(pdftex.def)             Requested size: 204.0pt x 236.01329pt.
 <./tim_8h__dep__incl.pdf>
<tim_8h__dep__incl.pdf, id=6152, 347.2975pt x 204.765pt>
File: tim_8h__dep__incl.pdf Graphic file (type pdf)
<use tim_8h__dep__incl.pdf>
Package pdftex.def Info: tim_8h__dep__incl.pdf  used on input line 20.
(pdftex.def)             Requested size: 346.0pt x 204.00835pt.
 [114]
Underfull \hbox (badness 10000) detected at line 56
[][][]
 []

 <./tim_8h_ae70bce6c39d0b570a7523b86738cec4b_icgraph.pdf>
<tim_8h_ae70bce6c39d0b570a7523b86738cec4b_icgraph.pdf, id=6186, 377.41pt x 138.
5175pt>
File: tim_8h_ae70bce6c39d0b570a7523b86738cec4b_icgraph.pdf Graphic file (type p
df)
<use tim_8h_ae70bce6c39d0b570a7523b86738cec4b_icgraph.pdf>
Package pdftex.def Info: tim_8h_ae70bce6c39d0b570a7523b86738cec4b_icgraph.pdf  
used on input line 76.
(pdftex.def)             Requested size: 350.0pt x 128.45639pt.
 <./tim_8h_ad1f9d42690163f73f73e5b820c81ca14_cgraph.pdf>
<tim_8h_ad1f9d42690163f73f73e5b820c81ca14_cgraph.pdf, id=6194, 304.13625pt x 13
8.5175pt>
File: tim_8h_ad1f9d42690163f73f73e5b820c81ca14_cgraph.pdf Graphic file (type pd
f)
<use tim_8h_ad1f9d42690163f73f73e5b820c81ca14_cgraph.pdf>
Package pdftex.def Info: tim_8h_ad1f9d42690163f73f73e5b820c81ca14_cgraph.pdf  u
sed on input line 89.
(pdftex.def)             Requested size: 303.0pt x 138.00354pt.
 [115] <./tim_8h_ad1f9d42690163f73f73e5b820c81ca14_icgraph.pdf>
<tim_8h_ad1f9d42690163f73f73e5b820c81ca14_icgraph.pdf, id=6214, 227.85126pt x 1
00.375pt>
File: tim_8h_ad1f9d42690163f73f73e5b820c81ca14_icgraph.pdf Graphic file (type p
df)
<use tim_8h_ad1f9d42690163f73f73e5b820c81ca14_icgraph.pdf>
Package pdftex.def Info: tim_8h_ad1f9d42690163f73f73e5b820c81ca14_icgraph.pdf  
used on input line 96.
(pdftex.def)             Requested size: 227.0pt x 100.00255pt.
 <./tim_8h_a4b8ff887fd3fdf26605e35927e4ff202_cgraph.pdf>
<tim_8h_a4b8ff887fd3fdf26605e35927e4ff202_cgraph.pdf, id=6222, 265.99374pt x 10
0.375pt>
File: tim_8h_a4b8ff887fd3fdf26605e35927e4ff202_cgraph.pdf Graphic file (type pd
f)
<use tim_8h_a4b8ff887fd3fdf26605e35927e4ff202_cgraph.pdf>
Package pdftex.def Info: tim_8h_a4b8ff887fd3fdf26605e35927e4ff202_cgraph.pdf  u
sed on input line 109.
(pdftex.def)             Requested size: 265.0pt x 100.00868pt.
 <./tim_8h_a4b8ff887fd3fdf26605e35927e4ff202_icgraph.pdf>
<tim_8h_a4b8ff887fd3fdf26605e35927e4ff202_icgraph.pdf, id=6230, 227.85126pt x 1
00.375pt>
File: tim_8h_a4b8ff887fd3fdf26605e35927e4ff202_icgraph.pdf Graphic file (type p
df)
<use tim_8h_a4b8ff887fd3fdf26605e35927e4ff202_icgraph.pdf>
Package pdftex.def Info: tim_8h_a4b8ff887fd3fdf26605e35927e4ff202_icgraph.pdf  
used on input line 116.
(pdftex.def)             Requested size: 227.0pt x 100.00255pt.
 [116] <./tim_8h_aef1e0b132b1af1c923cc420a57180c67_cgraph.pdf>
<tim_8h_aef1e0b132b1af1c923cc420a57180c67_cgraph.pdf, id=6246, 265.99374pt x 10
0.375pt>
File: tim_8h_aef1e0b132b1af1c923cc420a57180c67_cgraph.pdf Graphic file (type pd
f)
<use tim_8h_aef1e0b132b1af1c923cc420a57180c67_cgraph.pdf>
Package pdftex.def Info: tim_8h_aef1e0b132b1af1c923cc420a57180c67_cgraph.pdf  u
sed on input line 129.
(pdftex.def)             Requested size: 265.0pt x 100.00868pt.
 <./tim_8h_aef1e0b132b1af1c923cc420a57180c67_icgraph.pdf>
<tim_8h_aef1e0b132b1af1c923cc420a57180c67_icgraph.pdf, id=6254, 227.85126pt x 1
00.375pt>
File: tim_8h_aef1e0b132b1af1c923cc420a57180c67_icgraph.pdf Graphic file (type p
df)
<use tim_8h_aef1e0b132b1af1c923cc420a57180c67_icgraph.pdf>
Package pdftex.def Info: tim_8h_aef1e0b132b1af1c923cc420a57180c67_icgraph.pdf  
used on input line 136.
(pdftex.def)             Requested size: 227.0pt x 100.00255pt.
 <./tim_8h_abbf5454212cb039fb90d523b2473af91_cgraph.pdf>
<tim_8h_abbf5454212cb039fb90d523b2473af91_cgraph.pdf, id=6262, 265.99374pt x 10
0.375pt>
File: tim_8h_abbf5454212cb039fb90d523b2473af91_cgraph.pdf Graphic file (type pd
f)
<use tim_8h_abbf5454212cb039fb90d523b2473af91_cgraph.pdf>
Package pdftex.def Info: tim_8h_abbf5454212cb039fb90d523b2473af91_cgraph.pdf  u
sed on input line 149.
(pdftex.def)             Requested size: 265.0pt x 100.00868pt.
 [117] <./tim_8h_abbf5454212cb039fb90d523b2473af91_icgraph.pdf>
<tim_8h_abbf5454212cb039fb90d523b2473af91_icgraph.pdf, id=6278, 227.85126pt x 1
00.375pt>
File: tim_8h_abbf5454212cb039fb90d523b2473af91_icgraph.pdf Graphic file (type p
df)
<use tim_8h_abbf5454212cb039fb90d523b2473af91_icgraph.pdf>
Package pdftex.def Info: tim_8h_abbf5454212cb039fb90d523b2473af91_icgraph.pdf  
used on input line 156.
(pdftex.def)             Requested size: 227.0pt x 100.00255pt.
 <./tim_8h_a265aef7a46164094e791259bf59d9cb4_cgraph.pdf>
<tim_8h_a265aef7a46164094e791259bf59d9cb4_cgraph.pdf, id=6286, 304.13625pt x 13
8.5175pt>
File: tim_8h_a265aef7a46164094e791259bf59d9cb4_cgraph.pdf Graphic file (type pd
f)
<use tim_8h_a265aef7a46164094e791259bf59d9cb4_cgraph.pdf>
Package pdftex.def Info: tim_8h_a265aef7a46164094e791259bf59d9cb4_cgraph.pdf  u
sed on input line 169.
(pdftex.def)             Requested size: 303.0pt x 138.00354pt.
 <./tim_8h_a265aef7a46164094e791259bf59d9cb4_icgraph.pdf>
<tim_8h_a265aef7a46164094e791259bf59d9cb4_icgraph.pdf, id=6294, 227.85126pt x 1
00.375pt>
File: tim_8h_a265aef7a46164094e791259bf59d9cb4_icgraph.pdf Graphic file (type p
df)
<use tim_8h_a265aef7a46164094e791259bf59d9cb4_icgraph.pdf>
Package pdftex.def Info: tim_8h_a265aef7a46164094e791259bf59d9cb4_icgraph.pdf  
used on input line 176.
(pdftex.def)             Requested size: 227.0pt x 100.00255pt.
 [118]) (tim_8h_source.tex [119]) (usb__otg_8h.tex <./usb__otg_8h__incl.pdf>
<usb__otg_8h__incl.pdf, id=6331, 204.765pt x 236.885pt>
File: usb__otg_8h__incl.pdf Graphic file (type pdf)
<use usb__otg_8h__incl.pdf>
Package pdftex.def Info: usb__otg_8h__incl.pdf  used on input line 13.
(pdftex.def)             Requested size: 204.0pt x 236.01329pt.
 <./usb__otg_8h__dep__incl.pdf>
<usb__otg_8h__dep__incl.pdf, id=6339, 347.2975pt x 204.765pt>
File: usb__otg_8h__dep__incl.pdf Graphic file (type pdf)
<use usb__otg_8h__dep__incl.pdf>
Package pdftex.def Info: usb__otg_8h__dep__incl.pdf  used on input line 20.
(pdftex.def)             Requested size: 346.0pt x 204.00835pt.
 [120]
Underfull \hbox (badness 10000) detected at line 33
[][][]
 []

 <./usb__otg_8h_a2c1fefbd974e77089e285e3a73a94b47_icgraph.pdf>
<usb__otg_8h_a2c1fefbd974e77089e285e3a73a94b47_icgraph.pdf, id=6355, 296.10625p
t x 100.375pt>
File: usb__otg_8h_a2c1fefbd974e77089e285e3a73a94b47_icgraph.pdf Graphic file (t
ype pdf)
<use usb__otg_8h_a2c1fefbd974e77089e285e3a73a94b47_icgraph.pdf>
Package pdftex.def Info: usb__otg_8h_a2c1fefbd974e77089e285e3a73a94b47_icgraph.
pdf  used on input line 51.
(pdftex.def)             Requested size: 295.0pt x 100.00255pt.
)
(usb__otg_8h_source.tex [121]) (adc_8c.tex <./adc_8c__incl.pdf>
<adc_8c__incl.pdf, id=6375, 204.765pt x 293.095pt>
File: adc_8c__incl.pdf Graphic file (type pdf)
<use adc_8c__incl.pdf>
Package pdftex.def Info: adc_8c__incl.pdf  used on input line 13.
(pdftex.def)             Requested size: 204.0pt x 292.01645pt.
 [122]
Underfull \hbox (badness 10000) detected at line 49
[][][]
 []

[123] <./adc_8c_ac3139540667c403c5dfd37a99c610b1c_cgraph.pdf>
<adc_8c_ac3139540667c403c5dfd37a99c610b1c_cgraph.pdf, id=6418, 289.08pt x 100.3
75pt>
File: adc_8c_ac3139540667c403c5dfd37a99c610b1c_cgraph.pdf Graphic file (type pd
f)
<use adc_8c_ac3139540667c403c5dfd37a99c610b1c_cgraph.pdf>
Package pdftex.def Info: adc_8c_ac3139540667c403c5dfd37a99c610b1c_cgraph.pdf  u
sed on input line 81.
(pdftex.def)             Requested size: 288.0pt x 100.00562pt.
 <./adc_8c_acccd58aa70215a6b184ad242312ffd0c_cgraph.pdf>
<adc_8c_acccd58aa70215a6b184ad242312ffd0c_cgraph.pdf, id=6426, 271.0125pt x 100
.375pt>
File: adc_8c_acccd58aa70215a6b184ad242312ffd0c_cgraph.pdf Graphic file (type pd
f)
<use adc_8c_acccd58aa70215a6b184ad242312ffd0c_cgraph.pdf>
Package pdftex.def Info: adc_8c_acccd58aa70215a6b184ad242312ffd0c_cgraph.pdf  u
sed on input line 100.
(pdftex.def)             Requested size: 270.0pt x 100.00409pt.
 [124] <./adc_8c_acccd58aa70215a6b184ad242312ffd0c_icgraph.pdf>
<adc_8c_acccd58aa70215a6b184ad242312ffd0c_icgraph.pdf, id=6440, 231.86626pt x 1
00.375pt>
File: adc_8c_acccd58aa70215a6b184ad242312ffd0c_icgraph.pdf Graphic file (type p
df)
<use adc_8c_acccd58aa70215a6b184ad242312ffd0c_icgraph.pdf>
Package pdftex.def Info: adc_8c_acccd58aa70215a6b184ad242312ffd0c_icgraph.pdf  
used on input line 107.
(pdftex.def)             Requested size: 231.0pt x 100.00255pt.
 <./adc_8c_a101e2e3433dfe72bbbd0ae3a84489263_cgraph.pdf>
<adc_8c_a101e2e3433dfe72bbbd0ae3a84489263_cgraph.pdf, id=6448, 271.0125pt x 100
.375pt>
File: adc_8c_a101e2e3433dfe72bbbd0ae3a84489263_cgraph.pdf Graphic file (type pd
f)
<use adc_8c_a101e2e3433dfe72bbbd0ae3a84489263_cgraph.pdf>
Package pdftex.def Info: adc_8c_a101e2e3433dfe72bbbd0ae3a84489263_cgraph.pdf  u
sed on input line 128.
(pdftex.def)             Requested size: 270.0pt x 100.00409pt.
 <./adc_8c_a101e2e3433dfe72bbbd0ae3a84489263_icgraph.pdf>
<adc_8c_a101e2e3433dfe72bbbd0ae3a84489263_icgraph.pdf, id=6456, 231.86626pt x 1
00.375pt>
File: adc_8c_a101e2e3433dfe72bbbd0ae3a84489263_icgraph.pdf Graphic file (type p
df)
<use adc_8c_a101e2e3433dfe72bbbd0ae3a84489263_icgraph.pdf>
Package pdftex.def Info: adc_8c_a101e2e3433dfe72bbbd0ae3a84489263_icgraph.pdf  
used on input line 135.
(pdftex.def)             Requested size: 231.0pt x 100.00255pt.
 [125] <./adc_8c_ac633a37a9db8b1f45a5f70f973cf05c4_cgraph.pdf>
<adc_8c_ac633a37a9db8b1f45a5f70f973cf05c4_cgraph.pdf, id=6473, 271.0125pt x 100
.375pt>
File: adc_8c_ac633a37a9db8b1f45a5f70f973cf05c4_cgraph.pdf Graphic file (type pd
f)
<use adc_8c_ac633a37a9db8b1f45a5f70f973cf05c4_cgraph.pdf>
Package pdftex.def Info: adc_8c_ac633a37a9db8b1f45a5f70f973cf05c4_cgraph.pdf  u
sed on input line 150.
(pdftex.def)             Requested size: 270.0pt x 100.00409pt.
 <./adc_8c_ac633a37a9db8b1f45a5f70f973cf05c4_icgraph.pdf>
<adc_8c_ac633a37a9db8b1f45a5f70f973cf05c4_icgraph.pdf, id=6481, 231.86626pt x 1
00.375pt>
File: adc_8c_ac633a37a9db8b1f45a5f70f973cf05c4_icgraph.pdf Graphic file (type p
df)
<use adc_8c_ac633a37a9db8b1f45a5f70f973cf05c4_icgraph.pdf>
Package pdftex.def Info: adc_8c_ac633a37a9db8b1f45a5f70f973cf05c4_icgraph.pdf  
used on input line 157.
(pdftex.def)             Requested size: 231.0pt x 100.00255pt.
 [126]) (can_8c.tex <./can_8c__incl.pdf>
<can_8c__incl.pdf, id=6497, 204.765pt x 293.095pt>
File: can_8c__incl.pdf Graphic file (type pdf)
<use can_8c__incl.pdf>
Package pdftex.def Info: can_8c__incl.pdf  used on input line 13.
(pdftex.def)             Requested size: 204.0pt x 292.01645pt.
 [127]
Underfull \hbox (badness 10000) detected at line 35
[][][]
 []

 <./can_8c_a030a62a0956ab83394eb8354a0e97902_cgraph.pdf>
<can_8c_a030a62a0956ab83394eb8354a0e97902_cgraph.pdf, id=6515, 271.0125pt x 100
.375pt>
File: can_8c_a030a62a0956ab83394eb8354a0e97902_cgraph.pdf Graphic file (type pd
f)
<use can_8c_a030a62a0956ab83394eb8354a0e97902_cgraph.pdf>
Package pdftex.def Info: can_8c_a030a62a0956ab83394eb8354a0e97902_cgraph.pdf  u
sed on input line 65.
(pdftex.def)             Requested size: 270.0pt x 100.00409pt.
 <./can_8c_a030a62a0956ab83394eb8354a0e97902_icgraph.pdf>
<can_8c_a030a62a0956ab83394eb8354a0e97902_icgraph.pdf, id=6523, 231.86626pt x 1
00.375pt>
File: can_8c_a030a62a0956ab83394eb8354a0e97902_icgraph.pdf Graphic file (type p
df)
<use can_8c_a030a62a0956ab83394eb8354a0e97902_icgraph.pdf>
Package pdftex.def Info: can_8c_a030a62a0956ab83394eb8354a0e97902_icgraph.pdf  
used on input line 72.
(pdftex.def)             Requested size: 231.0pt x 100.00255pt.
 [128]) (dac_8c.tex <./dac_8c__incl.pdf>
<dac_8c__incl.pdf, id=6541, 204.765pt x 293.095pt>
File: dac_8c__incl.pdf Graphic file (type pdf)
<use dac_8c__incl.pdf>
Package pdftex.def Info: dac_8c__incl.pdf  used on input line 13.
(pdftex.def)             Requested size: 204.0pt x 292.01645pt.

[129]
Underfull \hbox (badness 10000) detected at line 35
[][][]
 []

[130] <./dac_8c_adac6621f933c065bc075ac0af3cbbb54_cgraph.pdf>
<dac_8c_adac6621f933c065bc075ac0af3cbbb54_cgraph.pdf, id=6572, 264.99pt x 100.3
75pt>
File: dac_8c_adac6621f933c065bc075ac0af3cbbb54_cgraph.pdf Graphic file (type pd
f)
<use dac_8c_adac6621f933c065bc075ac0af3cbbb54_cgraph.pdf>
Package pdftex.def Info: dac_8c_adac6621f933c065bc075ac0af3cbbb54_cgraph.pdf  u
sed on input line 69.
(pdftex.def)             Requested size: 264.0pt x 100.00716pt.
 <./dac_8c_adac6621f933c065bc075ac0af3cbbb54_icgraph.pdf>
<dac_8c_adac6621f933c065bc075ac0af3cbbb54_icgraph.pdf, id=6580, 226.8475pt x 10
0.375pt>
File: dac_8c_adac6621f933c065bc075ac0af3cbbb54_icgraph.pdf Graphic file (type p
df)
<use dac_8c_adac6621f933c065bc075ac0af3cbbb54_icgraph.pdf>
Package pdftex.def Info: dac_8c_adac6621f933c065bc075ac0af3cbbb54_icgraph.pdf  
used on input line 76.
(pdftex.def)             Requested size: 226.0pt x 100.00102pt.
) (dma_8c.tex [131] <./dma_8c__incl.pdf>
<dma_8c__incl.pdf, id=6596, 204.765pt x 293.095pt>
File: dma_8c__incl.pdf Graphic file (type pdf)
<use dma_8c__incl.pdf>
Package pdftex.def Info: dma_8c__incl.pdf  used on input line 13.
(pdftex.def)             Requested size: 204.0pt x 292.01645pt.

Underfull \hbox (badness 10000) detected at line 26
[][][]
 []

[132] <./dma_8c_a323249dac769f9855c10b4ec9446b707_icgraph.pdf>
<dma_8c_a323249dac769f9855c10b4ec9446b707_icgraph.pdf, id=6613, 228.855pt x 100
.375pt>
File: dma_8c_a323249dac769f9855c10b4ec9446b707_icgraph.pdf Graphic file (type p
df)
<use dma_8c_a323249dac769f9855c10b4ec9446b707_icgraph.pdf>
Package pdftex.def Info: dma_8c_a323249dac769f9855c10b4ec9446b707_icgraph.pdf  
used on input line 44.
(pdftex.def)             Requested size: 228.0pt x 100.00409pt.
) (_f_s_m_8c.tex <./_f_s_m_8c__incl.pdf>
<_f_s_m_8c__incl.pdf, id=6621, 242.9075pt x 236.885pt>
File: _f_s_m_8c__incl.pdf Graphic file (type pdf)
<use _f_s_m_8c__incl.pdf>
Package pdftex.def Info: _f_s_m_8c__incl.pdf  used on input line 15.
(pdftex.def)             Requested size: 242.0pt x 235.99884pt.
 [133]
Underfull \hbox (badness 10000) detected at line 30
[][][]
 []

 <./_f_s_m_8c_adec4df6cf6e5716c841ee925ea42990b_icgraph.pdf>
<_f_s_m_8c_adec4df6cf6e5716c841ee925ea42990b_icgraph.pdf, id=6645, 207.77625pt 
x 100.375pt>
File: _f_s_m_8c_adec4df6cf6e5716c841ee925ea42990b_icgraph.pdf Graphic file (typ
e pdf)
<use _f_s_m_8c_adec4df6cf6e5716c841ee925ea42990b_icgraph.pdf>
Package pdftex.def Info: _f_s_m_8c_adec4df6cf6e5716c841ee925ea42990b_icgraph.pd
f  used on input line 57.
(pdftex.def)             Requested size: 207.0pt x 100.00409pt.
) (gpio_8c.tex
[134] <./gpio_8c__incl.pdf>
<gpio_8c__incl.pdf, id=6663, 204.765pt x 293.095pt>
File: gpio_8c__incl.pdf Graphic file (type pdf)
<use gpio_8c__incl.pdf>
Package pdftex.def Info: gpio_8c__incl.pdf  used on input line 13.
(pdftex.def)             Requested size: 204.0pt x 292.01645pt.

Underfull \hbox (badness 10000) detected at line 26
[][][]
 []

 <./gpio_8c_ac724e431d2af879252de35615be2bdea_icgraph.pdf>
<gpio_8c_ac724e431d2af879252de35615be2bdea_icgraph.pdf, id=6672, 230.8625pt x 1
00.375pt>
File: gpio_8c_ac724e431d2af879252de35615be2bdea_icgraph.pdf Graphic file (type 
pdf)
<use gpio_8c_ac724e431d2af879252de35615be2bdea_icgraph.pdf>
Package pdftex.def Info: gpio_8c_ac724e431d2af879252de35615be2bdea_icgraph.pdf 
 used on input line 44.
(pdftex.def)             Requested size: 230.0pt x 100.00102pt.
 [135]) (i2c_8c.tex <./i2c_8c__incl.pdf>
<i2c_8c__incl.pdf, id=6688, 204.765pt x 293.095pt>
File: i2c_8c__incl.pdf Graphic file (type pdf)
<use i2c_8c__incl.pdf>
Package pdftex.def Info: i2c_8c__incl.pdf  used on input line 13.
(pdftex.def)             Requested size: 204.0pt x 292.01645pt.
 [136]
Underfull \hbox (badness 10000) detected at line 35
[][][]
 []

 <./i2c_8c_a08b1eb7b7be5b94395127e2a33b1b67e_cgraph.pdf>
<i2c_8c_a08b1eb7b7be5b94395127e2a33b1b67e_cgraph.pdf, id=6707, 283.0575pt x 100
.375pt>
File: i2c_8c_a08b1eb7b7be5b94395127e2a33b1b67e_cgraph.pdf Graphic file (type pd
f)
<use i2c_8c_a08b1eb7b7be5b94395127e2a33b1b67e_cgraph.pdf>
Package pdftex.def Info: i2c_8c_a08b1eb7b7be5b94395127e2a33b1b67e_cgraph.pdf  u
sed on input line 61.
(pdftex.def)             Requested size: 282.0pt x 100.00868pt.
 <./i2c_8c_ada6e763cfa4108a8d24cd27b75f2f489_cgraph.pdf>
<i2c_8c_ada6e763cfa4108a8d24cd27b75f2f489_cgraph.pdf, id=6715, 264.99pt x 100.3
75pt>
File: i2c_8c_ada6e763cfa4108a8d24cd27b75f2f489_cgraph.pdf Graphic file (type pd
f)
<use i2c_8c_ada6e763cfa4108a8d24cd27b75f2f489_cgraph.pdf>
Package pdftex.def Info: i2c_8c_ada6e763cfa4108a8d24cd27b75f2f489_cgraph.pdf  u
sed on input line 76.
(pdftex.def)             Requested size: 264.0pt x 100.00716pt.
 [137] <./i2c_8c_ada6e763cfa4108a8d24cd27b75f2f489_icgraph.pdf>
<i2c_8c_ada6e763cfa4108a8d24cd27b75f2f489_icgraph.pdf, id=6736, 225.84375pt x 1
00.375pt>
File: i2c_8c_ada6e763cfa4108a8d24cd27b75f2f489_icgraph.pdf Graphic file (type p
df)
<use i2c_8c_ada6e763cfa4108a8d24cd27b75f2f489_icgraph.pdf>
Package pdftex.def Info: i2c_8c_ada6e763cfa4108a8d24cd27b75f2f489_icgraph.pdf  
used on input line 83.
(pdftex.def)             Requested size: 225.0pt x 100.00562pt.
) (main_8c.tex <./main_8c__incl.pdf>
<main_8c__incl.pdf, id=6744, 635.37375pt x 293.095pt>
File: main_8c__incl.pdf Graphic file (type pdf)
<use main_8c__incl.pdf>
Package pdftex.def Info: main_8c__incl.pdf  used on input line 22.
(pdftex.def)             Requested size: 350.0pt x 161.45766pt.
 [138]
Underfull \hbox (badness 10000) detected at line 50
[][][]
 []

[139] <./main_8c_a1730ffe1e560465665eb47d9264826f9_icgraph.pdf>
<main_8c_a1730ffe1e560465665eb47d9264826f9_icgraph.pdf, id=6783, 372.39125pt x 
596.2275pt>
File: main_8c_a1730ffe1e560465665eb47d9264826f9_icgraph.pdf Graphic file (type 
pdf)
<use main_8c_a1730ffe1e560465665eb47d9264826f9_icgraph.pdf>
Package pdftex.def Info: main_8c_a1730ffe1e560465665eb47d9264826f9_icgraph.pdf 
 used on input line 77.
(pdftex.def)             Requested size: 343.53598pt x 550.0pt.
 [140] <./main_8c_a840291bc02cba5474a4cb46a9b9566fe_cgraph.pdf>
<main_8c_a840291bc02cba5474a4cb46a9b9566fe_cgraph.pdf, id=6798, 445.665pt x 672
.5125pt>
File: main_8c_a840291bc02cba5474a4cb46a9b9566fe_cgraph.pdf Graphic file (type p
df)
<use main_8c_a840291bc02cba5474a4cb46a9b9566fe_cgraph.pdf>
Package pdftex.def Info: main_8c_a840291bc02cba5474a4cb46a9b9566fe_cgraph.pdf  
used on input line 99.
(pdftex.def)             Requested size: 350.0pt x 528.15948pt.
 [141] <./main_8c_a70af21c671abfcc773614a9a4f63d920_cgraph.pdf>
<main_8c_a70af21c671abfcc773614a9a4f63d920_cgraph.pdf, id=6813, 299.1175pt x 10
0.375pt>
File: main_8c_a70af21c671abfcc773614a9a4f63d920_cgraph.pdf Graphic file (type p
df)
<use main_8c_a70af21c671abfcc773614a9a4f63d920_cgraph.pdf>
Package pdftex.def Info: main_8c_a70af21c671abfcc773614a9a4f63d920_cgraph.pdf  
used on input line 127.
(pdftex.def)             Requested size: 298.0pt x 100.00716pt.
 <./main_8c_a70af21c671abfcc773614a9a4f63d920_icgraph.pdf>
<main_8c_a70af21c671abfcc773614a9a4f63d920_icgraph.pdf, id=6821, 260.975pt x 10
0.375pt>
File: main_8c_a70af21c671abfcc773614a9a4f63d920_icgraph.pdf Graphic file (type 
pdf)
<use main_8c_a70af21c671abfcc773614a9a4f63d920_icgraph.pdf>
Package pdftex.def Info: main_8c_a70af21c671abfcc773614a9a4f63d920_icgraph.pdf 
 used on input line 134.
(pdftex.def)             Requested size: 260.0pt x 100.00102pt.
 [142]) (_p_c_b___i_o_8c.tex <./_p_c_b___i_o_8c__incl.pdf>
<_p_c_b___i_o_8c__incl.pdf, id=6849, 207.77625pt x 236.885pt>
File: _p_c_b___i_o_8c__incl.pdf Graphic file (type pdf)
<use _p_c_b___i_o_8c__incl.pdf>
Package pdftex.def Info: _p_c_b___i_o_8c__incl.pdf  used on input line 15.
(pdftex.def)             Requested size: 207.0pt x 236.00967pt.
 [143]
Underfull \hbox (badness 10000) detected at line 37
[][][]
 []

 <./_p_c_b___i_o_8c_a4670279a37c6f5e27434c66d2db61cb1_icgraph.pdf>
<_p_c_b___i_o_8c_a4670279a37c6f5e27434c66d2db61cb1_icgraph.pdf, id=6890, 406.51
875pt x 100.375pt>
File: _p_c_b___i_o_8c_a4670279a37c6f5e27434c66d2db61cb1_icgraph.pdf Graphic fil
e (type pdf)
<use _p_c_b___i_o_8c_a4670279a37c6f5e27434c66d2db61cb1_icgraph.pdf>
Package pdftex.def Info: _p_c_b___i_o_8c_a4670279a37c6f5e27434c66d2db61cb1_icgr
aph.pdf  used on input line 68.
(pdftex.def)             Requested size: 350.0pt x 86.42342pt.
 [144])
(_pergamon__float_8c.tex <./_pergamon__float_8c__incl.pdf>
<_pergamon__float_8c__incl.pdf, id=6922, 237.88875pt x 236.885pt>
File: _pergamon__float_8c__incl.pdf Graphic file (type pdf)
<use _pergamon__float_8c__incl.pdf>
Package pdftex.def Info: _pergamon__float_8c__incl.pdf  used on input line 9.
(pdftex.def)             Requested size: 237.0pt x 236.00967pt.
 [145] [146] [147])
(stm32f7xx__hal__msp_8c.tex <./stm32f7xx__hal__msp_8c__incl.pdf>
<stm32f7xx__hal__msp_8c__incl.pdf, id=7018, 236.885pt x 236.885pt>
File: stm32f7xx__hal__msp_8c__incl.pdf Graphic file (type pdf)
<use stm32f7xx__hal__msp_8c__incl.pdf>
Package pdftex.def Info: stm32f7xx__hal__msp_8c__incl.pdf  used on input line 1
3.
(pdftex.def)             Requested size: 236.0pt x 236.00607pt.
 [148]
Underfull \hbox (badness 10000) detected at line 26
[][][]
 []

) (stm32f7xx__it_8c.tex <./stm32f7xx__it_8c__incl.pdf>
<stm32f7xx__it_8c__incl.pdf, id=7033, 344.28625pt x 236.885pt>
File: stm32f7xx__it_8c__incl.pdf Graphic file (type pdf)
<use stm32f7xx__it_8c__incl.pdf>
Package pdftex.def Info: stm32f7xx__it_8c__incl.pdf  used on input line 16.
(pdftex.def)             Requested size: 343.0pt x 236.00246pt.
 [149] [150]
Underfull \hbox (badness 10000) detected at line 82
[][][]
 []

[151] [152] <./stm32f7xx__it_8c_a0839a45f331c4c067939b9c4533bbf4d_cgraph.pdf>
<stm32f7xx__it_8c_a0839a45f331c4c067939b9c4533bbf4d_cgraph.pdf, id=7116, 406.51
875pt x 100.375pt>
File: stm32f7xx__it_8c_a0839a45f331c4c067939b9c4533bbf4d_cgraph.pdf Graphic fil
e (type pdf)
<use stm32f7xx__it_8c_a0839a45f331c4c067939b9c4533bbf4d_cgraph.pdf>
Package pdftex.def Info: stm32f7xx__it_8c_a0839a45f331c4c067939b9c4533bbf4d_cgr
aph.pdf  used on input line 274.
(pdftex.def)             Requested size: 350.0pt x 86.42342pt.

[153]) (syscalls_8c.tex <./syscalls_8c__incl.pdf>
<syscalls_8c__incl.pdf, id=7130, 628.3475pt x 180.675pt>
File: syscalls_8c__incl.pdf Graphic file (type pdf)
<use syscalls_8c__incl.pdf>
Package pdftex.def Info: syscalls_8c__incl.pdf  used on input line 20.
(pdftex.def)             Requested size: 350.0pt x 100.63695pt.
 [154] [155]
Underfull \hbox (badness 10000) detected at line 74
[][][]
 []


Underfull \hbox (badness 10000) detected at line 81
[][][]
 []

 <./syscalls_8c_af9aace1b44b73111e15aa39f06f43456_cgraph.pdf>
<syscalls_8c_af9aace1b44b73111e15aa39f06f43456_cgraph.pdf, id=7191, 260.975pt x
 100.375pt>
File: syscalls_8c_af9aace1b44b73111e15aa39f06f43456_cgraph.pdf Graphic file (ty
pe pdf)
<use syscalls_8c_af9aace1b44b73111e15aa39f06f43456_cgraph.pdf>
Package pdftex.def Info: syscalls_8c_af9aace1b44b73111e15aa39f06f43456_cgraph.p
df  used on input line 99.
(pdftex.def)             Requested size: 260.0pt x 100.00102pt.
 <./syscalls_8c_ad0122671640a3af49792ddaa59e8294e_icgraph.pdf>
<syscalls_8c_ad0122671640a3af49792ddaa59e8294e_icgraph.pdf, id=7199, 260.975pt 
x 100.375pt>
File: syscalls_8c_ad0122671640a3af49792ddaa59e8294e_icgraph.pdf Graphic file (t
ype pdf)
<use syscalls_8c_ad0122671640a3af49792ddaa59e8294e_icgraph.pdf>
Package pdftex.def Info: syscalls_8c_ad0122671640a3af49792ddaa59e8294e_icgraph.
pdf  used on input line 112.
(pdftex.def)             Requested size: 260.0pt x 100.00102pt.
 [156] <./syscalls_8c_abc96bd69b58b2deaddb484478d911c1b_cgraph.pdf>
<syscalls_8c_abc96bd69b58b2deaddb484478d911c1b_cgraph.pdf, id=7214, 186.6975pt 
x 100.375pt>
File: syscalls_8c_abc96bd69b58b2deaddb484478d911c1b_cgraph.pdf Graphic file (ty
pe pdf)
<use syscalls_8c_abc96bd69b58b2deaddb484478d911c1b_cgraph.pdf>
Package pdftex.def Info: syscalls_8c_abc96bd69b58b2deaddb484478d911c1b_cgraph.p
df  used on input line 143.
(pdftex.def)             Requested size: 186.0pt x 100.00409pt.
 [157] <./syscalls_8c_a062a5101199c3128edd5170f2575bb10_icgraph.pdf>
<syscalls_8c_a062a5101199c3128edd5170f2575bb10_icgraph.pdf, id=7228, 186.6975pt
 x 100.375pt>
File: syscalls_8c_a062a5101199c3128edd5170f2575bb10_icgraph.pdf Graphic file (t
ype pdf)
<use syscalls_8c_a062a5101199c3128edd5170f2575bb10_icgraph.pdf>
Package pdftex.def Info: syscalls_8c_a062a5101199c3128edd5170f2575bb10_icgraph.
pdf  used on input line 180.
(pdftex.def)             Requested size: 186.0pt x 100.00409pt.
 [158]) (sysmem_8c.tex <./sysmem_8c__incl.pdf>
<sysmem_8c__incl.pdf, id=7242, 204.765pt x 180.675pt>
File: sysmem_8c__incl.pdf Graphic file (type pdf)
<use sysmem_8c__incl.pdf>
Package pdftex.def Info: sysmem_8c__incl.pdf  used on input line 14.
(pdftex.def)             Requested size: 204.0pt x 180.01013pt.
 [159]
Underfull \hbox (badness 10000) detected at line 27
[][][]
 []


Underfull \hbox (badness 10000) detected at line 34
[][][]
 []

[160]
Underfull \hbox (badness 10000) detected at line 67
[][][]
 []

) (system__stm32f7xx_8c.tex <./system__stm32f7xx_8c__incl.pdf>
<system__stm32f7xx_8c__incl.pdf, id=7265, 231.86626pt x 180.675pt>
File: system__stm32f7xx_8c__incl.pdf Graphic file (type pdf)
<use system__stm32f7xx_8c__incl.pdf>
Package pdftex.def Info: system__stm32f7xx_8c__incl.pdf  used on input line 13.

(pdftex.def)             Requested size: 231.0pt x 180.00462pt.
 [161]
Underfull \hbox (badness 10000) detected at line 44
[][][]
 []


Underfull \hbox (badness 10000) detected at line 54
[][][]
 []

) (_t_a_s_k_s__1ms_8c.tex <./_t_a_s_k_s__1ms_8c__incl.pdf>
<_t_a_s_k_s__1ms_8c__incl.pdf, id=7290, 252.945pt x 236.885pt>
File: _t_a_s_k_s__1ms_8c__incl.pdf Graphic file (type pdf)
<use _t_a_s_k_s__1ms_8c__incl.pdf>
Package pdftex.def Info: _t_a_s_k_s__1ms_8c__incl.pdf  used on input line 15.
(pdftex.def)             Requested size: 252.0pt x 236.00607pt.
 [162]
Underfull \hbox (badness 10000) detected at line 28
[][][]
 []

 <./_t_a_s_k_s__1ms_8c_afb9caded33eef2ec19467eff02dfaaac_cgraph.pdf>
<_t_a_s_k_s__1ms_8c_afb9caded33eef2ec19467eff02dfaaac_cgraph.pdf, id=7308, 252.
945pt x 100.375pt>
File: _t_a_s_k_s__1ms_8c_afb9caded33eef2ec19467eff02dfaaac_cgraph.pdf Graphic f
ile (type pdf)
<use _t_a_s_k_s__1ms_8c_afb9caded33eef2ec19467eff02dfaaac_cgraph.pdf>
Package pdftex.def Info: _t_a_s_k_s__1ms_8c_afb9caded33eef2ec19467eff02dfaaac_c
graph.pdf  used on input line 50.
(pdftex.def)             Requested size: 252.0pt x 100.00255pt.
 [163] <./_t_a_s_k_s__1ms_8c_afb9caded33eef2ec19467eff02dfaaac_icgraph.pdf>
<_t_a_s_k_s__1ms_8c_afb9caded33eef2ec19467eff02dfaaac_icgraph.pdf, id=7325, 298
.11375pt x 100.375pt>
File: _t_a_s_k_s__1ms_8c_afb9caded33eef2ec19467eff02dfaaac_icgraph.pdf Graphic 
file (type pdf)
<use _t_a_s_k_s__1ms_8c_afb9caded33eef2ec19467eff02dfaaac_icgraph.pdf>
Package pdftex.def Info: _t_a_s_k_s__1ms_8c_afb9caded33eef2ec19467eff02dfaaac_i
cgraph.pdf  used on input line 57.
(pdftex.def)             Requested size: 297.0pt x 100.00562pt.
) (tim_8c.tex <./tim_8c__incl.pdf>
<tim_8c__incl.pdf, id=7333, 204.765pt x 293.095pt>
File: tim_8c__incl.pdf Graphic file (type pdf)
<use tim_8c__incl.pdf>
Package pdftex.def Info: tim_8c__incl.pdf  used on input line 13.
(pdftex.def)             Requested size: 204.0pt x 292.01645pt.
 [164]
Underfull \hbox (badness 10000) detected at line 57
[][][]
 []

[165] <./tim_8c_a708f19bbc41b292fccf38f2d9796c46a_icgraph.pdf>
<tim_8c_a708f19bbc41b292fccf38f2d9796c46a_icgraph.pdf, id=7386, 377.41pt x 138.
5175pt>
File: tim_8c_a708f19bbc41b292fccf38f2d9796c46a_icgraph.pdf Graphic file (type p
df)
<use tim_8c_a708f19bbc41b292fccf38f2d9796c46a_icgraph.pdf>
Package pdftex.def Info: tim_8c_a708f19bbc41b292fccf38f2d9796c46a_icgraph.pdf  
used on input line 105.
(pdftex.def)             Requested size: 350.0pt x 128.45639pt.
 [166] <./tim_8c_ad1f9d42690163f73f73e5b820c81ca14_cgraph.pdf>
<tim_8c_ad1f9d42690163f73f73e5b820c81ca14_cgraph.pdf, id=7398, 304.13625pt x 13
8.5175pt>
File: tim_8c_ad1f9d42690163f73f73e5b820c81ca14_cgraph.pdf Graphic file (type pd
f)
<use tim_8c_ad1f9d42690163f73f73e5b820c81ca14_cgraph.pdf>
Package pdftex.def Info: tim_8c_ad1f9d42690163f73f73e5b820c81ca14_cgraph.pdf  u
sed on input line 118.
(pdftex.def)             Requested size: 303.0pt x 138.00354pt.
 <./tim_8c_ad1f9d42690163f73f73e5b820c81ca14_icgraph.pdf>
<tim_8c_ad1f9d42690163f73f73e5b820c81ca14_icgraph.pdf, id=7406, 227.85126pt x 1
00.375pt>
File: tim_8c_ad1f9d42690163f73f73e5b820c81ca14_icgraph.pdf Graphic file (type p
df)
<use tim_8c_ad1f9d42690163f73f73e5b820c81ca14_icgraph.pdf>
Package pdftex.def Info: tim_8c_ad1f9d42690163f73f73e5b820c81ca14_icgraph.pdf  
used on input line 125.
(pdftex.def)             Requested size: 227.0pt x 100.00255pt.
 [167] <./tim_8c_a4b8ff887fd3fdf26605e35927e4ff202_cgraph.pdf>
<tim_8c_a4b8ff887fd3fdf26605e35927e4ff202_cgraph.pdf, id=7423, 265.99374pt x 10
0.375pt>
File: tim_8c_a4b8ff887fd3fdf26605e35927e4ff202_cgraph.pdf Graphic file (type pd
f)
<use tim_8c_a4b8ff887fd3fdf26605e35927e4ff202_cgraph.pdf>
Package pdftex.def Info: tim_8c_a4b8ff887fd3fdf26605e35927e4ff202_cgraph.pdf  u
sed on input line 138.
(pdftex.def)             Requested size: 265.0pt x 100.00868pt.
 <./tim_8c_a4b8ff887fd3fdf26605e35927e4ff202_icgraph.pdf>
<tim_8c_a4b8ff887fd3fdf26605e35927e4ff202_icgraph.pdf, id=7431, 227.85126pt x 1
00.375pt>
File: tim_8c_a4b8ff887fd3fdf26605e35927e4ff202_icgraph.pdf Graphic file (type p
df)
<use tim_8c_a4b8ff887fd3fdf26605e35927e4ff202_icgraph.pdf>
Package pdftex.def Info: tim_8c_a4b8ff887fd3fdf26605e35927e4ff202_icgraph.pdf  
used on input line 145.
(pdftex.def)             Requested size: 227.0pt x 100.00255pt.
 <./tim_8c_aef1e0b132b1af1c923cc420a57180c67_cgraph.pdf>
<tim_8c_aef1e0b132b1af1c923cc420a57180c67_cgraph.pdf, id=7439, 265.99374pt x 10
0.375pt>
File: tim_8c_aef1e0b132b1af1c923cc420a57180c67_cgraph.pdf Graphic file (type pd
f)
<use tim_8c_aef1e0b132b1af1c923cc420a57180c67_cgraph.pdf>
Package pdftex.def Info: tim_8c_aef1e0b132b1af1c923cc420a57180c67_cgraph.pdf  u
sed on input line 158.
(pdftex.def)             Requested size: 265.0pt x 100.00868pt.
 <./tim_8c_aef1e0b132b1af1c923cc420a57180c67_icgraph.pdf>
<tim_8c_aef1e0b132b1af1c923cc420a57180c67_icgraph.pdf, id=7447, 227.85126pt x 1
00.375pt>
File: tim_8c_aef1e0b132b1af1c923cc420a57180c67_icgraph.pdf Graphic file (type p
df)
<use tim_8c_aef1e0b132b1af1c923cc420a57180c67_icgraph.pdf>
Package pdftex.def Info: tim_8c_aef1e0b132b1af1c923cc420a57180c67_icgraph.pdf  
used on input line 165.
(pdftex.def)             Requested size: 227.0pt x 100.00255pt.
 [168] <./tim_8c_abbf5454212cb039fb90d523b2473af91_cgraph.pdf>
<tim_8c_abbf5454212cb039fb90d523b2473af91_cgraph.pdf, id=7464, 265.99374pt x 10
0.375pt>
File: tim_8c_abbf5454212cb039fb90d523b2473af91_cgraph.pdf Graphic file (type pd
f)
<use tim_8c_abbf5454212cb039fb90d523b2473af91_cgraph.pdf>
Package pdftex.def Info: tim_8c_abbf5454212cb039fb90d523b2473af91_cgraph.pdf  u
sed on input line 178.
(pdftex.def)             Requested size: 265.0pt x 100.00868pt.
 <./tim_8c_abbf5454212cb039fb90d523b2473af91_icgraph.pdf>
<tim_8c_abbf5454212cb039fb90d523b2473af91_icgraph.pdf, id=7472, 227.85126pt x 1
00.375pt>
File: tim_8c_abbf5454212cb039fb90d523b2473af91_icgraph.pdf Graphic file (type p
df)
<use tim_8c_abbf5454212cb039fb90d523b2473af91_icgraph.pdf>
Package pdftex.def Info: tim_8c_abbf5454212cb039fb90d523b2473af91_icgraph.pdf  
used on input line 185.
(pdftex.def)             Requested size: 227.0pt x 100.00255pt.
 <./tim_8c_a265aef7a46164094e791259bf59d9cb4_cgraph.pdf>
<tim_8c_a265aef7a46164094e791259bf59d9cb4_cgraph.pdf, id=7480, 304.13625pt x 13
8.5175pt>
File: tim_8c_a265aef7a46164094e791259bf59d9cb4_cgraph.pdf Graphic file (type pd
f)
<use tim_8c_a265aef7a46164094e791259bf59d9cb4_cgraph.pdf>
Package pdftex.def Info: tim_8c_a265aef7a46164094e791259bf59d9cb4_cgraph.pdf  u
sed on input line 198.
(pdftex.def)             Requested size: 303.0pt x 138.00354pt.
 <./tim_8c_a265aef7a46164094e791259bf59d9cb4_icgraph.pdf>
<tim_8c_a265aef7a46164094e791259bf59d9cb4_icgraph.pdf, id=7488, 227.85126pt x 1
00.375pt>
File: tim_8c_a265aef7a46164094e791259bf59d9cb4_icgraph.pdf Graphic file (type p
df)
<use tim_8c_a265aef7a46164094e791259bf59d9cb4_icgraph.pdf>
Package pdftex.def Info: tim_8c_a265aef7a46164094e791259bf59d9cb4_icgraph.pdf  
used on input line 205.
(pdftex.def)             Requested size: 227.0pt x 100.00255pt.
 [169]) (usb__otg_8c.tex <./usb__otg_8c__incl.pdf>
<usb__otg_8c__incl.pdf, id=7504, 204.765pt x 293.095pt>
File: usb__otg_8c__incl.pdf Graphic file (type pdf)
<use usb__otg_8c__incl.pdf>
Package pdftex.def Info: usb__otg_8c__incl.pdf  used on input line 13.
(pdftex.def)             Requested size: 204.0pt x 292.01645pt.
 [170]
Underfull \hbox (badness 10000) detected at line 26
[][][]
 []

 <./usb__otg_8c_a2c1fefbd974e77089e285e3a73a94b47_icgraph.pdf>
<usb__otg_8c_a2c1fefbd974e77089e285e3a73a94b47_icgraph.pdf, id=7519, 296.10625p
t x 100.375pt>
File: usb__otg_8c_a2c1fefbd974e77089e285e3a73a94b47_icgraph.pdf Graphic file (t
ype pdf)
<use usb__otg_8c_a2c1fefbd974e77089e285e3a73a94b47_icgraph.pdf>
Package pdftex.def Info: usb__otg_8c_a2c1fefbd974e77089e285e3a73a94b47_icgraph.
pdf  used on input line 44.
(pdftex.def)             Requested size: 295.0pt x 100.00255pt.
) [171] [172]
(refman.ind
LaTeX Font Info:    Font shape `T1/phv/m/n' will be
(Font)              scaled to size 22.39185pt on input line 1.
 [173



]
Overfull \hbox (23.27975pt too wide) in paragraph at lines 131--133
[]\T1/phv/m/n/10 C:/Users/dwegg/Desktop/Inverter/SW/Inverter/Core/Inc/adc.h,
 []


Overfull \hbox (23.27975pt too wide) in paragraph at lines 133--135
[]\T1/phv/m/n/10 C:/Users/dwegg/Desktop/Inverter/SW/Inverter/Core/Inc/can.h,
 []


Overfull \hbox (23.27975pt too wide) in paragraph at lines 135--137
[]\T1/phv/m/n/10 C:/Users/dwegg/Desktop/Inverter/SW/Inverter/Core/Inc/dac.h,
 []


Overfull \hbox (26.27669pt too wide) in paragraph at lines 137--139
[]\T1/phv/m/n/10 C:/Users/dwegg/Desktop/Inverter/SW/Inverter/Core/Inc/dma.h,
 []


Overfull \hbox (27.7707pt too wide) in paragraph at lines 139--141
[]\T1/phv/m/n/10 C:/Users/dwegg/Desktop/Inverter/SW/Inverter/Core/Inc/FSM.h,
 []


Overfull \hbox (25.42172pt too wide) in paragraph at lines 141--143
[]\T1/phv/m/n/10 C:/Users/dwegg/Desktop/Inverter/SW/Inverter/Core/Inc/gpio.h,
 []


Overfull \hbox (20.2738pt too wide) in paragraph at lines 143--145
[]\T1/phv/m/n/10 C:/Users/dwegg/Desktop/Inverter/SW/Inverter/Core/Inc/i2c.h,
 []


Overfull \hbox (28.27464pt too wide) in paragraph at lines 145--147
[]\T1/phv/m/n/10 C:/Users/dwegg/Desktop/Inverter/SW/Inverter/Core/Inc/main.h,
 []


Overfull \hbox (41.4234pt too wide) in paragraph at lines 147--149
[]\T1/phv/m/n/10 C:/Users/dwegg/Desktop/Inverter/SW/Inverter/Core/Inc/PCB_IO.h,

 []


Overfull \hbox (71.85179pt too wide) in paragraph at lines 149--151
[]\T1/phv/m/n/10 C:/Users/dwegg/Desktop/Inverter/SW/Inverter/Core/Inc/Pergamon_
float.h,
 []


Overfull \hbox (88.5376pt too wide) in paragraph at lines 151--153
[]\T1/phv/m/n/10 C:/Users/dwegg/Desktop/Inverter/SW/Inverter/Core/Inc/stm32f7xx
_hal_conf.h,
 []


Overfull \hbox (59.28804pt too wide) in paragraph at lines 153--155
[]\T1/phv/m/n/10 C:/Users/dwegg/Desktop/Inverter/SW/Inverter/Core/Inc/stm32f7xx
_it.h,
 []


Overfull \hbox (59.07227pt too wide) in paragraph at lines 155--157
[]\T1/phv/m/n/10 C:/Users/dwegg/Desktop/Inverter/SW/Inverter/Core/Inc/TASKS_1ms
.h,
 []


Overfull \hbox (20.76872pt too wide) in paragraph at lines 157--159
[]\T1/phv/m/n/10 C:/Users/dwegg/Desktop/Inverter/SW/Inverter/Core/Inc/tim.h,
 []


Overfull \hbox (40.79337pt too wide) in paragraph at lines 159--161
[]\T1/phv/m/n/10 C:/Users/dwegg/Desktop/Inverter/SW/Inverter/Core/Inc/usb_otg.h
,
 []


Overfull \hbox (24.26984pt too wide) in paragraph at lines 161--163
[]\T1/phv/m/n/10 C:/Users/dwegg/Desktop/Inverter/SW/Inverter/Core/Src/adc.c,
 []


Overfull \hbox (24.26984pt too wide) in paragraph at lines 163--165
[]\T1/phv/m/n/10 C:/Users/dwegg/Desktop/Inverter/SW/Inverter/Core/Src/can.c,
 []


Overfull \hbox (24.26984pt too wide) in paragraph at lines 165--167
[]\T1/phv/m/n/10 C:/Users/dwegg/Desktop/Inverter/SW/Inverter/Core/Src/dac.c,
 []


Overfull \hbox (27.26677pt too wide) in paragraph at lines 167--169
[]\T1/phv/m/n/10 C:/Users/dwegg/Desktop/Inverter/SW/Inverter/Core/Src/dma.c,
 []


Overfull \hbox (28.76079pt too wide) in paragraph at lines 169--171
[]\T1/phv/m/n/10 C:/Users/dwegg/Desktop/Inverter/SW/Inverter/Core/Src/FSM.c,
 []


Overfull \hbox (26.4118pt too wide) in paragraph at lines 171--173
[]\T1/phv/m/n/10 C:/Users/dwegg/Desktop/Inverter/SW/Inverter/Core/Src/gpio.c,
 []


Overfull \hbox (21.26389pt too wide) in paragraph at lines 173--175
[]\T1/phv/m/n/10 C:/Users/dwegg/Desktop/Inverter/SW/Inverter/Core/Src/i2c.c,
 []


Overfull \hbox (29.26472pt too wide) in paragraph at lines 175--177
[]\T1/phv/m/n/10 C:/Users/dwegg/Desktop/Inverter/SW/Inverter/Core/Src/main.c,
 []


Overfull \hbox (42.41348pt too wide) in paragraph at lines 177--179
[]\T1/phv/m/n/10 C:/Users/dwegg/Desktop/Inverter/SW/Inverter/Core/Src/PCB_IO.c,

 []


Overfull \hbox (72.84187pt too wide) in paragraph at lines 179--181
[]\T1/phv/m/n/10 C:/Users/dwegg/Desktop/Inverter/SW/Inverter/Core/Src/Pergamon_
float.c,
 []


Overfull \hbox (89.47374pt too wide) in paragraph at lines 181--183
[]\T1/phv/m/n/10 C:/Users/dwegg/Desktop/Inverter/SW/Inverter/Core/Src/stm32f7xx
_hal_msp.c,
 []


Overfull \hbox (60.27812pt too wide) in paragraph at lines 183--185
[]\T1/phv/m/n/10 C:/Users/dwegg/Desktop/Inverter/SW/Inverter/Core/Src/stm32f7xx
_it.c,
 []


Overfull \hbox (41.1268pt too wide) in paragraph at lines 185--187
[]\T1/phv/m/n/10 C:/Users/dwegg/Desktop/Inverter/SW/Inverter/Core/Src/syscalls.
c,
 []


Overfull \hbox (43.25967pt too wide) in paragraph at lines 187--189
[]\T1/phv/m/n/10 C:/Users/dwegg/Desktop/Inverter/SW/Inverter/Core/Src/sysmem.c,

 []


Overfull \hbox (84.28088pt too wide) in paragraph at lines 189--191
[]\T1/phv/m/n/10 C:/Users/dwegg/Desktop/Inverter/SW/Inverter/Core/Src/system_st
m32f7xx.c,
 []


Overfull \hbox (60.06235pt too wide) in paragraph at lines 191--193
[]\T1/phv/m/n/10 C:/Users/dwegg/Desktop/Inverter/SW/Inverter/Core/Src/TASKS_1ms
.c,
 []


Overfull \hbox (21.7588pt too wide) in paragraph at lines 193--195
[]\T1/phv/m/n/10 C:/Users/dwegg/Desktop/Inverter/SW/Inverter/Core/Src/tim.c,
 []


Overfull \hbox (41.78345pt too wide) in paragraph at lines 195--197
[]\T1/phv/m/n/10 C:/Users/dwegg/Desktop/Inverter/SW/Inverter/Core/Src/usb_otg.c
,
 []

[174] [175] [176] [177] [178] [179] [180] [181] [182] [183]
Underfull \hbox (badness 10000) in paragraph at lines 1341--1342
[]| \T1/phv/m/n/10 USE_HAL_SDRAM_REGISTER_CALLBACKS,
 []


Underfull \hbox (badness 10000) in paragraph at lines 1344--1345
[]| \T1/phv/m/n/10 USE_HAL_SMBUS_REGISTER_CALLBACKS,
 []


Underfull \hbox (badness 10000) in paragraph at lines 1345--1346
[]| \T1/phv/m/n/10 USE_HAL_SPDIFRX_REGISTER_CALLBACKS,
 []


Underfull \hbox (badness 10000) in paragraph at lines 1350--1351
[]| \T1/phv/m/n/10 USE_HAL_USART_REGISTER_CALLBACKS,
 []


Underfull \hbox (badness 10000) in paragraph at lines 1351--1352
[]| \T1/phv/m/n/10 USE_HAL_WWDG_REGISTER_CALLBACKS,
 []

[184] [185] [186] [187

]) (refman.aux)
 ***********
LaTeX2e <2023-11-01>
L3 programming layer <2023-12-08>
 ***********
Package rerunfilecheck Info: File `refman.out' has not changed.
(rerunfilecheck)             Checksum: EC2B665CAA70C4A68F058655F0C40A02;149122.

 ) 
Here is how much of TeX's memory you used:
 22602 strings out of 474491
 452362 string characters out of 5753649
 1987473 words of memory out of 5000000
 42623 multiletter control sequences out of 15000+600000
 615807 words of font info for 107 fonts, out of 8000000 for 9000
 1141 hyphenation exceptions out of 8191
 101i,16n,117p,962b,781s stack positions out of 10000i,1000n,20000p,200000b,200000s
<C:/Program Files/MiKTeX/fonts/type1/public/amsfonts/cm/cmmi10.pfb><C:/Progra
m Files/MiKTeX/fonts/type1/public/amsfonts/cm/cmmi7.pfb><C:/Program Files/MiKTe
X/fonts/type1/public/amsfonts/cm/cmsy10.pfb><C:/Program Files/MiKTeX/fonts/type
1/public/amsfonts/cm/cmsy7.pfb><C:/Program Files/MiKTeX/fonts/type1/public/amsf
onts/cm/cmsy8.pfb><C:/Program Files/MiKTeX/fonts/type1/public/amsfonts/symbols/
msam7.pfb><C:/Program Files/MiKTeX/fonts/type1/urw/courier/ucrr8a.pfb><C:/Progr
am Files/MiKTeX/fonts/type1/urw/courier/ucrro8a.pfb><C:/Program Files/MiKTeX/fo
nts/type1/urw/helvetic/uhvb8a.pfb><C:/Program Files/MiKTeX/fonts/type1/urw/helv
etic/uhvb8ac.pfb><C:/Program Files/MiKTeX/fonts/type1/urw/helvetic/uhvr8a.pfb><
C:/Program Files/MiKTeX/fonts/type1/urw/helvetic/uhvro8a.pfb>
Output written on refman.pdf (207 pages, 3643956 bytes).
PDF statistics:
 9176 PDF objects out of 10688 (max. 8388607)
 1759 named destinations out of 2073 (max. 500000)
 6356 words of extra memory for PDF output out of 10000 (max. 10000000)

