Change Physical Footprint: Designator=AUX1_L Old Footprint=TestPoint New Footprint=TestPoint
Change Physical Footprint: Designator=AUX1_R Old Footprint=TestPoint New Footprint=TestPoint
Change Physical Footprint: Designator=AUX2_L Old Footprint=TestPoint New Footprint=TestPoint
Change Physical Footprint: Designator=AUX2_R Old Footprint=TestPoint New Footprint=TestPoint
Change Physical Footprint: Designator=C101 Old Footprint=C0805FNPC-W New Footprint=C0805FNPC-W
Change Physical Footprint: Designator=C102 Old Footprint=C0805FNPC-W New Footprint=C0805FNPC-W
Change Physical Footprint: Designator=C103 Old Footprint=C0805FNPC-W New Footprint=C0805FNPC-W
Change Physical Footprint: Designator=C104 Old Footprint=C0805FNPC-R New Footprint=C0805FNPC-R
Change Physical Footprint: Designator=C105 Old Footprint=C0805FNPC-R New Footprint=C0805FNPC-R
Change Physical Footprint: Designator=C106 Old Footprint=C0805FNPC-W New Footprint=C0805FNPC-W
Change Physical Footprint: Designator=C107 Old Footprint=C0805FNPC-W New Footprint=C0805FNPC-W
Change Physical Footprint: Designator=C108 Old Footprint=C0805FNPC-R New Footprint=C0805FNPC-R
Change Physical Footprint: Designator=C109 Old Footprint=C0805FNPC-R New Footprint=C0805FNPC-R
Change Physical Footprint: Designator=C201 Old Footprint=C0805FNPC-R New Footprint=C0805FNPC-R
Change Physical Footprint: Designator=C202 Old Footprint=C0805FNPC-R New Footprint=C0805FNPC-R
Change Physical Footprint: Designator=C203 Old Footprint=C0805FNPC-R New Footprint=C0805FNPC-R
Change Physical Footprint: Designator=C204 Old Footprint=C0805FNPC-R New Footprint=C0805FNPC-R
Change Physical Footprint: Designator=C* Old Footprint=C0805FNPC-R New Footprint=C0805FNPC-R
Change Physical Footprint: Designator=C* Old Footprint=C0805FNPC-R New Footprint=C0805FNPC-R
Change Physical Footprint: Designator=C*? Old Footprint=C0805FNPC-R New Footprint=C0805FNPC-R
Change Physical Footprint: Designator=C*? Old Footprint=C0805FNPC-R New Footprint=C0805FNPC-R
Change Physical Footprint: Designator=C*_L Old Footprint=C0805FNPC-R New Footprint=C0805FNPC-R
Change Physical Footprint: Designator=C*_R Old Footprint=C0805FNPC-R New Footprint=C0805FNPC-R
Change Physical Footprint: Designator=C? Old Footprint=C0805FNPC-W New Footprint=C0805FNPC-W
Change Physical Footprint: Designator=C? Old Footprint=C0805FNPC-W New Footprint=C0805FNPC-W
Change Physical Footprint: Designator=C? Old Footprint=C0805FNPC-W New Footprint=C0805FNPC-W
Change Physical Footprint: Designator=D101 Old Footprint=DTVS-DO-214AC New Footprint=DTVS-DO-214AC
Change Physical Footprint: Designator=D102 Old Footprint=DSC-SOD123 New Footprint=DSC-SOD123
Change Physical Footprint: Designator=D103 Old Footprint=DTVS-DO-214AC New Footprint=DTVS-DO-214AC
Change Physical Footprint: Designator=D104 Old Footprint=LED_0805_WE New Footprint=LED_0805_WE
Change Physical Footprint: Designator=D201 Old Footprint=DTVS-DO-214AC New Footprint=DTVS-DO-214AC
Change Physical Footprint: Designator=D202 Old Footprint=DTVS-DO-214AC New Footprint=DTVS-DO-214AC
Change Physical Footprint: Designator=D*?_L Old Footprint=DTVS-DO-214AC New Footprint=DTVS-DO-214AC
Change Physical Footprint: Designator=D*?_L Old Footprint=DTVS-DO-214AC New Footprint=DTVS-DO-214AC
Change Physical Footprint: Designator=D*?_L Old Footprint=DTVS-DO-214AC New Footprint=DTVS-DO-214AC
Change Physical Footprint: Designator=D*?_L Old Footprint=DTVS-DO-214AC New Footprint=DTVS-DO-214AC
Change Physical Footprint: Designator=D*?_L Old Footprint=DTVS-DO-214AC New Footprint=DTVS-DO-214AC
Change Physical Footprint: Designator=D*?_R Old Footprint=DTVS-DO-214AC New Footprint=DTVS-DO-214AC
Change Physical Footprint: Designator=D*?_R Old Footprint=DTVS-DO-214AC New Footprint=DTVS-DO-214AC
Change Physical Footprint: Designator=D*?_R Old Footprint=DTVS-DO-214AC New Footprint=DTVS-DO-214AC
Change Physical Footprint: Designator=D*?_R Old Footprint=DTVS-DO-214AC New Footprint=DTVS-DO-214AC
Change Physical Footprint: Designator=D*?_R Old Footprint=DTVS-DO-214AC New Footprint=DTVS-DO-214AC
Change Physical Footprint: Designator=D*_L Old Footprint=DTVS-DO-214AC New Footprint=DTVS-DO-214AC
Change Physical Footprint: Designator=D*_R Old Footprint=DTVS-DO-214AC New Footprint=DTVS-DO-214AC
Change Physical Footprint: Designator=D? Old Footprint=LED_0805_WE New Footprint=LED_0805_WE
Change Physical Footprint: Designator=D? Old Footprint=LED_0805_WE New Footprint=LED_0805_WE
Change Physical Footprint: Designator=DUSB1 Old Footprint=DTVS-DO-214AC New Footprint=DTVS-DO-214AC
Change Physical Footprint: Designator=DUSB2 Old Footprint=DTVS-DO-214AC New Footprint=DTVS-DO-214AC
Change Physical Footprint: Designator=ENCODER_L Old Footprint=J_NanoFit_2x6_V New Footprint=J_NanoFit_2x6_V
Change Physical Footprint: Designator=ENCODER_R Old Footprint=J_NanoFit_2x6_V New Footprint=J_NanoFit_2x6_V
Change Physical Footprint: Designator=F101 Old Footprint=Fuse_1206 New Footprint=Fuse_1206
Change Physical Footprint: Designator=F102 Old Footprint=Fuse_1206 New Footprint=Fuse_1206
Change Physical Footprint: Designator=L101 Old Footprint=L_47u-490mA_CF New Footprint=L_47u-490mA_CF
Change Physical Footprint: Designator=L102 Old Footprint=L_47u-490mA_CF New Footprint=L_47u-490mA_CF
Change Physical Footprint: Designator=MP_L Old Footprint=7466313 New Footprint=7466313
Change Physical Footprint: Designator=MP_R Old Footprint=7466313 New Footprint=7466313
Change Physical Footprint: Designator=PWR_L Old Footprint=61302621121 New Footprint=61302621121
Change Physical Footprint: Designator=PWR_R Old Footprint=61302621121 New Footprint=61302621121
Change Physical Footprint: Designator=Q101 Old Footprint=TRT-PCH-2/30-BSS New Footprint=TRT-PCH-2/30-BSS
Change Physical Footprint: Designator=Q* Old Footprint=TRT-NCH-3/35-CPH New Footprint=TRT-NCH-3/35-CPH
Change Physical Footprint: Designator=Q*? Old Footprint=TRT-NCH-3/35-CPH New Footprint=TRT-NCH-3/35-CPH
Change Physical Footprint: Designator=R101 Old Footprint=R0805FTK New Footprint=R0805FTK
Change Physical Footprint: Designator=R201 Old Footprint=R0805FTK New Footprint=R0805FTK
Change Physical Footprint: Designator=R202 Old Footprint=R0805FTK New Footprint=R0805FTK
Change Physical Footprint: Designator=R203 Old Footprint=R1206FTK-W New Footprint=R1206FTK-W
Change Physical Footprint: Designator=R601_L Old Footprint=R0805FTK New Footprint=R0805FTK
Change Physical Footprint: Designator=R601_R Old Footprint=R0805FTK New Footprint=R0805FTK
Change Physical Footprint: Designator=R602_L Old Footprint=R0805FTK New Footprint=R0805FTK
Change Physical Footprint: Designator=R602_R Old Footprint=R0805FTK New Footprint=R0805FTK
Change Physical Footprint: Designator=R603_L Old Footprint=R0805FTK New Footprint=R0805FTK
Change Physical Footprint: Designator=R603_R Old Footprint=R0805FTK New Footprint=R0805FTK
Change Physical Footprint: Designator=R604_L Old Footprint=R0805FTK New Footprint=R0805FTK
Change Physical Footprint: Designator=R604_R Old Footprint=R0805FTK New Footprint=R0805FTK
Change Physical Footprint: Designator=R605_L Old Footprint=R0805FTK New Footprint=R0805FTK
Change Physical Footprint: Designator=R605_R Old Footprint=R0805FTK New Footprint=R0805FTK
Change Physical Footprint: Designator=R606_L Old Footprint=R0805FTK New Footprint=R0805FTK
Change Physical Footprint: Designator=R606_R Old Footprint=R0805FTK New Footprint=R0805FTK
Change Physical Footprint: Designator=R607_L Old Footprint=R0805FTK New Footprint=R0805FTK
Change Physical Footprint: Designator=R607_R Old Footprint=R0805FTK New Footprint=R0805FTK
Change Physical Footprint: Designator=R608_L Old Footprint=R0805FTK New Footprint=R0805FTK
Change Physical Footprint: Designator=R608_R Old Footprint=R0805FTK New Footprint=R0805FTK
Change Physical Footprint: Designator=R609_L Old Footprint=R0805FTK New Footprint=R0805FTK
Change Physical Footprint: Designator=R609_R Old Footprint=R0805FTK New Footprint=R0805FTK
Change Physical Footprint: Designator=R* Old Footprint=R0805FTK New Footprint=R0805FTK
Change Physical Footprint: Designator=R* Old Footprint=R0805FTK New Footprint=R0805FTK
Change Physical Footprint: Designator=R*? Old Footprint=R0805FTK New Footprint=R0805FTK
Change Physical Footprint: Designator=R*? Old Footprint=R0805FTK New Footprint=R0805FTK
Change Physical Footprint: Designator=R*? Old Footprint=R0805FTK New Footprint=R0805FTK
Change Physical Footprint: Designator=R*? Old Footprint=R0805FTK New Footprint=R0805FTK
Change Physical Footprint: Designator=R*_L Old Footprint=R0805FTK New Footprint=R0805FTK
Change Physical Footprint: Designator=R*_R Old Footprint=R0805FTK New Footprint=R0805FTK
Change Physical Footprint: Designator=R? Old Footprint=R0805FTK New Footprint=R0805FTK
Change Physical Footprint: Designator=R? Old Footprint=R0805FTK New Footprint=R0805FTK
Change Physical Footprint: Designator=RUSB1 Old Footprint=R1206FTK-W New Footprint=R1206FTK-W
Change Physical Footprint: Designator=U101 Old Footprint=LDO_10V-0.8/3V3-SOT223 New Footprint=LDO_10V-0.8/3V3-SOT223
Change Physical Footprint: Designator=U201 Old Footprint=QFP50P1600X1600X160-100N New Footprint=QFP50P1600X1600X160-100N
Change Physical Footprint: Designator=U301 Old Footprint=SOIC, 8-Leads 1,27mm New Footprint=SOIC, 8-Leads 1,27mm
Change Physical Footprint: Designator=USB-MINI2.0 Old Footprint=USB_MINI2.0 New Footprint=USB_MINI2.0
Change Physical Footprint: Designator=XTAL201 Old Footprint=XTAL20M_SMD New Footprint=XTAL20M_SMD
