Removed Pin From Net: NetName=CAN1_TX Pin=J7-11
Removed Pin From Net: NetName=NetQ*_G Pin=J7-13
Removed Pin From Net: NetName=+5 Pin=J7-15
Add Component: Footprint Not Found CMC-51uH Choke
Added Component: Designator=MP?(7466313)
Add component (AddParameter): Name = "Category"; Value = "REDCUBE SMT"; VariantName = "[No Variations]"
Add component (AddParameter): Name = "ComponentLink1Description"; Value = "Website Link"; VariantName = "[No Variations]"
Add component (AddParameter): Name = "ComponentLink1URL"; Value = "https://www.we-online.com/redexpert/article/7466313?ad"; VariantName = "[No Variations]"
Add component (AddParameter): Name = "ComponentLink2Description"; Value = "Datasheet Link"; VariantName = "[No Variations]"
Add component (AddParameter): Name = "ComponentLink2URL"; Value = "https://www.we-online.com/redexpert/spec/7466313?ad"; VariantName = "[No Variations]"
Add component (AddParameter): Name = "Height"; Value = "7mm"; VariantName = "[No Variations]"
Add component (AddParameter): Name = "Manufacturer"; Value = "Wurth Elektronik"; VariantName = "[No Variations]"
Add component (AddParameter): Name = "Manufacturer Part Number"; Value = "7466313"; VariantName = "[No Variations]"
Add component (AddParameter): Name = "Match Code"; Value = "WP-SMRA"; VariantName = "[No Variations]"
Add component (AddParameter): Name = "Material"; Value = "Brass"; VariantName = "[No Variations]"
Add component (AddParameter): Name = "Mount"; Value = "Surface Mount"; VariantName = "[No Variations]"
Add component (AddParameter): Name = "Operating Temperature Max"; Value = "150°C"; VariantName = "[No Variations]"
Add component (AddParameter): Name = "Operating Temperature Min"; Value = "-55°C"; VariantName = "[No Variations]"
Add component (AddParameter): Name = "Packaging"; Value = "Bulk"; VariantName = "[No Variations]"
Add component (AddParameter): Name = "Rated Current"; Value = "50A"; VariantName = "[No Variations]"
Add component (AddParameter): Name = "Surface"; Value = "Tin"; VariantName = "[No Variations]"
Add component (AddParameter): Name = "Thread Size"; Value = "M3"; VariantName = "[No Variations]"
Added Component: Designator=MP?(7466313)
Add component (AddParameter): Name = "Category"; Value = "REDCUBE SMT"; VariantName = "[No Variations]"
Add component (AddParameter): Name = "ComponentLink1Description"; Value = "Website Link"; VariantName = "[No Variations]"
Add component (AddParameter): Name = "ComponentLink1URL"; Value = "https://www.we-online.com/redexpert/article/7466313?ad"; VariantName = "[No Variations]"
Add component (AddParameter): Name = "ComponentLink2Description"; Value = "Datasheet Link"; VariantName = "[No Variations]"
Add component (AddParameter): Name = "ComponentLink2URL"; Value = "https://www.we-online.com/redexpert/spec/7466313?ad"; VariantName = "[No Variations]"
Add component (AddParameter): Name = "Height"; Value = "7mm"; VariantName = "[No Variations]"
Add component (AddParameter): Name = "Manufacturer"; Value = "Wurth Elektronik"; VariantName = "[No Variations]"
Add component (AddParameter): Name = "Manufacturer Part Number"; Value = "7466313"; VariantName = "[No Variations]"
Add component (AddParameter): Name = "Match Code"; Value = "WP-SMRA"; VariantName = "[No Variations]"
Add component (AddParameter): Name = "Material"; Value = "Brass"; VariantName = "[No Variations]"
Add component (AddParameter): Name = "Mount"; Value = "Surface Mount"; VariantName = "[No Variations]"
Add component (AddParameter): Name = "Operating Temperature Max"; Value = "150°C"; VariantName = "[No Variations]"
Add component (AddParameter): Name = "Operating Temperature Min"; Value = "-55°C"; VariantName = "[No Variations]"
Add component (AddParameter): Name = "Packaging"; Value = "Bulk"; VariantName = "[No Variations]"
Add component (AddParameter): Name = "Rated Current"; Value = "50A"; VariantName = "[No Variations]"
Add component (AddParameter): Name = "Surface"; Value = "Tin"; VariantName = "[No Variations]"
Add component (AddParameter): Name = "Thread Size"; Value = "M3"; VariantName = "[No Variations]"
Add Pin To Net: Unknown Pin: Pin L?-1
Add Pin To Net: Unknown Pin: Pin L?-3
Add Pin To Net: Unknown Pin: Pin L?-4
Add Net: Net with name "NetC?_2" already exists
Add Net: Net with name "NetD?_A" already exists
Add Net: Net with name "NetD?_K" already exists
Added Class: Name=Inverter_Control
Added Member To Class: ClassName=[3] CAN Member=Component C*? 885012207103
Added Member To Class: ClassName=[3] CAN Member=Component C* 885012207103
Added Member To Class: ClassName=[3] CAN Member=Component C? 885012007057
Added Member To Class: ClassName=[3] CAN Member=Component C? 885012007057
Added Member To Class: ClassName=[3] CAN Member=Component C? 885012007057
Added Member To Class: ClassName=[3] CAN Member=Component C? 885012007057
Added Member To Class: ClassName=[4] Encoder Member=Component D*? 824501600
Added Member To Class: ClassName=[4] Encoder Member=Component D*? 824501600
Added Member To Class: ClassName=[4] Encoder Member=Component D*? 824501600
Added Member To Class: ClassName=[4] Encoder Member=Component D*? 824501600
Added Member To Class: ClassName=[3] CAN Member=Component D? 150080YS75000
Add Class Member: Failed to add class member : Component L? DLW32SH510XF2
Added Member To Class: ClassName=[3] CAN Member=Component R*? CR0805-JW-103ELF
Added Member To Class: ClassName=[3] CAN Member=Component R*? CR0805-JW-103ELF
Added Member To Class: ClassName=[3] CAN Member=Component R*? CR0805-JW-103ELF
Added Member To Class: ClassName=[3] CAN Member=Component R* CR0805-JW-103ELF
Added Member To Class: ClassName=[3] CAN Member=Component R? R60-0805FTN
Added Member To Class: ClassName=[3] CAN Member=Component R? R60-0805FTN
Added Member To Class: ClassName=[3] CAN Member=Component TP? TestPoint
Added Member To Class: ClassName=[3] CAN Member=Component TP? TestPoint
Added Member To Class: ClassName=[3] CAN Member=Component TP? TestPoint
