Change Physical Footprint: Designator=1C221 Old Footprint=C0805FNPC-R New Footprint=C0805FNPC-R
Change Physical Footprint: Designator=C101 Old Footprint=C0805FNPC-R New Footprint=C0805FNPC-R
Change Physical Footprint: Designator=C102 Old Footprint=C0805FNPC-W New Footprint=C0805FNPC-W
Change Physical Footprint: Designator=C103 Old Footprint=C0805FNPC-W New Footprint=C0805FNPC-W
Change Physical Footprint: Designator=C104 Old Footprint=C0805FNPC-R New Footprint=C0805FNPC-R
Change Physical Footprint: Designator=C105 Old Footprint=C0805FNPC-R New Footprint=C0805FNPC-R
Change Physical Footprint: Designator=C106 Old Footprint=C0805FNPC-W New Footprint=C0805FNPC-W
Change Physical Footprint: Designator=C107 Old Footprint=C0805FNPC-W New Footprint=C0805FNPC-W
Change Physical Footprint: Designator=C108 Old Footprint=C0805FNPC-R New Footprint=C0805FNPC-R
Change Physical Footprint: Designator=C109 Old Footprint=C0805FNPC-R New Footprint=C0805FNPC-R
Change Physical Footprint: Designator=C110 Old Footprint=C0805FNPC-W New Footprint=C0805FNPC-W
Change Physical Footprint: Designator=C201 Old Footprint=C0805FNPC-R New Footprint=C0805FNPC-R
Change Physical Footprint: Designator=C202 Old Footprint=C0805FNPC-R New Footprint=C0805FNPC-R
Change Physical Footprint: Designator=C203 Old Footprint=C0805FNPC-R New Footprint=C0805FNPC-R
Change Physical Footprint: Designator=C204 Old Footprint=C0805FNPC-R New Footprint=C0805FNPC-R
Change Physical Footprint: Designator=C205 Old Footprint=C0805FNPC-W New Footprint=C0805FNPC-W
Change Physical Footprint: Designator=C206 Old Footprint=C0805FNPC-R New Footprint=C0805FNPC-R
Change Physical Footprint: Designator=C207 Old Footprint=C0805FNPC-R New Footprint=C0805FNPC-R
Change Physical Footprint: Designator=C208 Old Footprint=C0805FNPC-R New Footprint=C0805FNPC-R
Change Physical Footprint: Designator=C209 Old Footprint=C0805FNPC-R New Footprint=C0805FNPC-R
Change Physical Footprint: Designator=C210 Old Footprint=C0805FNPC-W New Footprint=C0805FNPC-W
Change Physical Footprint: Designator=C211 Old Footprint=C0805FNPC-R New Footprint=C0805FNPC-R
Change Physical Footprint: Designator=C212 Old Footprint=C0805FNPC-R New Footprint=C0805FNPC-R
Change Physical Footprint: Designator=C213 Old Footprint=C0805FNPC-W New Footprint=C0805FNPC-W
Change Physical Footprint: Designator=C214 Old Footprint=C0805FNPC-R New Footprint=C0805FNPC-R
Change Physical Footprint: Designator=C215 Old Footprint=C0805FNPC-R New Footprint=C0805FNPC-R
Change Physical Footprint: Designator=C216 Old Footprint=C0805FNPC-W New Footprint=C0805FNPC-W
Change Physical Footprint: Designator=C217 Old Footprint=C0805FNPC-R New Footprint=C0805FNPC-R
Change Physical Footprint: Designator=C218 Old Footprint=C0805FNPC-R New Footprint=C0805FNPC-R
Change Physical Footprint: Designator=C219 Old Footprint=C0805FNPC-W New Footprint=C0805FNPC-W
Change Physical Footprint: Designator=C220 Old Footprint=C0805FNPC-W New Footprint=C0805FNPC-W
Change Physical Footprint: Designator=C301 Old Footprint=C0805FNPC-W New Footprint=C0805FNPC-W
Change Physical Footprint: Designator=C302 Old Footprint=C0805FNPC-W New Footprint=C0805FNPC-W
Change Physical Footprint: Designator=C303 Old Footprint=C0805FNPC-W New Footprint=C0805FNPC-W
Change Physical Footprint: Designator=C304 Old Footprint=C0805FNPC-W New Footprint=C0805FNPC-W
Change Physical Footprint: Designator=C305 Old Footprint=C0805FNPC-W New Footprint=C0805FNPC-W
Change Physical Footprint: Designator=C306 Old Footprint=C0805FNPC-R New Footprint=C0805FNPC-R
Change Physical Footprint: Designator=C307 Old Footprint=C0805FNPC-R New Footprint=C0805FNPC-R
Change Physical Footprint: Designator=C401_L Old Footprint=C0805FNPC-R New Footprint=C0805FNPC-R
Change Physical Footprint: Designator=C401_R Old Footprint=C0805FNPC-R New Footprint=C0805FNPC-R
Change Physical Footprint: Designator=C402_L Old Footprint=C0805FNPC-R New Footprint=C0805FNPC-R
Change Physical Footprint: Designator=C402_R Old Footprint=C0805FNPC-R New Footprint=C0805FNPC-R
Change Physical Footprint: Designator=C403_L Old Footprint=C0805FNPC-R New Footprint=C0805FNPC-R
Change Physical Footprint: Designator=C403_R Old Footprint=C0805FNPC-R New Footprint=C0805FNPC-R
Change Physical Footprint: Designator=C404_L Old Footprint=C0805FNPC-R New Footprint=C0805FNPC-R
Change Physical Footprint: Designator=C404_R Old Footprint=C0805FNPC-R New Footprint=C0805FNPC-R
Change Physical Footprint: Designator=C405_L Old Footprint=C0805FNPC-R New Footprint=C0805FNPC-R
Change Physical Footprint: Designator=C405_R Old Footprint=C0805FNPC-R New Footprint=C0805FNPC-R
Change Physical Footprint: Designator=C406_L Old Footprint=C0805FNPC-R New Footprint=C0805FNPC-R
Change Physical Footprint: Designator=C406_R Old Footprint=C0805FNPC-R New Footprint=C0805FNPC-R
Change Physical Footprint: Designator=C407_L Old Footprint=C0805FNPC-R New Footprint=C0805FNPC-R
Change Physical Footprint: Designator=C407_R Old Footprint=C0805FNPC-R New Footprint=C0805FNPC-R
Change Physical Footprint: Designator=C408_L Old Footprint=C0805FNPC-R New Footprint=C0805FNPC-R
Change Physical Footprint: Designator=C408_R Old Footprint=C0805FNPC-R New Footprint=C0805FNPC-R
Change Physical Footprint: Designator=C409_L Old Footprint=C0805FNPC-W New Footprint=C0805FNPC-W
Change Physical Footprint: Designator=C409_R Old Footprint=C0805FNPC-W New Footprint=C0805FNPC-W
Change Physical Footprint: Designator=C410_L Old Footprint=C0805FNPC-R New Footprint=C0805FNPC-R
Change Physical Footprint: Designator=C410_R Old Footprint=C0805FNPC-R New Footprint=C0805FNPC-R
Change Physical Footprint: Designator=C501_L Old Footprint=C0805FNPC-R New Footprint=C0805FNPC-R
Change Physical Footprint: Designator=C501_R Old Footprint=C0805FNPC-R New Footprint=C0805FNPC-R
Change Physical Footprint: Designator=C502_L Old Footprint=C0805FNPC-R New Footprint=C0805FNPC-R
Change Physical Footprint: Designator=C502_R Old Footprint=C0805FNPC-R New Footprint=C0805FNPC-R
Change Physical Footprint: Designator=C503_L Old Footprint=C0805FNPC-R New Footprint=C0805FNPC-R
Change Physical Footprint: Designator=C503_R Old Footprint=C0805FNPC-R New Footprint=C0805FNPC-R
Change Physical Footprint: Designator=D101 Old Footprint=DTVS-DO-214AC New Footprint=DTVS-DO-214AC
Change Physical Footprint: Designator=D102 Old Footprint=DSC-SOD123 New Footprint=DSC-SOD123
Change Physical Footprint: Designator=D104 Old Footprint=LED_0805_WE New Footprint=LED_0805_WE
Change Physical Footprint: Designator=D301 Old Footprint=LED_0805_WE New Footprint=LED_0805_WE
Change Physical Footprint: Designator=D302 Old Footprint=LED_0805_WE New Footprint=LED_0805_WE
Change Physical Footprint: Designator=D601 Old Footprint=LED_0805_WE New Footprint=LED_0805_WE
Change Physical Footprint: Designator=D602 Old Footprint=LED_0805_WE New Footprint=LED_0805_WE
Change Physical Footprint: Designator=D603 Old Footprint=LED_0805_WE New Footprint=LED_0805_WE
Change Physical Footprint: Designator=DCDC101 Old Footprint=LGA25S229P5X5_1219X1219X400 New Footprint=LGA25S229P5X5_1219X1219X400
Change Physical Footprint: Designator=DIR Old Footprint=450405020524 New Footprint=450405020524
Change Physical Footprint: Designator=F101 Old Footprint=Fuse_1206 New Footprint=Fuse_1206
Change Physical Footprint: Designator=F102 Old Footprint=Fuse_1206 New Footprint=Fuse_1206
Change Physical Footprint: Designator=Feedback_L Old Footprint=J_NanoFit_2x6_V New Footprint=J_NanoFit_2x6_V
Change Physical Footprint: Designator=Feedback_R Old Footprint=J_NanoFit_2x6_V New Footprint=J_NanoFit_2x6_V
Change Physical Footprint: Designator=J1 Old Footprint=J_NanoFit_2X4_V New Footprint=J_NanoFit_2X4_V
Change Physical Footprint: Designator=L101 Old Footprint=L_47u-490mA_CF New Footprint=L_47u-490mA_CF
Change Physical Footprint: Designator=L102 Old Footprint=L_47u-490mA_CF New Footprint=L_47u-490mA_CF
Change Physical Footprint: Designator=L201 Old Footprint=L47u-60mA_CF New Footprint=L47u-60mA_CF
Change Physical Footprint: Designator=L301 Old Footprint=CMC-51uH New Footprint=CMC-51uH
Change Physical Footprint: Designator=MP_L Old Footprint=7466313 New Footprint=7466313
Change Physical Footprint: Designator=MP_R Old Footprint=7466313 New Footprint=7466313
Change Physical Footprint: Designator=PWR_L Old Footprint=61302621121 New Footprint=61302621121
Change Physical Footprint: Designator=PWR_R Old Footprint=61302621121 New Footprint=61302621121
Change Physical Footprint: Designator=Q101 Old Footprint=TRT-PCH-2/30-BSS New Footprint=TRT-PCH-2/30-BSS
Change Physical Footprint: Designator=Q301 Old Footprint=TRT-NCH-3/35-CPH New Footprint=TRT-NCH-3/35-CPH
Change Physical Footprint: Designator=Q302 Old Footprint=TRT-NCH-3/35-CPH New Footprint=TRT-NCH-3/35-CPH
Change Physical Footprint: Designator=Q601 Old Footprint=TRT-NCH-3/35-CPH New Footprint=TRT-NCH-3/35-CPH
Change Physical Footprint: Designator=Q602 Old Footprint=TRT-NCH-3/35-CPH New Footprint=TRT-NCH-3/35-CPH
Change Physical Footprint: Designator=Q603 Old Footprint=TRT-NCH-3/35-CPH New Footprint=TRT-NCH-3/35-CPH
Change Physical Footprint: Designator=R101 Old Footprint=R0805FTK New Footprint=R0805FTK
Change Physical Footprint: Designator=R102 Old Footprint=R0805FTK New Footprint=R0805FTK
Change Physical Footprint: Designator=R103 Old Footprint=R0805FTK New Footprint=R0805FTK
Change Physical Footprint: Designator=R201 Old Footprint=R0805FTK New Footprint=R0805FTK
Change Physical Footprint: Designator=R202 Old Footprint=R0805FTK New Footprint=R0805FTK
Change Physical Footprint: Designator=R203 Old Footprint=R0805FTK New Footprint=R0805FTK
Change Physical Footprint: Designator=R301 Old Footprint=R0805FTK New Footprint=R0805FTK
Change Physical Footprint: Designator=R302 Old Footprint=R0805FTK New Footprint=R0805FTK
Change Physical Footprint: Designator=R303 Old Footprint=R0805FTK New Footprint=R0805FTK
Change Physical Footprint: Designator=R304 Old Footprint=R0805FTK New Footprint=R0805FTK
Change Physical Footprint: Designator=R305 Old Footprint=R0805FTK New Footprint=R0805FTK
Change Physical Footprint: Designator=R306 Old Footprint=R0805FTK New Footprint=R0805FTK
Change Physical Footprint: Designator=R307 Old Footprint=R0805FTK New Footprint=R0805FTK
Change Physical Footprint: Designator=R308 Old Footprint=R0805FTK New Footprint=R0805FTK
Change Physical Footprint: Designator=R401_L Old Footprint=R0805FTK New Footprint=R0805FTK
Change Physical Footprint: Designator=R401_R Old Footprint=R0805FTK New Footprint=R0805FTK
Change Physical Footprint: Designator=R402_L Old Footprint=R0805FTK New Footprint=R0805FTK
Change Physical Footprint: Designator=R402_R Old Footprint=R0805FTK New Footprint=R0805FTK
Change Physical Footprint: Designator=R403_L Old Footprint=R0805FTK New Footprint=R0805FTK
Change Physical Footprint: Designator=R403_R Old Footprint=R0805FTK New Footprint=R0805FTK
Change Physical Footprint: Designator=R404_L Old Footprint=R0805FTK New Footprint=R0805FTK
Change Physical Footprint: Designator=R404_R Old Footprint=R0805FTK New Footprint=R0805FTK
Change Physical Footprint: Designator=R405_L Old Footprint=R0805FTK New Footprint=R0805FTK
Change Physical Footprint: Designator=R405_R Old Footprint=R0805FTK New Footprint=R0805FTK
Change Physical Footprint: Designator=R406_L Old Footprint=R0805FTK New Footprint=R0805FTK
Change Physical Footprint: Designator=R406_R Old Footprint=R0805FTK New Footprint=R0805FTK
Change Physical Footprint: Designator=R407_L Old Footprint=R0805FTK New Footprint=R0805FTK
Change Physical Footprint: Designator=R407_R Old Footprint=R0805FTK New Footprint=R0805FTK
Change Physical Footprint: Designator=R408_L Old Footprint=R0805FTK New Footprint=R0805FTK
Change Physical Footprint: Designator=R408_R Old Footprint=R0805FTK New Footprint=R0805FTK
Change Physical Footprint: Designator=R409_L Old Footprint=R0805FTK New Footprint=R0805FTK
Change Physical Footprint: Designator=R409_R Old Footprint=R0805FTK New Footprint=R0805FTK
Change Physical Footprint: Designator=R410_L Old Footprint=R0805FTK New Footprint=R0805FTK
Change Physical Footprint: Designator=R410_R Old Footprint=R0805FTK New Footprint=R0805FTK
Change Physical Footprint: Designator=R411_L Old Footprint=R0805FTK New Footprint=R0805FTK
Change Physical Footprint: Designator=R411_R Old Footprint=R0805FTK New Footprint=R0805FTK
Change Physical Footprint: Designator=R412_L Old Footprint=R0805FTK New Footprint=R0805FTK
Change Physical Footprint: Designator=R412_R Old Footprint=R0805FTK New Footprint=R0805FTK
Change Physical Footprint: Designator=R413_L Old Footprint=R0805FTK New Footprint=R0805FTK
Change Physical Footprint: Designator=R413_R Old Footprint=R0805FTK New Footprint=R0805FTK
Change Physical Footprint: Designator=R414_L Old Footprint=R0805FTK New Footprint=R0805FTK
Change Physical Footprint: Designator=R414_R Old Footprint=R0805FTK New Footprint=R0805FTK
Change Physical Footprint: Designator=R415_L Old Footprint=R0805FTK New Footprint=R0805FTK
Change Physical Footprint: Designator=R415_R Old Footprint=R0805FTK New Footprint=R0805FTK
Change Physical Footprint: Designator=R416_L Old Footprint=R0805FTK New Footprint=R0805FTK
Change Physical Footprint: Designator=R416_R Old Footprint=R0805FTK New Footprint=R0805FTK
Change Physical Footprint: Designator=R501_L Old Footprint=R0805FTK New Footprint=R0805FTK
Change Physical Footprint: Designator=R501_R Old Footprint=R0805FTK New Footprint=R0805FTK
Change Physical Footprint: Designator=R502_L Old Footprint=R0805FTK New Footprint=R0805FTK
Change Physical Footprint: Designator=R502_R Old Footprint=R0805FTK New Footprint=R0805FTK
Change Physical Footprint: Designator=R503_L Old Footprint=R0805FTK New Footprint=R0805FTK
Change Physical Footprint: Designator=R503_R Old Footprint=R0805FTK New Footprint=R0805FTK
Change Physical Footprint: Designator=R504_L Old Footprint=R0805FTK New Footprint=R0805FTK
Change Physical Footprint: Designator=R504_R Old Footprint=R0805FTK New Footprint=R0805FTK
Change Physical Footprint: Designator=R505_L Old Footprint=R0805FTK New Footprint=R0805FTK
Change Physical Footprint: Designator=R505_R Old Footprint=R0805FTK New Footprint=R0805FTK
Change Physical Footprint: Designator=R506_L Old Footprint=R0805FTK New Footprint=R0805FTK
Change Physical Footprint: Designator=R506_R Old Footprint=R0805FTK New Footprint=R0805FTK
Change Physical Footprint: Designator=R507_L Old Footprint=R0805FTK New Footprint=R0805FTK
Change Physical Footprint: Designator=R507_R Old Footprint=R0805FTK New Footprint=R0805FTK
Change Physical Footprint: Designator=R508_L Old Footprint=R0805FTK New Footprint=R0805FTK
Change Physical Footprint: Designator=R508_R Old Footprint=R0805FTK New Footprint=R0805FTK
Change Physical Footprint: Designator=R509_L Old Footprint=R0805FTK New Footprint=R0805FTK
Change Physical Footprint: Designator=R509_R Old Footprint=R0805FTK New Footprint=R0805FTK
Change Physical Footprint: Designator=R510_L Old Footprint=R0805FTK New Footprint=R0805FTK
Change Physical Footprint: Designator=R510_R Old Footprint=R0805FTK New Footprint=R0805FTK
Change Physical Footprint: Designator=R511_L Old Footprint=R0805FTK New Footprint=R0805FTK
Change Physical Footprint: Designator=R511_R Old Footprint=R0805FTK New Footprint=R0805FTK
Change Physical Footprint: Designator=R601 Old Footprint=R0805FTK New Footprint=R0805FTK
Change Physical Footprint: Designator=R602 Old Footprint=R0805FTK New Footprint=R0805FTK
Change Physical Footprint: Designator=R603 Old Footprint=R0805FTK New Footprint=R0805FTK
Change Physical Footprint: Designator=R604 Old Footprint=R0805FTK New Footprint=R0805FTK
Change Physical Footprint: Designator=R605 Old Footprint=R0805FTK New Footprint=R0805FTK
Change Physical Footprint: Designator=R606 Old Footprint=R0805FTK New Footprint=R0805FTK
Change Physical Footprint: Designator=R607 Old Footprint=R0805FTK New Footprint=R0805FTK
Change Physical Footprint: Designator=R608 Old Footprint=R0805FTK New Footprint=R0805FTK
Change Physical Footprint: Designator=R609 Old Footprint=R0805FTK New Footprint=R0805FTK
Change Physical Footprint: Designator=ST-LINK Old Footprint=61300611121 New Footprint=61300611121
Change Physical Footprint: Designator=TVS1 Old Footprint=SOT50P160X60-6N New Footprint=SOT50P160X60-6N
Change Physical Footprint: Designator=TVS301 Old Footprint=SOT95P230X110-3M New Footprint=SOT95P230X110-3M
Change Physical Footprint: Designator=U101 Old Footprint=LDO_10V-0.8/3V3-SOT223 New Footprint=LDO_10V-0.8/3V3-SOT223
Change Physical Footprint: Designator=U201 Old Footprint=QFP50P1600X1600X160-100N New Footprint=QFP50P1600X1600X160-100N
Change Physical Footprint: Designator=U202 Old Footprint=SOIC, 8-Leads 1,27mm New Footprint=SOIC, 8-Leads 1,27mm
Change Physical Footprint: Designator=U301 Old Footprint=MCHP-SN8_V New Footprint=MCHP-SN8_V
Change Physical Footprint: Designator=U401_L Old Footprint=Array_4_Amp_LM339D New Footprint=Array_4_Amp_LM339D
Change Physical Footprint: Designator=U401_R Old Footprint=Array_4_Amp_LM339D New Footprint=Array_4_Amp_LM339D
Change Physical Footprint: Designator=U501_L Old Footprint=R_8_ADI New Footprint=R_8_ADI
Change Physical Footprint: Designator=U501_R Old Footprint=R_8_ADI New Footprint=R_8_ADI
Change Physical Footprint: Designator=USB Old Footprint=629105136821 New Footprint=629105136821
Change Physical Footprint: Designator=XTAL201 Old Footprint=WE-XTAL_CFPX-104 New Footprint=WE-XTAL_CFPX-104
