Added Component: Designator=L301(CMC-51uH)
Add component (AddParameter): Name = "Specifications sheet"; Value = "https://www.murata.com/products/productdata/8804914298910/QFLC9127.pdf?1681702277000"; VariantName = "[No Variations]"
Add component (AddParameter): Name = "Supplier 1"; Value = "Mouser"; VariantName = "[No Variations]"
Add component (AddParameter): Name = "Supplier Part Number 1"; Value = "81-DLW32SH510XF2L"; VariantName = "[No Variations]"
Added Component: Designator=U202(SOIC, 8-Leads 1,27mm)
Added Component: Designator=USB(629105136821)
Add component (AddParameter): Name = "Application"; Value = "Micro USB 2.0"; VariantName = "[No Variations]"
Add component (AddParameter): Name = "Category"; Value = "Input/Output Connectors"; VariantName = "[No Variations]"
Add component (AddParameter): Name = "ComponentLink1Description"; Value = "Website Link"; VariantName = "[No Variations]"
Add component (AddParameter): Name = "ComponentLink1URL"; Value = "https://www.we-online.com/redexpert/article/629105136821?ad"; VariantName = "[No Variations]"
Add component (AddParameter): Name = "ComponentLink2Description"; Value = "Datasheet Link"; VariantName = "[No Variations]"
Add component (AddParameter): Name = "ComponentLink2URL"; Value = "https://www.we-online.com/redexpert/spec/629105136821?ad"; VariantName = "[No Variations]"
Add component (AddParameter): Name = "Gender"; Value = "Receptacle"; VariantName = "[No Variations]"
Add component (AddParameter): Name = "Interface Type"; Value = "Type B"; VariantName = "[No Variations]"
Add component (AddParameter): Name = "Manufacturer"; Value = "Wurth Elektronik"; VariantName = "[No Variations]"
Add component (AddParameter): Name = "Manufacturer Part Number"; Value = "629105136821"; VariantName = "[No Variations]"
Add component (AddParameter): Name = "Match Code"; Value = "WR-USB"; VariantName = "[No Variations]"
Add component (AddParameter): Name = "Mount"; Value = "Surface Mount"; VariantName = "[No Variations]"
Add component (AddParameter): Name = "Number of Pins"; Value = "5"; VariantName = "[No Variations]"
Add component (AddParameter): Name = "Number of Ports"; Value = "1"; VariantName = "[No Variations]"
Add component (AddParameter): Name = "Operating Temperature Max"; Value = "105°C"; VariantName = "[No Variations]"
Add component (AddParameter): Name = "Operating Temperature Min"; Value = "-40°C"; VariantName = "[No Variations]"
Add component (AddParameter): Name = "Orientation"; Value = "Horizontal"; VariantName = "[No Variations]"
Add component (AddParameter): Name = "Packaging"; Value = "Tape and Reel"; VariantName = "[No Variations]"
Add component (AddParameter): Name = "Rated Current"; Value = "1A"; VariantName = "[No Variations]"
Add component (AddParameter): Name = "Supplier 1"; Value = "Rs"; VariantName = "[No Variations]"
Add component (AddParameter): Name = "Supplier Part Number 1"; Value = "8183361"; VariantName = "[No Variations]"
Add component (AddParameter): Name = "Working Voltage"; Value = "30V (AC)"; VariantName = "[No Variations]"
Add Pin To Net: Unknown Pin: Pin DIR-3
Add Pin To Net: Unknown Pin: Pin DIR-MH
Added Pin To Net: NetName=NetC301_1 Pin=L301-1
Added Pin To Net: NetName=CAN1_L Pin=L301-2
Added Pin To Net: NetName=CAN1_H Pin=L301-3
Added Pin To Net: NetName=NetC302_1 Pin=L301-4
Added Pin To Net: NetName=GND Pin=U202-1
Added Pin To Net: NetName=GND Pin=U202-2
Added Pin To Net: NetName=GND Pin=U202-3
Added Pin To Net: NetName=GND Pin=U202-4
Added Pin To Net: NetName=I2C_SCL Pin=U202-5
Added Pin To Net: NetName=I2C_SDA Pin=U202-6
Added Pin To Net: NetName=GND Pin=U202-7
Added Pin To Net: NetName=+3.3 Pin=U202-8
Added Pin To Net: NetName=USB_VBUS Pin=USB-1
Added Pin To Net: NetName=USB_OTG_H Pin=USB-2
Added Pin To Net: NetName=USB_OTG_L Pin=USB-3
Added Pin To Net: NetName=USB_OTG_ID Pin=USB-4
Added Pin To Net: NetName=GND Pin=USB-5
Added Pin To Net: NetName=GND Pin=USB-Shell
Added Pin To Net: NetName=GND Pin=USB-Shell
Added Pin To Net: NetName=GND Pin=USB-Shell
Added Pin To Net: NetName=GND Pin=USB-Shell
Add Class: Class already exists: L
Add Class: Class already exists: R
Added Member To Class: ClassName=CAN Member=Component L301 DLW32SH510XF2
Added Member To Class: ClassName=MCU Member=Component U202 24AA024H-I/SN
Added Member To Class: ClassName=MCU Member=Component USB 629105136821
