Change Component Footprint: Designator=ENCODER_L Old Footprint=J_MicroFit_1x12 New Footprint=J_NanoFit_2x6_V
Change Component Footprint: Designator=ENCODER_R Old Footprint=J_MicroFit_1x12 New Footprint=J_NanoFit_2x6_V
Change Component Comment : Designator=ENCODER_L Old Comment=436501200 New Comment=1053101112
Change Component Comment : Designator=ENCODER_R Old Comment=436501200 New Comment=1053101112
Change component parameters: Designator = "ENCODER_L" ("ENCODER"); Footprint = "J_MicroFit_1x12"; UniqueID = "\ZWEKXMHX\YIFBZLUG" ("\ZWEKXMHX\YIFBZLUG")
Change component parameters: Designator = "ENCODER_R" ("ENCODER"); Footprint = "J_MicroFit_1x12"; UniqueID = "\WSNOZQNI\YIFBZLUG" ("\WSNOZQNI\YIFBZLUG")
Add Component: Footprint Not Found CMC-51uH Choke
Added Pin To Net: NetName=GND Pin=ENCODER_L-1
Added Pin To Net: NetName=Z+_L Pin=ENCODER_L-2
Added Pin To Net: NetName=B+_L Pin=ENCODER_L-3
Added Pin To Net: NetName=A+_L Pin=ENCODER_L-4
Added Pin To Net: NetName=+5 Pin=ENCODER_L-7
Added Pin To Net: NetName=Z-_L Pin=ENCODER_L-8
Added Pin To Net: NetName=B-_L Pin=ENCODER_L-9
Added Pin To Net: NetName=A-_L Pin=ENCODER_L-10
Added Pin To Net: NetName=GND Pin=ENCODER_R-1
Added Pin To Net: NetName=Z+_R Pin=ENCODER_R-2
Added Pin To Net: NetName=B+_R Pin=ENCODER_R-3
Added Pin To Net: NetName=A+_R Pin=ENCODER_R-4
Added Pin To Net: NetName=+5 Pin=ENCODER_R-7
Added Pin To Net: NetName=Z-_R Pin=ENCODER_R-8
Added Pin To Net: NetName=B-_R Pin=ENCODER_R-9
Added Pin To Net: NetName=A-_R Pin=ENCODER_R-10
Add Pin To Net: Unknown Pin: Pin L?-1
Add Pin To Net: Unknown Pin: Pin L?-2
Add Pin To Net: Unknown Pin: Pin L?-3
Add Pin To Net: Unknown Pin: Pin L?-4
Add Net: Net with name "NetD?_A" already exists
Add Net: Net with name "NetD?_K" already exists
Add Net: Net with name "USB_OTG_H" already exists
Add Net: Net with name "USB_OTG_L" already exists
Add Net: Net with name "USB_VBUS" already exists
Add Class: Class already exists: L
Add Class: Class already exists: R
Added Member To Class: ClassName=CAN Member=Component C*? 885012207103
Added Member To Class: ClassName=CAN Member=Component C* 885012207098
Added Member To Class: ClassName=CAN Member=Component C* 885012207103
Added Member To Class: ClassName=CAN Member=Component C? 885012007057
Added Member To Class: ClassName=CAN Member=Component C? 885012007057
Added Member To Class: ClassName=CAN Member=Component C? 885012007057
Added Member To Class: ClassName=CAN Member=Component D? 150080YS75000
Add Class Member: Failed to add class member : Component L? DLW32SH510XF2
Added Member To Class: ClassName=Inverter_Control Member=Component MP_R M3
Added Member To Class: ClassName=CAN Member=Component R*? CR0805-JW-103ELF
Added Member To Class: ClassName=CAN Member=Component R*? CR0805-JW-103ELF
Added Member To Class: ClassName=CAN Member=Component R*? CR0805-JW-103ELF
Added Member To Class: ClassName=CAN Member=Component R* CR0805-JW-102ELF
Added Member To Class: ClassName=CAN Member=Component R* CR0805-JW-103ELF
Added Member To Class: ClassName=CAN Member=Component R? R60-0805FTN
