Removed Member From Class: ClassName=L Member=C501_L
Removed Member From Class: ClassName=R Member=C501_R
Removed Member From Class: ClassName=L Member=C502_L
Removed Member From Class: ClassName=R Member=C502_R
Removed Member From Class: ClassName=L Member=C503_L
Removed Member From Class: ClassName=R Member=C503_R
Removed Member From Class: ClassName=L Member=PWR_L
Removed Member From Class: ClassName=R Member=PWR_R
Removed Member From Class: ClassName=L Member=R501_L
Removed Member From Class: ClassName=R Member=R501_R
Removed Member From Class: ClassName=L Member=R502_L
Removed Member From Class: ClassName=R Member=R502_R
Removed Member From Class: ClassName=L Member=R503_L
Removed Member From Class: ClassName=R Member=R503_R
Removed Member From Class: ClassName=L Member=R504_L
Removed Member From Class: ClassName=R Member=R504_R
Removed Member From Class: ClassName=L Member=R505_L
Removed Member From Class: ClassName=R Member=R505_R
Removed Member From Class: ClassName=L Member=R506_L
Removed Member From Class: ClassName=R Member=R506_R
Removed Member From Class: ClassName=L Member=R507_L
Removed Member From Class: ClassName=R Member=R507_R
Removed Member From Class: ClassName=L Member=R508_L
Removed Member From Class: ClassName=R Member=R508_R
Removed Member From Class: ClassName=L Member=R509_L
Removed Member From Class: ClassName=R Member=R509_R
Removed Member From Class: ClassName=L Member=R510_L
Removed Member From Class: ClassName=R Member=R510_R
Removed Member From Class: ClassName=L Member=R511_L
Removed Member From Class: ClassName=R Member=R511_R
Removed Member From Class: ClassName=L Member=TP120_L
Removed Member From Class: ClassName=R Member=TP120_R
Removed Member From Class: ClassName=L Member=TP121_L
Removed Member From Class: ClassName=R Member=TP121_R
Removed Member From Class: ClassName=L Member=TP122_L
Removed Member From Class: ClassName=R Member=TP122_R
Removed Member From Class: ClassName=L Member=TP123_L
Removed Member From Class: ClassName=R Member=TP123_R
Removed Member From Class: ClassName=L Member=TP124_L
Removed Member From Class: ClassName=R Member=TP124_R
Removed Member From Class: ClassName=L Member=TP125_L
Removed Member From Class: ClassName=R Member=TP125_R
Removed Member From Class: ClassName=L Member=TP126_L
Removed Member From Class: ClassName=R Member=TP126_R
Removed Member From Class: ClassName=L Member=TP127_L
Removed Member From Class: ClassName=R Member=TP127_R
Removed Member From Class: ClassName=L Member=TP128_L
Removed Member From Class: ClassName=R Member=TP128_R
Removed Member From Class: ClassName=L Member=U501_L
Removed Member From Class: ClassName=R Member=U501_R
Change Component Footprint: Designator=J1 Old Footprint=J_NanoFit_2x3 New Footprint=J_MicroFit_2x3_V
Change Component Comment : Designator=J1 Old Comment=J_NanoFit_2x3 New Comment=43045-0612
Change component parameters: Designator = "J1" ("J1"); Footprint = "J_NanoFit_2x3"; UniqueID = "\GVKTOTLZ" ("\GVKTOTLZ")
Change component parameters (AddParameter): Name = ".Creator"; Value = "DO"; VariantName = "[No Variations]"
Change component parameters (AddParameter): Name = ".PCBcheck"; Value = ""; VariantName = "[No Variations]"
Change component parameters (AddParameter): Name = ".SCHcheck"; Value = ""; VariantName = "[No Variations]"
Change component parameters (AddParameter): Name = "Category"; Value = "Headers and Wire Housings"; VariantName = "[No Variations]"
Change component parameters (AddParameter): Name = "ComponentLink1Description"; Value = "Datasheet"; VariantName = "[No Variations]"
Change component parameters (AddParameter): Name = "ComponentLink1URL"; Value = "https://www.molex.com/pdm_docs/sd/430450612_sd.pdf"; VariantName = "[No Variations]"
Change component parameters (AddParameter): Name = "ComponentLink2Description"; Value = "https://datasheet.ciiva.com/11748/0900766b800bd7d2-11748707.pdf?src-supplier=RSComponents"; VariantName = "[No Variations]"
Change component parameters (AddParameter): Name = "ComponentLink2URL"; Value = "https://datasheet.ciiva.com/11748/0900766b800bd7d2-11748707.pdf?src-supplier=RSComponents"; VariantName = "[No Variations]"
Change component parameters (AddParameter): Name = "ComponentLink3Description"; Value = "https://datasheet.ciiva.com/19462/883464-19462371.pdf?src-supplier=Jameco"; VariantName = "[No Variations]"
Change component parameters (AddParameter): Name = "ComponentLink3URL"; Value = "https://datasheet.ciiva.com/19462/883464-19462371.pdf?src-supplier=Jameco"; VariantName = "[No Variations]"
Change component parameters (AddParameter): Name = "ComponentLink4Description"; Value = "https://datasheet.ciiva.com/30194/128550430450612-pcb-headers-30194512.pdf?src-supplier=Onlinecomponents.com"; VariantName = "[No Variations]"
Change component parameters (AddParameter): Name = "ComponentLink4URL"; Value = "https://datasheet.ciiva.com/30194/128550430450612-pcb-headers-30194512.pdf?src-supplier=Onlinecomponents.com"; VariantName = "[No Variations]"
Change component parameters (AddParameter): Name = "ComponentLink5Description"; Value = "https://datasheet.ciiva.com/9468/0430450612-pcb-headers-9468492.pdf?src-supplier=Avnet"; VariantName = "[No Variations]"
Change component parameters (AddParameter): Name = "ComponentLink5URL"; Value = "https://datasheet.ciiva.com/9468/0430450612-pcb-headers-9468492.pdf?src-supplier=Avnet"; VariantName = "[No Variations]"
Change component parameters (AddParameter): Name = "ComponentLink8Description"; Value = "Where buy it"; VariantName = "[No Variations]"
Change component parameters (AddParameter): Name = "ComponentLink8URL"; Value = "https://www.molex.com/molex/products/part-detail/pcb_headers/0430450612"; VariantName = "[No Variations]"
Change component parameters (AddParameter): Name = "Manufacturer"; Value = "Molex"; VariantName = "[No Variations]"
Change component parameters (AddParameter): Name = "Manufacturer Part Number"; Value = "43045-0612"; VariantName = "[No Variations]"
Change component parameters (AddParameter): Name = "Pricing 1"; Value = "5=1,45500, 100=1,26700, 375=1,08900, 1500=0,90900, 3000=0,72900 (USD)"; VariantName = "[No Variations]"
Change component parameters (AddParameter): Name = "RoHS"; Value = "Yes"; VariantName = "[No Variations]"
Change component parameters (AddParameter): Name = "Stock 1"; Value = "2635"; VariantName = "[No Variations]"
Change component parameters (AddParameter): Name = "Supplier 1"; Value = "RSComponents"; VariantName = "[No Variations]"
Change component parameters (AddParameter): Name = "Supplier Part Number 1"; Value = "2332898"; VariantName = "[No Variations]"
Add Component: Footprint Not Found CMC-51uH Choke
Add Component: Footprint Not Found SOIC-SN8_N
Add Component: Footprint Not Found 629105136821
Add Pin To Net: Unknown Pin: Pin DIR-3
Add Pin To Net: Unknown Pin: Pin DIR-MH
Add Pin To Net: Unknown Pin: Pin L301-1
Add Pin To Net: Unknown Pin: Pin L301-2
Add Pin To Net: Unknown Pin: Pin L301-3
Add Pin To Net: Unknown Pin: Pin L301-4
Add Pin To Net: Unknown Pin: Pin U202-1
Add Pin To Net: Unknown Pin: Pin U202-2
Add Pin To Net: Unknown Pin: Pin U202-3
Add Pin To Net: Unknown Pin: Pin U202-4
Add Pin To Net: Unknown Pin: Pin U202-5
Add Pin To Net: Unknown Pin: Pin U202-6
Add Pin To Net: Unknown Pin: Pin U202-7
Add Pin To Net: Unknown Pin: Pin U202-8
Add Pin To Net: Unknown Pin: Pin USB-1
Add Pin To Net: Unknown Pin: Pin USB-2
Add Pin To Net: Unknown Pin: Pin USB-3
Add Pin To Net: Unknown Pin: Pin USB-4
Add Pin To Net: Unknown Pin: Pin USB-5
Add Pin To Net: Unknown Pin: Pin USB-Shell
Change Net Color : Old Net Color=RGB(158, 161, 117) New Net Color=Yellow
Change Net Color : Old Net Color=RGB(158, 161, 117) New Net Color=Yellow
Change Net Color : Old Net Color=RGB(158, 161, 117) New Net Color=Yellow
Change Net Color : Old Net Color=RGB(158, 161, 117) New Net Color=Yellow
Change Net Color : Old Net Color=RGB(158, 161, 117) New Net Color=Yellow
Change Net Color : Old Net Color=RGB(158, 161, 117) New Net Color=Yellow
Add Class: Class already exists: L
Add Class: Class already exists: R
Add Class Member: Failed to add class member : Component L301 DLW32SH510XF2
Add Class Member: Failed to add class member : Component U202 24AA024H-I/SN
Add Class Member: Failed to add class member : Component USB 629105136821
